-- The C compiler identification is GNU 9.4.0
-- The CXX compiler identification is GNU 9.4.0
-- Check for working C compiler: /usr/bin/cc
-- Check for working C compiler: /usr/bin/cc -- works
-- Detecting C compiler ABI info
-- Detecting C compiler ABI info - done
-- Detecting C compile features
-- Detecting C compile features - done
-- Check for working CXX compiler: /usr/bin/c++
-- Check for working CXX compiler: /usr/bin/c++ -- works
-- Detecting CXX compiler ABI info
-- Detecting CXX compiler ABI info - done
-- Detecting CXX compile features
-- Detecting CXX compile features - done
-- Found ament_cmake: 0.9.11 (/opt/ros/foxy/share/ament_cmake/cmake)
-- Found PythonInterp: /usr/bin/python3 (found suitable version "3.8.10", minimum required is "3") 
-- Using PYTHON_EXECUTABLE: /usr/bin/python3
-- Override CMake install command with custom implementation using symlinks instead of copying resources
-- Found geometry_msgs: 2.0.5 (/opt/ros/foxy/share/geometry_msgs/cmake)
-- Using all available rosidl_typesupport_c: rosidl_typesupport_fastrtps_c;rosidl_typesupport_introspection_c
-- Found rosidl_adapter: 1.3.0 (/opt/ros/foxy/share/rosidl_adapter/cmake)
-- Found OpenSSL: /usr/lib/x86_64-linux-gnu/libcrypto.so (found version "1.1.1f")  
-- Found FastRTPS: /opt/ros/foxy/include  
-- Using all available rosidl_typesupport_cpp: rosidl_typesupport_fastrtps_cpp;rosidl_typesupport_introspection_cpp
-- Found rosidl_default_generators: 1.0.1 (/opt/ros/foxy/share/rosidl_default_generators/cmake)
-- Found PythonInterp: /usr/bin/python3 (found version "3.8.10") 
-- Found ament_cmake_ros: 0.9.2 (/opt/ros/foxy/share/ament_cmake_ros/cmake)
-- Using all available rosidl_typesupport_c: rosidl_typesupport_fastrtps_c;rosidl_typesupport_introspection_c
-- Using all available rosidl_typesupport_cpp: rosidl_typesupport_fastrtps_cpp;rosidl_typesupport_introspection_cpp
-- Found PythonInterp: /usr/bin/python3 (found suitable version "3.8.10", minimum required is "3.5") 
-- Found python_cmake_module: 0.8.1 (/opt/ros/foxy/share/python_cmake_module/cmake)
-- Found PythonLibs: /usr/lib/x86_64-linux-gnu/libpython3.8.so (found suitable version "3.8.10", minimum required is "3.5") 
-- Using PYTHON_EXECUTABLE: /usr/bin/python3
-- Using PYTHON_INCLUDE_DIRS: /usr/include/python3.8
-- Using PYTHON_LIBRARIES: /usr/lib/x86_64-linux-gnu/libpython3.8.so
-- Found PythonExtra: .so  
-- Found ament_lint_auto: 0.9.7 (/opt/ros/foxy/share/ament_lint_auto/cmake)
-- Added test 'copyright' to check source files copyright and LICENSE
-- Added test 'lint_cmake' to check CMake code style
-- Added test 'xmllint' to check XML markup files
-- Configuring done
-- Generating done
-- Build files have been written to: /home/ayumayume/ROS2_Y3_2/mobile_robot_inclass/build/falcon_interfaces
[35m[1mScanning dependencies of target falcon_interfaces__cpp[0m
[  2%] [34m[1mGenerating C code for ROS interfaces[0m
[  5%] [34m[1mGenerating C++ code for ROS interfaces[0m
[  5%] Built target falcon_interfaces__cpp
[ 12%] [34m[1mGenerating C++ type support for eProsima Fast-RTPS[0m
[ 12%] [34m[1mGenerating C++ introspection for ROS interfaces[0m
[ 12%] [34m[1mGenerating C++ type support dispatch for ROS interfaces[0m
[35m[1mScanning dependencies of target falcon_interfaces__rosidl_generator_c[0m
[ 15%] [32mBuilding C object CMakeFiles/falcon_interfaces__rosidl_generator_c.dir/rosidl_generator_c/falcon_interfaces/msg/detail/falcon_forces__functions.c.o[0m
[ 17%] [32mBuilding C object CMakeFiles/falcon_interfaces__rosidl_generator_c.dir/rosidl_generator_c/falcon_interfaces/msg/detail/falcon_pos__functions.c.o[0m
[ 20%] [32m[1mLinking C shared library libfalcon_interfaces__rosidl_generator_c.so[0m
[ 20%] Built target falcon_interfaces__rosidl_generator_c
[ 23%] [34m[1mGenerating C type support dispatch for ROS interfaces[0m
[ 25%] [34m[1mGenerating C introspection for ROS interfaces[0m
[35m[1mScanning dependencies of target falcon_interfaces__rosidl_typesupport_cpp[0m
[35m[1mScanning dependencies of target falcon_interfaces__rosidl_typesupport_introspection_cpp[0m
[ 28%] [32mBuilding CXX object CMakeFiles/falcon_interfaces__rosidl_typesupport_cpp.dir/rosidl_typesupport_cpp/falcon_interfaces/msg/falcon_forces__type_support.cpp.o[0m
[ 30%] [32mBuilding CXX object CMakeFiles/falcon_interfaces__rosidl_typesupport_cpp.dir/rosidl_typesupport_cpp/falcon_interfaces/msg/falcon_pos__type_support.cpp.o[0m
[ 33%] [32mBuilding CXX object CMakeFiles/falcon_interfaces__rosidl_typesupport_introspection_cpp.dir/rosidl_typesupport_introspection_cpp/falcon_interfaces/msg/detail/falcon_forces__type_support.cpp.o[0m
[ 35%] [32mBuilding CXX object CMakeFiles/falcon_interfaces__rosidl_typesupport_introspection_cpp.dir/rosidl_typesupport_introspection_cpp/falcon_interfaces/msg/detail/falcon_pos__type_support.cpp.o[0m
[35m[1mScanning dependencies of target falcon_interfaces__rosidl_typesupport_fastrtps_cpp[0m
[ 38%] [32mBuilding CXX object CMakeFiles/falcon_interfaces__rosidl_typesupport_fastrtps_cpp.dir/rosidl_typesupport_fastrtps_cpp/falcon_interfaces/msg/detail/dds_fastrtps/falcon_forces__type_support.cpp.o[0m
[ 41%] [32mBuilding CXX object CMakeFiles/falcon_interfaces__rosidl_typesupport_fastrtps_cpp.dir/rosidl_typesupport_fastrtps_cpp/falcon_interfaces/msg/detail/dds_fastrtps/falcon_pos__type_support.cpp.o[0m
[35m[1mScanning dependencies of target falcon_interfaces__rosidl_typesupport_c[0m
[ 43%] [32mBuilding CXX object CMakeFiles/falcon_interfaces__rosidl_typesupport_c.dir/rosidl_typesupport_c/falcon_interfaces/msg/falcon_pos__type_support.cpp.o[0m
[ 46%] [32mBuilding CXX object CMakeFiles/falcon_interfaces__rosidl_typesupport_c.dir/rosidl_typesupport_c/falcon_interfaces/msg/falcon_forces__type_support.cpp.o[0m
[35m[1mScanning dependencies of target falcon_interfaces__rosidl_typesupport_introspection_c[0m
[ 48%] [32m[1mLinking CXX shared library libfalcon_interfaces__rosidl_typesupport_c.so[0m
[ 51%] [32mBuilding C object CMakeFiles/falcon_interfaces__rosidl_typesupport_introspection_c.dir/rosidl_typesupport_introspection_c/falcon_interfaces/msg/detail/falcon_forces__type_support.c.o[0m
[ 53%] [32mBuilding C object CMakeFiles/falcon_interfaces__rosidl_typesupport_introspection_c.dir/rosidl_typesupport_introspection_c/falcon_interfaces/msg/detail/falcon_pos__type_support.c.o[0m
[ 56%] [32m[1mLinking C shared library libfalcon_interfaces__rosidl_typesupport_introspection_c.so[0m
[ 56%] Built target falcon_interfaces__rosidl_typesupport_c
[ 56%] Built target falcon_interfaces__rosidl_typesupport_introspection_c
[ 58%] [32m[1mLinking CXX shared library libfalcon_interfaces__rosidl_typesupport_cpp.so[0m
[ 61%] [32m[1mLinking CXX shared library libfalcon_interfaces__rosidl_typesupport_introspection_cpp.so[0m
[ 61%] Built target falcon_interfaces__rosidl_typesupport_cpp
[ 61%] Built target falcon_interfaces__rosidl_typesupport_introspection_cpp
[ 64%] [32m[1mLinking CXX shared library libfalcon_interfaces__rosidl_typesupport_fastrtps_cpp.so[0m
[ 64%] Built target falcon_interfaces__rosidl_typesupport_fastrtps_cpp
[ 66%] [34m[1mGenerating C type support for eProsima Fast-RTPS[0m
[35m[1mScanning dependencies of target falcon_interfaces__rosidl_typesupport_fastrtps_c[0m
[ 71%] [32mBuilding CXX object CMakeFiles/falcon_interfaces__rosidl_typesupport_fastrtps_c.dir/rosidl_typesupport_fastrtps_c/falcon_interfaces/msg/detail/falcon_forces__type_support_c.cpp.o[0m
[ 71%] [32mBuilding CXX object CMakeFiles/falcon_interfaces__rosidl_typesupport_fastrtps_c.dir/rosidl_typesupport_fastrtps_c/falcon_interfaces/msg/detail/falcon_pos__type_support_c.cpp.o[0m
[ 74%] [32m[1mLinking CXX shared library libfalcon_interfaces__rosidl_typesupport_fastrtps_c.so[0m
[ 74%] Built target falcon_interfaces__rosidl_typesupport_fastrtps_c
[35m[1mScanning dependencies of target falcon_interfaces[0m
[ 74%] Built target falcon_interfaces
[35m[1mScanning dependencies of target falcon_interfaces__py[0m
[ 76%] [34m[1mGenerating Python code for ROS interfaces[0m
[ 76%] Built target falcon_interfaces__py
[35m[1mScanning dependencies of target falcon_interfaces__python[0m
[ 82%] [32mBuilding C object CMakeFiles/falcon_interfaces__python.dir/rosidl_generator_py/falcon_interfaces/msg/_falcon_forces_s.c.o[0m
[ 82%] [32mBuilding C object CMakeFiles/falcon_interfaces__python.dir/rosidl_generator_py/falcon_interfaces/msg/_falcon_pos_s.c.o[0m
[ 84%] [32m[1mLinking C shared library rosidl_generator_py/falcon_interfaces/libfalcon_interfaces__python.so[0m
[ 84%] Built target falcon_interfaces__python
[35m[1mScanning dependencies of target falcon_interfaces__rosidl_typesupport_introspection_c__pyext[0m
[35m[1mScanning dependencies of target falcon_interfaces__rosidl_typesupport_c__pyext[0m
[35m[1mScanning dependencies of target falcon_interfaces__rosidl_typesupport_fastrtps_c__pyext[0m
[ 92%] [32mBuilding C object CMakeFiles/falcon_interfaces__rosidl_typesupport_introspection_c__pyext.dir/rosidl_generator_py/falcon_interfaces/_falcon_interfaces_s.ep.rosidl_typesupport_introspection_c.c.o[0m
[ 92%] [32mBuilding C object CMakeFiles/falcon_interfaces__rosidl_typesupport_c__pyext.dir/rosidl_generator_py/falcon_interfaces/_falcon_interfaces_s.ep.rosidl_typesupport_c.c.o[0m
[ 92%] [32mBuilding C object CMakeFiles/falcon_interfaces__rosidl_typesupport_fastrtps_c__pyext.dir/rosidl_generator_py/falcon_interfaces/_falcon_interfaces_s.ep.rosidl_typesupport_fastrtps_c.c.o[0m
[100%] [32m[1mLinking CXX shared library rosidl_generator_py/falcon_interfaces/falcon_interfaces_s__rosidl_typesupport_fastrtps_c.cpython-38-x86_64-linux-gnu.so[0m
[100%] [32m[1mLinking C shared library rosidl_generator_py/falcon_interfaces/falcon_interfaces_s__rosidl_typesupport_introspection_c.cpython-38-x86_64-linux-gnu.so[0m
[100%] [32m[1mLinking C shared library rosidl_generator_py/falcon_interfaces/falcon_interfaces_s__rosidl_typesupport_c.cpython-38-x86_64-linux-gnu.so[0m
[100%] Built target falcon_interfaces__rosidl_typesupport_c__pyext
[100%] Built target falcon_interfaces__rosidl_typesupport_introspection_c__pyext
[100%] Built target falcon_interfaces__rosidl_typesupport_fastrtps_c__pyext
-- Install configuration: ""
-- Execute custom install script
-- Symlinking: /home/ayumayume/ROS2_Y3_2/mobile_robot_inclass/install/falcon_interfaces/share/ament_index/resource_index/rosidl_interfaces/falcon_interfaces
-- Symlinking: /home/ayumayume/ROS2_Y3_2/mobile_robot_inclass/install/falcon_interfaces/include/falcon_interfaces/msg/detail/falcon_forces__functions.h
-- Symlinking: /home/ayumayume/ROS2_Y3_2/mobile_robot_inclass/install/falcon_interfaces/include/falcon_interfaces/msg/detail/falcon_forces__struct.h
-- Symlinking: /home/ayumayume/ROS2_Y3_2/mobile_robot_inclass/install/falcon_interfaces/include/falcon_interfaces/msg/detail/falcon_forces__type_support.h
-- Symlinking: /home/ayumayume/ROS2_Y3_2/mobile_robot_inclass/install/falcon_interfaces/include/falcon_interfaces/msg/detail/falcon_pos__functions.h
-- Symlinking: /home/ayumayume/ROS2_Y3_2/mobile_robot_inclass/install/falcon_interfaces/include/falcon_interfaces/msg/detail/falcon_pos__struct.h
-- Symlinking: /home/ayumayume/ROS2_Y3_2/mobile_robot_inclass/install/falcon_interfaces/include/falcon_interfaces/msg/detail/falcon_pos__type_support.h
-- Symlinking: /home/ayumayume/ROS2_Y3_2/mobile_robot_inclass/install/falcon_interfaces/include/falcon_interfaces/msg/falcon_forces.h
-- Symlinking: /home/ayumayume/ROS2_Y3_2/mobile_robot_inclass/install/falcon_interfaces/include/falcon_interfaces/msg/falcon_pos.h
-- Symlinking: /home/ayumayume/ROS2_Y3_2/mobile_robot_inclass/install/falcon_interfaces/include/falcon_interfaces/msg/rosidl_generator_c__visibility_control.h
-- Symlinking: /home/ayumayume/ROS2_Y3_2/mobile_robot_inclass/install/falcon_interfaces/share/falcon_interfaces/environment/library_path.sh
-- Symlinking: /home/ayumayume/ROS2_Y3_2/mobile_robot_inclass/install/falcon_interfaces/share/falcon_interfaces/environment/library_path.dsv
-- Symlinking: /home/ayumayume/ROS2_Y3_2/mobile_robot_inclass/install/falcon_interfaces/include/falcon_interfaces/msg/detail/falcon_forces__rosidl_typesupport_fastrtps_c.h
-- Symlinking: /home/ayumayume/ROS2_Y3_2/mobile_robot_inclass/install/falcon_interfaces/include/falcon_interfaces/msg/detail/falcon_pos__rosidl_typesupport_fastrtps_c.h
-- Symlinking: /home/ayumayume/ROS2_Y3_2/mobile_robot_inclass/install/falcon_interfaces/include/falcon_interfaces/msg/rosidl_typesupport_fastrtps_c__visibility_control.h
-- Symlinking: /home/ayumayume/ROS2_Y3_2/mobile_robot_inclass/install/falcon_interfaces/lib/libfalcon_interfaces__rosidl_typesupport_fastrtps_c.so
-- Symlinking: /home/ayumayume/ROS2_Y3_2/mobile_robot_inclass/install/falcon_interfaces/include/falcon_interfaces/msg/detail/falcon_forces__rosidl_typesupport_fastrtps_cpp.hpp
-- Symlinking: /home/ayumayume/ROS2_Y3_2/mobile_robot_inclass/install/falcon_interfaces/include/falcon_interfaces/msg/detail/falcon_pos__rosidl_typesupport_fastrtps_cpp.hpp
-- Symlinking: /home/ayumayume/ROS2_Y3_2/mobile_robot_inclass/install/falcon_interfaces/include/falcon_interfaces/msg/rosidl_typesupport_fastrtps_cpp__visibility_control.h
-- Symlinking: /home/ayumayume/ROS2_Y3_2/mobile_robot_inclass/install/falcon_interfaces/lib/libfalcon_interfaces__rosidl_typesupport_fastrtps_cpp.so
-- Symlinking: /home/ayumayume/ROS2_Y3_2/mobile_robot_inclass/install/falcon_interfaces/include/falcon_interfaces/msg/detail/falcon_forces__rosidl_typesupport_introspection_c.h
-- Symlinking: /home/ayumayume/ROS2_Y3_2/mobile_robot_inclass/install/falcon_interfaces/include/falcon_interfaces/msg/detail/falcon_pos__rosidl_typesupport_introspection_c.h
-- Symlinking: /home/ayumayume/ROS2_Y3_2/mobile_robot_inclass/install/falcon_interfaces/include/falcon_interfaces/msg/rosidl_typesupport_introspection_c__visibility_control.h
-- Symlinking: /home/ayumayume/ROS2_Y3_2/mobile_robot_inclass/install/falcon_interfaces/include/falcon_interfaces/msg/detail/falcon_forces__builder.hpp
-- Symlinking: /home/ayumayume/ROS2_Y3_2/mobile_robot_inclass/install/falcon_interfaces/include/falcon_interfaces/msg/detail/falcon_forces__struct.hpp
-- Symlinking: /home/ayumayume/ROS2_Y3_2/mobile_robot_inclass/install/falcon_interfaces/include/falcon_interfaces/msg/detail/falcon_forces__traits.hpp
-- Symlinking: /home/ayumayume/ROS2_Y3_2/mobile_robot_inclass/install/falcon_interfaces/include/falcon_interfaces/msg/detail/falcon_pos__builder.hpp
-- Symlinking: /home/ayumayume/ROS2_Y3_2/mobile_robot_inclass/install/falcon_interfaces/include/falcon_interfaces/msg/detail/falcon_pos__struct.hpp
-- Symlinking: /home/ayumayume/ROS2_Y3_2/mobile_robot_inclass/install/falcon_interfaces/include/falcon_interfaces/msg/detail/falcon_pos__traits.hpp
-- Symlinking: /home/ayumayume/ROS2_Y3_2/mobile_robot_inclass/install/falcon_interfaces/include/falcon_interfaces/msg/falcon_forces.hpp
-- Symlinking: /home/ayumayume/ROS2_Y3_2/mobile_robot_inclass/install/falcon_interfaces/include/falcon_interfaces/msg/falcon_pos.hpp
-- Symlinking: /home/ayumayume/ROS2_Y3_2/mobile_robot_inclass/install/falcon_interfaces/include/falcon_interfaces/msg/detail/falcon_forces__rosidl_typesupport_introspection_cpp.hpp
-- Symlinking: /home/ayumayume/ROS2_Y3_2/mobile_robot_inclass/install/falcon_interfaces/include/falcon_interfaces/msg/detail/falcon_pos__rosidl_typesupport_introspection_cpp.hpp
-- Symlinking: /home/ayumayume/ROS2_Y3_2/mobile_robot_inclass/install/falcon_interfaces/share/falcon_interfaces/environment/pythonpath.sh
-- Symlinking: /home/ayumayume/ROS2_Y3_2/mobile_robot_inclass/install/falcon_interfaces/share/falcon_interfaces/environment/pythonpath.dsv
-- Symlinking: /home/ayumayume/ROS2_Y3_2/mobile_robot_inclass/install/falcon_interfaces/lib/python3.8/site-packages/falcon_interfaces/__init__.py
-- Symlinking: /home/ayumayume/ROS2_Y3_2/mobile_robot_inclass/install/falcon_interfaces/lib/python3.8/site-packages/falcon_interfaces/msg/__init__.py
-- Symlinking: /home/ayumayume/ROS2_Y3_2/mobile_robot_inclass/install/falcon_interfaces/lib/python3.8/site-packages/falcon_interfaces/msg/_falcon_forces.py
-- Symlinking: /home/ayumayume/ROS2_Y3_2/mobile_robot_inclass/install/falcon_interfaces/lib/python3.8/site-packages/falcon_interfaces/msg/_falcon_pos.py
-- Symlinking: /home/ayumayume/ROS2_Y3_2/mobile_robot_inclass/install/falcon_interfaces/lib/python3.8/site-packages/falcon_interfaces/falcon_interfaces_s__rosidl_typesupport_fastrtps_c.cpython-38-x86_64-linux-gnu.so
-- Symlinking: /home/ayumayume/ROS2_Y3_2/mobile_robot_inclass/install/falcon_interfaces/lib/python3.8/site-packages/falcon_interfaces/falcon_interfaces_s__rosidl_typesupport_introspection_c.cpython-38-x86_64-linux-gnu.so
-- Symlinking: /home/ayumayume/ROS2_Y3_2/mobile_robot_inclass/install/falcon_interfaces/lib/python3.8/site-packages/falcon_interfaces/falcon_interfaces_s__rosidl_typesupport_c.cpython-38-x86_64-linux-gnu.so
-- Symlinking: /home/ayumayume/ROS2_Y3_2/mobile_robot_inclass/install/falcon_interfaces/lib/libfalcon_interfaces__python.so
-- Symlinking: /home/ayumayume/ROS2_Y3_2/mobile_robot_inclass/install/falcon_interfaces/share/falcon_interfaces/msg/FalconForces.idl
-- Symlinking: /home/ayumayume/ROS2_Y3_2/mobile_robot_inclass/install/falcon_interfaces/share/falcon_interfaces/msg/FalconPos.idl
-- Symlinking: /home/ayumayume/ROS2_Y3_2/mobile_robot_inclass/install/falcon_interfaces/share/falcon_interfaces/msg/FalconForces.msg
-- Symlinking: /home/ayumayume/ROS2_Y3_2/mobile_robot_inclass/install/falcon_interfaces/share/falcon_interfaces/msg/FalconPos.msg
-- Symlinking: /home/ayumayume/ROS2_Y3_2/mobile_robot_inclass/install/falcon_interfaces/share/ament_index/resource_index/package_run_dependencies/falcon_interfaces
-- Symlinking: /home/ayumayume/ROS2_Y3_2/mobile_robot_inclass/install/falcon_interfaces/share/ament_index/resource_index/parent_prefix_path/falcon_interfaces
-- Symlinking: /home/ayumayume/ROS2_Y3_2/mobile_robot_inclass/install/falcon_interfaces/share/falcon_interfaces/environment/ament_prefix_path.sh
-- Symlinking: /home/ayumayume/ROS2_Y3_2/mobile_robot_inclass/install/falcon_interfaces/share/falcon_interfaces/environment/ament_prefix_path.dsv
-- Symlinking: /home/ayumayume/ROS2_Y3_2/mobile_robot_inclass/install/falcon_interfaces/share/falcon_interfaces/environment/path.sh
-- Symlinking: /home/ayumayume/ROS2_Y3_2/mobile_robot_inclass/install/falcon_interfaces/share/falcon_interfaces/environment/path.dsv
-- Symlinking: /home/ayumayume/ROS2_Y3_2/mobile_robot_inclass/install/falcon_interfaces/share/falcon_interfaces/local_setup.bash
-- Symlinking: /home/ayumayume/ROS2_Y3_2/mobile_robot_inclass/install/falcon_interfaces/share/falcon_interfaces/local_setup.sh
-- Symlinking: /home/ayumayume/ROS2_Y3_2/mobile_robot_inclass/install/falcon_interfaces/share/falcon_interfaces/local_setup.zsh
-- Symlinking: /home/ayumayume/ROS2_Y3_2/mobile_robot_inclass/install/falcon_interfaces/share/falcon_interfaces/local_setup.dsv
-- Symlinking: /home/ayumayume/ROS2_Y3_2/mobile_robot_inclass/install/falcon_interfaces/share/falcon_interfaces/package.dsv
-- Symlinking: /home/ayumayume/ROS2_Y3_2/mobile_robot_inclass/install/falcon_interfaces/share/ament_index/resource_index/packages/falcon_interfaces
-- Symlinking: /home/ayumayume/ROS2_Y3_2/mobile_robot_inclass/install/falcon_interfaces/share/falcon_interfaces/cmake/rosidl_cmake-extras.cmake
-- Symlinking: /home/ayumayume/ROS2_Y3_2/mobile_robot_inclass/install/falcon_interfaces/share/falcon_interfaces/cmake/ament_cmake_export_dependencies-extras.cmake
-- Symlinking: /home/ayumayume/ROS2_Y3_2/mobile_robot_inclass/install/falcon_interfaces/share/falcon_interfaces/cmake/ament_cmake_export_libraries-extras.cmake
-- Symlinking: /home/ayumayume/ROS2_Y3_2/mobile_robot_inclass/install/falcon_interfaces/share/falcon_interfaces/cmake/ament_cmake_export_targets-extras.cmake
-- Symlinking: /home/ayumayume/ROS2_Y3_2/mobile_robot_inclass/install/falcon_interfaces/share/falcon_interfaces/cmake/ament_cmake_export_include_directories-extras.cmake
-- Symlinking: /home/ayumayume/ROS2_Y3_2/mobile_robot_inclass/install/falcon_interfaces/share/falcon_interfaces/cmake/rosidl_cmake_export_typesupport_libraries-extras.cmake
-- Symlinking: /home/ayumayume/ROS2_Y3_2/mobile_robot_inclass/install/falcon_interfaces/share/falcon_interfaces/cmake/rosidl_cmake_export_typesupport_targets-extras.cmake
-- Symlinking: /home/ayumayume/ROS2_Y3_2/mobile_robot_inclass/install/falcon_interfaces/share/falcon_interfaces/cmake/falcon_interfacesConfig.cmake
-- Symlinking: /home/ayumayume/ROS2_Y3_2/mobile_robot_inclass/install/falcon_interfaces/share/falcon_interfaces/cmake/falcon_interfacesConfig-version.cmake
-- Symlinking: /home/ayumayume/ROS2_Y3_2/mobile_robot_inclass/install/falcon_interfaces/share/falcon_interfaces/package.xml
-- Installing: /home/ayumayume/ROS2_Y3_2/mobile_robot_inclass/install/falcon_interfaces/lib/libfalcon_interfaces__rosidl_generator_c.so
-- Set runtime path of "/home/ayumayume/ROS2_Y3_2/mobile_robot_inclass/install/falcon_interfaces/lib/libfalcon_interfaces__rosidl_generator_c.so" to ""
-- Installing: /home/ayumayume/ROS2_Y3_2/mobile_robot_inclass/install/falcon_interfaces/lib/libfalcon_interfaces__rosidl_typesupport_introspection_c.so
-- Set runtime path of "/home/ayumayume/ROS2_Y3_2/mobile_robot_inclass/install/falcon_interfaces/lib/libfalcon_interfaces__rosidl_typesupport_introspection_c.so" to ""
-- Installing: /home/ayumayume/ROS2_Y3_2/mobile_robot_inclass/install/falcon_interfaces/lib/libfalcon_interfaces__rosidl_typesupport_c.so
-- Set runtime path of "/home/ayumayume/ROS2_Y3_2/mobile_robot_inclass/install/falcon_interfaces/lib/libfalcon_interfaces__rosidl_typesupport_c.so" to ""
-- Installing: /home/ayumayume/ROS2_Y3_2/mobile_robot_inclass/install/falcon_interfaces/lib/libfalcon_interfaces__rosidl_typesupport_introspection_cpp.so
-- Set runtime path of "/home/ayumayume/ROS2_Y3_2/mobile_robot_inclass/install/falcon_interfaces/lib/libfalcon_interfaces__rosidl_typesupport_introspection_cpp.so" to ""
-- Installing: /home/ayumayume/ROS2_Y3_2/mobile_robot_inclass/install/falcon_interfaces/lib/libfalcon_interfaces__rosidl_typesupport_cpp.so
-- Set runtime path of "/home/ayumayume/ROS2_Y3_2/mobile_robot_inclass/install/falcon_interfaces/lib/libfalcon_interfaces__rosidl_typesupport_cpp.so" to ""
Compiling '/home/ayumayume/ROS2_Y3_2/mobile_robot_inclass/install/falcon_interfaces/lib/python3.8/site-packages/falcon_interfaces/__init__.py'...
-- Installing: /home/ayumayume/ROS2_Y3_2/mobile_robot_inclass/install/falcon_interfaces/share/falcon_interfaces/cmake/falcon_interfaces__rosidl_generator_cExport.cmake
-- Installing: /home/ayumayume/ROS2_Y3_2/mobile_robot_inclass/install/falcon_interfaces/share/falcon_interfaces/cmake/falcon_interfaces__rosidl_generator_cExport-noconfig.cmake
-- Installing: /home/ayumayume/ROS2_Y3_2/mobile_robot_inclass/install/falcon_interfaces/share/falcon_interfaces/cmake/falcon_interfaces__rosidl_typesupport_introspection_cExport.cmake
-- Installing: /home/ayumayume/ROS2_Y3_2/mobile_robot_inclass/install/falcon_interfaces/share/falcon_interfaces/cmake/falcon_interfaces__rosidl_typesupport_introspection_cExport-noconfig.cmake
-- Installing: /home/ayumayume/ROS2_Y3_2/mobile_robot_inclass/install/falcon_interfaces/share/falcon_interfaces/cmake/falcon_interfaces__rosidl_typesupport_cExport.cmake
-- Installing: /home/ayumayume/ROS2_Y3_2/mobile_robot_inclass/install/falcon_interfaces/share/falcon_interfaces/cmake/falcon_interfaces__rosidl_typesupport_cExport-noconfig.cmake
-- Installing: /home/ayumayume/ROS2_Y3_2/mobile_robot_inclass/install/falcon_interfaces/share/falcon_interfaces/cmake/falcon_interfaces__rosidl_generator_cppExport.cmake
-- Installing: /home/ayumayume/ROS2_Y3_2/mobile_robot_inclass/install/falcon_interfaces/share/falcon_interfaces/cmake/falcon_interfaces__rosidl_typesupport_introspection_cppExport.cmake
-- Installing: /home/ayumayume/ROS2_Y3_2/mobile_robot_inclass/install/falcon_interfaces/share/falcon_interfaces/cmake/falcon_interfaces__rosidl_typesupport_introspection_cppExport-noconfig.cmake
-- Installing: /home/ayumayume/ROS2_Y3_2/mobile_robot_inclass/install/falcon_interfaces/share/falcon_interfaces/cmake/falcon_interfaces__rosidl_typesupport_cppExport.cmake
-- Installing: /home/ayumayume/ROS2_Y3_2/mobile_robot_inclass/install/falcon_interfaces/share/falcon_interfaces/cmake/falcon_interfaces__rosidl_typesupport_cppExport-noconfig.cmake
