[0.075s] Invoking command in '/home/ayumayume/ROS2_Y3_2/mobile_robot_inclass/build/falcon_interfaces': CMAKE_PREFIX_PATH=${CMAKE_PREFIX_PATH}:/home/ayumayume/turtlebot3_ws/install/turtlebot3_teleop:/home/ayumayume/turtlebot3_ws/install/turtlebot3_example:/home/ayumayume/open_topic/falcon_ros2/install/turtlebot3_teleop:/home/ayumayume/open_topic/falcon_ros2/install/turtlebot3_example:/opt/ros/foxy /usr/bin/cmake /home/ayumayume/ROS2_Y3_2/mobile_robot_inclass/src/falcon_interfaces -DAMENT_CMAKE_SYMLINK_INSTALL=1 -DCMAKE_INSTALL_PREFIX=/home/ayumayume/ROS2_Y3_2/mobile_robot_inclass/install/falcon_interfaces
[0.153s] -- The C compiler identification is GNU 9.4.0
[0.211s] -- The CXX compiler identification is GNU 9.4.0
[0.222s] -- Check for working C compiler: /usr/bin/cc
[0.271s] -- Check for working C compiler: /usr/bin/cc -- works
[0.272s] -- Detecting C compiler ABI info
[0.324s] -- Detecting C compiler ABI info - done
[0.333s] -- Detecting C compile features
[0.333s] -- Detecting C compile features - done
[0.336s] -- Check for working CXX compiler: /usr/bin/c++
[0.394s] -- Check for working CXX compiler: /usr/bin/c++ -- works
[0.395s] -- Detecting CXX compiler ABI info
[0.454s] -- Detecting CXX compiler ABI info - done
[0.462s] -- Detecting CXX compile features
[0.463s] -- Detecting CXX compile features - done
[0.471s] -- Found ament_cmake: 0.9.11 (/opt/ros/foxy/share/ament_cmake/cmake)
[0.506s] -- Found PythonInterp: /usr/bin/python3 (found suitable version "3.8.10", minimum required is "3") 
[0.506s] -- Using PYTHON_EXECUTABLE: /usr/bin/python3
[0.673s] -- Override CMake install command with custom implementation using symlinks instead of copying resources
[0.722s] -- Found geometry_msgs: 2.0.5 (/opt/ros/foxy/share/geometry_msgs/cmake)
[0.771s] -- Using all available rosidl_typesupport_c: rosidl_typesupport_fastrtps_c;rosidl_typesupport_introspection_c
[0.784s] -- Found rosidl_adapter: 1.3.0 (/opt/ros/foxy/share/rosidl_adapter/cmake)
[0.864s] -- Found OpenSSL: /usr/lib/x86_64-linux-gnu/libcrypto.so (found version "1.1.1f")  
[0.890s] -- Found FastRTPS: /opt/ros/foxy/include  
[0.993s] -- Using all available rosidl_typesupport_cpp: rosidl_typesupport_fastrtps_cpp;rosidl_typesupport_introspection_cpp
[1.254s] -- Found rosidl_default_generators: 1.0.1 (/opt/ros/foxy/share/rosidl_default_generators/cmake)
[1.388s] -- Found PythonInterp: /usr/bin/python3 (found version "3.8.10") 
[1.592s] -- Found ament_cmake_ros: 0.9.2 (/opt/ros/foxy/share/ament_cmake_ros/cmake)
[1.765s] -- Using all available rosidl_typesupport_c: rosidl_typesupport_fastrtps_c;rosidl_typesupport_introspection_c
[1.826s] -- Using all available rosidl_typesupport_cpp: rosidl_typesupport_fastrtps_cpp;rosidl_typesupport_introspection_cpp
[1.863s] -- Found PythonInterp: /usr/bin/python3 (found suitable version "3.8.10", minimum required is "3.5") 
[1.866s] -- Found python_cmake_module: 0.8.1 (/opt/ros/foxy/share/python_cmake_module/cmake)
[1.902s] -- Found PythonLibs: /usr/lib/x86_64-linux-gnu/libpython3.8.so (found suitable version "3.8.10", minimum required is "3.5") 
[1.902s] -- Using PYTHON_EXECUTABLE: /usr/bin/python3
[1.902s] -- Using PYTHON_INCLUDE_DIRS: /usr/include/python3.8
[1.902s] -- Using PYTHON_LIBRARIES: /usr/lib/x86_64-linux-gnu/libpython3.8.so
[1.932s] -- Found PythonExtra: .so  
[2.017s] -- Found ament_lint_auto: 0.9.7 (/opt/ros/foxy/share/ament_lint_auto/cmake)
[2.061s] -- Added test 'copyright' to check source files copyright and LICENSE
[2.064s] -- Added test 'lint_cmake' to check CMake code style
[2.065s] -- Added test 'xmllint' to check XML markup files
[2.073s] -- Configuring done
[2.111s] -- Generating done
[2.113s] -- Build files have been written to: /home/ayumayume/ROS2_Y3_2/mobile_robot_inclass/build/falcon_interfaces
[2.121s] Invoked command in '/home/ayumayume/ROS2_Y3_2/mobile_robot_inclass/build/falcon_interfaces' returned '0': CMAKE_PREFIX_PATH=${CMAKE_PREFIX_PATH}:/home/ayumayume/turtlebot3_ws/install/turtlebot3_teleop:/home/ayumayume/turtlebot3_ws/install/turtlebot3_example:/home/ayumayume/open_topic/falcon_ros2/install/turtlebot3_teleop:/home/ayumayume/open_topic/falcon_ros2/install/turtlebot3_example:/opt/ros/foxy /usr/bin/cmake /home/ayumayume/ROS2_Y3_2/mobile_robot_inclass/src/falcon_interfaces -DAMENT_CMAKE_SYMLINK_INSTALL=1 -DCMAKE_INSTALL_PREFIX=/home/ayumayume/ROS2_Y3_2/mobile_robot_inclass/install/falcon_interfaces
[2.124s] Invoking command in '/home/ayumayume/ROS2_Y3_2/mobile_robot_inclass/build/falcon_interfaces': CMAKE_PREFIX_PATH=${CMAKE_PREFIX_PATH}:/home/ayumayume/turtlebot3_ws/install/turtlebot3_teleop:/home/ayumayume/turtlebot3_ws/install/turtlebot3_example:/home/ayumayume/open_topic/falcon_ros2/install/turtlebot3_teleop:/home/ayumayume/open_topic/falcon_ros2/install/turtlebot3_example:/opt/ros/foxy /usr/bin/cmake --build /home/ayumayume/ROS2_Y3_2/mobile_robot_inclass/build/falcon_interfaces -- -j12 -l12
[2.160s] [35m[1mScanning dependencies of target falcon_interfaces__cpp[0m
[2.165s] [  2%] [34m[1mGenerating C code for ROS interfaces[0m
[2.169s] [  5%] [34m[1mGenerating C++ code for ROS interfaces[0m
[2.412s] [  5%] Built target falcon_interfaces__cpp
[2.425s] [ 12%] [34m[1mGenerating C++ type support for eProsima Fast-RTPS[0m
[2.425s] [ 12%] [34m[1mGenerating C++ introspection for ROS interfaces[0m
[2.425s] [ 12%] [34m[1mGenerating C++ type support dispatch for ROS interfaces[0m
[2.602s] [35m[1mScanning dependencies of target falcon_interfaces__rosidl_generator_c[0m
[2.618s] [ 15%] [32mBuilding C object CMakeFiles/falcon_interfaces__rosidl_generator_c.dir/rosidl_generator_c/falcon_interfaces/msg/detail/falcon_forces__functions.c.o[0m
[2.618s] [ 17%] [32mBuilding C object CMakeFiles/falcon_interfaces__rosidl_generator_c.dir/rosidl_generator_c/falcon_interfaces/msg/detail/falcon_pos__functions.c.o[0m
[2.683s] [ 20%] [32m[1mLinking C shared library libfalcon_interfaces__rosidl_generator_c.so[0m
[2.728s] [ 20%] Built target falcon_interfaces__rosidl_generator_c
[2.739s] [ 23%] [34m[1mGenerating C type support dispatch for ROS interfaces[0m
[2.742s] [ 25%] [34m[1mGenerating C introspection for ROS interfaces[0m
[2.798s] [35m[1mScanning dependencies of target falcon_interfaces__rosidl_typesupport_cpp[0m
[2.805s] [35m[1mScanning dependencies of target falcon_interfaces__rosidl_typesupport_introspection_cpp[0m
[2.811s] [ 28%] [32mBuilding CXX object CMakeFiles/falcon_interfaces__rosidl_typesupport_cpp.dir/rosidl_typesupport_cpp/falcon_interfaces/msg/falcon_forces__type_support.cpp.o[0m
[2.812s] [ 30%] [32mBuilding CXX object CMakeFiles/falcon_interfaces__rosidl_typesupport_cpp.dir/rosidl_typesupport_cpp/falcon_interfaces/msg/falcon_pos__type_support.cpp.o[0m
[2.822s] [ 33%] [32mBuilding CXX object CMakeFiles/falcon_interfaces__rosidl_typesupport_introspection_cpp.dir/rosidl_typesupport_introspection_cpp/falcon_interfaces/msg/detail/falcon_forces__type_support.cpp.o[0m
[2.822s] [ 35%] [32mBuilding CXX object CMakeFiles/falcon_interfaces__rosidl_typesupport_introspection_cpp.dir/rosidl_typesupport_introspection_cpp/falcon_interfaces/msg/detail/falcon_pos__type_support.cpp.o[0m
[2.822s] [35m[1mScanning dependencies of target falcon_interfaces__rosidl_typesupport_fastrtps_cpp[0m
[2.843s] [ 38%] [32mBuilding CXX object CMakeFiles/falcon_interfaces__rosidl_typesupport_fastrtps_cpp.dir/rosidl_typesupport_fastrtps_cpp/falcon_interfaces/msg/detail/dds_fastrtps/falcon_forces__type_support.cpp.o[0m
[2.855s] [ 41%] [32mBuilding CXX object CMakeFiles/falcon_interfaces__rosidl_typesupport_fastrtps_cpp.dir/rosidl_typesupport_fastrtps_cpp/falcon_interfaces/msg/detail/dds_fastrtps/falcon_pos__type_support.cpp.o[0m
[3.056s] [35m[1mScanning dependencies of target falcon_interfaces__rosidl_typesupport_c[0m
[3.073s] [ 43%] [32mBuilding CXX object CMakeFiles/falcon_interfaces__rosidl_typesupport_c.dir/rosidl_typesupport_c/falcon_interfaces/msg/falcon_pos__type_support.cpp.o[0m
[3.073s] [ 46%] [32mBuilding CXX object CMakeFiles/falcon_interfaces__rosidl_typesupport_c.dir/rosidl_typesupport_c/falcon_interfaces/msg/falcon_forces__type_support.cpp.o[0m
[3.101s] [35m[1mScanning dependencies of target falcon_interfaces__rosidl_typesupport_introspection_c[0m
[3.109s] [ 48%] [32m[1mLinking CXX shared library libfalcon_interfaces__rosidl_typesupport_c.so[0m
[3.116s] [ 51%] [32mBuilding C object CMakeFiles/falcon_interfaces__rosidl_typesupport_introspection_c.dir/rosidl_typesupport_introspection_c/falcon_interfaces/msg/detail/falcon_forces__type_support.c.o[0m
[3.117s] [ 53%] [32mBuilding C object CMakeFiles/falcon_interfaces__rosidl_typesupport_introspection_c.dir/rosidl_typesupport_introspection_c/falcon_interfaces/msg/detail/falcon_pos__type_support.c.o[0m
[3.149s] [ 56%] [32m[1mLinking C shared library libfalcon_interfaces__rosidl_typesupport_introspection_c.so[0m
[3.163s] [ 56%] Built target falcon_interfaces__rosidl_typesupport_c
[3.177s] [ 56%] Built target falcon_interfaces__rosidl_typesupport_introspection_c
[3.200s] [ 58%] [32m[1mLinking CXX shared library libfalcon_interfaces__rosidl_typesupport_cpp.so[0m
[3.202s] [ 61%] [32m[1mLinking CXX shared library libfalcon_interfaces__rosidl_typesupport_introspection_cpp.so[0m
[3.234s] [ 61%] Built target falcon_interfaces__rosidl_typesupport_cpp
[3.236s] [ 61%] Built target falcon_interfaces__rosidl_typesupport_introspection_cpp
[3.328s] [ 64%] [32m[1mLinking CXX shared library libfalcon_interfaces__rosidl_typesupport_fastrtps_cpp.so[0m
[3.424s] [ 64%] Built target falcon_interfaces__rosidl_typesupport_fastrtps_cpp
[3.439s] [ 66%] [34m[1mGenerating C type support for eProsima Fast-RTPS[0m
[3.813s] [35m[1mScanning dependencies of target falcon_interfaces__rosidl_typesupport_fastrtps_c[0m
[3.833s] [ 71%] [32mBuilding CXX object CMakeFiles/falcon_interfaces__rosidl_typesupport_fastrtps_c.dir/rosidl_typesupport_fastrtps_c/falcon_interfaces/msg/detail/falcon_forces__type_support_c.cpp.o[0m
[3.834s] [ 71%] [32mBuilding CXX object CMakeFiles/falcon_interfaces__rosidl_typesupport_fastrtps_c.dir/rosidl_typesupport_fastrtps_c/falcon_interfaces/msg/detail/falcon_pos__type_support_c.cpp.o[0m
[4.134s] [ 74%] [32m[1mLinking CXX shared library libfalcon_interfaces__rosidl_typesupport_fastrtps_c.so[0m
[4.199s] [ 74%] Built target falcon_interfaces__rosidl_typesupport_fastrtps_c
[4.208s] [35m[1mScanning dependencies of target falcon_interfaces[0m
[4.217s] [ 74%] Built target falcon_interfaces
[4.225s] [35m[1mScanning dependencies of target falcon_interfaces__py[0m
[4.236s] [ 76%] [34m[1mGenerating Python code for ROS interfaces[0m
[4.621s] [ 76%] Built target falcon_interfaces__py
[4.629s] [35m[1mScanning dependencies of target falcon_interfaces__python[0m
[4.654s] [ 82%] [32mBuilding C object CMakeFiles/falcon_interfaces__python.dir/rosidl_generator_py/falcon_interfaces/msg/_falcon_forces_s.c.o[0m
[4.654s] [ 82%] [32mBuilding C object CMakeFiles/falcon_interfaces__python.dir/rosidl_generator_py/falcon_interfaces/msg/_falcon_pos_s.c.o[0m
[4.719s] [ 84%] [32m[1mLinking C shared library rosidl_generator_py/falcon_interfaces/libfalcon_interfaces__python.so[0m
[4.750s] [ 84%] Built target falcon_interfaces__python
[4.758s] [35m[1mScanning dependencies of target falcon_interfaces__rosidl_typesupport_introspection_c__pyext[0m
[4.758s] [35m[1mScanning dependencies of target falcon_interfaces__rosidl_typesupport_c__pyext[0m
[4.758s] [35m[1mScanning dependencies of target falcon_interfaces__rosidl_typesupport_fastrtps_c__pyext[0m
[4.771s] [ 92%] [32mBuilding C object CMakeFiles/falcon_interfaces__rosidl_typesupport_introspection_c__pyext.dir/rosidl_generator_py/falcon_interfaces/_falcon_interfaces_s.ep.rosidl_typesupport_introspection_c.c.o[0m
[4.771s] [ 92%] [32mBuilding C object CMakeFiles/falcon_interfaces__rosidl_typesupport_c__pyext.dir/rosidl_generator_py/falcon_interfaces/_falcon_interfaces_s.ep.rosidl_typesupport_c.c.o[0m
[4.771s] [ 92%] [32mBuilding C object CMakeFiles/falcon_interfaces__rosidl_typesupport_fastrtps_c__pyext.dir/rosidl_generator_py/falcon_interfaces/_falcon_interfaces_s.ep.rosidl_typesupport_fastrtps_c.c.o[0m
[4.830s] [100%] [32m[1mLinking CXX shared library rosidl_generator_py/falcon_interfaces/falcon_interfaces_s__rosidl_typesupport_fastrtps_c.cpython-38-x86_64-linux-gnu.so[0m
[4.830s] [100%] [32m[1mLinking C shared library rosidl_generator_py/falcon_interfaces/falcon_interfaces_s__rosidl_typesupport_introspection_c.cpython-38-x86_64-linux-gnu.so[0m
[4.830s] [100%] [32m[1mLinking C shared library rosidl_generator_py/falcon_interfaces/falcon_interfaces_s__rosidl_typesupport_c.cpython-38-x86_64-linux-gnu.so[0m
[4.859s] [100%] Built target falcon_interfaces__rosidl_typesupport_c__pyext
[4.860s] [100%] Built target falcon_interfaces__rosidl_typesupport_introspection_c__pyext
[4.880s] [100%] Built target falcon_interfaces__rosidl_typesupport_fastrtps_c__pyext
[4.888s] Invoked command in '/home/ayumayume/ROS2_Y3_2/mobile_robot_inclass/build/falcon_interfaces' returned '0': CMAKE_PREFIX_PATH=${CMAKE_PREFIX_PATH}:/home/ayumayume/turtlebot3_ws/install/turtlebot3_teleop:/home/ayumayume/turtlebot3_ws/install/turtlebot3_example:/home/ayumayume/open_topic/falcon_ros2/install/turtlebot3_teleop:/home/ayumayume/open_topic/falcon_ros2/install/turtlebot3_example:/opt/ros/foxy /usr/bin/cmake --build /home/ayumayume/ROS2_Y3_2/mobile_robot_inclass/build/falcon_interfaces -- -j12 -l12
[4.938s] Invoking command in '/home/ayumayume/ROS2_Y3_2/mobile_robot_inclass/build/falcon_interfaces': CMAKE_PREFIX_PATH=${CMAKE_PREFIX_PATH}:/home/ayumayume/turtlebot3_ws/install/turtlebot3_teleop:/home/ayumayume/turtlebot3_ws/install/turtlebot3_example:/home/ayumayume/open_topic/falcon_ros2/install/turtlebot3_teleop:/home/ayumayume/open_topic/falcon_ros2/install/turtlebot3_example:/opt/ros/foxy /usr/bin/cmake --install /home/ayumayume/ROS2_Y3_2/mobile_robot_inclass/build/falcon_interfaces
[4.945s] -- Install configuration: ""
[4.945s] -- Execute custom install script
[4.946s] -- Symlinking: /home/ayumayume/ROS2_Y3_2/mobile_robot_inclass/install/falcon_interfaces/share/ament_index/resource_index/rosidl_interfaces/falcon_interfaces
[4.953s] -- Symlinking: /home/ayumayume/ROS2_Y3_2/mobile_robot_inclass/install/falcon_interfaces/include/falcon_interfaces/msg/detail/falcon_forces__functions.h
[4.959s] -- Symlinking: /home/ayumayume/ROS2_Y3_2/mobile_robot_inclass/install/falcon_interfaces/include/falcon_interfaces/msg/detail/falcon_forces__struct.h
[4.966s] -- Symlinking: /home/ayumayume/ROS2_Y3_2/mobile_robot_inclass/install/falcon_interfaces/include/falcon_interfaces/msg/detail/falcon_forces__type_support.h
[4.972s] -- Symlinking: /home/ayumayume/ROS2_Y3_2/mobile_robot_inclass/install/falcon_interfaces/include/falcon_interfaces/msg/detail/falcon_pos__functions.h
[4.978s] -- Symlinking: /home/ayumayume/ROS2_Y3_2/mobile_robot_inclass/install/falcon_interfaces/include/falcon_interfaces/msg/detail/falcon_pos__struct.h
[4.985s] -- Symlinking: /home/ayumayume/ROS2_Y3_2/mobile_robot_inclass/install/falcon_interfaces/include/falcon_interfaces/msg/detail/falcon_pos__type_support.h
[4.991s] -- Symlinking: /home/ayumayume/ROS2_Y3_2/mobile_robot_inclass/install/falcon_interfaces/include/falcon_interfaces/msg/falcon_forces.h
[4.998s] -- Symlinking: /home/ayumayume/ROS2_Y3_2/mobile_robot_inclass/install/falcon_interfaces/include/falcon_interfaces/msg/falcon_pos.h
[5.005s] -- Symlinking: /home/ayumayume/ROS2_Y3_2/mobile_robot_inclass/install/falcon_interfaces/include/falcon_interfaces/msg/rosidl_generator_c__visibility_control.h
[5.011s] -- Symlinking: /home/ayumayume/ROS2_Y3_2/mobile_robot_inclass/install/falcon_interfaces/share/falcon_interfaces/environment/library_path.sh
[5.017s] -- Symlinking: /home/ayumayume/ROS2_Y3_2/mobile_robot_inclass/install/falcon_interfaces/share/falcon_interfaces/environment/library_path.dsv
[5.024s] -- Symlinking: /home/ayumayume/ROS2_Y3_2/mobile_robot_inclass/install/falcon_interfaces/include/falcon_interfaces/msg/detail/falcon_forces__rosidl_typesupport_fastrtps_c.h
[5.031s] -- Symlinking: /home/ayumayume/ROS2_Y3_2/mobile_robot_inclass/install/falcon_interfaces/include/falcon_interfaces/msg/detail/falcon_pos__rosidl_typesupport_fastrtps_c.h
[5.037s] -- Symlinking: /home/ayumayume/ROS2_Y3_2/mobile_robot_inclass/install/falcon_interfaces/include/falcon_interfaces/msg/rosidl_typesupport_fastrtps_c__visibility_control.h
[5.045s] -- Symlinking: /home/ayumayume/ROS2_Y3_2/mobile_robot_inclass/install/falcon_interfaces/lib/libfalcon_interfaces__rosidl_typesupport_fastrtps_c.so
[5.052s] -- Symlinking: /home/ayumayume/ROS2_Y3_2/mobile_robot_inclass/install/falcon_interfaces/include/falcon_interfaces/msg/detail/falcon_forces__rosidl_typesupport_fastrtps_cpp.hpp
[5.058s] -- Symlinking: /home/ayumayume/ROS2_Y3_2/mobile_robot_inclass/install/falcon_interfaces/include/falcon_interfaces/msg/detail/falcon_pos__rosidl_typesupport_fastrtps_cpp.hpp
[5.064s] -- Symlinking: /home/ayumayume/ROS2_Y3_2/mobile_robot_inclass/install/falcon_interfaces/include/falcon_interfaces/msg/rosidl_typesupport_fastrtps_cpp__visibility_control.h
[5.071s] -- Symlinking: /home/ayumayume/ROS2_Y3_2/mobile_robot_inclass/install/falcon_interfaces/lib/libfalcon_interfaces__rosidl_typesupport_fastrtps_cpp.so
[5.078s] -- Symlinking: /home/ayumayume/ROS2_Y3_2/mobile_robot_inclass/install/falcon_interfaces/include/falcon_interfaces/msg/detail/falcon_forces__rosidl_typesupport_introspection_c.h
[5.084s] -- Symlinking: /home/ayumayume/ROS2_Y3_2/mobile_robot_inclass/install/falcon_interfaces/include/falcon_interfaces/msg/detail/falcon_pos__rosidl_typesupport_introspection_c.h
[5.091s] -- Symlinking: /home/ayumayume/ROS2_Y3_2/mobile_robot_inclass/install/falcon_interfaces/include/falcon_interfaces/msg/rosidl_typesupport_introspection_c__visibility_control.h
[5.097s] -- Symlinking: /home/ayumayume/ROS2_Y3_2/mobile_robot_inclass/install/falcon_interfaces/include/falcon_interfaces/msg/detail/falcon_forces__builder.hpp
[5.104s] -- Symlinking: /home/ayumayume/ROS2_Y3_2/mobile_robot_inclass/install/falcon_interfaces/include/falcon_interfaces/msg/detail/falcon_forces__struct.hpp
[5.110s] -- Symlinking: /home/ayumayume/ROS2_Y3_2/mobile_robot_inclass/install/falcon_interfaces/include/falcon_interfaces/msg/detail/falcon_forces__traits.hpp
[5.116s] -- Symlinking: /home/ayumayume/ROS2_Y3_2/mobile_robot_inclass/install/falcon_interfaces/include/falcon_interfaces/msg/detail/falcon_pos__builder.hpp
[5.122s] -- Symlinking: /home/ayumayume/ROS2_Y3_2/mobile_robot_inclass/install/falcon_interfaces/include/falcon_interfaces/msg/detail/falcon_pos__struct.hpp
[5.129s] -- Symlinking: /home/ayumayume/ROS2_Y3_2/mobile_robot_inclass/install/falcon_interfaces/include/falcon_interfaces/msg/detail/falcon_pos__traits.hpp
[5.136s] -- Symlinking: /home/ayumayume/ROS2_Y3_2/mobile_robot_inclass/install/falcon_interfaces/include/falcon_interfaces/msg/falcon_forces.hpp
[5.142s] -- Symlinking: /home/ayumayume/ROS2_Y3_2/mobile_robot_inclass/install/falcon_interfaces/include/falcon_interfaces/msg/falcon_pos.hpp
[5.149s] -- Symlinking: /home/ayumayume/ROS2_Y3_2/mobile_robot_inclass/install/falcon_interfaces/include/falcon_interfaces/msg/detail/falcon_forces__rosidl_typesupport_introspection_cpp.hpp
[5.155s] -- Symlinking: /home/ayumayume/ROS2_Y3_2/mobile_robot_inclass/install/falcon_interfaces/include/falcon_interfaces/msg/detail/falcon_pos__rosidl_typesupport_introspection_cpp.hpp
[5.162s] -- Symlinking: /home/ayumayume/ROS2_Y3_2/mobile_robot_inclass/install/falcon_interfaces/share/falcon_interfaces/environment/pythonpath.sh
[5.168s] -- Symlinking: /home/ayumayume/ROS2_Y3_2/mobile_robot_inclass/install/falcon_interfaces/share/falcon_interfaces/environment/pythonpath.dsv
[5.175s] -- Symlinking: /home/ayumayume/ROS2_Y3_2/mobile_robot_inclass/install/falcon_interfaces/lib/python3.8/site-packages/falcon_interfaces/__init__.py
[5.182s] -- Symlinking: /home/ayumayume/ROS2_Y3_2/mobile_robot_inclass/install/falcon_interfaces/lib/python3.8/site-packages/falcon_interfaces/msg/__init__.py
[5.188s] -- Symlinking: /home/ayumayume/ROS2_Y3_2/mobile_robot_inclass/install/falcon_interfaces/lib/python3.8/site-packages/falcon_interfaces/msg/_falcon_forces.py
[5.194s] -- Symlinking: /home/ayumayume/ROS2_Y3_2/mobile_robot_inclass/install/falcon_interfaces/lib/python3.8/site-packages/falcon_interfaces/msg/_falcon_pos.py
[5.200s] -- Symlinking: /home/ayumayume/ROS2_Y3_2/mobile_robot_inclass/install/falcon_interfaces/lib/python3.8/site-packages/falcon_interfaces/falcon_interfaces_s__rosidl_typesupport_fastrtps_c.cpython-38-x86_64-linux-gnu.so
[5.207s] -- Symlinking: /home/ayumayume/ROS2_Y3_2/mobile_robot_inclass/install/falcon_interfaces/lib/python3.8/site-packages/falcon_interfaces/falcon_interfaces_s__rosidl_typesupport_introspection_c.cpython-38-x86_64-linux-gnu.so
[5.214s] -- Symlinking: /home/ayumayume/ROS2_Y3_2/mobile_robot_inclass/install/falcon_interfaces/lib/python3.8/site-packages/falcon_interfaces/falcon_interfaces_s__rosidl_typesupport_c.cpython-38-x86_64-linux-gnu.so
[5.221s] -- Symlinking: /home/ayumayume/ROS2_Y3_2/mobile_robot_inclass/install/falcon_interfaces/lib/libfalcon_interfaces__python.so
[5.227s] -- Symlinking: /home/ayumayume/ROS2_Y3_2/mobile_robot_inclass/install/falcon_interfaces/share/falcon_interfaces/msg/FalconForces.idl
[5.233s] -- Symlinking: /home/ayumayume/ROS2_Y3_2/mobile_robot_inclass/install/falcon_interfaces/share/falcon_interfaces/msg/FalconPos.idl
[5.240s] -- Symlinking: /home/ayumayume/ROS2_Y3_2/mobile_robot_inclass/install/falcon_interfaces/share/falcon_interfaces/msg/FalconForces.msg
[5.247s] -- Symlinking: /home/ayumayume/ROS2_Y3_2/mobile_robot_inclass/install/falcon_interfaces/share/falcon_interfaces/msg/FalconPos.msg
[5.254s] -- Symlinking: /home/ayumayume/ROS2_Y3_2/mobile_robot_inclass/install/falcon_interfaces/share/ament_index/resource_index/package_run_dependencies/falcon_interfaces
[5.260s] -- Symlinking: /home/ayumayume/ROS2_Y3_2/mobile_robot_inclass/install/falcon_interfaces/share/ament_index/resource_index/parent_prefix_path/falcon_interfaces
[5.267s] -- Symlinking: /home/ayumayume/ROS2_Y3_2/mobile_robot_inclass/install/falcon_interfaces/share/falcon_interfaces/environment/ament_prefix_path.sh
[5.273s] -- Symlinking: /home/ayumayume/ROS2_Y3_2/mobile_robot_inclass/install/falcon_interfaces/share/falcon_interfaces/environment/ament_prefix_path.dsv
[5.280s] -- Symlinking: /home/ayumayume/ROS2_Y3_2/mobile_robot_inclass/install/falcon_interfaces/share/falcon_interfaces/environment/path.sh
[5.287s] -- Symlinking: /home/ayumayume/ROS2_Y3_2/mobile_robot_inclass/install/falcon_interfaces/share/falcon_interfaces/environment/path.dsv
[5.293s] -- Symlinking: /home/ayumayume/ROS2_Y3_2/mobile_robot_inclass/install/falcon_interfaces/share/falcon_interfaces/local_setup.bash
[5.300s] -- Symlinking: /home/ayumayume/ROS2_Y3_2/mobile_robot_inclass/install/falcon_interfaces/share/falcon_interfaces/local_setup.sh
[5.306s] -- Symlinking: /home/ayumayume/ROS2_Y3_2/mobile_robot_inclass/install/falcon_interfaces/share/falcon_interfaces/local_setup.zsh
[5.312s] -- Symlinking: /home/ayumayume/ROS2_Y3_2/mobile_robot_inclass/install/falcon_interfaces/share/falcon_interfaces/local_setup.dsv
[5.319s] -- Symlinking: /home/ayumayume/ROS2_Y3_2/mobile_robot_inclass/install/falcon_interfaces/share/falcon_interfaces/package.dsv
[5.325s] -- Symlinking: /home/ayumayume/ROS2_Y3_2/mobile_robot_inclass/install/falcon_interfaces/share/ament_index/resource_index/packages/falcon_interfaces
[5.332s] -- Symlinking: /home/ayumayume/ROS2_Y3_2/mobile_robot_inclass/install/falcon_interfaces/share/falcon_interfaces/cmake/rosidl_cmake-extras.cmake
[5.338s] -- Symlinking: /home/ayumayume/ROS2_Y3_2/mobile_robot_inclass/install/falcon_interfaces/share/falcon_interfaces/cmake/ament_cmake_export_dependencies-extras.cmake
[5.345s] -- Symlinking: /home/ayumayume/ROS2_Y3_2/mobile_robot_inclass/install/falcon_interfaces/share/falcon_interfaces/cmake/ament_cmake_export_libraries-extras.cmake
[5.351s] -- Symlinking: /home/ayumayume/ROS2_Y3_2/mobile_robot_inclass/install/falcon_interfaces/share/falcon_interfaces/cmake/ament_cmake_export_targets-extras.cmake
[5.358s] -- Symlinking: /home/ayumayume/ROS2_Y3_2/mobile_robot_inclass/install/falcon_interfaces/share/falcon_interfaces/cmake/ament_cmake_export_include_directories-extras.cmake
[5.365s] -- Symlinking: /home/ayumayume/ROS2_Y3_2/mobile_robot_inclass/install/falcon_interfaces/share/falcon_interfaces/cmake/rosidl_cmake_export_typesupport_libraries-extras.cmake
[5.373s] -- Symlinking: /home/ayumayume/ROS2_Y3_2/mobile_robot_inclass/install/falcon_interfaces/share/falcon_interfaces/cmake/rosidl_cmake_export_typesupport_targets-extras.cmake
[5.381s] -- Symlinking: /home/ayumayume/ROS2_Y3_2/mobile_robot_inclass/install/falcon_interfaces/share/falcon_interfaces/cmake/falcon_interfacesConfig.cmake
[5.388s] -- Symlinking: /home/ayumayume/ROS2_Y3_2/mobile_robot_inclass/install/falcon_interfaces/share/falcon_interfaces/cmake/falcon_interfacesConfig-version.cmake
[5.396s] -- Symlinking: /home/ayumayume/ROS2_Y3_2/mobile_robot_inclass/install/falcon_interfaces/share/falcon_interfaces/package.xml
[5.404s] -- Installing: /home/ayumayume/ROS2_Y3_2/mobile_robot_inclass/install/falcon_interfaces/lib/libfalcon_interfaces__rosidl_generator_c.so
[5.404s] -- Set runtime path of "/home/ayumayume/ROS2_Y3_2/mobile_robot_inclass/install/falcon_interfaces/lib/libfalcon_interfaces__rosidl_generator_c.so" to ""
[5.404s] -- Installing: /home/ayumayume/ROS2_Y3_2/mobile_robot_inclass/install/falcon_interfaces/lib/libfalcon_interfaces__rosidl_typesupport_introspection_c.so
[5.404s] -- Set runtime path of "/home/ayumayume/ROS2_Y3_2/mobile_robot_inclass/install/falcon_interfaces/lib/libfalcon_interfaces__rosidl_typesupport_introspection_c.so" to ""
[5.405s] -- Installing: /home/ayumayume/ROS2_Y3_2/mobile_robot_inclass/install/falcon_interfaces/lib/libfalcon_interfaces__rosidl_typesupport_c.so
[5.405s] -- Set runtime path of "/home/ayumayume/ROS2_Y3_2/mobile_robot_inclass/install/falcon_interfaces/lib/libfalcon_interfaces__rosidl_typesupport_c.so" to ""
[5.405s] -- Installing: /home/ayumayume/ROS2_Y3_2/mobile_robot_inclass/install/falcon_interfaces/lib/libfalcon_interfaces__rosidl_typesupport_introspection_cpp.so
[5.405s] -- Set runtime path of "/home/ayumayume/ROS2_Y3_2/mobile_robot_inclass/install/falcon_interfaces/lib/libfalcon_interfaces__rosidl_typesupport_introspection_cpp.so" to ""
[5.405s] -- Installing: /home/ayumayume/ROS2_Y3_2/mobile_robot_inclass/install/falcon_interfaces/lib/libfalcon_interfaces__rosidl_typesupport_cpp.so
[5.405s] -- Set runtime path of "/home/ayumayume/ROS2_Y3_2/mobile_robot_inclass/install/falcon_interfaces/lib/libfalcon_interfaces__rosidl_typesupport_cpp.so" to ""
[5.442s] Compiling '/home/ayumayume/ROS2_Y3_2/mobile_robot_inclass/install/falcon_interfaces/lib/python3.8/site-packages/falcon_interfaces/__init__.py'...
[5.446s] -- Installing: /home/ayumayume/ROS2_Y3_2/mobile_robot_inclass/install/falcon_interfaces/share/falcon_interfaces/cmake/falcon_interfaces__rosidl_generator_cExport.cmake
[5.446s] -- Installing: /home/ayumayume/ROS2_Y3_2/mobile_robot_inclass/install/falcon_interfaces/share/falcon_interfaces/cmake/falcon_interfaces__rosidl_generator_cExport-noconfig.cmake
[5.446s] -- Installing: /home/ayumayume/ROS2_Y3_2/mobile_robot_inclass/install/falcon_interfaces/share/falcon_interfaces/cmake/falcon_interfaces__rosidl_typesupport_introspection_cExport.cmake
[5.446s] -- Installing: /home/ayumayume/ROS2_Y3_2/mobile_robot_inclass/install/falcon_interfaces/share/falcon_interfaces/cmake/falcon_interfaces__rosidl_typesupport_introspection_cExport-noconfig.cmake
[5.446s] -- Installing: /home/ayumayume/ROS2_Y3_2/mobile_robot_inclass/install/falcon_interfaces/share/falcon_interfaces/cmake/falcon_interfaces__rosidl_typesupport_cExport.cmake
[5.446s] -- Installing: /home/ayumayume/ROS2_Y3_2/mobile_robot_inclass/install/falcon_interfaces/share/falcon_interfaces/cmake/falcon_interfaces__rosidl_typesupport_cExport-noconfig.cmake
[5.447s] -- Installing: /home/ayumayume/ROS2_Y3_2/mobile_robot_inclass/install/falcon_interfaces/share/falcon_interfaces/cmake/falcon_interfaces__rosidl_generator_cppExport.cmake
[5.447s] -- Installing: /home/ayumayume/ROS2_Y3_2/mobile_robot_inclass/install/falcon_interfaces/share/falcon_interfaces/cmake/falcon_interfaces__rosidl_typesupport_introspection_cppExport.cmake
[5.447s] -- Installing: /home/ayumayume/ROS2_Y3_2/mobile_robot_inclass/install/falcon_interfaces/share/falcon_interfaces/cmake/falcon_interfaces__rosidl_typesupport_introspection_cppExport-noconfig.cmake
[5.447s] -- Installing: /home/ayumayume/ROS2_Y3_2/mobile_robot_inclass/install/falcon_interfaces/share/falcon_interfaces/cmake/falcon_interfaces__rosidl_typesupport_cppExport.cmake
[5.447s] -- Installing: /home/ayumayume/ROS2_Y3_2/mobile_robot_inclass/install/falcon_interfaces/share/falcon_interfaces/cmake/falcon_interfaces__rosidl_typesupport_cppExport-noconfig.cmake
[5.455s] Invoked command in '/home/ayumayume/ROS2_Y3_2/mobile_robot_inclass/build/falcon_interfaces' returned '0': CMAKE_PREFIX_PATH=${CMAKE_PREFIX_PATH}:/home/ayumayume/turtlebot3_ws/install/turtlebot3_teleop:/home/ayumayume/turtlebot3_ws/install/turtlebot3_example:/home/ayumayume/open_topic/falcon_ros2/install/turtlebot3_teleop:/home/ayumayume/open_topic/falcon_ros2/install/turtlebot3_example:/opt/ros/foxy /usr/bin/cmake --install /home/ayumayume/ROS2_Y3_2/mobile_robot_inclass/build/falcon_interfaces
