[0.107s] Invoking command in '/home/ayumayume/ROS2_Y3_2/mobile_robot_inclass/build/falcon_interfaces': CMAKE_PREFIX_PATH=${CMAKE_PREFIX_PATH}:/home/ayumayume/turtlebot3_ws/install/turtlebot3_teleop:/home/ayumayume/turtlebot3_ws/install/turtlebot3_example:/home/ayumayume/open_topic/falcon_ros2/install/turtlebot3_teleop:/home/ayumayume/open_topic/falcon_ros2/install/turtlebot3_example:/opt/ros/foxy /usr/bin/cmake --build /home/ayumayume/ROS2_Y3_2/mobile_robot_inclass/build/falcon_interfaces -- -j12 -l12
[0.182s] [  2%] Built target falcon_interfaces__cpp
[0.185s] [ 12%] Built target falcon_interfaces__rosidl_generator_c
[0.241s] [ 25%] Built target falcon_interfaces__rosidl_typesupport_introspection_cpp
[0.242s] [ 33%] Built target falcon_interfaces__rosidl_typesupport_c
[0.245s] [ 43%] Built target falcon_interfaces__rosidl_typesupport_fastrtps_cpp
[0.249s] [ 53%] Built target falcon_interfaces__rosidl_typesupport_introspection_c
[0.260s] [ 64%] Built target falcon_interfaces__rosidl_typesupport_cpp
[0.282s] [ 74%] Built target falcon_interfaces__rosidl_typesupport_fastrtps_c
[0.307s] [ 74%] Built target falcon_interfaces
[0.338s] [ 76%] Built target falcon_interfaces__py
[0.368s] [ 84%] Built target falcon_interfaces__python
[0.402s] [100%] Built target falcon_interfaces__rosidl_typesupport_fastrtps_c__pyext
[0.403s] [100%] Built target falcon_interfaces__rosidl_typesupport_introspection_c__pyext
[0.406s] [100%] Built target falcon_interfaces__rosidl_typesupport_c__pyext
[0.416s] Invoked command in '/home/ayumayume/ROS2_Y3_2/mobile_robot_inclass/build/falcon_interfaces' returned '0': CMAKE_PREFIX_PATH=${CMAKE_PREFIX_PATH}:/home/ayumayume/turtlebot3_ws/install/turtlebot3_teleop:/home/ayumayume/turtlebot3_ws/install/turtlebot3_example:/home/ayumayume/open_topic/falcon_ros2/install/turtlebot3_teleop:/home/ayumayume/open_topic/falcon_ros2/install/turtlebot3_example:/opt/ros/foxy /usr/bin/cmake --build /home/ayumayume/ROS2_Y3_2/mobile_robot_inclass/build/falcon_interfaces -- -j12 -l12
[0.489s] Invoking command in '/home/ayumayume/ROS2_Y3_2/mobile_robot_inclass/build/falcon_interfaces': CMAKE_PREFIX_PATH=${CMAKE_PREFIX_PATH}:/home/ayumayume/turtlebot3_ws/install/turtlebot3_teleop:/home/ayumayume/turtlebot3_ws/install/turtlebot3_example:/home/ayumayume/open_topic/falcon_ros2/install/turtlebot3_teleop:/home/ayumayume/open_topic/falcon_ros2/install/turtlebot3_example:/opt/ros/foxy /usr/bin/cmake --install /home/ayumayume/ROS2_Y3_2/mobile_robot_inclass/build/falcon_interfaces
[0.498s] -- Install configuration: ""
[0.499s] -- Execute custom install script
[0.499s] -- Up-to-date symlink: /home/ayumayume/ROS2_Y3_2/mobile_robot_inclass/install/falcon_interfaces/share/ament_index/resource_index/rosidl_interfaces/falcon_interfaces
[0.499s] -- Up-to-date symlink: /home/ayumayume/ROS2_Y3_2/mobile_robot_inclass/install/falcon_interfaces/include/falcon_interfaces/msg/detail/falcon_forces__functions.h
[0.500s] -- Up-to-date symlink: /home/ayumayume/ROS2_Y3_2/mobile_robot_inclass/install/falcon_interfaces/include/falcon_interfaces/msg/detail/falcon_forces__struct.h
[0.500s] -- Up-to-date symlink: /home/ayumayume/ROS2_Y3_2/mobile_robot_inclass/install/falcon_interfaces/include/falcon_interfaces/msg/detail/falcon_forces__type_support.h
[0.500s] -- Up-to-date symlink: /home/ayumayume/ROS2_Y3_2/mobile_robot_inclass/install/falcon_interfaces/include/falcon_interfaces/msg/detail/falcon_pos__functions.h
[0.500s] -- Up-to-date symlink: /home/ayumayume/ROS2_Y3_2/mobile_robot_inclass/install/falcon_interfaces/include/falcon_interfaces/msg/detail/falcon_pos__struct.h
[0.500s] -- Up-to-date symlink: /home/ayumayume/ROS2_Y3_2/mobile_robot_inclass/install/falcon_interfaces/include/falcon_interfaces/msg/detail/falcon_pos__type_support.h
[0.500s] -- Up-to-date symlink: /home/ayumayume/ROS2_Y3_2/mobile_robot_inclass/install/falcon_interfaces/include/falcon_interfaces/msg/falcon_forces.h
[0.500s] -- Up-to-date symlink: /home/ayumayume/ROS2_Y3_2/mobile_robot_inclass/install/falcon_interfaces/include/falcon_interfaces/msg/falcon_pos.h
[0.500s] -- Up-to-date symlink: /home/ayumayume/ROS2_Y3_2/mobile_robot_inclass/install/falcon_interfaces/include/falcon_interfaces/msg/rosidl_generator_c__visibility_control.h
[0.501s] -- Up-to-date symlink: /home/ayumayume/ROS2_Y3_2/mobile_robot_inclass/install/falcon_interfaces/share/falcon_interfaces/environment/library_path.sh
[0.501s] -- Up-to-date symlink: /home/ayumayume/ROS2_Y3_2/mobile_robot_inclass/install/falcon_interfaces/share/falcon_interfaces/environment/library_path.dsv
[0.502s] -- Up-to-date symlink: /home/ayumayume/ROS2_Y3_2/mobile_robot_inclass/install/falcon_interfaces/include/falcon_interfaces/msg/detail/falcon_forces__rosidl_typesupport_fastrtps_c.h
[0.502s] -- Up-to-date symlink: /home/ayumayume/ROS2_Y3_2/mobile_robot_inclass/install/falcon_interfaces/include/falcon_interfaces/msg/detail/falcon_pos__rosidl_typesupport_fastrtps_c.h
[0.502s] -- Up-to-date symlink: /home/ayumayume/ROS2_Y3_2/mobile_robot_inclass/install/falcon_interfaces/include/falcon_interfaces/msg/rosidl_typesupport_fastrtps_c__visibility_control.h
[0.502s] -- Up-to-date symlink: /home/ayumayume/ROS2_Y3_2/mobile_robot_inclass/install/falcon_interfaces/lib/libfalcon_interfaces__rosidl_typesupport_fastrtps_c.so
[0.503s] -- Up-to-date symlink: /home/ayumayume/ROS2_Y3_2/mobile_robot_inclass/install/falcon_interfaces/include/falcon_interfaces/msg/detail/falcon_forces__rosidl_typesupport_fastrtps_cpp.hpp
[0.503s] -- Up-to-date symlink: /home/ayumayume/ROS2_Y3_2/mobile_robot_inclass/install/falcon_interfaces/include/falcon_interfaces/msg/detail/falcon_pos__rosidl_typesupport_fastrtps_cpp.hpp
[0.503s] -- Up-to-date symlink: /home/ayumayume/ROS2_Y3_2/mobile_robot_inclass/install/falcon_interfaces/include/falcon_interfaces/msg/rosidl_typesupport_fastrtps_cpp__visibility_control.h
[0.504s] -- Up-to-date symlink: /home/ayumayume/ROS2_Y3_2/mobile_robot_inclass/install/falcon_interfaces/lib/libfalcon_interfaces__rosidl_typesupport_fastrtps_cpp.so
[0.504s] -- Up-to-date symlink: /home/ayumayume/ROS2_Y3_2/mobile_robot_inclass/install/falcon_interfaces/include/falcon_interfaces/msg/detail/falcon_forces__rosidl_typesupport_introspection_c.h
[0.504s] -- Up-to-date symlink: /home/ayumayume/ROS2_Y3_2/mobile_robot_inclass/install/falcon_interfaces/include/falcon_interfaces/msg/detail/falcon_pos__rosidl_typesupport_introspection_c.h
[0.504s] -- Up-to-date symlink: /home/ayumayume/ROS2_Y3_2/mobile_robot_inclass/install/falcon_interfaces/include/falcon_interfaces/msg/rosidl_typesupport_introspection_c__visibility_control.h
[0.505s] -- Up-to-date symlink: /home/ayumayume/ROS2_Y3_2/mobile_robot_inclass/install/falcon_interfaces/include/falcon_interfaces/msg/detail/falcon_forces__builder.hpp
[0.505s] -- Up-to-date symlink: /home/ayumayume/ROS2_Y3_2/mobile_robot_inclass/install/falcon_interfaces/include/falcon_interfaces/msg/detail/falcon_forces__struct.hpp
[0.505s] -- Up-to-date symlink: /home/ayumayume/ROS2_Y3_2/mobile_robot_inclass/install/falcon_interfaces/include/falcon_interfaces/msg/detail/falcon_forces__traits.hpp
[0.505s] -- Up-to-date symlink: /home/ayumayume/ROS2_Y3_2/mobile_robot_inclass/install/falcon_interfaces/include/falcon_interfaces/msg/detail/falcon_pos__builder.hpp
[0.505s] -- Up-to-date symlink: /home/ayumayume/ROS2_Y3_2/mobile_robot_inclass/install/falcon_interfaces/include/falcon_interfaces/msg/detail/falcon_pos__struct.hpp
[0.506s] -- Up-to-date symlink: /home/ayumayume/ROS2_Y3_2/mobile_robot_inclass/install/falcon_interfaces/include/falcon_interfaces/msg/detail/falcon_pos__traits.hpp
[0.506s] -- Up-to-date symlink: /home/ayumayume/ROS2_Y3_2/mobile_robot_inclass/install/falcon_interfaces/include/falcon_interfaces/msg/falcon_forces.hpp
[0.506s] -- Up-to-date symlink: /home/ayumayume/ROS2_Y3_2/mobile_robot_inclass/install/falcon_interfaces/include/falcon_interfaces/msg/falcon_pos.hpp
[0.506s] -- Up-to-date symlink: /home/ayumayume/ROS2_Y3_2/mobile_robot_inclass/install/falcon_interfaces/include/falcon_interfaces/msg/detail/falcon_forces__rosidl_typesupport_introspection_cpp.hpp
[0.506s] -- Up-to-date symlink: /home/ayumayume/ROS2_Y3_2/mobile_robot_inclass/install/falcon_interfaces/include/falcon_interfaces/msg/detail/falcon_pos__rosidl_typesupport_introspection_cpp.hpp
[0.507s] -- Up-to-date symlink: /home/ayumayume/ROS2_Y3_2/mobile_robot_inclass/install/falcon_interfaces/share/falcon_interfaces/environment/pythonpath.sh
[0.507s] -- Up-to-date symlink: /home/ayumayume/ROS2_Y3_2/mobile_robot_inclass/install/falcon_interfaces/share/falcon_interfaces/environment/pythonpath.dsv
[0.507s] -- Up-to-date symlink: /home/ayumayume/ROS2_Y3_2/mobile_robot_inclass/install/falcon_interfaces/lib/python3.8/site-packages/falcon_interfaces/__init__.py
[0.508s] -- Up-to-date symlink: /home/ayumayume/ROS2_Y3_2/mobile_robot_inclass/install/falcon_interfaces/lib/python3.8/site-packages/falcon_interfaces/msg/__init__.py
[0.508s] -- Up-to-date symlink: /home/ayumayume/ROS2_Y3_2/mobile_robot_inclass/install/falcon_interfaces/lib/python3.8/site-packages/falcon_interfaces/msg/_falcon_forces.py
[0.508s] -- Up-to-date symlink: /home/ayumayume/ROS2_Y3_2/mobile_robot_inclass/install/falcon_interfaces/lib/python3.8/site-packages/falcon_interfaces/msg/_falcon_pos.py
[0.508s] -- Up-to-date symlink: /home/ayumayume/ROS2_Y3_2/mobile_robot_inclass/install/falcon_interfaces/lib/python3.8/site-packages/falcon_interfaces/falcon_interfaces_s__rosidl_typesupport_fastrtps_c.cpython-38-x86_64-linux-gnu.so
[0.509s] -- Up-to-date symlink: /home/ayumayume/ROS2_Y3_2/mobile_robot_inclass/install/falcon_interfaces/lib/python3.8/site-packages/falcon_interfaces/falcon_interfaces_s__rosidl_typesupport_introspection_c.cpython-38-x86_64-linux-gnu.so
[0.509s] -- Up-to-date symlink: /home/ayumayume/ROS2_Y3_2/mobile_robot_inclass/install/falcon_interfaces/lib/python3.8/site-packages/falcon_interfaces/falcon_interfaces_s__rosidl_typesupport_c.cpython-38-x86_64-linux-gnu.so
[0.509s] -- Up-to-date symlink: /home/ayumayume/ROS2_Y3_2/mobile_robot_inclass/install/falcon_interfaces/lib/libfalcon_interfaces__python.so
[0.510s] -- Up-to-date symlink: /home/ayumayume/ROS2_Y3_2/mobile_robot_inclass/install/falcon_interfaces/share/falcon_interfaces/msg/FalconForces.idl
[0.510s] -- Up-to-date symlink: /home/ayumayume/ROS2_Y3_2/mobile_robot_inclass/install/falcon_interfaces/share/falcon_interfaces/msg/FalconPos.idl
[0.511s] -- Up-to-date symlink: /home/ayumayume/ROS2_Y3_2/mobile_robot_inclass/install/falcon_interfaces/share/falcon_interfaces/msg/FalconForces.msg
[0.511s] -- Up-to-date symlink: /home/ayumayume/ROS2_Y3_2/mobile_robot_inclass/install/falcon_interfaces/share/falcon_interfaces/msg/FalconPos.msg
[0.511s] -- Up-to-date symlink: /home/ayumayume/ROS2_Y3_2/mobile_robot_inclass/install/falcon_interfaces/share/ament_index/resource_index/package_run_dependencies/falcon_interfaces
[0.512s] -- Up-to-date symlink: /home/ayumayume/ROS2_Y3_2/mobile_robot_inclass/install/falcon_interfaces/share/ament_index/resource_index/parent_prefix_path/falcon_interfaces
[0.512s] -- Up-to-date symlink: /home/ayumayume/ROS2_Y3_2/mobile_robot_inclass/install/falcon_interfaces/share/falcon_interfaces/environment/ament_prefix_path.sh
[0.512s] -- Up-to-date symlink: /home/ayumayume/ROS2_Y3_2/mobile_robot_inclass/install/falcon_interfaces/share/falcon_interfaces/environment/ament_prefix_path.dsv
[0.513s] -- Up-to-date symlink: /home/ayumayume/ROS2_Y3_2/mobile_robot_inclass/install/falcon_interfaces/share/falcon_interfaces/environment/path.sh
[0.513s] -- Up-to-date symlink: /home/ayumayume/ROS2_Y3_2/mobile_robot_inclass/install/falcon_interfaces/share/falcon_interfaces/environment/path.dsv
[0.513s] -- Up-to-date symlink: /home/ayumayume/ROS2_Y3_2/mobile_robot_inclass/install/falcon_interfaces/share/falcon_interfaces/local_setup.bash
[0.513s] -- Up-to-date symlink: /home/ayumayume/ROS2_Y3_2/mobile_robot_inclass/install/falcon_interfaces/share/falcon_interfaces/local_setup.sh
[0.513s] -- Up-to-date symlink: /home/ayumayume/ROS2_Y3_2/mobile_robot_inclass/install/falcon_interfaces/share/falcon_interfaces/local_setup.zsh
[0.514s] -- Up-to-date symlink: /home/ayumayume/ROS2_Y3_2/mobile_robot_inclass/install/falcon_interfaces/share/falcon_interfaces/local_setup.dsv
[0.514s] -- Symlinking: /home/ayumayume/ROS2_Y3_2/mobile_robot_inclass/install/falcon_interfaces/share/falcon_interfaces/package.dsv
[0.525s] -- Up-to-date symlink: /home/ayumayume/ROS2_Y3_2/mobile_robot_inclass/install/falcon_interfaces/share/ament_index/resource_index/packages/falcon_interfaces
[0.525s] -- Up-to-date symlink: /home/ayumayume/ROS2_Y3_2/mobile_robot_inclass/install/falcon_interfaces/share/falcon_interfaces/cmake/rosidl_cmake-extras.cmake
[0.525s] -- Up-to-date symlink: /home/ayumayume/ROS2_Y3_2/mobile_robot_inclass/install/falcon_interfaces/share/falcon_interfaces/cmake/ament_cmake_export_dependencies-extras.cmake
[0.525s] -- Up-to-date symlink: /home/ayumayume/ROS2_Y3_2/mobile_robot_inclass/install/falcon_interfaces/share/falcon_interfaces/cmake/ament_cmake_export_libraries-extras.cmake
[0.526s] -- Up-to-date symlink: /home/ayumayume/ROS2_Y3_2/mobile_robot_inclass/install/falcon_interfaces/share/falcon_interfaces/cmake/ament_cmake_export_targets-extras.cmake
[0.526s] -- Up-to-date symlink: /home/ayumayume/ROS2_Y3_2/mobile_robot_inclass/install/falcon_interfaces/share/falcon_interfaces/cmake/ament_cmake_export_include_directories-extras.cmake
[0.526s] -- Up-to-date symlink: /home/ayumayume/ROS2_Y3_2/mobile_robot_inclass/install/falcon_interfaces/share/falcon_interfaces/cmake/rosidl_cmake_export_typesupport_libraries-extras.cmake
[0.526s] -- Up-to-date symlink: /home/ayumayume/ROS2_Y3_2/mobile_robot_inclass/install/falcon_interfaces/share/falcon_interfaces/cmake/rosidl_cmake_export_typesupport_targets-extras.cmake
[0.527s] -- Up-to-date symlink: /home/ayumayume/ROS2_Y3_2/mobile_robot_inclass/install/falcon_interfaces/share/falcon_interfaces/cmake/falcon_interfacesConfig.cmake
[0.527s] -- Up-to-date symlink: /home/ayumayume/ROS2_Y3_2/mobile_robot_inclass/install/falcon_interfaces/share/falcon_interfaces/cmake/falcon_interfacesConfig-version.cmake
[0.527s] -- Up-to-date symlink: /home/ayumayume/ROS2_Y3_2/mobile_robot_inclass/install/falcon_interfaces/share/falcon_interfaces/package.xml
[0.528s] -- Up-to-date: /home/ayumayume/ROS2_Y3_2/mobile_robot_inclass/install/falcon_interfaces/lib/libfalcon_interfaces__rosidl_generator_c.so
[0.528s] -- Up-to-date: /home/ayumayume/ROS2_Y3_2/mobile_robot_inclass/install/falcon_interfaces/lib/libfalcon_interfaces__rosidl_typesupport_introspection_c.so
[0.528s] -- Up-to-date: /home/ayumayume/ROS2_Y3_2/mobile_robot_inclass/install/falcon_interfaces/lib/libfalcon_interfaces__rosidl_typesupport_c.so
[0.529s] -- Up-to-date: /home/ayumayume/ROS2_Y3_2/mobile_robot_inclass/install/falcon_interfaces/lib/libfalcon_interfaces__rosidl_typesupport_introspection_cpp.so
[0.529s] -- Up-to-date: /home/ayumayume/ROS2_Y3_2/mobile_robot_inclass/install/falcon_interfaces/lib/libfalcon_interfaces__rosidl_typesupport_cpp.so
[0.581s] -- Up-to-date: /home/ayumayume/ROS2_Y3_2/mobile_robot_inclass/install/falcon_interfaces/share/falcon_interfaces/cmake/falcon_interfaces__rosidl_generator_cExport.cmake
[0.581s] -- Up-to-date: /home/ayumayume/ROS2_Y3_2/mobile_robot_inclass/install/falcon_interfaces/share/falcon_interfaces/cmake/falcon_interfaces__rosidl_generator_cExport-noconfig.cmake
[0.581s] -- Up-to-date: /home/ayumayume/ROS2_Y3_2/mobile_robot_inclass/install/falcon_interfaces/share/falcon_interfaces/cmake/falcon_interfaces__rosidl_typesupport_introspection_cExport.cmake
[0.581s] -- Up-to-date: /home/ayumayume/ROS2_Y3_2/mobile_robot_inclass/install/falcon_interfaces/share/falcon_interfaces/cmake/falcon_interfaces__rosidl_typesupport_introspection_cExport-noconfig.cmake
[0.581s] -- Up-to-date: /home/ayumayume/ROS2_Y3_2/mobile_robot_inclass/install/falcon_interfaces/share/falcon_interfaces/cmake/falcon_interfaces__rosidl_typesupport_cExport.cmake
[0.581s] -- Up-to-date: /home/ayumayume/ROS2_Y3_2/mobile_robot_inclass/install/falcon_interfaces/share/falcon_interfaces/cmake/falcon_interfaces__rosidl_typesupport_cExport-noconfig.cmake
[0.581s] -- Up-to-date: /home/ayumayume/ROS2_Y3_2/mobile_robot_inclass/install/falcon_interfaces/share/falcon_interfaces/cmake/falcon_interfaces__rosidl_generator_cppExport.cmake
[0.581s] -- Up-to-date: /home/ayumayume/ROS2_Y3_2/mobile_robot_inclass/install/falcon_interfaces/share/falcon_interfaces/cmake/falcon_interfaces__rosidl_typesupport_introspection_cppExport.cmake
[0.582s] -- Up-to-date: /home/ayumayume/ROS2_Y3_2/mobile_robot_inclass/install/falcon_interfaces/share/falcon_interfaces/cmake/falcon_interfaces__rosidl_typesupport_introspection_cppExport-noconfig.cmake
[0.582s] -- Up-to-date: /home/ayumayume/ROS2_Y3_2/mobile_robot_inclass/install/falcon_interfaces/share/falcon_interfaces/cmake/falcon_interfaces__rosidl_typesupport_cppExport.cmake
[0.582s] -- Up-to-date: /home/ayumayume/ROS2_Y3_2/mobile_robot_inclass/install/falcon_interfaces/share/falcon_interfaces/cmake/falcon_interfaces__rosidl_typesupport_cppExport-noconfig.cmake
[0.587s] Invoked command in '/home/ayumayume/ROS2_Y3_2/mobile_robot_inclass/build/falcon_interfaces' returned '0': CMAKE_PREFIX_PATH=${CMAKE_PREFIX_PATH}:/home/ayumayume/turtlebot3_ws/install/turtlebot3_teleop:/home/ayumayume/turtlebot3_ws/install/turtlebot3_example:/home/ayumayume/open_topic/falcon_ros2/install/turtlebot3_teleop:/home/ayumayume/open_topic/falcon_ros2/install/turtlebot3_example:/opt/ros/foxy /usr/bin/cmake --install /home/ayumayume/ROS2_Y3_2/mobile_robot_inclass/build/falcon_interfaces
