[0.039s] Invoking command in '/home/ayumayume/ROS2_Y3_2/mobile_robot_inclass/build/megarover_samples_ros2': CMAKE_PREFIX_PATH=${CMAKE_PREFIX_PATH}:/opt/ros/foxy /usr/bin/cmake /home/ayumayume/ROS2_Y3_2/mobile_robot_inclass/src/megarover_samples_ros2 -DAMENT_CMAKE_SYMLINK_INSTALL=1 -DCMAKE_INSTALL_PREFIX=/home/ayumayume/ROS2_Y3_2/mobile_robot_inclass/install/megarover_samples_ros2
[0.077s] -- The C compiler identification is GNU 9.4.0
[0.116s] -- The CXX compiler identification is GNU 9.4.0
[0.120s] -- Check for working C compiler: /usr/bin/cc
[0.167s] -- Check for working C compiler: /usr/bin/cc -- works
[0.167s] -- Detecting C compiler ABI info
[0.213s] -- Detecting C compiler ABI info - done
[0.222s] -- Detecting C compile features
[0.222s] -- Detecting C compile features - done
[0.224s] -- Check for working CXX compiler: /usr/bin/c++
[0.280s] -- Check for working CXX compiler: /usr/bin/c++ -- works
[0.282s] -- Detecting CXX compiler ABI info
[0.345s] -- Detecting CXX compiler ABI info - done
[0.358s] -- Detecting CXX compile features
[0.359s] -- Detecting CXX compile features - done
[0.362s] -- Found ament_cmake: 0.9.11 (/opt/ros/foxy/share/ament_cmake/cmake)
[0.387s] -- Found PythonInterp: /usr/bin/python3 (found suitable version "3.8.10", minimum required is "3") 
[0.387s] -- Using PYTHON_EXECUTABLE: /usr/bin/python3
[0.525s] -- Override CMake install command with custom implementation using symlinks instead of copying resources
[0.557s] CMake Error at CMakeLists.txt:20 (find_package):
[0.557s]   By not providing "Findgazebo_ros_pkgs.cmake" in CMAKE_MODULE_PATH this
[0.557s]   project has asked CMake to find a package configuration file provided by
[0.557s]   "gazebo_ros_pkgs", but CMake did not find one.
[0.557s] 
[0.557s]   Could not find a package configuration file provided by "gazebo_ros_pkgs"
[0.557s]   with any of the following names:
[0.557s] 
[0.557s]     gazebo_ros_pkgsConfig.cmake
[0.557s]     gazebo_ros_pkgs-config.cmake
[0.557s] 
[0.557s]   Add the installation prefix of "gazebo_ros_pkgs" to CMAKE_PREFIX_PATH or
[0.557s]   set "gazebo_ros_pkgs_DIR" to a directory containing one of the above files.
[0.557s]   If "gazebo_ros_pkgs" provides a separate development package or SDK, be
[0.557s]   sure it has been installed.
[0.557s] 
[0.558s] 
[0.558s] -- Configuring incomplete, errors occurred!
[0.558s] See also "/home/ayumayume/ROS2_Y3_2/mobile_robot_inclass/build/megarover_samples_ros2/CMakeFiles/CMakeOutput.log".
[0.561s] Invoked command in '/home/ayumayume/ROS2_Y3_2/mobile_robot_inclass/build/megarover_samples_ros2' returned '1': CMAKE_PREFIX_PATH=${CMAKE_PREFIX_PATH}:/opt/ros/foxy /usr/bin/cmake /home/ayumayume/ROS2_Y3_2/mobile_robot_inclass/src/megarover_samples_ros2 -DAMENT_CMAKE_SYMLINK_INSTALL=1 -DCMAKE_INSTALL_PREFIX=/home/ayumayume/ROS2_Y3_2/mobile_robot_inclass/install/megarover_samples_ros2
