[0.021s] Invoking command in '/home/ayumayume/ROS2_Y3_2/mobile_robot_inclass/build/urdf_tutorial': CMAKE_PREFIX_PATH=${CMAKE_PREFIX_PATH}:/opt/ros/foxy /usr/bin/cmake /home/ayumayume/ROS2_Y3_2/mobile_robot_inclass/src/urdf_tutorial-ros2 -DAMENT_CMAKE_SYMLINK_INSTALL=1 -DCMAKE_INSTALL_PREFIX=/home/ayumayume/ROS2_Y3_2/mobile_robot_inclass/install/urdf_tutorial
[0.031s] -- Found ament_cmake: 0.9.11 (/opt/ros/foxy/share/ament_cmake/cmake)
[0.048s] -- Using PYTHON_EXECUTABLE: /usr/bin/python3
[0.182s] -- Override CMake install command with custom implementation using symlinks instead of copying resources
[0.193s] -- Found ament_lint_auto: 0.9.7 (/opt/ros/foxy/share/ament_lint_auto/cmake)
[0.237s] -- Configuring done
[0.239s] -- Generating done
[0.240s] -- Build files have been written to: /home/ayumayume/ROS2_Y3_2/mobile_robot_inclass/build/urdf_tutorial
[0.243s] Invoked command in '/home/ayumayume/ROS2_Y3_2/mobile_robot_inclass/build/urdf_tutorial' returned '0': CMAKE_PREFIX_PATH=${CMAKE_PREFIX_PATH}:/opt/ros/foxy /usr/bin/cmake /home/ayumayume/ROS2_Y3_2/mobile_robot_inclass/src/urdf_tutorial-ros2 -DAMENT_CMAKE_SYMLINK_INSTALL=1 -DCMAKE_INSTALL_PREFIX=/home/ayumayume/ROS2_Y3_2/mobile_robot_inclass/install/urdf_tutorial
[0.244s] Invoking command in '/home/ayumayume/ROS2_Y3_2/mobile_robot_inclass/build/urdf_tutorial': CMAKE_PREFIX_PATH=${CMAKE_PREFIX_PATH}:/opt/ros/foxy /usr/bin/cmake --build /home/ayumayume/ROS2_Y3_2/mobile_robot_inclass/build/urdf_tutorial -- -j12 -l12
[0.268s] Invoked command in '/home/ayumayume/ROS2_Y3_2/mobile_robot_inclass/build/urdf_tutorial' returned '0': CMAKE_PREFIX_PATH=${CMAKE_PREFIX_PATH}:/opt/ros/foxy /usr/bin/cmake --build /home/ayumayume/ROS2_Y3_2/mobile_robot_inclass/build/urdf_tutorial -- -j12 -l12
[0.289s] Invoking command in '/home/ayumayume/ROS2_Y3_2/mobile_robot_inclass/build/urdf_tutorial': CMAKE_PREFIX_PATH=${CMAKE_PREFIX_PATH}:/opt/ros/foxy /usr/bin/cmake --install /home/ayumayume/ROS2_Y3_2/mobile_robot_inclass/build/urdf_tutorial
[0.294s] -- Install configuration: ""
[0.295s] -- Execute custom install script
[0.295s] -- Symlinking: /home/ayumayume/ROS2_Y3_2/mobile_robot_inclass/install/urdf_tutorial/share/urdf_tutorial/images/flexible.png
[0.301s] -- Symlinking: /home/ayumayume/ROS2_Y3_2/mobile_robot_inclass/install/urdf_tutorial/share/urdf_tutorial/images/materials.png
[0.307s] -- Symlinking: /home/ayumayume/ROS2_Y3_2/mobile_robot_inclass/install/urdf_tutorial/share/urdf_tutorial/images/multipleshapes.png
[0.313s] -- Symlinking: /home/ayumayume/ROS2_Y3_2/mobile_robot_inclass/install/urdf_tutorial/share/urdf_tutorial/images/myfirst.png
[0.318s] -- Symlinking: /home/ayumayume/ROS2_Y3_2/mobile_robot_inclass/install/urdf_tutorial/share/urdf_tutorial/images/origins.png
[0.324s] -- Symlinking: /home/ayumayume/ROS2_Y3_2/mobile_robot_inclass/install/urdf_tutorial/share/urdf_tutorial/images/visual.png
[0.330s] -- Symlinking: /home/ayumayume/ROS2_Y3_2/mobile_robot_inclass/install/urdf_tutorial/share/urdf_tutorial/launch/display.launch.py
[0.335s] -- Symlinking: /home/ayumayume/ROS2_Y3_2/mobile_robot_inclass/install/urdf_tutorial/share/urdf_tutorial/meshes/l_finger.dae
[0.341s] -- Symlinking: /home/ayumayume/ROS2_Y3_2/mobile_robot_inclass/install/urdf_tutorial/share/urdf_tutorial/meshes/l_finger_color.png
[0.346s] -- Symlinking: /home/ayumayume/ROS2_Y3_2/mobile_robot_inclass/install/urdf_tutorial/share/urdf_tutorial/meshes/l_finger_tip.dae
[0.352s] -- Symlinking: /home/ayumayume/ROS2_Y3_2/mobile_robot_inclass/install/urdf_tutorial/share/urdf_tutorial/meshes/l_finger_tip_color.png
[0.358s] -- Symlinking: /home/ayumayume/ROS2_Y3_2/mobile_robot_inclass/install/urdf_tutorial/share/urdf_tutorial/rviz/urdf.rviz
[0.363s] -- Symlinking: /home/ayumayume/ROS2_Y3_2/mobile_robot_inclass/install/urdf_tutorial/share/urdf_tutorial/urdf/01-myfirst.urdf
[0.369s] -- Symlinking: /home/ayumayume/ROS2_Y3_2/mobile_robot_inclass/install/urdf_tutorial/share/urdf_tutorial/urdf/02-multipleshapes.urdf
[0.374s] -- Symlinking: /home/ayumayume/ROS2_Y3_2/mobile_robot_inclass/install/urdf_tutorial/share/urdf_tutorial/urdf/03-origins.urdf
[0.380s] -- Symlinking: /home/ayumayume/ROS2_Y3_2/mobile_robot_inclass/install/urdf_tutorial/share/urdf_tutorial/urdf/04-materials.urdf
[0.385s] -- Symlinking: /home/ayumayume/ROS2_Y3_2/mobile_robot_inclass/install/urdf_tutorial/share/urdf_tutorial/urdf/05-visual.urdf
[0.390s] -- Symlinking: /home/ayumayume/ROS2_Y3_2/mobile_robot_inclass/install/urdf_tutorial/share/urdf_tutorial/urdf/06-flexible.urdf
[0.396s] -- Symlinking: /home/ayumayume/ROS2_Y3_2/mobile_robot_inclass/install/urdf_tutorial/share/urdf_tutorial/urdf/07-physics.urdf
[0.401s] -- Symlinking: /home/ayumayume/ROS2_Y3_2/mobile_robot_inclass/install/urdf_tutorial/share/urdf_tutorial/urdf/08-macroed.urdf.xacro
[0.407s] -- Symlinking: /home/ayumayume/ROS2_Y3_2/mobile_robot_inclass/install/urdf_tutorial/share/ament_index/resource_index/package_run_dependencies/urdf_tutorial
[0.412s] -- Symlinking: /home/ayumayume/ROS2_Y3_2/mobile_robot_inclass/install/urdf_tutorial/share/ament_index/resource_index/parent_prefix_path/urdf_tutorial
[0.418s] -- Symlinking: /home/ayumayume/ROS2_Y3_2/mobile_robot_inclass/install/urdf_tutorial/share/urdf_tutorial/environment/ament_prefix_path.sh
[0.423s] -- Symlinking: /home/ayumayume/ROS2_Y3_2/mobile_robot_inclass/install/urdf_tutorial/share/urdf_tutorial/environment/ament_prefix_path.dsv
[0.429s] -- Symlinking: /home/ayumayume/ROS2_Y3_2/mobile_robot_inclass/install/urdf_tutorial/share/urdf_tutorial/environment/path.sh
[0.435s] -- Symlinking: /home/ayumayume/ROS2_Y3_2/mobile_robot_inclass/install/urdf_tutorial/share/urdf_tutorial/environment/path.dsv
[0.440s] -- Symlinking: /home/ayumayume/ROS2_Y3_2/mobile_robot_inclass/install/urdf_tutorial/share/urdf_tutorial/local_setup.bash
[0.446s] -- Symlinking: /home/ayumayume/ROS2_Y3_2/mobile_robot_inclass/install/urdf_tutorial/share/urdf_tutorial/local_setup.sh
[0.451s] -- Symlinking: /home/ayumayume/ROS2_Y3_2/mobile_robot_inclass/install/urdf_tutorial/share/urdf_tutorial/local_setup.zsh
[0.457s] -- Symlinking: /home/ayumayume/ROS2_Y3_2/mobile_robot_inclass/install/urdf_tutorial/share/urdf_tutorial/local_setup.dsv
[0.462s] -- Symlinking: /home/ayumayume/ROS2_Y3_2/mobile_robot_inclass/install/urdf_tutorial/share/urdf_tutorial/package.dsv
[0.468s] -- Symlinking: /home/ayumayume/ROS2_Y3_2/mobile_robot_inclass/install/urdf_tutorial/share/ament_index/resource_index/packages/urdf_tutorial
[0.473s] -- Symlinking: /home/ayumayume/ROS2_Y3_2/mobile_robot_inclass/install/urdf_tutorial/share/urdf_tutorial/cmake/urdf_tutorialConfig.cmake
[0.478s] -- Symlinking: /home/ayumayume/ROS2_Y3_2/mobile_robot_inclass/install/urdf_tutorial/share/urdf_tutorial/cmake/urdf_tutorialConfig-version.cmake
[0.484s] -- Symlinking: /home/ayumayume/ROS2_Y3_2/mobile_robot_inclass/install/urdf_tutorial/share/urdf_tutorial/package.xml
[0.492s] Invoked command in '/home/ayumayume/ROS2_Y3_2/mobile_robot_inclass/build/urdf_tutorial' returned '0': CMAKE_PREFIX_PATH=${CMAKE_PREFIX_PATH}:/opt/ros/foxy /usr/bin/cmake --install /home/ayumayume/ROS2_Y3_2/mobile_robot_inclass/build/urdf_tutorial
