[0.029s] Invoking command in '/home/ayumayume/ROS2_Y3_2/mobile_robot_inclass/build/urdf_tutorial': CMAKE_PREFIX_PATH=${CMAKE_PREFIX_PATH}:/opt/ros/foxy /usr/bin/cmake /home/ayumayume/ROS2_Y3_2/mobile_robot_inclass/src/urdf_tutorial-ros2 -DAMENT_CMAKE_SYMLINK_INSTALL=1 -DCMAKE_INSTALL_PREFIX=/home/ayumayume/ROS2_Y3_2/mobile_robot_inclass/install/urdf_tutorial
[0.039s] -- Found ament_cmake: 0.9.11 (/opt/ros/foxy/share/ament_cmake/cmake)
[0.059s] -- Using PYTHON_EXECUTABLE: /usr/bin/python3
[0.231s] -- Override CMake install command with custom implementation using symlinks instead of copying resources
[0.237s] -- Found ament_lint_auto: 0.9.7 (/opt/ros/foxy/share/ament_lint_auto/cmake)
[0.291s] -- Configuring done
[0.292s] -- Generating done
[0.292s] -- Build files have been written to: /home/ayumayume/ROS2_Y3_2/mobile_robot_inclass/build/urdf_tutorial
[0.296s] Invoked command in '/home/ayumayume/ROS2_Y3_2/mobile_robot_inclass/build/urdf_tutorial' returned '0': CMAKE_PREFIX_PATH=${CMAKE_PREFIX_PATH}:/opt/ros/foxy /usr/bin/cmake /home/ayumayume/ROS2_Y3_2/mobile_robot_inclass/src/urdf_tutorial-ros2 -DAMENT_CMAKE_SYMLINK_INSTALL=1 -DCMAKE_INSTALL_PREFIX=/home/ayumayume/ROS2_Y3_2/mobile_robot_inclass/install/urdf_tutorial
[0.297s] Invoking command in '/home/ayumayume/ROS2_Y3_2/mobile_robot_inclass/build/urdf_tutorial': CMAKE_PREFIX_PATH=${CMAKE_PREFIX_PATH}:/opt/ros/foxy /usr/bin/cmake --build /home/ayumayume/ROS2_Y3_2/mobile_robot_inclass/build/urdf_tutorial -- -j12 -l12
[0.329s] Invoked command in '/home/ayumayume/ROS2_Y3_2/mobile_robot_inclass/build/urdf_tutorial' returned '0': CMAKE_PREFIX_PATH=${CMAKE_PREFIX_PATH}:/opt/ros/foxy /usr/bin/cmake --build /home/ayumayume/ROS2_Y3_2/mobile_robot_inclass/build/urdf_tutorial -- -j12 -l12
[0.354s] Invoking command in '/home/ayumayume/ROS2_Y3_2/mobile_robot_inclass/build/urdf_tutorial': CMAKE_PREFIX_PATH=${CMAKE_PREFIX_PATH}:/opt/ros/foxy /usr/bin/cmake --install /home/ayumayume/ROS2_Y3_2/mobile_robot_inclass/build/urdf_tutorial
[0.361s] -- Install configuration: ""
[0.361s] -- Execute custom install script
[0.362s] -- Up-to-date symlink: /home/ayumayume/ROS2_Y3_2/mobile_robot_inclass/install/urdf_tutorial/share/urdf_tutorial/images/flexible.png
[0.362s] -- Up-to-date symlink: /home/ayumayume/ROS2_Y3_2/mobile_robot_inclass/install/urdf_tutorial/share/urdf_tutorial/images/materials.png
[0.362s] -- Up-to-date symlink: /home/ayumayume/ROS2_Y3_2/mobile_robot_inclass/install/urdf_tutorial/share/urdf_tutorial/images/multipleshapes.png
[0.362s] -- Up-to-date symlink: /home/ayumayume/ROS2_Y3_2/mobile_robot_inclass/install/urdf_tutorial/share/urdf_tutorial/images/myfirst.png
[0.362s] -- Up-to-date symlink: /home/ayumayume/ROS2_Y3_2/mobile_robot_inclass/install/urdf_tutorial/share/urdf_tutorial/images/origins.png
[0.362s] -- Up-to-date symlink: /home/ayumayume/ROS2_Y3_2/mobile_robot_inclass/install/urdf_tutorial/share/urdf_tutorial/images/visual.png
[0.362s] -- Up-to-date symlink: /home/ayumayume/ROS2_Y3_2/mobile_robot_inclass/install/urdf_tutorial/share/urdf_tutorial/launch/display.launch.py
[0.363s] -- Up-to-date symlink: /home/ayumayume/ROS2_Y3_2/mobile_robot_inclass/install/urdf_tutorial/share/urdf_tutorial/meshes/l_finger.dae
[0.363s] -- Up-to-date symlink: /home/ayumayume/ROS2_Y3_2/mobile_robot_inclass/install/urdf_tutorial/share/urdf_tutorial/meshes/l_finger_color.png
[0.363s] -- Up-to-date symlink: /home/ayumayume/ROS2_Y3_2/mobile_robot_inclass/install/urdf_tutorial/share/urdf_tutorial/meshes/l_finger_tip.dae
[0.363s] -- Up-to-date symlink: /home/ayumayume/ROS2_Y3_2/mobile_robot_inclass/install/urdf_tutorial/share/urdf_tutorial/meshes/l_finger_tip_color.png
[0.363s] -- Up-to-date symlink: /home/ayumayume/ROS2_Y3_2/mobile_robot_inclass/install/urdf_tutorial/share/urdf_tutorial/rviz/urdf.rviz
[0.364s] -- Up-to-date symlink: /home/ayumayume/ROS2_Y3_2/mobile_robot_inclass/install/urdf_tutorial/share/urdf_tutorial/urdf/01-myfirst.urdf
[0.364s] -- Up-to-date symlink: /home/ayumayume/ROS2_Y3_2/mobile_robot_inclass/install/urdf_tutorial/share/urdf_tutorial/urdf/02-multipleshapes.urdf
[0.364s] -- Up-to-date symlink: /home/ayumayume/ROS2_Y3_2/mobile_robot_inclass/install/urdf_tutorial/share/urdf_tutorial/urdf/03-origins.urdf
[0.364s] -- Up-to-date symlink: /home/ayumayume/ROS2_Y3_2/mobile_robot_inclass/install/urdf_tutorial/share/urdf_tutorial/urdf/04-materials.urdf
[0.364s] -- Up-to-date symlink: /home/ayumayume/ROS2_Y3_2/mobile_robot_inclass/install/urdf_tutorial/share/urdf_tutorial/urdf/05-visual.urdf
[0.364s] -- Up-to-date symlink: /home/ayumayume/ROS2_Y3_2/mobile_robot_inclass/install/urdf_tutorial/share/urdf_tutorial/urdf/06-flexible.urdf
[0.364s] -- Up-to-date symlink: /home/ayumayume/ROS2_Y3_2/mobile_robot_inclass/install/urdf_tutorial/share/urdf_tutorial/urdf/07-physics.urdf
[0.365s] -- Up-to-date symlink: /home/ayumayume/ROS2_Y3_2/mobile_robot_inclass/install/urdf_tutorial/share/urdf_tutorial/urdf/08-macroed.urdf.xacro
[0.365s] -- Up-to-date symlink: /home/ayumayume/ROS2_Y3_2/mobile_robot_inclass/install/urdf_tutorial/share/urdf_tutorial/urdf/09-myrobot.urdf.xacro
[0.365s] -- Up-to-date symlink: /home/ayumayume/ROS2_Y3_2/mobile_robot_inclass/install/urdf_tutorial/share/ament_index/resource_index/package_run_dependencies/urdf_tutorial
[0.365s] -- Up-to-date symlink: /home/ayumayume/ROS2_Y3_2/mobile_robot_inclass/install/urdf_tutorial/share/ament_index/resource_index/parent_prefix_path/urdf_tutorial
[0.365s] -- Up-to-date symlink: /home/ayumayume/ROS2_Y3_2/mobile_robot_inclass/install/urdf_tutorial/share/urdf_tutorial/environment/ament_prefix_path.sh
[0.366s] -- Up-to-date symlink: /home/ayumayume/ROS2_Y3_2/mobile_robot_inclass/install/urdf_tutorial/share/urdf_tutorial/environment/ament_prefix_path.dsv
[0.366s] -- Up-to-date symlink: /home/ayumayume/ROS2_Y3_2/mobile_robot_inclass/install/urdf_tutorial/share/urdf_tutorial/environment/path.sh
[0.366s] -- Up-to-date symlink: /home/ayumayume/ROS2_Y3_2/mobile_robot_inclass/install/urdf_tutorial/share/urdf_tutorial/environment/path.dsv
[0.366s] -- Up-to-date symlink: /home/ayumayume/ROS2_Y3_2/mobile_robot_inclass/install/urdf_tutorial/share/urdf_tutorial/local_setup.bash
[0.366s] -- Up-to-date symlink: /home/ayumayume/ROS2_Y3_2/mobile_robot_inclass/install/urdf_tutorial/share/urdf_tutorial/local_setup.sh
[0.367s] -- Up-to-date symlink: /home/ayumayume/ROS2_Y3_2/mobile_robot_inclass/install/urdf_tutorial/share/urdf_tutorial/local_setup.zsh
[0.367s] -- Up-to-date symlink: /home/ayumayume/ROS2_Y3_2/mobile_robot_inclass/install/urdf_tutorial/share/urdf_tutorial/local_setup.dsv
[0.367s] -- Symlinking: /home/ayumayume/ROS2_Y3_2/mobile_robot_inclass/install/urdf_tutorial/share/urdf_tutorial/package.dsv
[0.375s] -- Up-to-date symlink: /home/ayumayume/ROS2_Y3_2/mobile_robot_inclass/install/urdf_tutorial/share/ament_index/resource_index/packages/urdf_tutorial
[0.375s] -- Up-to-date symlink: /home/ayumayume/ROS2_Y3_2/mobile_robot_inclass/install/urdf_tutorial/share/urdf_tutorial/cmake/urdf_tutorialConfig.cmake
[0.375s] -- Up-to-date symlink: /home/ayumayume/ROS2_Y3_2/mobile_robot_inclass/install/urdf_tutorial/share/urdf_tutorial/cmake/urdf_tutorialConfig-version.cmake
[0.376s] -- Up-to-date symlink: /home/ayumayume/ROS2_Y3_2/mobile_robot_inclass/install/urdf_tutorial/share/urdf_tutorial/package.xml
[0.378s] Invoked command in '/home/ayumayume/ROS2_Y3_2/mobile_robot_inclass/build/urdf_tutorial' returned '0': CMAKE_PREFIX_PATH=${CMAKE_PREFIX_PATH}:/opt/ros/foxy /usr/bin/cmake --install /home/ayumayume/ROS2_Y3_2/mobile_robot_inclass/build/urdf_tutorial
