[0.178s] DEBUG:colcon:Command line arguments: ['/usr/bin/colcon', 'list', '-p', '--base-paths', '/home/ayumayume/ROS2_Y3_2/mobile_robot_inclass']
[0.179s] DEBUG:colcon:Parsed command line arguments: Namespace(allow_overriding=[], base_paths=['/home/ayumayume/ROS2_Y3_2/mobile_robot_inclass'], build_base='build', ignore_user_meta=False, log_base=None, log_level=None, main=<bound method ListVerb.main of <colcon_package_information.verb.list.ListVerb object at 0x7f9bffd000d0>>, metas=['./colcon.meta'], names_only=False, packages_above=None, packages_above_and_dependencies=None, packages_above_depth=None, packages_end=None, packages_ignore=None, packages_ignore_regex=None, packages_select=None, packages_select_build_failed=False, packages_select_by_dep=None, packages_select_regex=None, packages_select_test_failures=False, packages_skip=None, packages_skip_build_finished=False, packages_skip_by_dep=None, packages_skip_regex=None, packages_skip_test_passed=False, packages_skip_up_to=None, packages_start=None, packages_up_to=None, packages_up_to_regex=None, paths=None, paths_only=True, topological_graph=False, topological_graph_density=False, topological_graph_dot=False, topological_graph_dot_cluster=False, topological_graph_dot_include_skipped=False, topological_graph_legend=False, topological_order=False, verb_extension=<colcon_package_information.verb.list.ListVerb object at 0x7f9bffd000d0>, verb_name='list', verb_parser=<colcon_defaults.argument_parser.defaults.DefaultArgumentsDecorator object at 0x7f9bffc5a580>)
[0.206s] Level 1:colcon.colcon_core.package_discovery:discover_packages(colcon_meta) check parameters
[0.206s] Level 1:colcon.colcon_core.package_discovery:discover_packages(recursive) check parameters
[0.206s] Level 1:colcon.colcon_core.package_discovery:discover_packages(ignore) check parameters
[0.206s] Level 1:colcon.colcon_core.package_discovery:discover_packages(path) check parameters
[0.206s] Level 1:colcon.colcon_core.package_discovery:discover_packages(recursive) discover
[0.206s] INFO:colcon.colcon_core.package_discovery:Crawling recursively for packages in '/home/ayumayume/ROS2_Y3_2/mobile_robot_inclass'
[0.206s] Level 1:colcon.colcon_core.package_identification:_identify(/home/ayumayume/ROS2_Y3_2/mobile_robot_inclass) by extensions ['ignore', 'ignore_ament_install']
[0.207s] Level 1:colcon.colcon_core.package_identification:_identify(/home/ayumayume/ROS2_Y3_2/mobile_robot_inclass) by extension 'ignore'
[0.207s] Level 1:colcon.colcon_core.package_identification:_identify(/home/ayumayume/ROS2_Y3_2/mobile_robot_inclass) by extension 'ignore_ament_install'
[0.207s] Level 1:colcon.colcon_core.package_identification:_identify(/home/ayumayume/ROS2_Y3_2/mobile_robot_inclass) by extensions ['colcon_pkg']
[0.207s] Level 1:colcon.colcon_core.package_identification:_identify(/home/ayumayume/ROS2_Y3_2/mobile_robot_inclass) by extension 'colcon_pkg'
[0.207s] Level 1:colcon.colcon_core.package_identification:_identify(/home/ayumayume/ROS2_Y3_2/mobile_robot_inclass) by extensions ['colcon_meta']
[0.207s] Level 1:colcon.colcon_core.package_identification:_identify(/home/ayumayume/ROS2_Y3_2/mobile_robot_inclass) by extension 'colcon_meta'
[0.207s] Level 1:colcon.colcon_core.package_identification:_identify(/home/ayumayume/ROS2_Y3_2/mobile_robot_inclass) by extensions ['ros']
[0.207s] Level 1:colcon.colcon_core.package_identification:_identify(/home/ayumayume/ROS2_Y3_2/mobile_robot_inclass) by extension 'ros'
[0.225s] Level 1:colcon.colcon_core.package_identification:_identify(/home/ayumayume/ROS2_Y3_2/mobile_robot_inclass) by extensions ['cmake', 'python']
[0.225s] Level 1:colcon.colcon_core.package_identification:_identify(/home/ayumayume/ROS2_Y3_2/mobile_robot_inclass) by extension 'cmake'
[0.225s] Level 1:colcon.colcon_core.package_identification:_identify(/home/ayumayume/ROS2_Y3_2/mobile_robot_inclass) by extension 'python'
[0.225s] Level 1:colcon.colcon_core.package_identification:_identify(/home/ayumayume/ROS2_Y3_2/mobile_robot_inclass) by extensions ['python_setup_py']
[0.225s] Level 1:colcon.colcon_core.package_identification:_identify(/home/ayumayume/ROS2_Y3_2/mobile_robot_inclass) by extension 'python_setup_py'
[0.225s] Level 1:colcon.colcon_core.package_identification:_identify(/home/ayumayume/ROS2_Y3_2/mobile_robot_inclass/build) by extensions ['ignore', 'ignore_ament_install']
[0.225s] Level 1:colcon.colcon_core.package_identification:_identify(/home/ayumayume/ROS2_Y3_2/mobile_robot_inclass/build) by extension 'ignore'
[0.225s] Level 1:colcon.colcon_core.package_identification:_identify(/home/ayumayume/ROS2_Y3_2/mobile_robot_inclass/build) ignored
[0.225s] Level 1:colcon.colcon_core.package_identification:_identify(/home/ayumayume/ROS2_Y3_2/mobile_robot_inclass/install) by extensions ['ignore', 'ignore_ament_install']
[0.225s] Level 1:colcon.colcon_core.package_identification:_identify(/home/ayumayume/ROS2_Y3_2/mobile_robot_inclass/install) by extension 'ignore'
[0.226s] Level 1:colcon.colcon_core.package_identification:_identify(/home/ayumayume/ROS2_Y3_2/mobile_robot_inclass/install) ignored
[0.226s] Level 1:colcon.colcon_core.package_identification:_identify(/home/ayumayume/ROS2_Y3_2/mobile_robot_inclass/log) by extensions ['ignore', 'ignore_ament_install']
[0.226s] Level 1:colcon.colcon_core.package_identification:_identify(/home/ayumayume/ROS2_Y3_2/mobile_robot_inclass/log) by extension 'ignore'
[0.226s] Level 1:colcon.colcon_core.package_identification:_identify(/home/ayumayume/ROS2_Y3_2/mobile_robot_inclass/log) ignored
[0.226s] Level 1:colcon.colcon_core.package_identification:_identify(/home/ayumayume/ROS2_Y3_2/mobile_robot_inclass/src) by extensions ['ignore', 'ignore_ament_install']
[0.226s] Level 1:colcon.colcon_core.package_identification:_identify(/home/ayumayume/ROS2_Y3_2/mobile_robot_inclass/src) by extension 'ignore'
[0.226s] Level 1:colcon.colcon_core.package_identification:_identify(/home/ayumayume/ROS2_Y3_2/mobile_robot_inclass/src) by extension 'ignore_ament_install'
[0.226s] Level 1:colcon.colcon_core.package_identification:_identify(/home/ayumayume/ROS2_Y3_2/mobile_robot_inclass/src) by extensions ['colcon_pkg']
[0.226s] Level 1:colcon.colcon_core.package_identification:_identify(/home/ayumayume/ROS2_Y3_2/mobile_robot_inclass/src) by extension 'colcon_pkg'
[0.226s] Level 1:colcon.colcon_core.package_identification:_identify(/home/ayumayume/ROS2_Y3_2/mobile_robot_inclass/src) by extensions ['colcon_meta']
[0.226s] Level 1:colcon.colcon_core.package_identification:_identify(/home/ayumayume/ROS2_Y3_2/mobile_robot_inclass/src) by extension 'colcon_meta'
[0.226s] Level 1:colcon.colcon_core.package_identification:_identify(/home/ayumayume/ROS2_Y3_2/mobile_robot_inclass/src) by extensions ['ros']
[0.226s] Level 1:colcon.colcon_core.package_identification:_identify(/home/ayumayume/ROS2_Y3_2/mobile_robot_inclass/src) by extension 'ros'
[0.226s] Level 1:colcon.colcon_core.package_identification:_identify(/home/ayumayume/ROS2_Y3_2/mobile_robot_inclass/src) by extensions ['cmake', 'python']
[0.226s] Level 1:colcon.colcon_core.package_identification:_identify(/home/ayumayume/ROS2_Y3_2/mobile_robot_inclass/src) by extension 'cmake'
[0.226s] Level 1:colcon.colcon_core.package_identification:_identify(/home/ayumayume/ROS2_Y3_2/mobile_robot_inclass/src) by extension 'python'
[0.227s] Level 1:colcon.colcon_core.package_identification:_identify(/home/ayumayume/ROS2_Y3_2/mobile_robot_inclass/src) by extensions ['python_setup_py']
[0.227s] Level 1:colcon.colcon_core.package_identification:_identify(/home/ayumayume/ROS2_Y3_2/mobile_robot_inclass/src) by extension 'python_setup_py'
[0.227s] Level 1:colcon.colcon_core.package_identification:_identify(/home/ayumayume/ROS2_Y3_2/mobile_robot_inclass/src/megarover_samples_ros2) by extensions ['ignore', 'ignore_ament_install']
[0.227s] Level 1:colcon.colcon_core.package_identification:_identify(/home/ayumayume/ROS2_Y3_2/mobile_robot_inclass/src/megarover_samples_ros2) by extension 'ignore'
[0.227s] Level 1:colcon.colcon_core.package_identification:_identify(/home/ayumayume/ROS2_Y3_2/mobile_robot_inclass/src/megarover_samples_ros2) by extension 'ignore_ament_install'
[0.227s] Level 1:colcon.colcon_core.package_identification:_identify(/home/ayumayume/ROS2_Y3_2/mobile_robot_inclass/src/megarover_samples_ros2) by extensions ['colcon_pkg']
[0.227s] Level 1:colcon.colcon_core.package_identification:_identify(/home/ayumayume/ROS2_Y3_2/mobile_robot_inclass/src/megarover_samples_ros2) by extension 'colcon_pkg'
[0.227s] Level 1:colcon.colcon_core.package_identification:_identify(/home/ayumayume/ROS2_Y3_2/mobile_robot_inclass/src/megarover_samples_ros2) by extensions ['colcon_meta']
[0.227s] Level 1:colcon.colcon_core.package_identification:_identify(/home/ayumayume/ROS2_Y3_2/mobile_robot_inclass/src/megarover_samples_ros2) by extension 'colcon_meta'
[0.227s] Level 1:colcon.colcon_core.package_identification:_identify(/home/ayumayume/ROS2_Y3_2/mobile_robot_inclass/src/megarover_samples_ros2) by extensions ['ros']
[0.227s] Level 1:colcon.colcon_core.package_identification:_identify(/home/ayumayume/ROS2_Y3_2/mobile_robot_inclass/src/megarover_samples_ros2) by extension 'ros'
[0.230s] DEBUG:colcon.colcon_core.package_identification:Package '/home/ayumayume/ROS2_Y3_2/mobile_robot_inclass/src/megarover_samples_ros2' with type 'ros.ament_cmake' and name 'megarover_samples_ros2'
[0.230s] Level 1:colcon.colcon_core.package_identification:_identify(/home/ayumayume/ROS2_Y3_2/mobile_robot_inclass/src/urdf_tutorial-ros2) by extensions ['ignore', 'ignore_ament_install']
[0.230s] Level 1:colcon.colcon_core.package_identification:_identify(/home/ayumayume/ROS2_Y3_2/mobile_robot_inclass/src/urdf_tutorial-ros2) by extension 'ignore'
[0.230s] Level 1:colcon.colcon_core.package_identification:_identify(/home/ayumayume/ROS2_Y3_2/mobile_robot_inclass/src/urdf_tutorial-ros2) by extension 'ignore_ament_install'
[0.230s] Level 1:colcon.colcon_core.package_identification:_identify(/home/ayumayume/ROS2_Y3_2/mobile_robot_inclass/src/urdf_tutorial-ros2) by extensions ['colcon_pkg']
[0.230s] Level 1:colcon.colcon_core.package_identification:_identify(/home/ayumayume/ROS2_Y3_2/mobile_robot_inclass/src/urdf_tutorial-ros2) by extension 'colcon_pkg'
[0.230s] Level 1:colcon.colcon_core.package_identification:_identify(/home/ayumayume/ROS2_Y3_2/mobile_robot_inclass/src/urdf_tutorial-ros2) by extensions ['colcon_meta']
[0.230s] Level 1:colcon.colcon_core.package_identification:_identify(/home/ayumayume/ROS2_Y3_2/mobile_robot_inclass/src/urdf_tutorial-ros2) by extension 'colcon_meta'
[0.230s] Level 1:colcon.colcon_core.package_identification:_identify(/home/ayumayume/ROS2_Y3_2/mobile_robot_inclass/src/urdf_tutorial-ros2) by extensions ['ros']
[0.230s] Level 1:colcon.colcon_core.package_identification:_identify(/home/ayumayume/ROS2_Y3_2/mobile_robot_inclass/src/urdf_tutorial-ros2) by extension 'ros'
[0.231s] DEBUG:colcon.colcon_core.package_identification:Package '/home/ayumayume/ROS2_Y3_2/mobile_robot_inclass/src/urdf_tutorial-ros2' with type 'ros.ament_cmake' and name 'urdf_tutorial'
[0.231s] Level 1:colcon.colcon_core.package_discovery:discover_packages(recursive) using defaults
