[ 18%] Built target nifalcon_STATIC
[ 36%] Built target nifalcon_SHARED
[ 42%] Built target nifalcon_device_thread_STATIC
[ 47%] Built target nifalcon_device_thread_SHARED
[ 52%] Built target findfalcons_multi
[ 57%] Built target nifalcon_cli_base_SHARED
[ 63%] Built target nifalcon_cli_base_STATIC
[ 68%] Built target findfalcons
[ 73%] Built target barrow_mechanics
[ 78%] Built target falcon_led
[100%] Built target falcon_test_cli
-- Install configuration: ""
-- Up-to-date: /home/ayumayume/ROS2_Y3_2/mobile_robot_inclass/install/LIBNIFALCON/lib/pkgconfig/libnifalcon.pc
-- Up-to-date: /home/ayumayume/ROS2_Y3_2/mobile_robot_inclass/install/LIBNIFALCON/include/falcon/gmtl
-- Up-to-date: /home/ayumayume/ROS2_Y3_2/mobile_robot_inclass/install/LIBNIFALCON/include/falcon/gmtl/AABoxOps.h
-- Up-to-date: /home/ayumayume/ROS2_Y3_2/mobile_robot_inclass/install/LIBNIFALCON/include/falcon/gmtl/OOBox.h
-- Up-to-date: /home/ayumayume/ROS2_Y3_2/mobile_robot_inclass/install/LIBNIFALCON/include/falcon/gmtl/Intersection.h
-- Up-to-date: /home/ayumayume/ROS2_Y3_2/mobile_robot_inclass/install/LIBNIFALCON/include/falcon/gmtl/gmtl.h
-- Up-to-date: /home/ayumayume/ROS2_Y3_2/mobile_robot_inclass/install/LIBNIFALCON/include/falcon/gmtl/MatrixOps.h
-- Up-to-date: /home/ayumayume/ROS2_Y3_2/mobile_robot_inclass/install/LIBNIFALCON/include/falcon/gmtl/Util
-- Up-to-date: /home/ayumayume/ROS2_Y3_2/mobile_robot_inclass/install/LIBNIFALCON/include/falcon/gmtl/Util/Meta.h
-- Up-to-date: /home/ayumayume/ROS2_Y3_2/mobile_robot_inclass/install/LIBNIFALCON/include/falcon/gmtl/Util/StaticAssert.h
-- Up-to-date: /home/ayumayume/ROS2_Y3_2/mobile_robot_inclass/install/LIBNIFALCON/include/falcon/gmtl/Util/Assert.h
-- Up-to-date: /home/ayumayume/ROS2_Y3_2/mobile_robot_inclass/install/LIBNIFALCON/include/falcon/gmtl/Xforms.h
-- Up-to-date: /home/ayumayume/ROS2_Y3_2/mobile_robot_inclass/install/LIBNIFALCON/include/falcon/gmtl/VecBase.h
-- Up-to-date: /home/ayumayume/ROS2_Y3_2/mobile_robot_inclass/install/LIBNIFALCON/include/falcon/gmtl/CoordOps.h
-- Up-to-date: /home/ayumayume/ROS2_Y3_2/mobile_robot_inclass/install/LIBNIFALCON/include/falcon/gmtl/LineSeg.h
-- Up-to-date: /home/ayumayume/ROS2_Y3_2/mobile_robot_inclass/install/LIBNIFALCON/include/falcon/gmtl/QuatOps.h
-- Up-to-date: /home/ayumayume/ROS2_Y3_2/mobile_robot_inclass/install/LIBNIFALCON/include/falcon/gmtl/Matrix.h
-- Up-to-date: /home/ayumayume/ROS2_Y3_2/mobile_robot_inclass/install/LIBNIFALCON/include/falcon/gmtl/RayOps.h
-- Up-to-date: /home/ayumayume/ROS2_Y3_2/mobile_robot_inclass/install/LIBNIFALCON/include/falcon/gmtl/Comparitors.h
-- Up-to-date: /home/ayumayume/ROS2_Y3_2/mobile_robot_inclass/install/LIBNIFALCON/include/falcon/gmtl/Fit
-- Up-to-date: /home/ayumayume/ROS2_Y3_2/mobile_robot_inclass/install/LIBNIFALCON/include/falcon/gmtl/Fit/GaussPointsFit.h
-- Up-to-date: /home/ayumayume/ROS2_Y3_2/mobile_robot_inclass/install/LIBNIFALCON/include/falcon/gmtl/External
-- Up-to-date: /home/ayumayume/ROS2_Y3_2/mobile_robot_inclass/install/LIBNIFALCON/include/falcon/gmtl/External/OpenSGConvert.h
-- Up-to-date: /home/ayumayume/ROS2_Y3_2/mobile_robot_inclass/install/LIBNIFALCON/include/falcon/gmtl/Ray.h
-- Up-to-date: /home/ayumayume/ROS2_Y3_2/mobile_robot_inclass/install/LIBNIFALCON/include/falcon/gmtl/Sphere.h
-- Up-to-date: /home/ayumayume/ROS2_Y3_2/mobile_robot_inclass/install/LIBNIFALCON/include/falcon/gmtl/TriOps.h
-- Up-to-date: /home/ayumayume/ROS2_Y3_2/mobile_robot_inclass/install/LIBNIFALCON/include/falcon/gmtl/AxisAngleOps.h
-- Up-to-date: /home/ayumayume/ROS2_Y3_2/mobile_robot_inclass/install/LIBNIFALCON/include/falcon/gmtl/Quat.h
-- Up-to-date: /home/ayumayume/ROS2_Y3_2/mobile_robot_inclass/install/LIBNIFALCON/include/falcon/gmtl/LineSegOps.h
-- Up-to-date: /home/ayumayume/ROS2_Y3_2/mobile_robot_inclass/install/LIBNIFALCON/include/falcon/gmtl/Math.h
-- Up-to-date: /home/ayumayume/ROS2_Y3_2/mobile_robot_inclass/install/LIBNIFALCON/include/falcon/gmtl/Misc
-- Up-to-date: /home/ayumayume/ROS2_Y3_2/mobile_robot_inclass/install/LIBNIFALCON/include/falcon/gmtl/Misc/MatrixConvert.h
-- Up-to-date: /home/ayumayume/ROS2_Y3_2/mobile_robot_inclass/install/LIBNIFALCON/include/falcon/gmtl/EulerAngle.h
-- Up-to-date: /home/ayumayume/ROS2_Y3_2/mobile_robot_inclass/install/LIBNIFALCON/include/falcon/gmtl/Point.h
-- Up-to-date: /home/ayumayume/ROS2_Y3_2/mobile_robot_inclass/install/LIBNIFALCON/include/falcon/gmtl/SphereOps.h
-- Up-to-date: /home/ayumayume/ROS2_Y3_2/mobile_robot_inclass/install/LIBNIFALCON/include/falcon/gmtl/Plane.h
-- Up-to-date: /home/ayumayume/ROS2_Y3_2/mobile_robot_inclass/install/LIBNIFALCON/include/falcon/gmtl/Frustum.h
-- Up-to-date: /home/ayumayume/ROS2_Y3_2/mobile_robot_inclass/install/LIBNIFALCON/include/falcon/gmtl/Tri.h
-- Up-to-date: /home/ayumayume/ROS2_Y3_2/mobile_robot_inclass/install/LIBNIFALCON/include/falcon/gmtl/Config.h
-- Up-to-date: /home/ayumayume/ROS2_Y3_2/mobile_robot_inclass/install/LIBNIFALCON/include/falcon/gmtl/Containment.h
-- Up-to-date: /home/ayumayume/ROS2_Y3_2/mobile_robot_inclass/install/LIBNIFALCON/include/falcon/gmtl/EulerAngleOps.h
-- Up-to-date: /home/ayumayume/ROS2_Y3_2/mobile_robot_inclass/install/LIBNIFALCON/include/falcon/gmtl/Coord.h
-- Up-to-date: /home/ayumayume/ROS2_Y3_2/mobile_robot_inclass/install/LIBNIFALCON/include/falcon/gmtl/Helpers.h
-- Up-to-date: /home/ayumayume/ROS2_Y3_2/mobile_robot_inclass/install/LIBNIFALCON/include/falcon/gmtl/Vec.h
-- Up-to-date: /home/ayumayume/ROS2_Y3_2/mobile_robot_inclass/install/LIBNIFALCON/include/falcon/gmtl/VecExprMeta.h
-- Up-to-date: /home/ayumayume/ROS2_Y3_2/mobile_robot_inclass/install/LIBNIFALCON/include/falcon/gmtl/Defines.h
-- Up-to-date: /home/ayumayume/ROS2_Y3_2/mobile_robot_inclass/install/LIBNIFALCON/include/falcon/gmtl/PlaneOps.h
-- Up-to-date: /home/ayumayume/ROS2_Y3_2/mobile_robot_inclass/install/LIBNIFALCON/include/falcon/gmtl/Output.h
-- Up-to-date: /home/ayumayume/ROS2_Y3_2/mobile_robot_inclass/install/LIBNIFALCON/include/falcon/gmtl/AABox.h
-- Up-to-date: /home/ayumayume/ROS2_Y3_2/mobile_robot_inclass/install/LIBNIFALCON/include/falcon/gmtl/FrustumOps.h
-- Up-to-date: /home/ayumayume/ROS2_Y3_2/mobile_robot_inclass/install/LIBNIFALCON/include/falcon/gmtl/VecOpsMeta.h
-- Up-to-date: /home/ayumayume/ROS2_Y3_2/mobile_robot_inclass/install/LIBNIFALCON/include/falcon/gmtl/Numerics
-- Up-to-date: /home/ayumayume/ROS2_Y3_2/mobile_robot_inclass/install/LIBNIFALCON/include/falcon/gmtl/Numerics/Eigen.h
-- Up-to-date: /home/ayumayume/ROS2_Y3_2/mobile_robot_inclass/install/LIBNIFALCON/include/falcon/gmtl/Version.h
-- Up-to-date: /home/ayumayume/ROS2_Y3_2/mobile_robot_inclass/install/LIBNIFALCON/include/falcon/gmtl/VecOps.h
-- Up-to-date: /home/ayumayume/ROS2_Y3_2/mobile_robot_inclass/install/LIBNIFALCON/include/falcon/gmtl/Generate.h
-- Up-to-date: /home/ayumayume/ROS2_Y3_2/mobile_robot_inclass/install/LIBNIFALCON/include/falcon/gmtl/AxisAngle.h
-- Up-to-date: /home/ayumayume/ROS2_Y3_2/mobile_robot_inclass/install/LIBNIFALCON/include/falcon/cpp-optparse
-- Up-to-date: /home/ayumayume/ROS2_Y3_2/mobile_robot_inclass/install/LIBNIFALCON/include/falcon/cpp-optparse/OptionParser.h
-- Up-to-date: /home/ayumayume/ROS2_Y3_2/mobile_robot_inclass/install/LIBNIFALCON/include/falcon/core
-- Up-to-date: /home/ayumayume/ROS2_Y3_2/mobile_robot_inclass/install/LIBNIFALCON/include/falcon/core/FalconComm.h
-- Up-to-date: /home/ayumayume/ROS2_Y3_2/mobile_robot_inclass/install/LIBNIFALCON/include/falcon/core/FalconDevice.h
-- Up-to-date: /home/ayumayume/ROS2_Y3_2/mobile_robot_inclass/install/LIBNIFALCON/include/falcon/core/FalconCore.h
-- Up-to-date: /home/ayumayume/ROS2_Y3_2/mobile_robot_inclass/install/LIBNIFALCON/include/falcon/core/FalconGrip.h
-- Up-to-date: /home/ayumayume/ROS2_Y3_2/mobile_robot_inclass/install/LIBNIFALCON/include/falcon/core/FalconGeometry.h
-- Up-to-date: /home/ayumayume/ROS2_Y3_2/mobile_robot_inclass/install/LIBNIFALCON/include/falcon/core/FalconKinematic.h
-- Up-to-date: /home/ayumayume/ROS2_Y3_2/mobile_robot_inclass/install/LIBNIFALCON/include/falcon/core/FalconFirmware.h
-- Up-to-date: /home/ayumayume/ROS2_Y3_2/mobile_robot_inclass/install/LIBNIFALCON/include/falcon/core/FalconLogger.h
-- Up-to-date: /home/ayumayume/ROS2_Y3_2/mobile_robot_inclass/install/LIBNIFALCON/include/falcon/firmware
-- Up-to-date: /home/ayumayume/ROS2_Y3_2/mobile_robot_inclass/install/LIBNIFALCON/include/falcon/firmware/FalconFirmwareNovintSDK.h
-- Up-to-date: /home/ayumayume/ROS2_Y3_2/mobile_robot_inclass/install/LIBNIFALCON/include/falcon/kinematic
-- Up-to-date: /home/ayumayume/ROS2_Y3_2/mobile_robot_inclass/install/LIBNIFALCON/include/falcon/kinematic/FalconKinematicStamper.h
-- Up-to-date: /home/ayumayume/ROS2_Y3_2/mobile_robot_inclass/install/LIBNIFALCON/include/falcon/kinematic/stamper
-- Up-to-date: /home/ayumayume/ROS2_Y3_2/mobile_robot_inclass/install/LIBNIFALCON/include/falcon/kinematic/stamper/StamperUtils.h
-- Up-to-date: /home/ayumayume/ROS2_Y3_2/mobile_robot_inclass/install/LIBNIFALCON/include/falcon/grip
-- Up-to-date: /home/ayumayume/ROS2_Y3_2/mobile_robot_inclass/install/LIBNIFALCON/include/falcon/grip/FalconGripFourButton.h
-- Up-to-date: /home/ayumayume/ROS2_Y3_2/mobile_robot_inclass/install/LIBNIFALCON/include/falcon/util/FalconFirmwareBinaryTest.h
-- Up-to-date: /home/ayumayume/ROS2_Y3_2/mobile_robot_inclass/install/LIBNIFALCON/include/falcon/util/FalconFirmwareBinaryNvent.h
-- Up-to-date: /home/ayumayume/ROS2_Y3_2/mobile_robot_inclass/install/LIBNIFALCON/include/falcon/util/FalconDeviceThread.h
-- Up-to-date: /home/ayumayume/ROS2_Y3_2/mobile_robot_inclass/install/LIBNIFALCON/include/falcon/comm/FalconCommLibUSB.h
-- Up-to-date: /home/ayumayume/ROS2_Y3_2/mobile_robot_inclass/install/LIBNIFALCON/include/falcon/util/FalconCLIBase.h
-- Up-to-date: /home/ayumayume/ROS2_Y3_2/mobile_robot_inclass/install/LIBNIFALCON/lib/libnifalcon.a
-- Up-to-date: /home/ayumayume/ROS2_Y3_2/mobile_robot_inclass/install/LIBNIFALCON/lib/libnifalcon.so.1.0.2
-- Up-to-date: /home/ayumayume/ROS2_Y3_2/mobile_robot_inclass/install/LIBNIFALCON/lib/libnifalcon.so
-- Up-to-date: /home/ayumayume/ROS2_Y3_2/mobile_robot_inclass/install/LIBNIFALCON/lib/libnifalcon_cli_base.a
-- Up-to-date: /home/ayumayume/ROS2_Y3_2/mobile_robot_inclass/install/LIBNIFALCON/lib/libnifalcon_cli_base.so.1.0.2
-- Up-to-date: /home/ayumayume/ROS2_Y3_2/mobile_robot_inclass/install/LIBNIFALCON/lib/libnifalcon_cli_base.so
-- Up-to-date: /home/ayumayume/ROS2_Y3_2/mobile_robot_inclass/install/LIBNIFALCON/lib/libnifalcon_device_thread.a
-- Up-to-date: /home/ayumayume/ROS2_Y3_2/mobile_robot_inclass/install/LIBNIFALCON/lib/libnifalcon_device_thread.so.1.0.2
-- Up-to-date: /home/ayumayume/ROS2_Y3_2/mobile_robot_inclass/install/LIBNIFALCON/lib/libnifalcon_device_thread.so
-- Up-to-date: /home/ayumayume/ROS2_Y3_2/mobile_robot_inclass/install/LIBNIFALCON/bin/barrow_mechanics
-- Up-to-date: /home/ayumayume/ROS2_Y3_2/mobile_robot_inclass/install/LIBNIFALCON/bin/findfalcons
-- Up-to-date: /home/ayumayume/ROS2_Y3_2/mobile_robot_inclass/install/LIBNIFALCON/bin/findfalcons_multi
-- Up-to-date: /home/ayumayume/ROS2_Y3_2/mobile_robot_inclass/install/LIBNIFALCON/bin/falcon_led
-- Up-to-date: /home/ayumayume/ROS2_Y3_2/mobile_robot_inclass/install/LIBNIFALCON/bin/falcon_test_cli
