[0.139s] DEBUG:colcon:Command line arguments: ['/usr/bin/colcon', 'build', '--symlink-install']
[0.139s] DEBUG:colcon:Parsed command line arguments: Namespace(allow_overriding=[], ament_cmake_args=None, base_paths=['.'], build_base='build', catkin_cmake_args=None, catkin_skip_building_tests=False, cmake_args=None, cmake_clean_cache=False, cmake_clean_first=False, cmake_force_configure=False, cmake_target=None, cmake_target_skip_unavailable=False, continue_on_error=False, event_handlers=None, executor='parallel', ignore_user_meta=False, install_base='install', log_base=None, log_level=None, main=<bound method BuildVerb.main of <colcon_core.verb.build.BuildVerb object at 0x7f6e22569c40>>, merge_install=False, metas=['./colcon.meta'], packages_above=None, packages_above_and_dependencies=None, packages_above_depth=None, packages_end=None, packages_ignore=None, packages_ignore_regex=None, packages_select=None, packages_select_build_failed=False, packages_select_by_dep=None, packages_select_regex=None, packages_select_test_failures=False, packages_skip=None, packages_skip_build_finished=False, packages_skip_by_dep=None, packages_skip_regex=None, packages_skip_test_passed=False, packages_skip_up_to=None, packages_start=None, packages_up_to=None, packages_up_to_regex=None, parallel_workers=12, paths=None, symlink_install=True, test_result_base=None, verb_extension=<colcon_core.verb.build.BuildVerb object at 0x7f6e22569c40>, verb_name='build', verb_parser=<colcon_defaults.argument_parser.defaults.DefaultArgumentsDecorator object at 0x7f6e224ea1f0>)
[0.159s] Level 1:colcon.colcon_core.package_discovery:discover_packages(colcon_meta) check parameters
[0.159s] Level 1:colcon.colcon_core.package_discovery:discover_packages(recursive) check parameters
[0.159s] Level 1:colcon.colcon_core.package_discovery:discover_packages(ignore) check parameters
[0.159s] Level 1:colcon.colcon_core.package_discovery:discover_packages(path) check parameters
[0.159s] Level 1:colcon.colcon_core.package_discovery:discover_packages(colcon_meta) discover
[0.159s] Level 1:colcon.colcon_core.package_discovery:discover_packages(recursive) discover
[0.159s] INFO:colcon.colcon_core.package_discovery:Crawling recursively for packages in '/home/ayumayume/ROS2_Y3_2/mobile_robot_inclass'
[0.159s] Level 1:colcon.colcon_core.package_identification:_identify(.) by extensions ['ignore', 'ignore_ament_install']
[0.159s] Level 1:colcon.colcon_core.package_identification:_identify(.) by extension 'ignore'
[0.159s] Level 1:colcon.colcon_core.package_identification:_identify(.) by extension 'ignore_ament_install'
[0.159s] Level 1:colcon.colcon_core.package_identification:_identify(.) by extensions ['colcon_pkg']
[0.159s] Level 1:colcon.colcon_core.package_identification:_identify(.) by extension 'colcon_pkg'
[0.159s] Level 1:colcon.colcon_core.package_identification:_identify(.) by extensions ['colcon_meta']
[0.159s] Level 1:colcon.colcon_core.package_identification:_identify(.) by extension 'colcon_meta'
[0.159s] Level 1:colcon.colcon_core.package_identification:_identify(.) by extensions ['ros']
[0.159s] Level 1:colcon.colcon_core.package_identification:_identify(.) by extension 'ros'
[0.173s] Level 1:colcon.colcon_core.package_identification:_identify(.) by extensions ['cmake', 'python']
[0.173s] Level 1:colcon.colcon_core.package_identification:_identify(.) by extension 'cmake'
[0.173s] Level 1:colcon.colcon_core.package_identification:_identify(.) by extension 'python'
[0.173s] Level 1:colcon.colcon_core.package_identification:_identify(.) by extensions ['python_setup_py']
[0.173s] Level 1:colcon.colcon_core.package_identification:_identify(.) by extension 'python_setup_py'
[0.173s] Level 1:colcon.colcon_core.package_identification:_identify(build) by extensions ['ignore', 'ignore_ament_install']
[0.173s] Level 1:colcon.colcon_core.package_identification:_identify(build) by extension 'ignore'
[0.173s] Level 1:colcon.colcon_core.package_identification:_identify(build) ignored
[0.173s] Level 1:colcon.colcon_core.package_identification:_identify(install) by extensions ['ignore', 'ignore_ament_install']
[0.173s] Level 1:colcon.colcon_core.package_identification:_identify(install) by extension 'ignore'
[0.173s] Level 1:colcon.colcon_core.package_identification:_identify(install) ignored
[0.173s] Level 1:colcon.colcon_core.package_identification:_identify(log) by extensions ['ignore', 'ignore_ament_install']
[0.173s] Level 1:colcon.colcon_core.package_identification:_identify(log) by extension 'ignore'
[0.173s] Level 1:colcon.colcon_core.package_identification:_identify(log) ignored
[0.173s] Level 1:colcon.colcon_core.package_identification:_identify(src) by extensions ['ignore', 'ignore_ament_install']
[0.174s] Level 1:colcon.colcon_core.package_identification:_identify(src) by extension 'ignore'
[0.174s] Level 1:colcon.colcon_core.package_identification:_identify(src) by extension 'ignore_ament_install'
[0.174s] Level 1:colcon.colcon_core.package_identification:_identify(src) by extensions ['colcon_pkg']
[0.174s] Level 1:colcon.colcon_core.package_identification:_identify(src) by extension 'colcon_pkg'
[0.174s] Level 1:colcon.colcon_core.package_identification:_identify(src) by extensions ['colcon_meta']
[0.174s] Level 1:colcon.colcon_core.package_identification:_identify(src) by extension 'colcon_meta'
[0.174s] Level 1:colcon.colcon_core.package_identification:_identify(src) by extensions ['ros']
[0.174s] Level 1:colcon.colcon_core.package_identification:_identify(src) by extension 'ros'
[0.174s] Level 1:colcon.colcon_core.package_identification:_identify(src) by extensions ['cmake', 'python']
[0.174s] Level 1:colcon.colcon_core.package_identification:_identify(src) by extension 'cmake'
[0.174s] Level 1:colcon.colcon_core.package_identification:_identify(src) by extension 'python'
[0.174s] Level 1:colcon.colcon_core.package_identification:_identify(src) by extensions ['python_setup_py']
[0.174s] Level 1:colcon.colcon_core.package_identification:_identify(src) by extension 'python_setup_py'
[0.174s] Level 1:colcon.colcon_core.package_identification:_identify(src/megarover_samples_ros2) by extensions ['ignore', 'ignore_ament_install']
[0.174s] Level 1:colcon.colcon_core.package_identification:_identify(src/megarover_samples_ros2) by extension 'ignore'
[0.174s] Level 1:colcon.colcon_core.package_identification:_identify(src/megarover_samples_ros2) by extension 'ignore_ament_install'
[0.174s] Level 1:colcon.colcon_core.package_identification:_identify(src/megarover_samples_ros2) by extensions ['colcon_pkg']
[0.174s] Level 1:colcon.colcon_core.package_identification:_identify(src/megarover_samples_ros2) by extension 'colcon_pkg'
[0.174s] Level 1:colcon.colcon_core.package_identification:_identify(src/megarover_samples_ros2) by extensions ['colcon_meta']
[0.174s] Level 1:colcon.colcon_core.package_identification:_identify(src/megarover_samples_ros2) by extension 'colcon_meta'
[0.174s] Level 1:colcon.colcon_core.package_identification:_identify(src/megarover_samples_ros2) by extensions ['ros']
[0.174s] Level 1:colcon.colcon_core.package_identification:_identify(src/megarover_samples_ros2) by extension 'ros'
[0.176s] DEBUG:colcon.colcon_core.package_identification:Package 'src/megarover_samples_ros2' with type 'ros.ament_cmake' and name 'megarover_samples_ros2'
[0.176s] Level 1:colcon.colcon_core.package_identification:_identify(src/urdf_tutorial-ros2) by extensions ['ignore', 'ignore_ament_install']
[0.176s] Level 1:colcon.colcon_core.package_identification:_identify(src/urdf_tutorial-ros2) by extension 'ignore'
[0.176s] Level 1:colcon.colcon_core.package_identification:_identify(src/urdf_tutorial-ros2) by extension 'ignore_ament_install'
[0.176s] Level 1:colcon.colcon_core.package_identification:_identify(src/urdf_tutorial-ros2) by extensions ['colcon_pkg']
[0.177s] Level 1:colcon.colcon_core.package_identification:_identify(src/urdf_tutorial-ros2) by extension 'colcon_pkg'
[0.177s] Level 1:colcon.colcon_core.package_identification:_identify(src/urdf_tutorial-ros2) by extensions ['colcon_meta']
[0.177s] Level 1:colcon.colcon_core.package_identification:_identify(src/urdf_tutorial-ros2) by extension 'colcon_meta'
[0.177s] Level 1:colcon.colcon_core.package_identification:_identify(src/urdf_tutorial-ros2) by extensions ['ros']
[0.177s] Level 1:colcon.colcon_core.package_identification:_identify(src/urdf_tutorial-ros2) by extension 'ros'
[0.177s] DEBUG:colcon.colcon_core.package_identification:Package 'src/urdf_tutorial-ros2' with type 'ros.ament_cmake' and name 'urdf_tutorial'
[0.177s] Level 1:colcon.colcon_core.package_discovery:discover_packages(recursive) using defaults
[0.177s] Level 1:colcon.colcon_core.package_discovery:discover_packages(ignore) discover
[0.177s] Level 1:colcon.colcon_core.package_discovery:discover_packages(ignore) using defaults
[0.177s] Level 1:colcon.colcon_core.package_discovery:discover_packages(path) discover
[0.177s] Level 1:colcon.colcon_core.package_discovery:discover_packages(path) using defaults
[0.196s] Level 1:colcon.colcon_core.package_discovery:discover_packages(prefix_path) check parameters
[0.196s] Level 1:colcon.colcon_core.package_discovery:discover_packages(prefix_path) discover
[0.199s] DEBUG:colcon.colcon_installed_package_information.package_discovery:Found 2 installed packages in /home/ayumayume/test_cpp/install
[0.200s] DEBUG:colcon.colcon_installed_package_information.package_discovery:Found 1 installed packages in /home/ayumayume/open_topic/test_build_lib/install
[0.201s] DEBUG:colcon.colcon_installed_package_information.package_discovery:Found 2 installed packages in /home/ayumayume/ROS2_Y3_2/mobile_robot_inclass/install
[0.202s] DEBUG:colcon.colcon_installed_package_information.package_discovery:Found 1 installed packages in /home/ayumayume/ROS2_Directory/velocity_example/install
[0.203s] DEBUG:colcon.colcon_installed_package_information.package_discovery:Found 1 installed packages in /home/ayumayume/ROS2_Directory/lab4_ws/install
[0.204s] DEBUG:colcon.colcon_installed_package_information.package_discovery:Found 1 installed packages in /home/ayumayume/ROS2_Directory/lab3_example/install
[0.206s] DEBUG:colcon.colcon_installed_package_information.package_discovery:Found 1 installed packages in /home/ayumayume/ROS2_Directory/fra333_lab2_ex/install
[0.207s] DEBUG:colcon.colcon_installed_package_information.package_discovery:Found 2 installed packages in /home/ayumayume/ROS2_Directory/lab1_ws/install
[0.208s] DEBUG:colcon.colcon_installed_package_information.package_discovery:Found 1 installed packages in /home/ayumayume/ROS2_Directory/pun_ws/install
[0.209s] DEBUG:colcon.colcon_installed_package_information.package_discovery:Found 3 installed packages in /home/ayumayume/MBSE/for_seding_v1/install
[0.210s] DEBUG:colcon.colcon_installed_package_information.package_discovery:Found 3 installed packages in /home/ayumayume/ROS2_Directory/lab2_ws/install
[0.211s] DEBUG:colcon.colcon_installed_package_information.package_discovery:Found 1 installed packages in /home/ayumayume/ROS2_Directory/lab3_ws/install
[0.212s] DEBUG:colcon.colcon_installed_package_information.package_discovery:Found 3 installed packages in /home/ayumayume/open_topic/falcon_ros2/install
[0.213s] DEBUG:colcon.colcon_installed_package_information.package_discovery:Found 337 installed packages in /opt/ros/foxy
[0.215s] Level 1:colcon.colcon_core.package_discovery:discover_packages(prefix_path) using defaults
[0.278s] Level 5:colcon.colcon_core.verb:set package 'megarover_samples_ros2' build argument 'cmake_args' from command line to 'None'
[0.278s] Level 5:colcon.colcon_core.verb:set package 'megarover_samples_ros2' build argument 'cmake_target' from command line to 'None'
[0.278s] Level 5:colcon.colcon_core.verb:set package 'megarover_samples_ros2' build argument 'cmake_target_skip_unavailable' from command line to 'False'
[0.278s] Level 5:colcon.colcon_core.verb:set package 'megarover_samples_ros2' build argument 'cmake_clean_cache' from command line to 'False'
[0.278s] Level 5:colcon.colcon_core.verb:set package 'megarover_samples_ros2' build argument 'cmake_clean_first' from command line to 'False'
[0.278s] Level 5:colcon.colcon_core.verb:set package 'megarover_samples_ros2' build argument 'cmake_force_configure' from command line to 'False'
[0.278s] Level 5:colcon.colcon_core.verb:set package 'megarover_samples_ros2' build argument 'ament_cmake_args' from command line to 'None'
[0.278s] Level 5:colcon.colcon_core.verb:set package 'megarover_samples_ros2' build argument 'catkin_cmake_args' from command line to 'None'
[0.278s] Level 5:colcon.colcon_core.verb:set package 'megarover_samples_ros2' build argument 'catkin_skip_building_tests' from command line to 'False'
[0.278s] DEBUG:colcon.colcon_core.verb:Building package 'megarover_samples_ros2' with the following arguments: {'ament_cmake_args': None, 'build_base': '/home/ayumayume/ROS2_Y3_2/mobile_robot_inclass/build/megarover_samples_ros2', 'catkin_cmake_args': None, 'catkin_skip_building_tests': False, 'cmake_args': None, 'cmake_clean_cache': False, 'cmake_clean_first': False, 'cmake_force_configure': False, 'cmake_target': None, 'cmake_target_skip_unavailable': False, 'install_base': '/home/ayumayume/ROS2_Y3_2/mobile_robot_inclass/install/megarover_samples_ros2', 'merge_install': False, 'path': '/home/ayumayume/ROS2_Y3_2/mobile_robot_inclass/src/megarover_samples_ros2', 'symlink_install': True, 'test_result_base': None}
[0.279s] Level 5:colcon.colcon_core.verb:set package 'urdf_tutorial' build argument 'cmake_args' from command line to 'None'
[0.279s] Level 5:colcon.colcon_core.verb:set package 'urdf_tutorial' build argument 'cmake_target' from command line to 'None'
[0.279s] Level 5:colcon.colcon_core.verb:set package 'urdf_tutorial' build argument 'cmake_target_skip_unavailable' from command line to 'False'
[0.279s] Level 5:colcon.colcon_core.verb:set package 'urdf_tutorial' build argument 'cmake_clean_cache' from command line to 'False'
[0.279s] Level 5:colcon.colcon_core.verb:set package 'urdf_tutorial' build argument 'cmake_clean_first' from command line to 'False'
[0.279s] Level 5:colcon.colcon_core.verb:set package 'urdf_tutorial' build argument 'cmake_force_configure' from command line to 'False'
[0.279s] Level 5:colcon.colcon_core.verb:set package 'urdf_tutorial' build argument 'ament_cmake_args' from command line to 'None'
[0.279s] Level 5:colcon.colcon_core.verb:set package 'urdf_tutorial' build argument 'catkin_cmake_args' from command line to 'None'
[0.279s] Level 5:colcon.colcon_core.verb:set package 'urdf_tutorial' build argument 'catkin_skip_building_tests' from command line to 'False'
[0.279s] DEBUG:colcon.colcon_core.verb:Building package 'urdf_tutorial' with the following arguments: {'ament_cmake_args': None, 'build_base': '/home/ayumayume/ROS2_Y3_2/mobile_robot_inclass/build/urdf_tutorial', 'catkin_cmake_args': None, 'catkin_skip_building_tests': False, 'cmake_args': None, 'cmake_clean_cache': False, 'cmake_clean_first': False, 'cmake_force_configure': False, 'cmake_target': None, 'cmake_target_skip_unavailable': False, 'install_base': '/home/ayumayume/ROS2_Y3_2/mobile_robot_inclass/install/urdf_tutorial', 'merge_install': False, 'path': '/home/ayumayume/ROS2_Y3_2/mobile_robot_inclass/src/urdf_tutorial-ros2', 'symlink_install': True, 'test_result_base': None}
[0.280s] INFO:colcon.colcon_core.executor:Executing jobs using 'parallel' executor
[0.285s] DEBUG:colcon.colcon_parallel_executor.executor.parallel:run_until_complete
[0.285s] INFO:colcon.colcon_ros.task.ament_cmake.build:Building ROS package in '/home/ayumayume/ROS2_Y3_2/mobile_robot_inclass/src/megarover_samples_ros2' with build type 'ament_cmake'
[0.285s] INFO:colcon.colcon_cmake.task.cmake.build:Building CMake package in '/home/ayumayume/ROS2_Y3_2/mobile_robot_inclass/src/megarover_samples_ros2'
[0.290s] INFO:colcon.colcon_core.plugin_system:Skipping extension 'colcon_core.shell.bat': Not used on non-Windows systems
[0.290s] INFO:colcon.colcon_core.shell:Skip shell extension 'powershell' for command environment: Not usable outside of PowerShell
[0.290s] DEBUG:colcon.colcon_core.shell:Skip shell extension 'dsv' for command environment
[0.308s] INFO:colcon.colcon_ros.task.ament_cmake.build:Building ROS package in '/home/ayumayume/ROS2_Y3_2/mobile_robot_inclass/src/urdf_tutorial-ros2' with build type 'ament_cmake'
[0.308s] INFO:colcon.colcon_cmake.task.cmake.build:Building CMake package in '/home/ayumayume/ROS2_Y3_2/mobile_robot_inclass/src/urdf_tutorial-ros2'
[0.310s] INFO:colcon.colcon_core.shell:Skip shell extension 'powershell' for command environment: Not usable outside of PowerShell
[0.310s] DEBUG:colcon.colcon_core.shell:Skip shell extension 'dsv' for command environment
[0.332s] DEBUG:colcon.colcon_core.event_handler.log_command:Invoking command in '/home/ayumayume/ROS2_Y3_2/mobile_robot_inclass/build/megarover_samples_ros2': CMAKE_PREFIX_PATH=${CMAKE_PREFIX_PATH}:/opt/ros/foxy /usr/bin/cmake --build /home/ayumayume/ROS2_Y3_2/mobile_robot_inclass/build/megarover_samples_ros2 -- -j12 -l12
[0.338s] DEBUG:colcon.colcon_core.event_handler.log_command:Invoking command in '/home/ayumayume/ROS2_Y3_2/mobile_robot_inclass/build/urdf_tutorial': CMAKE_PREFIX_PATH=${CMAKE_PREFIX_PATH}:/opt/ros/foxy /usr/bin/cmake --build /home/ayumayume/ROS2_Y3_2/mobile_robot_inclass/build/urdf_tutorial -- -j12 -l12
[0.367s] DEBUG:colcon.colcon_core.event_handler.log_command:Invoked command in '/home/ayumayume/ROS2_Y3_2/mobile_robot_inclass/build/urdf_tutorial' returned '0': CMAKE_PREFIX_PATH=${CMAKE_PREFIX_PATH}:/opt/ros/foxy /usr/bin/cmake --build /home/ayumayume/ROS2_Y3_2/mobile_robot_inclass/build/urdf_tutorial -- -j12 -l12
[0.392s] DEBUG:colcon.colcon_core.event_handler.log_command:Invoking command in '/home/ayumayume/ROS2_Y3_2/mobile_robot_inclass/build/urdf_tutorial': CMAKE_PREFIX_PATH=${CMAKE_PREFIX_PATH}:/opt/ros/foxy /usr/bin/cmake --install /home/ayumayume/ROS2_Y3_2/mobile_robot_inclass/build/urdf_tutorial
[0.414s] Level 1:colcon.colcon_core.environment:create_environment_scripts_only(urdf_tutorial)
[0.414s] DEBUG:colcon.colcon_core.event_handler.log_command:Invoked command in '/home/ayumayume/ROS2_Y3_2/mobile_robot_inclass/build/urdf_tutorial' returned '0': CMAKE_PREFIX_PATH=${CMAKE_PREFIX_PATH}:/opt/ros/foxy /usr/bin/cmake --install /home/ayumayume/ROS2_Y3_2/mobile_robot_inclass/build/urdf_tutorial
[0.420s] Level 1:colcon.colcon_core.environment:checking '/home/ayumayume/ROS2_Y3_2/mobile_robot_inclass/install/urdf_tutorial' for CMake module files
[0.420s] Level 1:colcon.colcon_core.environment:checking '/home/ayumayume/ROS2_Y3_2/mobile_robot_inclass/install/urdf_tutorial' for CMake config files
[0.420s] Level 1:colcon.colcon_core.shell:create_environment_hook('urdf_tutorial', 'cmake_prefix_path')
[0.422s] INFO:colcon.colcon_core.shell:Creating environment hook '/home/ayumayume/ROS2_Y3_2/mobile_robot_inclass/install/urdf_tutorial/share/urdf_tutorial/hook/cmake_prefix_path.ps1'
[0.423s] INFO:colcon.colcon_core.shell:Creating environment descriptor '/home/ayumayume/ROS2_Y3_2/mobile_robot_inclass/install/urdf_tutorial/share/urdf_tutorial/hook/cmake_prefix_path.dsv'
[0.423s] INFO:colcon.colcon_core.shell:Creating environment hook '/home/ayumayume/ROS2_Y3_2/mobile_robot_inclass/install/urdf_tutorial/share/urdf_tutorial/hook/cmake_prefix_path.sh'
[0.424s] Level 1:colcon.colcon_core.environment:checking '/home/ayumayume/ROS2_Y3_2/mobile_robot_inclass/install/urdf_tutorial/bin'
[0.424s] Level 1:colcon.colcon_core.environment:checking '/home/ayumayume/ROS2_Y3_2/mobile_robot_inclass/install/urdf_tutorial/lib/pkgconfig/urdf_tutorial.pc'
[0.424s] Level 1:colcon.colcon_core.environment:checking '/home/ayumayume/ROS2_Y3_2/mobile_robot_inclass/install/urdf_tutorial/lib/python3.8/site-packages'
[0.424s] Level 1:colcon.colcon_core.environment:checking '/home/ayumayume/ROS2_Y3_2/mobile_robot_inclass/install/urdf_tutorial/bin'
[0.426s] INFO:colcon.colcon_core.shell:Creating package script '/home/ayumayume/ROS2_Y3_2/mobile_robot_inclass/install/urdf_tutorial/share/urdf_tutorial/package.ps1'
[0.427s] INFO:colcon.colcon_core.shell:Creating package descriptor '/home/ayumayume/ROS2_Y3_2/mobile_robot_inclass/install/urdf_tutorial/share/urdf_tutorial/package.dsv'
[0.427s] INFO:colcon.colcon_core.shell:Creating package script '/home/ayumayume/ROS2_Y3_2/mobile_robot_inclass/install/urdf_tutorial/share/urdf_tutorial/package.sh'
[0.428s] INFO:colcon.colcon_core.shell:Creating package script '/home/ayumayume/ROS2_Y3_2/mobile_robot_inclass/install/urdf_tutorial/share/urdf_tutorial/package.bash'
[0.428s] INFO:colcon.colcon_core.shell:Creating package script '/home/ayumayume/ROS2_Y3_2/mobile_robot_inclass/install/urdf_tutorial/share/urdf_tutorial/package.zsh'
[0.428s] Level 1:colcon.colcon_core.environment:create_file_with_runtime_dependencies(/home/ayumayume/ROS2_Y3_2/mobile_robot_inclass/install/urdf_tutorial/share/colcon-core/packages/urdf_tutorial)
[0.446s] Level 1:colcon.colcon_core.environment:create_environment_scripts_only(urdf_tutorial)
[0.449s] Level 1:colcon.colcon_core.environment:checking '/home/ayumayume/ROS2_Y3_2/mobile_robot_inclass/install/urdf_tutorial' for CMake module files
[0.450s] Level 1:colcon.colcon_core.environment:checking '/home/ayumayume/ROS2_Y3_2/mobile_robot_inclass/install/urdf_tutorial' for CMake config files
[0.450s] Level 1:colcon.colcon_core.shell:create_environment_hook('urdf_tutorial', 'cmake_prefix_path')
[0.452s] INFO:colcon.colcon_core.shell:Creating environment hook '/home/ayumayume/ROS2_Y3_2/mobile_robot_inclass/install/urdf_tutorial/share/urdf_tutorial/hook/cmake_prefix_path.ps1'
[0.453s] INFO:colcon.colcon_core.shell:Creating environment descriptor '/home/ayumayume/ROS2_Y3_2/mobile_robot_inclass/install/urdf_tutorial/share/urdf_tutorial/hook/cmake_prefix_path.dsv'
[0.453s] INFO:colcon.colcon_core.shell:Creating environment hook '/home/ayumayume/ROS2_Y3_2/mobile_robot_inclass/install/urdf_tutorial/share/urdf_tutorial/hook/cmake_prefix_path.sh'
[0.453s] Level 1:colcon.colcon_core.environment:checking '/home/ayumayume/ROS2_Y3_2/mobile_robot_inclass/install/urdf_tutorial/bin'
[0.453s] Level 1:colcon.colcon_core.environment:checking '/home/ayumayume/ROS2_Y3_2/mobile_robot_inclass/install/urdf_tutorial/lib/pkgconfig/urdf_tutorial.pc'
[0.453s] Level 1:colcon.colcon_core.environment:checking '/home/ayumayume/ROS2_Y3_2/mobile_robot_inclass/install/urdf_tutorial/lib/python3.8/site-packages'
[0.453s] Level 1:colcon.colcon_core.environment:checking '/home/ayumayume/ROS2_Y3_2/mobile_robot_inclass/install/urdf_tutorial/bin'
[0.456s] INFO:colcon.colcon_core.shell:Creating package script '/home/ayumayume/ROS2_Y3_2/mobile_robot_inclass/install/urdf_tutorial/share/urdf_tutorial/package.ps1'
[0.456s] INFO:colcon.colcon_core.shell:Creating package descriptor '/home/ayumayume/ROS2_Y3_2/mobile_robot_inclass/install/urdf_tutorial/share/urdf_tutorial/package.dsv'
[0.456s] INFO:colcon.colcon_core.shell:Creating package script '/home/ayumayume/ROS2_Y3_2/mobile_robot_inclass/install/urdf_tutorial/share/urdf_tutorial/package.sh'
[0.457s] INFO:colcon.colcon_core.shell:Creating package script '/home/ayumayume/ROS2_Y3_2/mobile_robot_inclass/install/urdf_tutorial/share/urdf_tutorial/package.bash'
[0.457s] INFO:colcon.colcon_core.shell:Creating package script '/home/ayumayume/ROS2_Y3_2/mobile_robot_inclass/install/urdf_tutorial/share/urdf_tutorial/package.zsh'
[0.457s] Level 1:colcon.colcon_core.environment:create_file_with_runtime_dependencies(/home/ayumayume/ROS2_Y3_2/mobile_robot_inclass/install/urdf_tutorial/share/colcon-core/packages/urdf_tutorial)
[0.885s] DEBUG:colcon.colcon_core.event_handler.log_command:Invoked command in '/home/ayumayume/ROS2_Y3_2/mobile_robot_inclass/build/megarover_samples_ros2' returned '0': CMAKE_PREFIX_PATH=${CMAKE_PREFIX_PATH}:/opt/ros/foxy /usr/bin/cmake --build /home/ayumayume/ROS2_Y3_2/mobile_robot_inclass/build/megarover_samples_ros2 -- -j12 -l12
[0.907s] DEBUG:colcon.colcon_core.event_handler.log_command:Invoking command in '/home/ayumayume/ROS2_Y3_2/mobile_robot_inclass/build/megarover_samples_ros2': CMAKE_PREFIX_PATH=${CMAKE_PREFIX_PATH}:/opt/ros/foxy /usr/bin/cmake --install /home/ayumayume/ROS2_Y3_2/mobile_robot_inclass/build/megarover_samples_ros2
[0.947s] Level 1:colcon.colcon_core.environment:create_environment_scripts_only(megarover_samples_ros2)
[0.950s] Level 1:colcon.colcon_core.environment:checking '/home/ayumayume/ROS2_Y3_2/mobile_robot_inclass/install/megarover_samples_ros2' for CMake module files
[0.951s] DEBUG:colcon.colcon_core.event_handler.log_command:Invoked command in '/home/ayumayume/ROS2_Y3_2/mobile_robot_inclass/build/megarover_samples_ros2' returned '0': CMAKE_PREFIX_PATH=${CMAKE_PREFIX_PATH}:/opt/ros/foxy /usr/bin/cmake --install /home/ayumayume/ROS2_Y3_2/mobile_robot_inclass/build/megarover_samples_ros2
[0.951s] Level 1:colcon.colcon_core.environment:checking '/home/ayumayume/ROS2_Y3_2/mobile_robot_inclass/install/megarover_samples_ros2' for CMake config files
[0.952s] Level 1:colcon.colcon_core.shell:create_environment_hook('megarover_samples_ros2', 'cmake_prefix_path')
[0.954s] INFO:colcon.colcon_core.shell:Creating environment hook '/home/ayumayume/ROS2_Y3_2/mobile_robot_inclass/install/megarover_samples_ros2/share/megarover_samples_ros2/hook/cmake_prefix_path.ps1'
[0.955s] INFO:colcon.colcon_core.shell:Creating environment descriptor '/home/ayumayume/ROS2_Y3_2/mobile_robot_inclass/install/megarover_samples_ros2/share/megarover_samples_ros2/hook/cmake_prefix_path.dsv'
[0.956s] INFO:colcon.colcon_core.shell:Creating environment hook '/home/ayumayume/ROS2_Y3_2/mobile_robot_inclass/install/megarover_samples_ros2/share/megarover_samples_ros2/hook/cmake_prefix_path.sh'
[0.956s] Level 1:colcon.colcon_core.environment:checking '/home/ayumayume/ROS2_Y3_2/mobile_robot_inclass/install/megarover_samples_ros2/lib'
[0.956s] Level 1:colcon.colcon_core.environment:checking '/home/ayumayume/ROS2_Y3_2/mobile_robot_inclass/install/megarover_samples_ros2/bin'
[0.957s] Level 1:colcon.colcon_core.environment:checking '/home/ayumayume/ROS2_Y3_2/mobile_robot_inclass/install/megarover_samples_ros2/lib/pkgconfig/megarover_samples_ros2.pc'
[0.957s] Level 1:colcon.colcon_core.environment:checking '/home/ayumayume/ROS2_Y3_2/mobile_robot_inclass/install/megarover_samples_ros2/lib/python3.8/site-packages'
[0.957s] Level 1:colcon.colcon_core.environment:checking '/home/ayumayume/ROS2_Y3_2/mobile_robot_inclass/install/megarover_samples_ros2/bin'
[0.959s] INFO:colcon.colcon_core.shell:Creating package script '/home/ayumayume/ROS2_Y3_2/mobile_robot_inclass/install/megarover_samples_ros2/share/megarover_samples_ros2/package.ps1'
[0.959s] INFO:colcon.colcon_core.shell:Creating package descriptor '/home/ayumayume/ROS2_Y3_2/mobile_robot_inclass/install/megarover_samples_ros2/share/megarover_samples_ros2/package.dsv'
[0.960s] INFO:colcon.colcon_core.shell:Creating package script '/home/ayumayume/ROS2_Y3_2/mobile_robot_inclass/install/megarover_samples_ros2/share/megarover_samples_ros2/package.sh'
[0.960s] INFO:colcon.colcon_core.shell:Creating package script '/home/ayumayume/ROS2_Y3_2/mobile_robot_inclass/install/megarover_samples_ros2/share/megarover_samples_ros2/package.bash'
[0.960s] INFO:colcon.colcon_core.shell:Creating package script '/home/ayumayume/ROS2_Y3_2/mobile_robot_inclass/install/megarover_samples_ros2/share/megarover_samples_ros2/package.zsh'
[0.960s] Level 1:colcon.colcon_core.environment:create_file_with_runtime_dependencies(/home/ayumayume/ROS2_Y3_2/mobile_robot_inclass/install/megarover_samples_ros2/share/colcon-core/packages/megarover_samples_ros2)
[0.981s] Level 1:colcon.colcon_core.environment:create_environment_scripts_only(megarover_samples_ros2)
[0.984s] Level 1:colcon.colcon_core.environment:checking '/home/ayumayume/ROS2_Y3_2/mobile_robot_inclass/install/megarover_samples_ros2' for CMake module files
[0.984s] Level 1:colcon.colcon_core.environment:checking '/home/ayumayume/ROS2_Y3_2/mobile_robot_inclass/install/megarover_samples_ros2' for CMake config files
[0.985s] Level 1:colcon.colcon_core.shell:create_environment_hook('megarover_samples_ros2', 'cmake_prefix_path')
[0.986s] INFO:colcon.colcon_core.shell:Creating environment hook '/home/ayumayume/ROS2_Y3_2/mobile_robot_inclass/install/megarover_samples_ros2/share/megarover_samples_ros2/hook/cmake_prefix_path.ps1'
[0.988s] INFO:colcon.colcon_core.shell:Creating environment descriptor '/home/ayumayume/ROS2_Y3_2/mobile_robot_inclass/install/megarover_samples_ros2/share/megarover_samples_ros2/hook/cmake_prefix_path.dsv'
[0.988s] INFO:colcon.colcon_core.shell:Creating environment hook '/home/ayumayume/ROS2_Y3_2/mobile_robot_inclass/install/megarover_samples_ros2/share/megarover_samples_ros2/hook/cmake_prefix_path.sh'
[0.989s] Level 1:colcon.colcon_core.environment:checking '/home/ayumayume/ROS2_Y3_2/mobile_robot_inclass/install/megarover_samples_ros2/lib'
[0.989s] Level 1:colcon.colcon_core.environment:checking '/home/ayumayume/ROS2_Y3_2/mobile_robot_inclass/install/megarover_samples_ros2/bin'
[0.989s] Level 1:colcon.colcon_core.environment:checking '/home/ayumayume/ROS2_Y3_2/mobile_robot_inclass/install/megarover_samples_ros2/lib/pkgconfig/megarover_samples_ros2.pc'
[0.989s] Level 1:colcon.colcon_core.environment:checking '/home/ayumayume/ROS2_Y3_2/mobile_robot_inclass/install/megarover_samples_ros2/lib/python3.8/site-packages'
[0.989s] Level 1:colcon.colcon_core.environment:checking '/home/ayumayume/ROS2_Y3_2/mobile_robot_inclass/install/megarover_samples_ros2/bin'
[0.991s] INFO:colcon.colcon_core.shell:Creating package script '/home/ayumayume/ROS2_Y3_2/mobile_robot_inclass/install/megarover_samples_ros2/share/megarover_samples_ros2/package.ps1'
[0.992s] INFO:colcon.colcon_core.shell:Creating package descriptor '/home/ayumayume/ROS2_Y3_2/mobile_robot_inclass/install/megarover_samples_ros2/share/megarover_samples_ros2/package.dsv'
[0.992s] INFO:colcon.colcon_core.shell:Creating package script '/home/ayumayume/ROS2_Y3_2/mobile_robot_inclass/install/megarover_samples_ros2/share/megarover_samples_ros2/package.sh'
[0.993s] INFO:colcon.colcon_core.shell:Creating package script '/home/ayumayume/ROS2_Y3_2/mobile_robot_inclass/install/megarover_samples_ros2/share/megarover_samples_ros2/package.bash'
[0.993s] INFO:colcon.colcon_core.shell:Creating package script '/home/ayumayume/ROS2_Y3_2/mobile_robot_inclass/install/megarover_samples_ros2/share/megarover_samples_ros2/package.zsh'
[0.993s] Level 1:colcon.colcon_core.environment:create_file_with_runtime_dependencies(/home/ayumayume/ROS2_Y3_2/mobile_robot_inclass/install/megarover_samples_ros2/share/colcon-core/packages/megarover_samples_ros2)
[0.993s] DEBUG:colcon.colcon_parallel_executor.executor.parallel:closing loop
[0.994s] DEBUG:colcon.colcon_parallel_executor.executor.parallel:loop closed
[0.994s] DEBUG:colcon.colcon_parallel_executor.executor.parallel:run_until_complete finished with '0'
[0.994s] DEBUG:colcon.colcon_core.event_reactor:joining thread
[0.999s] INFO:colcon.colcon_core.plugin_system:Skipping extension 'colcon_notification.desktop_notification.terminal_notifier': Not used on non-Darwin systems
[0.999s] INFO:colcon.colcon_core.plugin_system:Skipping extension 'colcon_notification.desktop_notification.win32': Not used on non-Windows systems
[0.999s] INFO:colcon.colcon_notification.desktop_notification:Sending desktop notification using 'notify2'
[1.010s] DEBUG:colcon.colcon_core.event_reactor:joined thread
[1.012s] INFO:colcon.colcon_core.shell:Creating prefix script '/home/ayumayume/ROS2_Y3_2/mobile_robot_inclass/install/local_setup.ps1'
[1.013s] INFO:colcon.colcon_core.shell:Creating prefix util module '/home/ayumayume/ROS2_Y3_2/mobile_robot_inclass/install/_local_setup_util_ps1.py'
[1.014s] INFO:colcon.colcon_core.shell:Creating prefix chain script '/home/ayumayume/ROS2_Y3_2/mobile_robot_inclass/install/setup.ps1'
[1.016s] INFO:colcon.colcon_core.shell:Creating prefix script '/home/ayumayume/ROS2_Y3_2/mobile_robot_inclass/install/local_setup.sh'
[1.016s] INFO:colcon.colcon_core.shell:Creating prefix util module '/home/ayumayume/ROS2_Y3_2/mobile_robot_inclass/install/_local_setup_util_sh.py'
[1.017s] INFO:colcon.colcon_core.shell:Creating prefix chain script '/home/ayumayume/ROS2_Y3_2/mobile_robot_inclass/install/setup.sh'
[1.018s] INFO:colcon.colcon_core.shell:Creating prefix script '/home/ayumayume/ROS2_Y3_2/mobile_robot_inclass/install/local_setup.bash'
[1.019s] INFO:colcon.colcon_core.shell:Creating prefix chain script '/home/ayumayume/ROS2_Y3_2/mobile_robot_inclass/install/setup.bash'
[1.021s] INFO:colcon.colcon_core.shell:Creating prefix script '/home/ayumayume/ROS2_Y3_2/mobile_robot_inclass/install/local_setup.zsh'
[1.022s] INFO:colcon.colcon_core.shell:Creating prefix chain script '/home/ayumayume/ROS2_Y3_2/mobile_robot_inclass/install/setup.zsh'
