[0.140s] DEBUG:colcon:Command line arguments: ['/usr/bin/colcon', 'build', '--packages-select', 'falcon_control']
[0.140s] DEBUG:colcon:Parsed command line arguments: Namespace(allow_overriding=[], ament_cmake_args=None, base_paths=['.'], build_base='build', catkin_cmake_args=None, catkin_skip_building_tests=False, cmake_args=None, cmake_clean_cache=False, cmake_clean_first=False, cmake_force_configure=False, cmake_target=None, cmake_target_skip_unavailable=False, continue_on_error=False, event_handlers=None, executor='parallel', ignore_user_meta=False, install_base='install', log_base=None, log_level=None, main=<bound method BuildVerb.main of <colcon_core.verb.build.BuildVerb object at 0x7f99df66cd60>>, merge_install=False, metas=['./colcon.meta'], packages_above=None, packages_above_and_dependencies=None, packages_above_depth=None, packages_end=None, packages_ignore=None, packages_ignore_regex=None, packages_select=['falcon_control'], packages_select_build_failed=False, packages_select_by_dep=None, packages_select_regex=None, packages_select_test_failures=False, packages_skip=None, packages_skip_build_finished=False, packages_skip_by_dep=None, packages_skip_regex=None, packages_skip_test_passed=False, packages_skip_up_to=None, packages_start=None, packages_up_to=None, packages_up_to_regex=None, parallel_workers=12, paths=None, symlink_install=False, test_result_base=None, verb_extension=<colcon_core.verb.build.BuildVerb object at 0x7f99df66cd60>, verb_name='build', verb_parser=<colcon_defaults.argument_parser.defaults.DefaultArgumentsDecorator object at 0x7f99df676310>)
[0.161s] Level 1:colcon.colcon_core.package_discovery:discover_packages(colcon_meta) check parameters
[0.161s] Level 1:colcon.colcon_core.package_discovery:discover_packages(recursive) check parameters
[0.161s] Level 1:colcon.colcon_core.package_discovery:discover_packages(ignore) check parameters
[0.161s] Level 1:colcon.colcon_core.package_discovery:discover_packages(path) check parameters
[0.161s] Level 1:colcon.colcon_core.package_discovery:discover_packages(colcon_meta) discover
[0.162s] Level 1:colcon.colcon_core.package_discovery:discover_packages(recursive) discover
[0.162s] INFO:colcon.colcon_core.package_discovery:Crawling recursively for packages in '/home/ayumayume/ROS2_Y3_2/mobile_robot_inclass'
[0.162s] Level 1:colcon.colcon_core.package_identification:_identify(.) by extensions ['ignore', 'ignore_ament_install']
[0.162s] Level 1:colcon.colcon_core.package_identification:_identify(.) by extension 'ignore'
[0.162s] Level 1:colcon.colcon_core.package_identification:_identify(.) by extension 'ignore_ament_install'
[0.162s] Level 1:colcon.colcon_core.package_identification:_identify(.) by extensions ['colcon_pkg']
[0.162s] Level 1:colcon.colcon_core.package_identification:_identify(.) by extension 'colcon_pkg'
[0.162s] Level 1:colcon.colcon_core.package_identification:_identify(.) by extensions ['colcon_meta']
[0.162s] Level 1:colcon.colcon_core.package_identification:_identify(.) by extension 'colcon_meta'
[0.162s] Level 1:colcon.colcon_core.package_identification:_identify(.) by extensions ['ros']
[0.162s] Level 1:colcon.colcon_core.package_identification:_identify(.) by extension 'ros'
[0.176s] Level 1:colcon.colcon_core.package_identification:_identify(.) by extensions ['cmake', 'python']
[0.176s] Level 1:colcon.colcon_core.package_identification:_identify(.) by extension 'cmake'
[0.176s] Level 1:colcon.colcon_core.package_identification:_identify(.) by extension 'python'
[0.176s] Level 1:colcon.colcon_core.package_identification:_identify(.) by extensions ['python_setup_py']
[0.177s] Level 1:colcon.colcon_core.package_identification:_identify(.) by extension 'python_setup_py'
[0.177s] Level 1:colcon.colcon_core.package_identification:_identify(build) by extensions ['ignore', 'ignore_ament_install']
[0.177s] Level 1:colcon.colcon_core.package_identification:_identify(build) by extension 'ignore'
[0.177s] Level 1:colcon.colcon_core.package_identification:_identify(build) ignored
[0.177s] Level 1:colcon.colcon_core.package_identification:_identify(install) by extensions ['ignore', 'ignore_ament_install']
[0.177s] Level 1:colcon.colcon_core.package_identification:_identify(install) by extension 'ignore'
[0.177s] Level 1:colcon.colcon_core.package_identification:_identify(install) ignored
[0.177s] Level 1:colcon.colcon_core.package_identification:_identify(log) by extensions ['ignore', 'ignore_ament_install']
[0.177s] Level 1:colcon.colcon_core.package_identification:_identify(log) by extension 'ignore'
[0.177s] Level 1:colcon.colcon_core.package_identification:_identify(log) ignored
[0.177s] Level 1:colcon.colcon_core.package_identification:_identify(src) by extensions ['ignore', 'ignore_ament_install']
[0.177s] Level 1:colcon.colcon_core.package_identification:_identify(src) by extension 'ignore'
[0.177s] Level 1:colcon.colcon_core.package_identification:_identify(src) by extension 'ignore_ament_install'
[0.177s] Level 1:colcon.colcon_core.package_identification:_identify(src) by extensions ['colcon_pkg']
[0.177s] Level 1:colcon.colcon_core.package_identification:_identify(src) by extension 'colcon_pkg'
[0.177s] Level 1:colcon.colcon_core.package_identification:_identify(src) by extensions ['colcon_meta']
[0.177s] Level 1:colcon.colcon_core.package_identification:_identify(src) by extension 'colcon_meta'
[0.177s] Level 1:colcon.colcon_core.package_identification:_identify(src) by extensions ['ros']
[0.177s] Level 1:colcon.colcon_core.package_identification:_identify(src) by extension 'ros'
[0.178s] Level 1:colcon.colcon_core.package_identification:_identify(src) by extensions ['cmake', 'python']
[0.178s] Level 1:colcon.colcon_core.package_identification:_identify(src) by extension 'cmake'
[0.178s] Level 1:colcon.colcon_core.package_identification:_identify(src) by extension 'python'
[0.178s] Level 1:colcon.colcon_core.package_identification:_identify(src) by extensions ['python_setup_py']
[0.178s] Level 1:colcon.colcon_core.package_identification:_identify(src) by extension 'python_setup_py'
[0.178s] Level 1:colcon.colcon_core.package_identification:_identify(src/falcon_control) by extensions ['ignore', 'ignore_ament_install']
[0.178s] Level 1:colcon.colcon_core.package_identification:_identify(src/falcon_control) by extension 'ignore'
[0.178s] Level 1:colcon.colcon_core.package_identification:_identify(src/falcon_control) by extension 'ignore_ament_install'
[0.178s] Level 1:colcon.colcon_core.package_identification:_identify(src/falcon_control) by extensions ['colcon_pkg']
[0.178s] Level 1:colcon.colcon_core.package_identification:_identify(src/falcon_control) by extension 'colcon_pkg'
[0.178s] Level 1:colcon.colcon_core.package_identification:_identify(src/falcon_control) by extensions ['colcon_meta']
[0.178s] Level 1:colcon.colcon_core.package_identification:_identify(src/falcon_control) by extension 'colcon_meta'
[0.178s] Level 1:colcon.colcon_core.package_identification:_identify(src/falcon_control) by extensions ['ros']
[0.178s] Level 1:colcon.colcon_core.package_identification:_identify(src/falcon_control) by extension 'ros'
[0.180s] DEBUG:colcon.colcon_core.package_identification:Package 'src/falcon_control' with type 'ros.ament_cmake' and name 'falcon_control'
[0.180s] Level 1:colcon.colcon_core.package_identification:_identify(src/falcon_interfaces) by extensions ['ignore', 'ignore_ament_install']
[0.180s] Level 1:colcon.colcon_core.package_identification:_identify(src/falcon_interfaces) by extension 'ignore'
[0.180s] Level 1:colcon.colcon_core.package_identification:_identify(src/falcon_interfaces) by extension 'ignore_ament_install'
[0.180s] Level 1:colcon.colcon_core.package_identification:_identify(src/falcon_interfaces) by extensions ['colcon_pkg']
[0.180s] Level 1:colcon.colcon_core.package_identification:_identify(src/falcon_interfaces) by extension 'colcon_pkg'
[0.180s] Level 1:colcon.colcon_core.package_identification:_identify(src/falcon_interfaces) by extensions ['colcon_meta']
[0.180s] Level 1:colcon.colcon_core.package_identification:_identify(src/falcon_interfaces) by extension 'colcon_meta'
[0.180s] Level 1:colcon.colcon_core.package_identification:_identify(src/falcon_interfaces) by extensions ['ros']
[0.180s] Level 1:colcon.colcon_core.package_identification:_identify(src/falcon_interfaces) by extension 'ros'
[0.181s] DEBUG:colcon.colcon_core.package_identification:Package 'src/falcon_interfaces' with type 'ros.ament_cmake' and name 'falcon_interfaces'
[0.181s] Level 1:colcon.colcon_core.package_identification:_identify(src/libnifalcon) by extensions ['ignore', 'ignore_ament_install']
[0.181s] Level 1:colcon.colcon_core.package_identification:_identify(src/libnifalcon) by extension 'ignore'
[0.181s] Level 1:colcon.colcon_core.package_identification:_identify(src/libnifalcon) by extension 'ignore_ament_install'
[0.181s] Level 1:colcon.colcon_core.package_identification:_identify(src/libnifalcon) by extensions ['colcon_pkg']
[0.181s] Level 1:colcon.colcon_core.package_identification:_identify(src/libnifalcon) by extension 'colcon_pkg'
[0.181s] Level 1:colcon.colcon_core.package_identification:_identify(src/libnifalcon) by extensions ['colcon_meta']
[0.181s] Level 1:colcon.colcon_core.package_identification:_identify(src/libnifalcon) by extension 'colcon_meta'
[0.181s] Level 1:colcon.colcon_core.package_identification:_identify(src/libnifalcon) by extensions ['ros']
[0.181s] Level 1:colcon.colcon_core.package_identification:_identify(src/libnifalcon) by extension 'ros'
[0.182s] Level 1:colcon.colcon_core.package_identification:_identify(src/libnifalcon) by extensions ['cmake', 'python']
[0.182s] Level 1:colcon.colcon_core.package_identification:_identify(src/libnifalcon) by extension 'cmake'
[0.192s] Level 1:colcon.colcon_core.package_identification:_identify(src/libnifalcon) by extension 'python'
[0.192s] DEBUG:colcon.colcon_core.package_identification:Package 'src/libnifalcon' with type 'cmake' and name 'LIBNIFALCON'
[0.192s] Level 1:colcon.colcon_core.package_identification:_identify(src/megarover_samples_ros2) by extensions ['ignore', 'ignore_ament_install']
[0.192s] Level 1:colcon.colcon_core.package_identification:_identify(src/megarover_samples_ros2) by extension 'ignore'
[0.192s] Level 1:colcon.colcon_core.package_identification:_identify(src/megarover_samples_ros2) by extension 'ignore_ament_install'
[0.192s] Level 1:colcon.colcon_core.package_identification:_identify(src/megarover_samples_ros2) by extensions ['colcon_pkg']
[0.192s] Level 1:colcon.colcon_core.package_identification:_identify(src/megarover_samples_ros2) by extension 'colcon_pkg'
[0.192s] Level 1:colcon.colcon_core.package_identification:_identify(src/megarover_samples_ros2) by extensions ['colcon_meta']
[0.192s] Level 1:colcon.colcon_core.package_identification:_identify(src/megarover_samples_ros2) by extension 'colcon_meta'
[0.192s] Level 1:colcon.colcon_core.package_identification:_identify(src/megarover_samples_ros2) by extensions ['ros']
[0.192s] Level 1:colcon.colcon_core.package_identification:_identify(src/megarover_samples_ros2) by extension 'ros'
[0.193s] DEBUG:colcon.colcon_core.package_identification:Package 'src/megarover_samples_ros2' with type 'ros.ament_cmake' and name 'megarover_samples_ros2'
[0.193s] Level 1:colcon.colcon_core.package_identification:_identify(src/urdf_tutorial-ros2) by extensions ['ignore', 'ignore_ament_install']
[0.193s] Level 1:colcon.colcon_core.package_identification:_identify(src/urdf_tutorial-ros2) by extension 'ignore'
[0.193s] Level 1:colcon.colcon_core.package_identification:_identify(src/urdf_tutorial-ros2) by extension 'ignore_ament_install'
[0.193s] Level 1:colcon.colcon_core.package_identification:_identify(src/urdf_tutorial-ros2) by extensions ['colcon_pkg']
[0.194s] Level 1:colcon.colcon_core.package_identification:_identify(src/urdf_tutorial-ros2) by extension 'colcon_pkg'
[0.194s] Level 1:colcon.colcon_core.package_identification:_identify(src/urdf_tutorial-ros2) by extensions ['colcon_meta']
[0.194s] Level 1:colcon.colcon_core.package_identification:_identify(src/urdf_tutorial-ros2) by extension 'colcon_meta'
[0.194s] Level 1:colcon.colcon_core.package_identification:_identify(src/urdf_tutorial-ros2) by extensions ['ros']
[0.194s] Level 1:colcon.colcon_core.package_identification:_identify(src/urdf_tutorial-ros2) by extension 'ros'
[0.194s] DEBUG:colcon.colcon_core.package_identification:Package 'src/urdf_tutorial-ros2' with type 'ros.ament_cmake' and name 'urdf_tutorial'
[0.194s] Level 1:colcon.colcon_core.package_discovery:discover_packages(recursive) using defaults
[0.194s] Level 1:colcon.colcon_core.package_discovery:discover_packages(ignore) discover
[0.194s] Level 1:colcon.colcon_core.package_discovery:discover_packages(ignore) using defaults
[0.194s] Level 1:colcon.colcon_core.package_discovery:discover_packages(path) discover
[0.194s] Level 1:colcon.colcon_core.package_discovery:discover_packages(path) using defaults
[0.213s] INFO:colcon.colcon_core.package_selection:Skipping not selected package 'LIBNIFALCON' in 'src/libnifalcon'
[0.213s] INFO:colcon.colcon_core.package_selection:Skipping not selected package 'falcon_interfaces' in 'src/falcon_interfaces'
[0.213s] INFO:colcon.colcon_core.package_selection:Skipping not selected package 'urdf_tutorial' in 'src/urdf_tutorial-ros2'
[0.213s] INFO:colcon.colcon_core.package_selection:Skipping not selected package 'megarover_samples_ros2' in 'src/megarover_samples_ros2'
[0.214s] Level 1:colcon.colcon_core.package_discovery:discover_packages(prefix_path) check parameters
[0.214s] Level 1:colcon.colcon_core.package_discovery:discover_packages(prefix_path) discover
[0.218s] DEBUG:colcon.colcon_installed_package_information.package_discovery:Found 15 installed packages in /home/ayumayume/turtlebot3_ws/install
[0.219s] DEBUG:colcon.colcon_installed_package_information.package_discovery:Found 2 installed packages in /home/ayumayume/test_cpp/install
[0.220s] DEBUG:colcon.colcon_installed_package_information.package_discovery:Found 1 installed packages in /home/ayumayume/open_topic/test_build_lib/install
[0.221s] DEBUG:colcon.colcon_installed_package_information.package_discovery:Found 5 installed packages in /home/ayumayume/ROS2_Y3_2/mobile_robot_inclass/install
[0.222s] DEBUG:colcon.colcon_installed_package_information.package_discovery:Found 1 installed packages in /home/ayumayume/ROS2_Directory/velocity_example/install
[0.224s] DEBUG:colcon.colcon_installed_package_information.package_discovery:Found 1 installed packages in /home/ayumayume/ROS2_Directory/lab4_ws/install
[0.225s] DEBUG:colcon.colcon_installed_package_information.package_discovery:Found 1 installed packages in /home/ayumayume/ROS2_Directory/lab3_example/install
[0.226s] DEBUG:colcon.colcon_installed_package_information.package_discovery:Found 1 installed packages in /home/ayumayume/ROS2_Directory/fra333_lab2_ex/install
[0.227s] DEBUG:colcon.colcon_installed_package_information.package_discovery:Found 2 installed packages in /home/ayumayume/ROS2_Directory/lab1_ws/install
[0.228s] DEBUG:colcon.colcon_installed_package_information.package_discovery:Found 1 installed packages in /home/ayumayume/ROS2_Directory/pun_ws/install
[0.229s] DEBUG:colcon.colcon_installed_package_information.package_discovery:Found 3 installed packages in /home/ayumayume/MBSE/for_seding_v1/install
[0.230s] DEBUG:colcon.colcon_installed_package_information.package_discovery:Found 3 installed packages in /home/ayumayume/ROS2_Directory/lab2_ws/install
[0.231s] DEBUG:colcon.colcon_installed_package_information.package_discovery:Found 1 installed packages in /home/ayumayume/ROS2_Directory/lab3_ws/install
[0.232s] DEBUG:colcon.colcon_installed_package_information.package_discovery:Found 18 installed packages in /home/ayumayume/open_topic/falcon_ros2/install
[0.235s] DEBUG:colcon.colcon_installed_package_information.package_discovery:Found 337 installed packages in /opt/ros/foxy
[0.236s] Level 1:colcon.colcon_core.package_discovery:discover_packages(prefix_path) using defaults
[0.304s] Level 5:colcon.colcon_core.verb:set package 'falcon_control' build argument 'cmake_args' from command line to 'None'
[0.304s] Level 5:colcon.colcon_core.verb:set package 'falcon_control' build argument 'cmake_target' from command line to 'None'
[0.304s] Level 5:colcon.colcon_core.verb:set package 'falcon_control' build argument 'cmake_target_skip_unavailable' from command line to 'False'
[0.304s] Level 5:colcon.colcon_core.verb:set package 'falcon_control' build argument 'cmake_clean_cache' from command line to 'False'
[0.304s] Level 5:colcon.colcon_core.verb:set package 'falcon_control' build argument 'cmake_clean_first' from command line to 'False'
[0.304s] Level 5:colcon.colcon_core.verb:set package 'falcon_control' build argument 'cmake_force_configure' from command line to 'False'
[0.304s] Level 5:colcon.colcon_core.verb:set package 'falcon_control' build argument 'ament_cmake_args' from command line to 'None'
[0.304s] Level 5:colcon.colcon_core.verb:set package 'falcon_control' build argument 'catkin_cmake_args' from command line to 'None'
[0.304s] Level 5:colcon.colcon_core.verb:set package 'falcon_control' build argument 'catkin_skip_building_tests' from command line to 'False'
[0.304s] DEBUG:colcon.colcon_core.verb:Building package 'falcon_control' with the following arguments: {'ament_cmake_args': None, 'build_base': '/home/ayumayume/ROS2_Y3_2/mobile_robot_inclass/build/falcon_control', 'catkin_cmake_args': None, 'catkin_skip_building_tests': False, 'cmake_args': None, 'cmake_clean_cache': False, 'cmake_clean_first': False, 'cmake_force_configure': False, 'cmake_target': None, 'cmake_target_skip_unavailable': False, 'install_base': '/home/ayumayume/ROS2_Y3_2/mobile_robot_inclass/install/falcon_control', 'merge_install': False, 'path': '/home/ayumayume/ROS2_Y3_2/mobile_robot_inclass/src/falcon_control', 'symlink_install': False, 'test_result_base': None}
[0.305s] INFO:colcon.colcon_core.executor:Executing jobs using 'parallel' executor
[0.309s] DEBUG:colcon.colcon_parallel_executor.executor.parallel:run_until_complete
[0.310s] INFO:colcon.colcon_ros.task.ament_cmake.build:Building ROS package in '/home/ayumayume/ROS2_Y3_2/mobile_robot_inclass/src/falcon_control' with build type 'ament_cmake'
[0.310s] INFO:colcon.colcon_cmake.task.cmake.build:Building CMake package in '/home/ayumayume/ROS2_Y3_2/mobile_robot_inclass/src/falcon_control'
[0.314s] INFO:colcon.colcon_core.plugin_system:Skipping extension 'colcon_core.shell.bat': Not used on non-Windows systems
[0.315s] INFO:colcon.colcon_core.shell:Skip shell extension 'powershell' for command environment: Not usable outside of PowerShell
[0.315s] DEBUG:colcon.colcon_core.shell:Skip shell extension 'dsv' for command environment
[0.342s] DEBUG:colcon.colcon_core.event_handler.log_command:Invoking command in '/home/ayumayume/ROS2_Y3_2/mobile_robot_inclass/build/falcon_control': AMENT_PREFIX_PATH=/home/ayumayume/ROS2_Y3_2/mobile_robot_inclass/install/falcon_interfaces:${AMENT_PREFIX_PATH} CMAKE_PREFIX_PATH=/home/ayumayume/ROS2_Y3_2/mobile_robot_inclass/install/falcon_interfaces:/home/ayumayume/ROS2_Y3_2/mobile_robot_inclass/install/urdf_tutorial:/home/ayumayume/ROS2_Y3_2/mobile_robot_inclass/install/megarover_samples_ros2:/home/ayumayume/turtlebot3_ws/install/turtlebot3:/home/ayumayume/turtlebot3_ws/install/turtlebot3_simulations:/home/ayumayume/turtlebot3_ws/install/turtlebot3_bringup:/home/ayumayume/turtlebot3_ws/install/turtlebot3_node:/home/ayumayume/turtlebot3_ws/install/turtlebot3_navigation2:/home/ayumayume/turtlebot3_ws/install/turtlebot3_fake_node:/home/ayumayume/turtlebot3_ws/install/turtlebot3_msgs:/home/ayumayume/turtlebot3_ws/install/turtlebot3_gazebo:/home/ayumayume/turtlebot3_ws/install/turtlebot3_description:/home/ayumayume/turtlebot3_ws/install/turtlebot3_cartographer:/home/ayumayume/turtlebot3_ws/install/dynamixel_sdk_examples:/home/ayumayume/turtlebot3_ws/install/dynamixel_sdk_custom_interfaces:/home/ayumayume/turtlebot3_ws/install/dynamixel_sdk:/home/ayumayume/test_cpp/install/tutorial_interfaces:/home/ayumayume/test_cpp/install/cpp_pubsub:/home/ayumayume/open_topic/falcon_ros2/install/turtlebot3:/home/ayumayume/open_topic/falcon_ros2/install/turtlebot3_simulations:/home/ayumayume/open_topic/falcon_ros2/install/turtlebot3_bringup:/home/ayumayume/open_topic/falcon_ros2/install/turtlebot3_node:/home/ayumayume/open_topic/falcon_ros2/install/turtlebot3_navigation2:/home/ayumayume/open_topic/falcon_ros2/install/turtlebot3_fake_node:/home/ayumayume/open_topic/falcon_ros2/install/turtlebot3_msgs:/home/ayumayume/open_topic/falcon_ros2/install/turtlebot3_gazebo:/home/ayumayume/open_topic/falcon_ros2/install/turtlebot3_description:/home/ayumayume/open_topic/falcon_ros2/install/turtlebot3_cartographer:/home/ayumayume/open_topic/falcon_ros2/install/falcon_control:/home/ayumayume/open_topic/falcon_ros2/install/falcon_interfaces:/home/ayumayume/open_topic/falcon_ros2/install/dynamixel_sdk_examples:/home/ayumayume/open_topic/falcon_ros2/install/dynamixel_sdk_custom_interfaces:/home/ayumayume/open_topic/falcon_ros2/install/dynamixel_sdk:/home/ayumayume/ROS2_Directory/lab2_ws/install/openmanip_kinematics_interfaces:/home/ayumayume/ROS2_Directory/lab2_ws/install/openmanip_kinematics:/home/ayumayume/ROS2_Directory/lab2_ws/install/openmanip_description:/home/ayumayume/ROS2_Directory/velocity_example/install/ros2_control_demo_3r_robot:/home/ayumayume/ROS2_Directory/lab4_ws/install/ros2_control_6dof_lab4:/home/ayumayume/ROS2_Directory/lab3_example/install/ros2_control_demo_3r_robot:/home/ayumayume/ROS2_Directory/fra333_lab2_ex/install/fra333_lab1:/home/ayumayume/ROS2_Directory/lab1_ws/install/lab1_interfaces:/home/ayumayume/ROS2_Directory/lab1_ws/install/fra333_lab1_31:/home/ayumayume/ROS2_Directory/pun_ws/install/my_first_package:/home/ayumayume/MBSE/for_seding_v1/install/xicro_pkg:/home/ayumayume/MBSE/for_seding_v1/install/xicro_interfaces:/home/ayumayume/ROS2_Directory/lab3_ws/install/ros2_control_6dof:/home/ayumayume/turtlebot3_ws/install/turtlebot3_teleop:/home/ayumayume/turtlebot3_ws/install/turtlebot3_example:/home/ayumayume/open_topic/falcon_ros2/install/turtlebot3_teleop:/home/ayumayume/open_topic/falcon_ros2/install/turtlebot3_example:/opt/ros/foxy LD_LIBRARY_PATH=/home/ayumayume/ROS2_Y3_2/mobile_robot_inclass/install/falcon_interfaces/lib:${LD_LIBRARY_PATH} PYTHONPATH=/home/ayumayume/ROS2_Y3_2/mobile_robot_inclass/install/falcon_interfaces/lib/python3.8/site-packages:${PYTHONPATH} /usr/bin/cmake /home/ayumayume/ROS2_Y3_2/mobile_robot_inclass/src/falcon_control -DCMAKE_INSTALL_PREFIX=/home/ayumayume/ROS2_Y3_2/mobile_robot_inclass/install/falcon_control
[0.972s] DEBUG:colcon.colcon_core.event_handler.log_command:Invoked command in '/home/ayumayume/ROS2_Y3_2/mobile_robot_inclass/build/falcon_control' returned '0': AMENT_PREFIX_PATH=/home/ayumayume/ROS2_Y3_2/mobile_robot_inclass/install/falcon_interfaces:${AMENT_PREFIX_PATH} CMAKE_PREFIX_PATH=/home/ayumayume/ROS2_Y3_2/mobile_robot_inclass/install/falcon_interfaces:/home/ayumayume/ROS2_Y3_2/mobile_robot_inclass/install/urdf_tutorial:/home/ayumayume/ROS2_Y3_2/mobile_robot_inclass/install/megarover_samples_ros2:/home/ayumayume/turtlebot3_ws/install/turtlebot3:/home/ayumayume/turtlebot3_ws/install/turtlebot3_simulations:/home/ayumayume/turtlebot3_ws/install/turtlebot3_bringup:/home/ayumayume/turtlebot3_ws/install/turtlebot3_node:/home/ayumayume/turtlebot3_ws/install/turtlebot3_navigation2:/home/ayumayume/turtlebot3_ws/install/turtlebot3_fake_node:/home/ayumayume/turtlebot3_ws/install/turtlebot3_msgs:/home/ayumayume/turtlebot3_ws/install/turtlebot3_gazebo:/home/ayumayume/turtlebot3_ws/install/turtlebot3_description:/home/ayumayume/turtlebot3_ws/install/turtlebot3_cartographer:/home/ayumayume/turtlebot3_ws/install/dynamixel_sdk_examples:/home/ayumayume/turtlebot3_ws/install/dynamixel_sdk_custom_interfaces:/home/ayumayume/turtlebot3_ws/install/dynamixel_sdk:/home/ayumayume/test_cpp/install/tutorial_interfaces:/home/ayumayume/test_cpp/install/cpp_pubsub:/home/ayumayume/open_topic/falcon_ros2/install/turtlebot3:/home/ayumayume/open_topic/falcon_ros2/install/turtlebot3_simulations:/home/ayumayume/open_topic/falcon_ros2/install/turtlebot3_bringup:/home/ayumayume/open_topic/falcon_ros2/install/turtlebot3_node:/home/ayumayume/open_topic/falcon_ros2/install/turtlebot3_navigation2:/home/ayumayume/open_topic/falcon_ros2/install/turtlebot3_fake_node:/home/ayumayume/open_topic/falcon_ros2/install/turtlebot3_msgs:/home/ayumayume/open_topic/falcon_ros2/install/turtlebot3_gazebo:/home/ayumayume/open_topic/falcon_ros2/install/turtlebot3_description:/home/ayumayume/open_topic/falcon_ros2/install/turtlebot3_cartographer:/home/ayumayume/open_topic/falcon_ros2/install/falcon_control:/home/ayumayume/open_topic/falcon_ros2/install/falcon_interfaces:/home/ayumayume/open_topic/falcon_ros2/install/dynamixel_sdk_examples:/home/ayumayume/open_topic/falcon_ros2/install/dynamixel_sdk_custom_interfaces:/home/ayumayume/open_topic/falcon_ros2/install/dynamixel_sdk:/home/ayumayume/ROS2_Directory/lab2_ws/install/openmanip_kinematics_interfaces:/home/ayumayume/ROS2_Directory/lab2_ws/install/openmanip_kinematics:/home/ayumayume/ROS2_Directory/lab2_ws/install/openmanip_description:/home/ayumayume/ROS2_Directory/velocity_example/install/ros2_control_demo_3r_robot:/home/ayumayume/ROS2_Directory/lab4_ws/install/ros2_control_6dof_lab4:/home/ayumayume/ROS2_Directory/lab3_example/install/ros2_control_demo_3r_robot:/home/ayumayume/ROS2_Directory/fra333_lab2_ex/install/fra333_lab1:/home/ayumayume/ROS2_Directory/lab1_ws/install/lab1_interfaces:/home/ayumayume/ROS2_Directory/lab1_ws/install/fra333_lab1_31:/home/ayumayume/ROS2_Directory/pun_ws/install/my_first_package:/home/ayumayume/MBSE/for_seding_v1/install/xicro_pkg:/home/ayumayume/MBSE/for_seding_v1/install/xicro_interfaces:/home/ayumayume/ROS2_Directory/lab3_ws/install/ros2_control_6dof:/home/ayumayume/turtlebot3_ws/install/turtlebot3_teleop:/home/ayumayume/turtlebot3_ws/install/turtlebot3_example:/home/ayumayume/open_topic/falcon_ros2/install/turtlebot3_teleop:/home/ayumayume/open_topic/falcon_ros2/install/turtlebot3_example:/opt/ros/foxy LD_LIBRARY_PATH=/home/ayumayume/ROS2_Y3_2/mobile_robot_inclass/install/falcon_interfaces/lib:${LD_LIBRARY_PATH} PYTHONPATH=/home/ayumayume/ROS2_Y3_2/mobile_robot_inclass/install/falcon_interfaces/lib/python3.8/site-packages:${PYTHONPATH} /usr/bin/cmake /home/ayumayume/ROS2_Y3_2/mobile_robot_inclass/src/falcon_control -DCMAKE_INSTALL_PREFIX=/home/ayumayume/ROS2_Y3_2/mobile_robot_inclass/install/falcon_control
[0.973s] DEBUG:colcon.colcon_core.event_handler.log_command:Invoking command in '/home/ayumayume/ROS2_Y3_2/mobile_robot_inclass/build/falcon_control': AMENT_PREFIX_PATH=/home/ayumayume/ROS2_Y3_2/mobile_robot_inclass/install/falcon_interfaces:${AMENT_PREFIX_PATH} CMAKE_PREFIX_PATH=/home/ayumayume/ROS2_Y3_2/mobile_robot_inclass/install/falcon_interfaces:/home/ayumayume/ROS2_Y3_2/mobile_robot_inclass/install/urdf_tutorial:/home/ayumayume/ROS2_Y3_2/mobile_robot_inclass/install/megarover_samples_ros2:/home/ayumayume/turtlebot3_ws/install/turtlebot3:/home/ayumayume/turtlebot3_ws/install/turtlebot3_simulations:/home/ayumayume/turtlebot3_ws/install/turtlebot3_bringup:/home/ayumayume/turtlebot3_ws/install/turtlebot3_node:/home/ayumayume/turtlebot3_ws/install/turtlebot3_navigation2:/home/ayumayume/turtlebot3_ws/install/turtlebot3_fake_node:/home/ayumayume/turtlebot3_ws/install/turtlebot3_msgs:/home/ayumayume/turtlebot3_ws/install/turtlebot3_gazebo:/home/ayumayume/turtlebot3_ws/install/turtlebot3_description:/home/ayumayume/turtlebot3_ws/install/turtlebot3_cartographer:/home/ayumayume/turtlebot3_ws/install/dynamixel_sdk_examples:/home/ayumayume/turtlebot3_ws/install/dynamixel_sdk_custom_interfaces:/home/ayumayume/turtlebot3_ws/install/dynamixel_sdk:/home/ayumayume/test_cpp/install/tutorial_interfaces:/home/ayumayume/test_cpp/install/cpp_pubsub:/home/ayumayume/open_topic/falcon_ros2/install/turtlebot3:/home/ayumayume/open_topic/falcon_ros2/install/turtlebot3_simulations:/home/ayumayume/open_topic/falcon_ros2/install/turtlebot3_bringup:/home/ayumayume/open_topic/falcon_ros2/install/turtlebot3_node:/home/ayumayume/open_topic/falcon_ros2/install/turtlebot3_navigation2:/home/ayumayume/open_topic/falcon_ros2/install/turtlebot3_fake_node:/home/ayumayume/open_topic/falcon_ros2/install/turtlebot3_msgs:/home/ayumayume/open_topic/falcon_ros2/install/turtlebot3_gazebo:/home/ayumayume/open_topic/falcon_ros2/install/turtlebot3_description:/home/ayumayume/open_topic/falcon_ros2/install/turtlebot3_cartographer:/home/ayumayume/open_topic/falcon_ros2/install/falcon_control:/home/ayumayume/open_topic/falcon_ros2/install/falcon_interfaces:/home/ayumayume/open_topic/falcon_ros2/install/dynamixel_sdk_examples:/home/ayumayume/open_topic/falcon_ros2/install/dynamixel_sdk_custom_interfaces:/home/ayumayume/open_topic/falcon_ros2/install/dynamixel_sdk:/home/ayumayume/ROS2_Directory/lab2_ws/install/openmanip_kinematics_interfaces:/home/ayumayume/ROS2_Directory/lab2_ws/install/openmanip_kinematics:/home/ayumayume/ROS2_Directory/lab2_ws/install/openmanip_description:/home/ayumayume/ROS2_Directory/velocity_example/install/ros2_control_demo_3r_robot:/home/ayumayume/ROS2_Directory/lab4_ws/install/ros2_control_6dof_lab4:/home/ayumayume/ROS2_Directory/lab3_example/install/ros2_control_demo_3r_robot:/home/ayumayume/ROS2_Directory/fra333_lab2_ex/install/fra333_lab1:/home/ayumayume/ROS2_Directory/lab1_ws/install/lab1_interfaces:/home/ayumayume/ROS2_Directory/lab1_ws/install/fra333_lab1_31:/home/ayumayume/ROS2_Directory/pun_ws/install/my_first_package:/home/ayumayume/MBSE/for_seding_v1/install/xicro_pkg:/home/ayumayume/MBSE/for_seding_v1/install/xicro_interfaces:/home/ayumayume/ROS2_Directory/lab3_ws/install/ros2_control_6dof:/home/ayumayume/turtlebot3_ws/install/turtlebot3_teleop:/home/ayumayume/turtlebot3_ws/install/turtlebot3_example:/home/ayumayume/open_topic/falcon_ros2/install/turtlebot3_teleop:/home/ayumayume/open_topic/falcon_ros2/install/turtlebot3_example:/opt/ros/foxy LD_LIBRARY_PATH=/home/ayumayume/ROS2_Y3_2/mobile_robot_inclass/install/falcon_interfaces/lib:${LD_LIBRARY_PATH} PYTHONPATH=/home/ayumayume/ROS2_Y3_2/mobile_robot_inclass/install/falcon_interfaces/lib/python3.8/site-packages:${PYTHONPATH} /usr/bin/cmake --build /home/ayumayume/ROS2_Y3_2/mobile_robot_inclass/build/falcon_control -- -j12 -l12
[1.031s] DEBUG:colcon.colcon_core.event_handler.log_command:Invoked command in '/home/ayumayume/ROS2_Y3_2/mobile_robot_inclass/build/falcon_control' returned '0': AMENT_PREFIX_PATH=/home/ayumayume/ROS2_Y3_2/mobile_robot_inclass/install/falcon_interfaces:${AMENT_PREFIX_PATH} CMAKE_PREFIX_PATH=/home/ayumayume/ROS2_Y3_2/mobile_robot_inclass/install/falcon_interfaces:/home/ayumayume/ROS2_Y3_2/mobile_robot_inclass/install/urdf_tutorial:/home/ayumayume/ROS2_Y3_2/mobile_robot_inclass/install/megarover_samples_ros2:/home/ayumayume/turtlebot3_ws/install/turtlebot3:/home/ayumayume/turtlebot3_ws/install/turtlebot3_simulations:/home/ayumayume/turtlebot3_ws/install/turtlebot3_bringup:/home/ayumayume/turtlebot3_ws/install/turtlebot3_node:/home/ayumayume/turtlebot3_ws/install/turtlebot3_navigation2:/home/ayumayume/turtlebot3_ws/install/turtlebot3_fake_node:/home/ayumayume/turtlebot3_ws/install/turtlebot3_msgs:/home/ayumayume/turtlebot3_ws/install/turtlebot3_gazebo:/home/ayumayume/turtlebot3_ws/install/turtlebot3_description:/home/ayumayume/turtlebot3_ws/install/turtlebot3_cartographer:/home/ayumayume/turtlebot3_ws/install/dynamixel_sdk_examples:/home/ayumayume/turtlebot3_ws/install/dynamixel_sdk_custom_interfaces:/home/ayumayume/turtlebot3_ws/install/dynamixel_sdk:/home/ayumayume/test_cpp/install/tutorial_interfaces:/home/ayumayume/test_cpp/install/cpp_pubsub:/home/ayumayume/open_topic/falcon_ros2/install/turtlebot3:/home/ayumayume/open_topic/falcon_ros2/install/turtlebot3_simulations:/home/ayumayume/open_topic/falcon_ros2/install/turtlebot3_bringup:/home/ayumayume/open_topic/falcon_ros2/install/turtlebot3_node:/home/ayumayume/open_topic/falcon_ros2/install/turtlebot3_navigation2:/home/ayumayume/open_topic/falcon_ros2/install/turtlebot3_fake_node:/home/ayumayume/open_topic/falcon_ros2/install/turtlebot3_msgs:/home/ayumayume/open_topic/falcon_ros2/install/turtlebot3_gazebo:/home/ayumayume/open_topic/falcon_ros2/install/turtlebot3_description:/home/ayumayume/open_topic/falcon_ros2/install/turtlebot3_cartographer:/home/ayumayume/open_topic/falcon_ros2/install/falcon_control:/home/ayumayume/open_topic/falcon_ros2/install/falcon_interfaces:/home/ayumayume/open_topic/falcon_ros2/install/dynamixel_sdk_examples:/home/ayumayume/open_topic/falcon_ros2/install/dynamixel_sdk_custom_interfaces:/home/ayumayume/open_topic/falcon_ros2/install/dynamixel_sdk:/home/ayumayume/ROS2_Directory/lab2_ws/install/openmanip_kinematics_interfaces:/home/ayumayume/ROS2_Directory/lab2_ws/install/openmanip_kinematics:/home/ayumayume/ROS2_Directory/lab2_ws/install/openmanip_description:/home/ayumayume/ROS2_Directory/velocity_example/install/ros2_control_demo_3r_robot:/home/ayumayume/ROS2_Directory/lab4_ws/install/ros2_control_6dof_lab4:/home/ayumayume/ROS2_Directory/lab3_example/install/ros2_control_demo_3r_robot:/home/ayumayume/ROS2_Directory/fra333_lab2_ex/install/fra333_lab1:/home/ayumayume/ROS2_Directory/lab1_ws/install/lab1_interfaces:/home/ayumayume/ROS2_Directory/lab1_ws/install/fra333_lab1_31:/home/ayumayume/ROS2_Directory/pun_ws/install/my_first_package:/home/ayumayume/MBSE/for_seding_v1/install/xicro_pkg:/home/ayumayume/MBSE/for_seding_v1/install/xicro_interfaces:/home/ayumayume/ROS2_Directory/lab3_ws/install/ros2_control_6dof:/home/ayumayume/turtlebot3_ws/install/turtlebot3_teleop:/home/ayumayume/turtlebot3_ws/install/turtlebot3_example:/home/ayumayume/open_topic/falcon_ros2/install/turtlebot3_teleop:/home/ayumayume/open_topic/falcon_ros2/install/turtlebot3_example:/opt/ros/foxy LD_LIBRARY_PATH=/home/ayumayume/ROS2_Y3_2/mobile_robot_inclass/install/falcon_interfaces/lib:${LD_LIBRARY_PATH} PYTHONPATH=/home/ayumayume/ROS2_Y3_2/mobile_robot_inclass/install/falcon_interfaces/lib/python3.8/site-packages:${PYTHONPATH} /usr/bin/cmake --build /home/ayumayume/ROS2_Y3_2/mobile_robot_inclass/build/falcon_control -- -j12 -l12
[1.062s] DEBUG:colcon.colcon_core.event_handler.log_command:Invoking command in '/home/ayumayume/ROS2_Y3_2/mobile_robot_inclass/build/falcon_control': AMENT_PREFIX_PATH=/home/ayumayume/ROS2_Y3_2/mobile_robot_inclass/install/falcon_interfaces:${AMENT_PREFIX_PATH} CMAKE_PREFIX_PATH=/home/ayumayume/ROS2_Y3_2/mobile_robot_inclass/install/falcon_interfaces:/home/ayumayume/ROS2_Y3_2/mobile_robot_inclass/install/urdf_tutorial:/home/ayumayume/ROS2_Y3_2/mobile_robot_inclass/install/megarover_samples_ros2:/home/ayumayume/turtlebot3_ws/install/turtlebot3:/home/ayumayume/turtlebot3_ws/install/turtlebot3_simulations:/home/ayumayume/turtlebot3_ws/install/turtlebot3_bringup:/home/ayumayume/turtlebot3_ws/install/turtlebot3_node:/home/ayumayume/turtlebot3_ws/install/turtlebot3_navigation2:/home/ayumayume/turtlebot3_ws/install/turtlebot3_fake_node:/home/ayumayume/turtlebot3_ws/install/turtlebot3_msgs:/home/ayumayume/turtlebot3_ws/install/turtlebot3_gazebo:/home/ayumayume/turtlebot3_ws/install/turtlebot3_description:/home/ayumayume/turtlebot3_ws/install/turtlebot3_cartographer:/home/ayumayume/turtlebot3_ws/install/dynamixel_sdk_examples:/home/ayumayume/turtlebot3_ws/install/dynamixel_sdk_custom_interfaces:/home/ayumayume/turtlebot3_ws/install/dynamixel_sdk:/home/ayumayume/test_cpp/install/tutorial_interfaces:/home/ayumayume/test_cpp/install/cpp_pubsub:/home/ayumayume/open_topic/falcon_ros2/install/turtlebot3:/home/ayumayume/open_topic/falcon_ros2/install/turtlebot3_simulations:/home/ayumayume/open_topic/falcon_ros2/install/turtlebot3_bringup:/home/ayumayume/open_topic/falcon_ros2/install/turtlebot3_node:/home/ayumayume/open_topic/falcon_ros2/install/turtlebot3_navigation2:/home/ayumayume/open_topic/falcon_ros2/install/turtlebot3_fake_node:/home/ayumayume/open_topic/falcon_ros2/install/turtlebot3_msgs:/home/ayumayume/open_topic/falcon_ros2/install/turtlebot3_gazebo:/home/ayumayume/open_topic/falcon_ros2/install/turtlebot3_description:/home/ayumayume/open_topic/falcon_ros2/install/turtlebot3_cartographer:/home/ayumayume/open_topic/falcon_ros2/install/falcon_control:/home/ayumayume/open_topic/falcon_ros2/install/falcon_interfaces:/home/ayumayume/open_topic/falcon_ros2/install/dynamixel_sdk_examples:/home/ayumayume/open_topic/falcon_ros2/install/dynamixel_sdk_custom_interfaces:/home/ayumayume/open_topic/falcon_ros2/install/dynamixel_sdk:/home/ayumayume/ROS2_Directory/lab2_ws/install/openmanip_kinematics_interfaces:/home/ayumayume/ROS2_Directory/lab2_ws/install/openmanip_kinematics:/home/ayumayume/ROS2_Directory/lab2_ws/install/openmanip_description:/home/ayumayume/ROS2_Directory/velocity_example/install/ros2_control_demo_3r_robot:/home/ayumayume/ROS2_Directory/lab4_ws/install/ros2_control_6dof_lab4:/home/ayumayume/ROS2_Directory/lab3_example/install/ros2_control_demo_3r_robot:/home/ayumayume/ROS2_Directory/fra333_lab2_ex/install/fra333_lab1:/home/ayumayume/ROS2_Directory/lab1_ws/install/lab1_interfaces:/home/ayumayume/ROS2_Directory/lab1_ws/install/fra333_lab1_31:/home/ayumayume/ROS2_Directory/pun_ws/install/my_first_package:/home/ayumayume/MBSE/for_seding_v1/install/xicro_pkg:/home/ayumayume/MBSE/for_seding_v1/install/xicro_interfaces:/home/ayumayume/ROS2_Directory/lab3_ws/install/ros2_control_6dof:/home/ayumayume/turtlebot3_ws/install/turtlebot3_teleop:/home/ayumayume/turtlebot3_ws/install/turtlebot3_example:/home/ayumayume/open_topic/falcon_ros2/install/turtlebot3_teleop:/home/ayumayume/open_topic/falcon_ros2/install/turtlebot3_example:/opt/ros/foxy LD_LIBRARY_PATH=/home/ayumayume/ROS2_Y3_2/mobile_robot_inclass/install/falcon_interfaces/lib:${LD_LIBRARY_PATH} PYTHONPATH=/home/ayumayume/ROS2_Y3_2/mobile_robot_inclass/install/falcon_interfaces/lib/python3.8/site-packages:${PYTHONPATH} /usr/bin/cmake --install /home/ayumayume/ROS2_Y3_2/mobile_robot_inclass/build/falcon_control
[1.129s] Level 1:colcon.colcon_core.environment:create_environment_scripts_only(falcon_control)
[1.131s] DEBUG:colcon.colcon_core.event_handler.log_command:Invoked command in '/home/ayumayume/ROS2_Y3_2/mobile_robot_inclass/build/falcon_control' returned '0': AMENT_PREFIX_PATH=/home/ayumayume/ROS2_Y3_2/mobile_robot_inclass/install/falcon_interfaces:${AMENT_PREFIX_PATH} CMAKE_PREFIX_PATH=/home/ayumayume/ROS2_Y3_2/mobile_robot_inclass/install/falcon_interfaces:/home/ayumayume/ROS2_Y3_2/mobile_robot_inclass/install/urdf_tutorial:/home/ayumayume/ROS2_Y3_2/mobile_robot_inclass/install/megarover_samples_ros2:/home/ayumayume/turtlebot3_ws/install/turtlebot3:/home/ayumayume/turtlebot3_ws/install/turtlebot3_simulations:/home/ayumayume/turtlebot3_ws/install/turtlebot3_bringup:/home/ayumayume/turtlebot3_ws/install/turtlebot3_node:/home/ayumayume/turtlebot3_ws/install/turtlebot3_navigation2:/home/ayumayume/turtlebot3_ws/install/turtlebot3_fake_node:/home/ayumayume/turtlebot3_ws/install/turtlebot3_msgs:/home/ayumayume/turtlebot3_ws/install/turtlebot3_gazebo:/home/ayumayume/turtlebot3_ws/install/turtlebot3_description:/home/ayumayume/turtlebot3_ws/install/turtlebot3_cartographer:/home/ayumayume/turtlebot3_ws/install/dynamixel_sdk_examples:/home/ayumayume/turtlebot3_ws/install/dynamixel_sdk_custom_interfaces:/home/ayumayume/turtlebot3_ws/install/dynamixel_sdk:/home/ayumayume/test_cpp/install/tutorial_interfaces:/home/ayumayume/test_cpp/install/cpp_pubsub:/home/ayumayume/open_topic/falcon_ros2/install/turtlebot3:/home/ayumayume/open_topic/falcon_ros2/install/turtlebot3_simulations:/home/ayumayume/open_topic/falcon_ros2/install/turtlebot3_bringup:/home/ayumayume/open_topic/falcon_ros2/install/turtlebot3_node:/home/ayumayume/open_topic/falcon_ros2/install/turtlebot3_navigation2:/home/ayumayume/open_topic/falcon_ros2/install/turtlebot3_fake_node:/home/ayumayume/open_topic/falcon_ros2/install/turtlebot3_msgs:/home/ayumayume/open_topic/falcon_ros2/install/turtlebot3_gazebo:/home/ayumayume/open_topic/falcon_ros2/install/turtlebot3_description:/home/ayumayume/open_topic/falcon_ros2/install/turtlebot3_cartographer:/home/ayumayume/open_topic/falcon_ros2/install/falcon_control:/home/ayumayume/open_topic/falcon_ros2/install/falcon_interfaces:/home/ayumayume/open_topic/falcon_ros2/install/dynamixel_sdk_examples:/home/ayumayume/open_topic/falcon_ros2/install/dynamixel_sdk_custom_interfaces:/home/ayumayume/open_topic/falcon_ros2/install/dynamixel_sdk:/home/ayumayume/ROS2_Directory/lab2_ws/install/openmanip_kinematics_interfaces:/home/ayumayume/ROS2_Directory/lab2_ws/install/openmanip_kinematics:/home/ayumayume/ROS2_Directory/lab2_ws/install/openmanip_description:/home/ayumayume/ROS2_Directory/velocity_example/install/ros2_control_demo_3r_robot:/home/ayumayume/ROS2_Directory/lab4_ws/install/ros2_control_6dof_lab4:/home/ayumayume/ROS2_Directory/lab3_example/install/ros2_control_demo_3r_robot:/home/ayumayume/ROS2_Directory/fra333_lab2_ex/install/fra333_lab1:/home/ayumayume/ROS2_Directory/lab1_ws/install/lab1_interfaces:/home/ayumayume/ROS2_Directory/lab1_ws/install/fra333_lab1_31:/home/ayumayume/ROS2_Directory/pun_ws/install/my_first_package:/home/ayumayume/MBSE/for_seding_v1/install/xicro_pkg:/home/ayumayume/MBSE/for_seding_v1/install/xicro_interfaces:/home/ayumayume/ROS2_Directory/lab3_ws/install/ros2_control_6dof:/home/ayumayume/turtlebot3_ws/install/turtlebot3_teleop:/home/ayumayume/turtlebot3_ws/install/turtlebot3_example:/home/ayumayume/open_topic/falcon_ros2/install/turtlebot3_teleop:/home/ayumayume/open_topic/falcon_ros2/install/turtlebot3_example:/opt/ros/foxy LD_LIBRARY_PATH=/home/ayumayume/ROS2_Y3_2/mobile_robot_inclass/install/falcon_interfaces/lib:${LD_LIBRARY_PATH} PYTHONPATH=/home/ayumayume/ROS2_Y3_2/mobile_robot_inclass/install/falcon_interfaces/lib/python3.8/site-packages:${PYTHONPATH} /usr/bin/cmake --install /home/ayumayume/ROS2_Y3_2/mobile_robot_inclass/build/falcon_control
[1.135s] Level 1:colcon.colcon_core.environment:checking '/home/ayumayume/ROS2_Y3_2/mobile_robot_inclass/install/falcon_control' for CMake module files
[1.135s] Level 1:colcon.colcon_core.environment:checking '/home/ayumayume/ROS2_Y3_2/mobile_robot_inclass/install/falcon_control' for CMake config files
[1.135s] Level 1:colcon.colcon_core.shell:create_environment_hook('falcon_control', 'cmake_prefix_path')
[1.137s] INFO:colcon.colcon_core.shell:Creating environment hook '/home/ayumayume/ROS2_Y3_2/mobile_robot_inclass/install/falcon_control/share/falcon_control/hook/cmake_prefix_path.ps1'
[1.138s] INFO:colcon.colcon_core.shell:Creating environment descriptor '/home/ayumayume/ROS2_Y3_2/mobile_robot_inclass/install/falcon_control/share/falcon_control/hook/cmake_prefix_path.dsv'
[1.138s] INFO:colcon.colcon_core.shell:Creating environment hook '/home/ayumayume/ROS2_Y3_2/mobile_robot_inclass/install/falcon_control/share/falcon_control/hook/cmake_prefix_path.sh'
[1.139s] Level 1:colcon.colcon_core.environment:checking '/home/ayumayume/ROS2_Y3_2/mobile_robot_inclass/install/falcon_control/lib'
[1.139s] Level 1:colcon.colcon_core.environment:checking '/home/ayumayume/ROS2_Y3_2/mobile_robot_inclass/install/falcon_control/bin'
[1.139s] Level 1:colcon.colcon_core.environment:checking '/home/ayumayume/ROS2_Y3_2/mobile_robot_inclass/install/falcon_control/lib/pkgconfig/falcon_control.pc'
[1.139s] Level 1:colcon.colcon_core.environment:checking '/home/ayumayume/ROS2_Y3_2/mobile_robot_inclass/install/falcon_control/lib/python3.8/site-packages'
[1.139s] Level 1:colcon.colcon_core.shell:create_environment_hook('falcon_control', 'pythonpath')
[1.141s] INFO:colcon.colcon_core.shell:Creating environment hook '/home/ayumayume/ROS2_Y3_2/mobile_robot_inclass/install/falcon_control/share/falcon_control/hook/pythonpath.ps1'
[1.142s] INFO:colcon.colcon_core.shell:Creating environment descriptor '/home/ayumayume/ROS2_Y3_2/mobile_robot_inclass/install/falcon_control/share/falcon_control/hook/pythonpath.dsv'
[1.142s] INFO:colcon.colcon_core.shell:Creating environment hook '/home/ayumayume/ROS2_Y3_2/mobile_robot_inclass/install/falcon_control/share/falcon_control/hook/pythonpath.sh'
[1.142s] Level 1:colcon.colcon_core.environment:checking '/home/ayumayume/ROS2_Y3_2/mobile_robot_inclass/install/falcon_control/bin'
[1.144s] INFO:colcon.colcon_core.shell:Creating package script '/home/ayumayume/ROS2_Y3_2/mobile_robot_inclass/install/falcon_control/share/falcon_control/package.ps1'
[1.145s] INFO:colcon.colcon_core.shell:Creating package descriptor '/home/ayumayume/ROS2_Y3_2/mobile_robot_inclass/install/falcon_control/share/falcon_control/package.dsv'
[1.145s] INFO:colcon.colcon_core.shell:Creating package script '/home/ayumayume/ROS2_Y3_2/mobile_robot_inclass/install/falcon_control/share/falcon_control/package.sh'
[1.146s] INFO:colcon.colcon_core.shell:Creating package script '/home/ayumayume/ROS2_Y3_2/mobile_robot_inclass/install/falcon_control/share/falcon_control/package.bash'
[1.146s] INFO:colcon.colcon_core.shell:Creating package script '/home/ayumayume/ROS2_Y3_2/mobile_robot_inclass/install/falcon_control/share/falcon_control/package.zsh'
[1.146s] Level 1:colcon.colcon_core.environment:create_file_with_runtime_dependencies(/home/ayumayume/ROS2_Y3_2/mobile_robot_inclass/install/falcon_control/share/colcon-core/packages/falcon_control)
[1.167s] Level 1:colcon.colcon_core.environment:create_environment_scripts_only(falcon_control)
[1.169s] Level 1:colcon.colcon_core.environment:checking '/home/ayumayume/ROS2_Y3_2/mobile_robot_inclass/install/falcon_control' for CMake module files
[1.170s] Level 1:colcon.colcon_core.environment:checking '/home/ayumayume/ROS2_Y3_2/mobile_robot_inclass/install/falcon_control' for CMake config files
[1.170s] Level 1:colcon.colcon_core.shell:create_environment_hook('falcon_control', 'cmake_prefix_path')
[1.172s] INFO:colcon.colcon_core.shell:Creating environment hook '/home/ayumayume/ROS2_Y3_2/mobile_robot_inclass/install/falcon_control/share/falcon_control/hook/cmake_prefix_path.ps1'
[1.172s] INFO:colcon.colcon_core.shell:Creating environment descriptor '/home/ayumayume/ROS2_Y3_2/mobile_robot_inclass/install/falcon_control/share/falcon_control/hook/cmake_prefix_path.dsv'
[1.172s] INFO:colcon.colcon_core.shell:Creating environment hook '/home/ayumayume/ROS2_Y3_2/mobile_robot_inclass/install/falcon_control/share/falcon_control/hook/cmake_prefix_path.sh'
[1.173s] Level 1:colcon.colcon_core.environment:checking '/home/ayumayume/ROS2_Y3_2/mobile_robot_inclass/install/falcon_control/lib'
[1.173s] Level 1:colcon.colcon_core.environment:checking '/home/ayumayume/ROS2_Y3_2/mobile_robot_inclass/install/falcon_control/bin'
[1.173s] Level 1:colcon.colcon_core.environment:checking '/home/ayumayume/ROS2_Y3_2/mobile_robot_inclass/install/falcon_control/lib/pkgconfig/falcon_control.pc'
[1.173s] Level 1:colcon.colcon_core.environment:checking '/home/ayumayume/ROS2_Y3_2/mobile_robot_inclass/install/falcon_control/lib/python3.8/site-packages'
[1.173s] Level 1:colcon.colcon_core.shell:create_environment_hook('falcon_control', 'pythonpath')
[1.175s] INFO:colcon.colcon_core.shell:Creating environment hook '/home/ayumayume/ROS2_Y3_2/mobile_robot_inclass/install/falcon_control/share/falcon_control/hook/pythonpath.ps1'
[1.175s] INFO:colcon.colcon_core.shell:Creating environment descriptor '/home/ayumayume/ROS2_Y3_2/mobile_robot_inclass/install/falcon_control/share/falcon_control/hook/pythonpath.dsv'
[1.176s] INFO:colcon.colcon_core.shell:Creating environment hook '/home/ayumayume/ROS2_Y3_2/mobile_robot_inclass/install/falcon_control/share/falcon_control/hook/pythonpath.sh'
[1.176s] Level 1:colcon.colcon_core.environment:checking '/home/ayumayume/ROS2_Y3_2/mobile_robot_inclass/install/falcon_control/bin'
[1.178s] INFO:colcon.colcon_core.shell:Creating package script '/home/ayumayume/ROS2_Y3_2/mobile_robot_inclass/install/falcon_control/share/falcon_control/package.ps1'
[1.178s] INFO:colcon.colcon_core.shell:Creating package descriptor '/home/ayumayume/ROS2_Y3_2/mobile_robot_inclass/install/falcon_control/share/falcon_control/package.dsv'
[1.178s] INFO:colcon.colcon_core.shell:Creating package script '/home/ayumayume/ROS2_Y3_2/mobile_robot_inclass/install/falcon_control/share/falcon_control/package.sh'
[1.179s] INFO:colcon.colcon_core.shell:Creating package script '/home/ayumayume/ROS2_Y3_2/mobile_robot_inclass/install/falcon_control/share/falcon_control/package.bash'
[1.179s] INFO:colcon.colcon_core.shell:Creating package script '/home/ayumayume/ROS2_Y3_2/mobile_robot_inclass/install/falcon_control/share/falcon_control/package.zsh'
[1.179s] Level 1:colcon.colcon_core.environment:create_file_with_runtime_dependencies(/home/ayumayume/ROS2_Y3_2/mobile_robot_inclass/install/falcon_control/share/colcon-core/packages/falcon_control)
[1.179s] DEBUG:colcon.colcon_parallel_executor.executor.parallel:closing loop
[1.180s] DEBUG:colcon.colcon_parallel_executor.executor.parallel:loop closed
[1.180s] DEBUG:colcon.colcon_parallel_executor.executor.parallel:run_until_complete finished with '0'
[1.180s] DEBUG:colcon.colcon_core.event_reactor:joining thread
[1.184s] INFO:colcon.colcon_core.plugin_system:Skipping extension 'colcon_notification.desktop_notification.terminal_notifier': Not used on non-Darwin systems
[1.184s] INFO:colcon.colcon_core.plugin_system:Skipping extension 'colcon_notification.desktop_notification.win32': Not used on non-Windows systems
[1.184s] INFO:colcon.colcon_notification.desktop_notification:Sending desktop notification using 'notify2'
[1.194s] DEBUG:colcon.colcon_core.event_reactor:joined thread
[1.197s] INFO:colcon.colcon_core.shell:Creating prefix script '/home/ayumayume/ROS2_Y3_2/mobile_robot_inclass/install/local_setup.ps1'
[1.198s] INFO:colcon.colcon_core.shell:Creating prefix util module '/home/ayumayume/ROS2_Y3_2/mobile_robot_inclass/install/_local_setup_util_ps1.py'
[1.199s] INFO:colcon.colcon_core.shell:Creating prefix chain script '/home/ayumayume/ROS2_Y3_2/mobile_robot_inclass/install/setup.ps1'
[1.202s] INFO:colcon.colcon_core.shell:Creating prefix script '/home/ayumayume/ROS2_Y3_2/mobile_robot_inclass/install/local_setup.sh'
[1.202s] INFO:colcon.colcon_core.shell:Creating prefix util module '/home/ayumayume/ROS2_Y3_2/mobile_robot_inclass/install/_local_setup_util_sh.py'
[1.203s] INFO:colcon.colcon_core.shell:Creating prefix chain script '/home/ayumayume/ROS2_Y3_2/mobile_robot_inclass/install/setup.sh'
[1.205s] INFO:colcon.colcon_core.shell:Creating prefix script '/home/ayumayume/ROS2_Y3_2/mobile_robot_inclass/install/local_setup.bash'
[1.205s] INFO:colcon.colcon_core.shell:Creating prefix chain script '/home/ayumayume/ROS2_Y3_2/mobile_robot_inclass/install/setup.bash'
[1.208s] INFO:colcon.colcon_core.shell:Creating prefix script '/home/ayumayume/ROS2_Y3_2/mobile_robot_inclass/install/local_setup.zsh'
[1.209s] INFO:colcon.colcon_core.shell:Creating prefix chain script '/home/ayumayume/ROS2_Y3_2/mobile_robot_inclass/install/setup.zsh'
