[0.056s] Invoking command in '/home/ayumayume/ROS2_Y3_2/mobile_robot_inclass/build/LIBNIFALCON': /usr/bin/cmake --build /home/ayumayume/ROS2_Y3_2/mobile_robot_inclass/build/LIBNIFALCON -- -j12 -l12
[0.097s] [ 18%] Built target nifalcon_STATIC
[0.099s] [ 36%] Built target nifalcon_SHARED
[0.125s] [ 42%] Built target nifalcon_cli_base_STATIC
[0.125s] [ 47%] Built target nifalcon_device_thread_STATIC
[0.129s] [ 52%] Built target findfalcons_multi
[0.129s] [ 57%] Built target nifalcon_cli_base_SHARED
[0.132s] [ 63%] Built target nifalcon_device_thread_SHARED
[0.134s] [ 68%] Built target barrow_mechanics
[0.135s] [ 73%] Built target findfalcons
[0.149s] [ 78%] Built target falcon_led
[0.150s] [100%] Built target falcon_test_cli
[0.176s] Invoked command in '/home/ayumayume/ROS2_Y3_2/mobile_robot_inclass/build/LIBNIFALCON' returned '0': /usr/bin/cmake --build /home/ayumayume/ROS2_Y3_2/mobile_robot_inclass/build/LIBNIFALCON -- -j12 -l12
[0.208s] Invoking command in '/home/ayumayume/ROS2_Y3_2/mobile_robot_inclass/build/LIBNIFALCON': /usr/bin/cmake --install /home/ayumayume/ROS2_Y3_2/mobile_robot_inclass/build/LIBNIFALCON
[0.215s] -- Install configuration: ""
[0.215s] -- Up-to-date: /home/ayumayume/ROS2_Y3_2/mobile_robot_inclass/install/LIBNIFALCON/lib/pkgconfig/libnifalcon.pc
[0.215s] -- Up-to-date: /home/ayumayume/ROS2_Y3_2/mobile_robot_inclass/install/LIBNIFALCON/include/falcon/gmtl
[0.215s] -- Up-to-date: /home/ayumayume/ROS2_Y3_2/mobile_robot_inclass/install/LIBNIFALCON/include/falcon/gmtl/AABoxOps.h
[0.215s] -- Up-to-date: /home/ayumayume/ROS2_Y3_2/mobile_robot_inclass/install/LIBNIFALCON/include/falcon/gmtl/OOBox.h
[0.215s] -- Up-to-date: /home/ayumayume/ROS2_Y3_2/mobile_robot_inclass/install/LIBNIFALCON/include/falcon/gmtl/Intersection.h
[0.215s] -- Up-to-date: /home/ayumayume/ROS2_Y3_2/mobile_robot_inclass/install/LIBNIFALCON/include/falcon/gmtl/gmtl.h
[0.215s] -- Up-to-date: /home/ayumayume/ROS2_Y3_2/mobile_robot_inclass/install/LIBNIFALCON/include/falcon/gmtl/MatrixOps.h
[0.215s] -- Up-to-date: /home/ayumayume/ROS2_Y3_2/mobile_robot_inclass/install/LIBNIFALCON/include/falcon/gmtl/Util
[0.215s] -- Up-to-date: /home/ayumayume/ROS2_Y3_2/mobile_robot_inclass/install/LIBNIFALCON/include/falcon/gmtl/Util/Meta.h
[0.215s] -- Up-to-date: /home/ayumayume/ROS2_Y3_2/mobile_robot_inclass/install/LIBNIFALCON/include/falcon/gmtl/Util/StaticAssert.h
[0.215s] -- Up-to-date: /home/ayumayume/ROS2_Y3_2/mobile_robot_inclass/install/LIBNIFALCON/include/falcon/gmtl/Util/Assert.h
[0.215s] -- Up-to-date: /home/ayumayume/ROS2_Y3_2/mobile_robot_inclass/install/LIBNIFALCON/include/falcon/gmtl/Xforms.h
[0.215s] -- Up-to-date: /home/ayumayume/ROS2_Y3_2/mobile_robot_inclass/install/LIBNIFALCON/include/falcon/gmtl/VecBase.h
[0.216s] -- Up-to-date: /home/ayumayume/ROS2_Y3_2/mobile_robot_inclass/install/LIBNIFALCON/include/falcon/gmtl/CoordOps.h
[0.216s] -- Up-to-date: /home/ayumayume/ROS2_Y3_2/mobile_robot_inclass/install/LIBNIFALCON/include/falcon/gmtl/LineSeg.h
[0.216s] -- Up-to-date: /home/ayumayume/ROS2_Y3_2/mobile_robot_inclass/install/LIBNIFALCON/include/falcon/gmtl/QuatOps.h
[0.216s] -- Up-to-date: /home/ayumayume/ROS2_Y3_2/mobile_robot_inclass/install/LIBNIFALCON/include/falcon/gmtl/Matrix.h
[0.216s] -- Up-to-date: /home/ayumayume/ROS2_Y3_2/mobile_robot_inclass/install/LIBNIFALCON/include/falcon/gmtl/RayOps.h
[0.216s] -- Up-to-date: /home/ayumayume/ROS2_Y3_2/mobile_robot_inclass/install/LIBNIFALCON/include/falcon/gmtl/Comparitors.h
[0.216s] -- Up-to-date: /home/ayumayume/ROS2_Y3_2/mobile_robot_inclass/install/LIBNIFALCON/include/falcon/gmtl/Fit
[0.216s] -- Up-to-date: /home/ayumayume/ROS2_Y3_2/mobile_robot_inclass/install/LIBNIFALCON/include/falcon/gmtl/Fit/GaussPointsFit.h
[0.216s] -- Up-to-date: /home/ayumayume/ROS2_Y3_2/mobile_robot_inclass/install/LIBNIFALCON/include/falcon/gmtl/External
[0.216s] -- Up-to-date: /home/ayumayume/ROS2_Y3_2/mobile_robot_inclass/install/LIBNIFALCON/include/falcon/gmtl/External/OpenSGConvert.h
[0.216s] -- Up-to-date: /home/ayumayume/ROS2_Y3_2/mobile_robot_inclass/install/LIBNIFALCON/include/falcon/gmtl/Ray.h
[0.216s] -- Up-to-date: /home/ayumayume/ROS2_Y3_2/mobile_robot_inclass/install/LIBNIFALCON/include/falcon/gmtl/Sphere.h
[0.216s] -- Up-to-date: /home/ayumayume/ROS2_Y3_2/mobile_robot_inclass/install/LIBNIFALCON/include/falcon/gmtl/TriOps.h
[0.217s] -- Up-to-date: /home/ayumayume/ROS2_Y3_2/mobile_robot_inclass/install/LIBNIFALCON/include/falcon/gmtl/AxisAngleOps.h
[0.217s] -- Up-to-date: /home/ayumayume/ROS2_Y3_2/mobile_robot_inclass/install/LIBNIFALCON/include/falcon/gmtl/Quat.h
[0.217s] -- Up-to-date: /home/ayumayume/ROS2_Y3_2/mobile_robot_inclass/install/LIBNIFALCON/include/falcon/gmtl/LineSegOps.h
[0.217s] -- Up-to-date: /home/ayumayume/ROS2_Y3_2/mobile_robot_inclass/install/LIBNIFALCON/include/falcon/gmtl/Math.h
[0.217s] -- Up-to-date: /home/ayumayume/ROS2_Y3_2/mobile_robot_inclass/install/LIBNIFALCON/include/falcon/gmtl/Misc
[0.217s] -- Up-to-date: /home/ayumayume/ROS2_Y3_2/mobile_robot_inclass/install/LIBNIFALCON/include/falcon/gmtl/Misc/MatrixConvert.h
[0.217s] -- Up-to-date: /home/ayumayume/ROS2_Y3_2/mobile_robot_inclass/install/LIBNIFALCON/include/falcon/gmtl/EulerAngle.h
[0.217s] -- Up-to-date: /home/ayumayume/ROS2_Y3_2/mobile_robot_inclass/install/LIBNIFALCON/include/falcon/gmtl/Point.h
[0.217s] -- Up-to-date: /home/ayumayume/ROS2_Y3_2/mobile_robot_inclass/install/LIBNIFALCON/include/falcon/gmtl/SphereOps.h
[0.217s] -- Up-to-date: /home/ayumayume/ROS2_Y3_2/mobile_robot_inclass/install/LIBNIFALCON/include/falcon/gmtl/Plane.h
[0.217s] -- Up-to-date: /home/ayumayume/ROS2_Y3_2/mobile_robot_inclass/install/LIBNIFALCON/include/falcon/gmtl/Frustum.h
[0.217s] -- Up-to-date: /home/ayumayume/ROS2_Y3_2/mobile_robot_inclass/install/LIBNIFALCON/include/falcon/gmtl/Tri.h
[0.217s] -- Up-to-date: /home/ayumayume/ROS2_Y3_2/mobile_robot_inclass/install/LIBNIFALCON/include/falcon/gmtl/Config.h
[0.217s] -- Up-to-date: /home/ayumayume/ROS2_Y3_2/mobile_robot_inclass/install/LIBNIFALCON/include/falcon/gmtl/Containment.h
[0.217s] -- Up-to-date: /home/ayumayume/ROS2_Y3_2/mobile_robot_inclass/install/LIBNIFALCON/include/falcon/gmtl/EulerAngleOps.h
[0.217s] -- Up-to-date: /home/ayumayume/ROS2_Y3_2/mobile_robot_inclass/install/LIBNIFALCON/include/falcon/gmtl/Coord.h
[0.217s] -- Up-to-date: /home/ayumayume/ROS2_Y3_2/mobile_robot_inclass/install/LIBNIFALCON/include/falcon/gmtl/Helpers.h
[0.217s] -- Up-to-date: /home/ayumayume/ROS2_Y3_2/mobile_robot_inclass/install/LIBNIFALCON/include/falcon/gmtl/Vec.h
[0.217s] -- Up-to-date: /home/ayumayume/ROS2_Y3_2/mobile_robot_inclass/install/LIBNIFALCON/include/falcon/gmtl/VecExprMeta.h
[0.218s] -- Up-to-date: /home/ayumayume/ROS2_Y3_2/mobile_robot_inclass/install/LIBNIFALCON/include/falcon/gmtl/Defines.h
[0.218s] -- Up-to-date: /home/ayumayume/ROS2_Y3_2/mobile_robot_inclass/install/LIBNIFALCON/include/falcon/gmtl/PlaneOps.h
[0.218s] -- Up-to-date: /home/ayumayume/ROS2_Y3_2/mobile_robot_inclass/install/LIBNIFALCON/include/falcon/gmtl/Output.h
[0.218s] -- Up-to-date: /home/ayumayume/ROS2_Y3_2/mobile_robot_inclass/install/LIBNIFALCON/include/falcon/gmtl/AABox.h
[0.218s] -- Up-to-date: /home/ayumayume/ROS2_Y3_2/mobile_robot_inclass/install/LIBNIFALCON/include/falcon/gmtl/FrustumOps.h
[0.218s] -- Up-to-date: /home/ayumayume/ROS2_Y3_2/mobile_robot_inclass/install/LIBNIFALCON/include/falcon/gmtl/VecOpsMeta.h
[0.218s] -- Up-to-date: /home/ayumayume/ROS2_Y3_2/mobile_robot_inclass/install/LIBNIFALCON/include/falcon/gmtl/Numerics
[0.218s] -- Up-to-date: /home/ayumayume/ROS2_Y3_2/mobile_robot_inclass/install/LIBNIFALCON/include/falcon/gmtl/Numerics/Eigen.h
[0.218s] -- Up-to-date: /home/ayumayume/ROS2_Y3_2/mobile_robot_inclass/install/LIBNIFALCON/include/falcon/gmtl/Version.h
[0.218s] -- Up-to-date: /home/ayumayume/ROS2_Y3_2/mobile_robot_inclass/install/LIBNIFALCON/include/falcon/gmtl/VecOps.h
[0.218s] -- Up-to-date: /home/ayumayume/ROS2_Y3_2/mobile_robot_inclass/install/LIBNIFALCON/include/falcon/gmtl/Generate.h
[0.218s] -- Up-to-date: /home/ayumayume/ROS2_Y3_2/mobile_robot_inclass/install/LIBNIFALCON/include/falcon/gmtl/AxisAngle.h
[0.218s] -- Up-to-date: /home/ayumayume/ROS2_Y3_2/mobile_robot_inclass/install/LIBNIFALCON/include/falcon/cpp-optparse
[0.218s] -- Up-to-date: /home/ayumayume/ROS2_Y3_2/mobile_robot_inclass/install/LIBNIFALCON/include/falcon/cpp-optparse/OptionParser.h
[0.218s] -- Up-to-date: /home/ayumayume/ROS2_Y3_2/mobile_robot_inclass/install/LIBNIFALCON/include/falcon/core
[0.218s] -- Up-to-date: /home/ayumayume/ROS2_Y3_2/mobile_robot_inclass/install/LIBNIFALCON/include/falcon/core/FalconComm.h
[0.218s] -- Up-to-date: /home/ayumayume/ROS2_Y3_2/mobile_robot_inclass/install/LIBNIFALCON/include/falcon/core/FalconDevice.h
[0.219s] -- Up-to-date: /home/ayumayume/ROS2_Y3_2/mobile_robot_inclass/install/LIBNIFALCON/include/falcon/core/FalconCore.h
[0.219s] -- Up-to-date: /home/ayumayume/ROS2_Y3_2/mobile_robot_inclass/install/LIBNIFALCON/include/falcon/core/FalconGrip.h
[0.219s] -- Up-to-date: /home/ayumayume/ROS2_Y3_2/mobile_robot_inclass/install/LIBNIFALCON/include/falcon/core/FalconGeometry.h
[0.219s] -- Up-to-date: /home/ayumayume/ROS2_Y3_2/mobile_robot_inclass/install/LIBNIFALCON/include/falcon/core/FalconKinematic.h
[0.219s] -- Up-to-date: /home/ayumayume/ROS2_Y3_2/mobile_robot_inclass/install/LIBNIFALCON/include/falcon/core/FalconFirmware.h
[0.219s] -- Up-to-date: /home/ayumayume/ROS2_Y3_2/mobile_robot_inclass/install/LIBNIFALCON/include/falcon/core/FalconLogger.h
[0.219s] -- Up-to-date: /home/ayumayume/ROS2_Y3_2/mobile_robot_inclass/install/LIBNIFALCON/include/falcon/firmware
[0.219s] -- Up-to-date: /home/ayumayume/ROS2_Y3_2/mobile_robot_inclass/install/LIBNIFALCON/include/falcon/firmware/FalconFirmwareNovintSDK.h
[0.219s] -- Up-to-date: /home/ayumayume/ROS2_Y3_2/mobile_robot_inclass/install/LIBNIFALCON/include/falcon/kinematic
[0.219s] -- Up-to-date: /home/ayumayume/ROS2_Y3_2/mobile_robot_inclass/install/LIBNIFALCON/include/falcon/kinematic/FalconKinematicStamper.h
[0.219s] -- Up-to-date: /home/ayumayume/ROS2_Y3_2/mobile_robot_inclass/install/LIBNIFALCON/include/falcon/kinematic/stamper
[0.219s] -- Up-to-date: /home/ayumayume/ROS2_Y3_2/mobile_robot_inclass/install/LIBNIFALCON/include/falcon/kinematic/stamper/StamperUtils.h
[0.219s] -- Up-to-date: /home/ayumayume/ROS2_Y3_2/mobile_robot_inclass/install/LIBNIFALCON/include/falcon/grip
[0.220s] -- Up-to-date: /home/ayumayume/ROS2_Y3_2/mobile_robot_inclass/install/LIBNIFALCON/include/falcon/grip/FalconGripFourButton.h
[0.220s] -- Up-to-date: /home/ayumayume/ROS2_Y3_2/mobile_robot_inclass/install/LIBNIFALCON/include/falcon/util/FalconFirmwareBinaryTest.h
[0.220s] -- Up-to-date: /home/ayumayume/ROS2_Y3_2/mobile_robot_inclass/install/LIBNIFALCON/include/falcon/util/FalconFirmwareBinaryNvent.h
[0.220s] -- Up-to-date: /home/ayumayume/ROS2_Y3_2/mobile_robot_inclass/install/LIBNIFALCON/include/falcon/util/FalconDeviceThread.h
[0.220s] -- Up-to-date: /home/ayumayume/ROS2_Y3_2/mobile_robot_inclass/install/LIBNIFALCON/include/falcon/comm/FalconCommLibUSB.h
[0.220s] -- Up-to-date: /home/ayumayume/ROS2_Y3_2/mobile_robot_inclass/install/LIBNIFALCON/include/falcon/util/FalconCLIBase.h
[0.220s] -- Up-to-date: /home/ayumayume/ROS2_Y3_2/mobile_robot_inclass/install/LIBNIFALCON/lib/libnifalcon.a
[0.220s] -- Up-to-date: /home/ayumayume/ROS2_Y3_2/mobile_robot_inclass/install/LIBNIFALCON/lib/libnifalcon.so.1.0.2
[0.220s] -- Up-to-date: /home/ayumayume/ROS2_Y3_2/mobile_robot_inclass/install/LIBNIFALCON/lib/libnifalcon.so
[0.220s] -- Up-to-date: /home/ayumayume/ROS2_Y3_2/mobile_robot_inclass/install/LIBNIFALCON/lib/libnifalcon_cli_base.a
[0.220s] -- Up-to-date: /home/ayumayume/ROS2_Y3_2/mobile_robot_inclass/install/LIBNIFALCON/lib/libnifalcon_cli_base.so.1.0.2
[0.220s] -- Up-to-date: /home/ayumayume/ROS2_Y3_2/mobile_robot_inclass/install/LIBNIFALCON/lib/libnifalcon_cli_base.so
[0.220s] -- Up-to-date: /home/ayumayume/ROS2_Y3_2/mobile_robot_inclass/install/LIBNIFALCON/lib/libnifalcon_device_thread.a
[0.220s] -- Up-to-date: /home/ayumayume/ROS2_Y3_2/mobile_robot_inclass/install/LIBNIFALCON/lib/libnifalcon_device_thread.so.1.0.2
[0.220s] -- Up-to-date: /home/ayumayume/ROS2_Y3_2/mobile_robot_inclass/install/LIBNIFALCON/lib/libnifalcon_device_thread.so
[0.220s] -- Up-to-date: /home/ayumayume/ROS2_Y3_2/mobile_robot_inclass/install/LIBNIFALCON/bin/barrow_mechanics
[0.221s] -- Up-to-date: /home/ayumayume/ROS2_Y3_2/mobile_robot_inclass/install/LIBNIFALCON/bin/findfalcons
[0.221s] -- Up-to-date: /home/ayumayume/ROS2_Y3_2/mobile_robot_inclass/install/LIBNIFALCON/bin/findfalcons_multi
[0.221s] -- Up-to-date: /home/ayumayume/ROS2_Y3_2/mobile_robot_inclass/install/LIBNIFALCON/bin/falcon_led
[0.221s] -- Up-to-date: /home/ayumayume/ROS2_Y3_2/mobile_robot_inclass/install/LIBNIFALCON/bin/falcon_test_cli
[0.221s] Invoked command in '/home/ayumayume/ROS2_Y3_2/mobile_robot_inclass/build/LIBNIFALCON' returned '0': /usr/bin/cmake --install /home/ayumayume/ROS2_Y3_2/mobile_robot_inclass/build/LIBNIFALCON
