-- Found ament_cmake: 0.9.11 (/opt/ros/foxy/share/ament_cmake/cmake)
-- Using PYTHON_EXECUTABLE: /usr/bin/python3
-- Override CMake install command with custom implementation using symlinks instead of copying resources
-- Found rclcpp: 2.4.2 (/opt/ros/foxy/share/rclcpp/cmake)
-- Using all available rosidl_typesupport_c: rosidl_typesupport_fastrtps_c;rosidl_typesupport_introspection_c
-- Found rosidl_adapter: 1.3.0 (/opt/ros/foxy/share/rosidl_adapter/cmake)
-- Using all available rosidl_typesupport_cpp: rosidl_typesupport_fastrtps_cpp;rosidl_typesupport_introspection_cpp
-- Found rmw_implementation_cmake: 1.0.3 (/opt/ros/foxy/share/rmw_implementation_cmake/cmake)
-- Using RMW implementation 'rmw_fastrtps_cpp' as default
-- Found rosidl_default_generators: 1.0.1 (/opt/ros/foxy/share/rosidl_default_generators/cmake)
-- Found rclpy: 1.0.11 (/opt/ros/foxy/share/rclpy/cmake)
-- Found falcon_interfaces: 0.0.0 (/home/ayumayume/ROS2_Y3_2/mobile_robot_inclass/install/falcon_interfaces/share/falcon_interfaces/cmake)
-- Configuring done
-- Generating done
-- Build files have been written to: /home/ayumayume/ROS2_Y3_2/mobile_robot_inclass/build/falcon_control
[100%] Built target falconpub
-- Install configuration: ""
-- Execute custom install script
-- Up-to-date symlink: /home/ayumayume/ROS2_Y3_2/mobile_robot_inclass/install/falcon_control/lib/falcon_control/falconpub
-- Up-to-date symlink: /home/ayumayume/ROS2_Y3_2/mobile_robot_inclass/install/falcon_control/share/falcon_control/environment/pythonpath.sh
-- Up-to-date symlink: /home/ayumayume/ROS2_Y3_2/mobile_robot_inclass/install/falcon_control/share/falcon_control/environment/pythonpath.dsv
-- Up-to-date symlink: /home/ayumayume/ROS2_Y3_2/mobile_robot_inclass/install/falcon_control/lib/python3.8/site-packages/falcon_control/__init__.py
-- Up-to-date symlink: /home/ayumayume/ROS2_Y3_2/mobile_robot_inclass/install/falcon_control/share/ament_index/resource_index/package_run_dependencies/falcon_control
-- Up-to-date symlink: /home/ayumayume/ROS2_Y3_2/mobile_robot_inclass/install/falcon_control/share/ament_index/resource_index/parent_prefix_path/falcon_control
-- Up-to-date symlink: /home/ayumayume/ROS2_Y3_2/mobile_robot_inclass/install/falcon_control/share/falcon_control/environment/ament_prefix_path.sh
-- Up-to-date symlink: /home/ayumayume/ROS2_Y3_2/mobile_robot_inclass/install/falcon_control/share/falcon_control/environment/ament_prefix_path.dsv
-- Up-to-date symlink: /home/ayumayume/ROS2_Y3_2/mobile_robot_inclass/install/falcon_control/share/falcon_control/environment/path.sh
-- Up-to-date symlink: /home/ayumayume/ROS2_Y3_2/mobile_robot_inclass/install/falcon_control/share/falcon_control/environment/path.dsv
-- Up-to-date symlink: /home/ayumayume/ROS2_Y3_2/mobile_robot_inclass/install/falcon_control/share/falcon_control/local_setup.bash
-- Up-to-date symlink: /home/ayumayume/ROS2_Y3_2/mobile_robot_inclass/install/falcon_control/share/falcon_control/local_setup.sh
-- Up-to-date symlink: /home/ayumayume/ROS2_Y3_2/mobile_robot_inclass/install/falcon_control/share/falcon_control/local_setup.zsh
-- Up-to-date symlink: /home/ayumayume/ROS2_Y3_2/mobile_robot_inclass/install/falcon_control/share/falcon_control/local_setup.dsv
-- Symlinking: /home/ayumayume/ROS2_Y3_2/mobile_robot_inclass/install/falcon_control/share/falcon_control/package.dsv
-- Up-to-date symlink: /home/ayumayume/ROS2_Y3_2/mobile_robot_inclass/install/falcon_control/share/ament_index/resource_index/packages/falcon_control
-- Up-to-date symlink: /home/ayumayume/ROS2_Y3_2/mobile_robot_inclass/install/falcon_control/share/falcon_control/cmake/falcon_controlConfig.cmake
-- Up-to-date symlink: /home/ayumayume/ROS2_Y3_2/mobile_robot_inclass/install/falcon_control/share/falcon_control/cmake/falcon_controlConfig-version.cmake
-- Up-to-date symlink: /home/ayumayume/ROS2_Y3_2/mobile_robot_inclass/install/falcon_control/share/falcon_control/package.xml
Listing '/home/ayumayume/ROS2_Y3_2/mobile_robot_inclass/install/falcon_control/lib/python3.8/site-packages/falcon_control'...
