[0.185s] DEBUG:colcon:Command line arguments: ['/usr/bin/colcon', 'build', '--symlink-install']
[0.185s] DEBUG:colcon:Parsed command line arguments: Namespace(allow_overriding=[], ament_cmake_args=None, base_paths=['.'], build_base='build', catkin_cmake_args=None, catkin_skip_building_tests=False, cmake_args=None, cmake_clean_cache=False, cmake_clean_first=False, cmake_force_configure=False, cmake_target=None, cmake_target_skip_unavailable=False, continue_on_error=False, event_handlers=None, executor='parallel', ignore_user_meta=False, install_base='install', log_base=None, log_level=None, main=<bound method BuildVerb.main of <colcon_core.verb.build.BuildVerb object at 0x7f366c2565b0>>, merge_install=False, metas=['./colcon.meta'], packages_above=None, packages_above_and_dependencies=None, packages_above_depth=None, packages_end=None, packages_ignore=None, packages_ignore_regex=None, packages_select=None, packages_select_build_failed=False, packages_select_by_dep=None, packages_select_regex=None, packages_select_test_failures=False, packages_skip=None, packages_skip_build_finished=False, packages_skip_by_dep=None, packages_skip_regex=None, packages_skip_test_passed=False, packages_skip_up_to=None, packages_start=None, packages_up_to=None, packages_up_to_regex=None, parallel_workers=12, paths=None, symlink_install=True, test_result_base=None, verb_extension=<colcon_core.verb.build.BuildVerb object at 0x7f366c2565b0>, verb_name='build', verb_parser=<colcon_defaults.argument_parser.defaults.DefaultArgumentsDecorator object at 0x7f366c256af0>)
[0.211s] Level 1:colcon.colcon_core.package_discovery:discover_packages(colcon_meta) check parameters
[0.211s] Level 1:colcon.colcon_core.package_discovery:discover_packages(recursive) check parameters
[0.211s] Level 1:colcon.colcon_core.package_discovery:discover_packages(ignore) check parameters
[0.211s] Level 1:colcon.colcon_core.package_discovery:discover_packages(path) check parameters
[0.211s] Level 1:colcon.colcon_core.package_discovery:discover_packages(colcon_meta) discover
[0.211s] Level 1:colcon.colcon_core.package_discovery:discover_packages(recursive) discover
[0.211s] INFO:colcon.colcon_core.package_discovery:Crawling recursively for packages in '/home/ayumayume/ROS2_Y3_2/mobile_robot_inclass'
[0.212s] Level 1:colcon.colcon_core.package_identification:_identify(.) by extensions ['ignore', 'ignore_ament_install']
[0.212s] Level 1:colcon.colcon_core.package_identification:_identify(.) by extension 'ignore'
[0.212s] Level 1:colcon.colcon_core.package_identification:_identify(.) by extension 'ignore_ament_install'
[0.212s] Level 1:colcon.colcon_core.package_identification:_identify(.) by extensions ['colcon_pkg']
[0.212s] Level 1:colcon.colcon_core.package_identification:_identify(.) by extension 'colcon_pkg'
[0.212s] Level 1:colcon.colcon_core.package_identification:_identify(.) by extensions ['colcon_meta']
[0.212s] Level 1:colcon.colcon_core.package_identification:_identify(.) by extension 'colcon_meta'
[0.213s] Level 1:colcon.colcon_core.package_identification:_identify(.) by extensions ['ros']
[0.213s] Level 1:colcon.colcon_core.package_identification:_identify(.) by extension 'ros'
[0.236s] Level 1:colcon.colcon_core.package_identification:_identify(.) by extensions ['cmake', 'python']
[0.236s] Level 1:colcon.colcon_core.package_identification:_identify(.) by extension 'cmake'
[0.236s] Level 1:colcon.colcon_core.package_identification:_identify(.) by extension 'python'
[0.236s] Level 1:colcon.colcon_core.package_identification:_identify(.) by extensions ['python_setup_py']
[0.236s] Level 1:colcon.colcon_core.package_identification:_identify(.) by extension 'python_setup_py'
[0.236s] Level 1:colcon.colcon_core.package_identification:_identify(build) by extensions ['ignore', 'ignore_ament_install']
[0.236s] Level 1:colcon.colcon_core.package_identification:_identify(build) by extension 'ignore'
[0.236s] Level 1:colcon.colcon_core.package_identification:_identify(build) ignored
[0.236s] Level 1:colcon.colcon_core.package_identification:_identify(install) by extensions ['ignore', 'ignore_ament_install']
[0.236s] Level 1:colcon.colcon_core.package_identification:_identify(install) by extension 'ignore'
[0.236s] Level 1:colcon.colcon_core.package_identification:_identify(install) ignored
[0.236s] Level 1:colcon.colcon_core.package_identification:_identify(log) by extensions ['ignore', 'ignore_ament_install']
[0.237s] Level 1:colcon.colcon_core.package_identification:_identify(log) by extension 'ignore'
[0.237s] Level 1:colcon.colcon_core.package_identification:_identify(log) ignored
[0.237s] Level 1:colcon.colcon_core.package_identification:_identify(src) by extensions ['ignore', 'ignore_ament_install']
[0.237s] Level 1:colcon.colcon_core.package_identification:_identify(src) by extension 'ignore'
[0.237s] Level 1:colcon.colcon_core.package_identification:_identify(src) by extension 'ignore_ament_install'
[0.237s] Level 1:colcon.colcon_core.package_identification:_identify(src) by extensions ['colcon_pkg']
[0.237s] Level 1:colcon.colcon_core.package_identification:_identify(src) by extension 'colcon_pkg'
[0.237s] Level 1:colcon.colcon_core.package_identification:_identify(src) by extensions ['colcon_meta']
[0.237s] Level 1:colcon.colcon_core.package_identification:_identify(src) by extension 'colcon_meta'
[0.237s] Level 1:colcon.colcon_core.package_identification:_identify(src) by extensions ['ros']
[0.237s] Level 1:colcon.colcon_core.package_identification:_identify(src) by extension 'ros'
[0.237s] Level 1:colcon.colcon_core.package_identification:_identify(src) by extensions ['cmake', 'python']
[0.237s] Level 1:colcon.colcon_core.package_identification:_identify(src) by extension 'cmake'
[0.237s] Level 1:colcon.colcon_core.package_identification:_identify(src) by extension 'python'
[0.237s] Level 1:colcon.colcon_core.package_identification:_identify(src) by extensions ['python_setup_py']
[0.237s] Level 1:colcon.colcon_core.package_identification:_identify(src) by extension 'python_setup_py'
[0.237s] Level 1:colcon.colcon_core.package_identification:_identify(src/falcon_control) by extensions ['ignore', 'ignore_ament_install']
[0.237s] Level 1:colcon.colcon_core.package_identification:_identify(src/falcon_control) by extension 'ignore'
[0.237s] Level 1:colcon.colcon_core.package_identification:_identify(src/falcon_control) by extension 'ignore_ament_install'
[0.237s] Level 1:colcon.colcon_core.package_identification:_identify(src/falcon_control) by extensions ['colcon_pkg']
[0.237s] Level 1:colcon.colcon_core.package_identification:_identify(src/falcon_control) by extension 'colcon_pkg'
[0.237s] Level 1:colcon.colcon_core.package_identification:_identify(src/falcon_control) by extensions ['colcon_meta']
[0.237s] Level 1:colcon.colcon_core.package_identification:_identify(src/falcon_control) by extension 'colcon_meta'
[0.238s] Level 1:colcon.colcon_core.package_identification:_identify(src/falcon_control) by extensions ['ros']
[0.238s] Level 1:colcon.colcon_core.package_identification:_identify(src/falcon_control) by extension 'ros'
[0.240s] DEBUG:colcon.colcon_core.package_identification:Package 'src/falcon_control' with type 'ros.ament_cmake' and name 'falcon_control'
[0.240s] Level 1:colcon.colcon_core.package_identification:_identify(src/falcon_interfaces) by extensions ['ignore', 'ignore_ament_install']
[0.241s] Level 1:colcon.colcon_core.package_identification:_identify(src/falcon_interfaces) by extension 'ignore'
[0.241s] Level 1:colcon.colcon_core.package_identification:_identify(src/falcon_interfaces) by extension 'ignore_ament_install'
[0.241s] Level 1:colcon.colcon_core.package_identification:_identify(src/falcon_interfaces) by extensions ['colcon_pkg']
[0.241s] Level 1:colcon.colcon_core.package_identification:_identify(src/falcon_interfaces) by extension 'colcon_pkg'
[0.241s] Level 1:colcon.colcon_core.package_identification:_identify(src/falcon_interfaces) by extensions ['colcon_meta']
[0.241s] Level 1:colcon.colcon_core.package_identification:_identify(src/falcon_interfaces) by extension 'colcon_meta'
[0.241s] Level 1:colcon.colcon_core.package_identification:_identify(src/falcon_interfaces) by extensions ['ros']
[0.241s] Level 1:colcon.colcon_core.package_identification:_identify(src/falcon_interfaces) by extension 'ros'
[0.242s] DEBUG:colcon.colcon_core.package_identification:Package 'src/falcon_interfaces' with type 'ros.ament_cmake' and name 'falcon_interfaces'
[0.242s] Level 1:colcon.colcon_core.package_identification:_identify(src/libnifalcon) by extensions ['ignore', 'ignore_ament_install']
[0.242s] Level 1:colcon.colcon_core.package_identification:_identify(src/libnifalcon) by extension 'ignore'
[0.242s] Level 1:colcon.colcon_core.package_identification:_identify(src/libnifalcon) by extension 'ignore_ament_install'
[0.242s] Level 1:colcon.colcon_core.package_identification:_identify(src/libnifalcon) by extensions ['colcon_pkg']
[0.242s] Level 1:colcon.colcon_core.package_identification:_identify(src/libnifalcon) by extension 'colcon_pkg'
[0.242s] Level 1:colcon.colcon_core.package_identification:_identify(src/libnifalcon) by extensions ['colcon_meta']
[0.242s] Level 1:colcon.colcon_core.package_identification:_identify(src/libnifalcon) by extension 'colcon_meta'
[0.242s] Level 1:colcon.colcon_core.package_identification:_identify(src/libnifalcon) by extensions ['ros']
[0.242s] Level 1:colcon.colcon_core.package_identification:_identify(src/libnifalcon) by extension 'ros'
[0.242s] Level 1:colcon.colcon_core.package_identification:_identify(src/libnifalcon) by extensions ['cmake', 'python']
[0.242s] Level 1:colcon.colcon_core.package_identification:_identify(src/libnifalcon) by extension 'cmake'
[0.254s] Level 1:colcon.colcon_core.package_identification:_identify(src/libnifalcon) by extension 'python'
[0.254s] DEBUG:colcon.colcon_core.package_identification:Package 'src/libnifalcon' with type 'cmake' and name 'LIBNIFALCON'
[0.254s] Level 1:colcon.colcon_core.package_identification:_identify(src/megarover_samples_ros2) by extensions ['ignore', 'ignore_ament_install']
[0.254s] Level 1:colcon.colcon_core.package_identification:_identify(src/megarover_samples_ros2) by extension 'ignore'
[0.254s] Level 1:colcon.colcon_core.package_identification:_identify(src/megarover_samples_ros2) by extension 'ignore_ament_install'
[0.254s] Level 1:colcon.colcon_core.package_identification:_identify(src/megarover_samples_ros2) by extensions ['colcon_pkg']
[0.254s] Level 1:colcon.colcon_core.package_identification:_identify(src/megarover_samples_ros2) by extension 'colcon_pkg'
[0.254s] Level 1:colcon.colcon_core.package_identification:_identify(src/megarover_samples_ros2) by extensions ['colcon_meta']
[0.254s] Level 1:colcon.colcon_core.package_identification:_identify(src/megarover_samples_ros2) by extension 'colcon_meta'
[0.254s] Level 1:colcon.colcon_core.package_identification:_identify(src/megarover_samples_ros2) by extensions ['ros']
[0.254s] Level 1:colcon.colcon_core.package_identification:_identify(src/megarover_samples_ros2) by extension 'ros'
[0.256s] DEBUG:colcon.colcon_core.package_identification:Package 'src/megarover_samples_ros2' with type 'ros.ament_cmake' and name 'megarover_samples_ros2'
[0.256s] Level 1:colcon.colcon_core.package_identification:_identify(src/urdf_tutorial-ros2) by extensions ['ignore', 'ignore_ament_install']
[0.256s] Level 1:colcon.colcon_core.package_identification:_identify(src/urdf_tutorial-ros2) by extension 'ignore'
[0.256s] Level 1:colcon.colcon_core.package_identification:_identify(src/urdf_tutorial-ros2) by extension 'ignore_ament_install'
[0.256s] Level 1:colcon.colcon_core.package_identification:_identify(src/urdf_tutorial-ros2) by extensions ['colcon_pkg']
[0.256s] Level 1:colcon.colcon_core.package_identification:_identify(src/urdf_tutorial-ros2) by extension 'colcon_pkg'
[0.256s] Level 1:colcon.colcon_core.package_identification:_identify(src/urdf_tutorial-ros2) by extensions ['colcon_meta']
[0.256s] Level 1:colcon.colcon_core.package_identification:_identify(src/urdf_tutorial-ros2) by extension 'colcon_meta'
[0.256s] Level 1:colcon.colcon_core.package_identification:_identify(src/urdf_tutorial-ros2) by extensions ['ros']
[0.256s] Level 1:colcon.colcon_core.package_identification:_identify(src/urdf_tutorial-ros2) by extension 'ros'
[0.257s] DEBUG:colcon.colcon_core.package_identification:Package 'src/urdf_tutorial-ros2' with type 'ros.ament_cmake' and name 'urdf_tutorial'
[0.257s] Level 1:colcon.colcon_core.package_discovery:discover_packages(recursive) using defaults
[0.257s] Level 1:colcon.colcon_core.package_discovery:discover_packages(ignore) discover
[0.257s] Level 1:colcon.colcon_core.package_discovery:discover_packages(ignore) using defaults
[0.257s] Level 1:colcon.colcon_core.package_discovery:discover_packages(path) discover
[0.257s] Level 1:colcon.colcon_core.package_discovery:discover_packages(path) using defaults
[0.284s] Level 1:colcon.colcon_core.package_discovery:discover_packages(prefix_path) check parameters
[0.284s] Level 1:colcon.colcon_core.package_discovery:discover_packages(prefix_path) discover
[0.289s] DEBUG:colcon.colcon_installed_package_information.package_discovery:Found 15 installed packages in /home/ayumayume/turtlebot3_ws/install
[0.291s] DEBUG:colcon.colcon_installed_package_information.package_discovery:Found 2 installed packages in /home/ayumayume/test_cpp/install
[0.292s] DEBUG:colcon.colcon_installed_package_information.package_discovery:Found 1 installed packages in /home/ayumayume/open_topic/test_build_lib/install
[0.293s] DEBUG:colcon.colcon_installed_package_information.package_discovery:Found 5 installed packages in /home/ayumayume/ROS2_Y3_2/mobile_robot_inclass/install
[0.295s] DEBUG:colcon.colcon_installed_package_information.package_discovery:Found 1 installed packages in /home/ayumayume/ROS2_Directory/velocity_example/install
[0.297s] DEBUG:colcon.colcon_installed_package_information.package_discovery:Found 1 installed packages in /home/ayumayume/ROS2_Directory/lab4_ws/install
[0.299s] DEBUG:colcon.colcon_installed_package_information.package_discovery:Found 1 installed packages in /home/ayumayume/ROS2_Directory/lab3_example/install
[0.300s] DEBUG:colcon.colcon_installed_package_information.package_discovery:Found 1 installed packages in /home/ayumayume/ROS2_Directory/fra333_lab2_ex/install
[0.302s] DEBUG:colcon.colcon_installed_package_information.package_discovery:Found 2 installed packages in /home/ayumayume/ROS2_Directory/lab1_ws/install
[0.303s] DEBUG:colcon.colcon_installed_package_information.package_discovery:Found 1 installed packages in /home/ayumayume/ROS2_Directory/pun_ws/install
[0.304s] DEBUG:colcon.colcon_installed_package_information.package_discovery:Found 3 installed packages in /home/ayumayume/MBSE/for_seding_v1/install
[0.306s] DEBUG:colcon.colcon_installed_package_information.package_discovery:Found 3 installed packages in /home/ayumayume/ROS2_Directory/lab2_ws/install
[0.307s] DEBUG:colcon.colcon_installed_package_information.package_discovery:Found 1 installed packages in /home/ayumayume/ROS2_Directory/lab3_ws/install
[0.308s] DEBUG:colcon.colcon_installed_package_information.package_discovery:Found 18 installed packages in /home/ayumayume/open_topic/falcon_ros2/install
[0.312s] DEBUG:colcon.colcon_installed_package_information.package_discovery:Found 337 installed packages in /opt/ros/foxy
[0.314s] Level 1:colcon.colcon_core.package_discovery:discover_packages(prefix_path) using defaults
[0.397s] Level 5:colcon.colcon_core.verb:set package 'LIBNIFALCON' build argument 'cmake_args' from command line to 'None'
[0.397s] Level 5:colcon.colcon_core.verb:set package 'LIBNIFALCON' build argument 'cmake_target' from command line to 'None'
[0.397s] Level 5:colcon.colcon_core.verb:set package 'LIBNIFALCON' build argument 'cmake_target_skip_unavailable' from command line to 'False'
[0.397s] Level 5:colcon.colcon_core.verb:set package 'LIBNIFALCON' build argument 'cmake_clean_cache' from command line to 'False'
[0.397s] Level 5:colcon.colcon_core.verb:set package 'LIBNIFALCON' build argument 'cmake_clean_first' from command line to 'False'
[0.397s] Level 5:colcon.colcon_core.verb:set package 'LIBNIFALCON' build argument 'cmake_force_configure' from command line to 'False'
[0.397s] Level 5:colcon.colcon_core.verb:set package 'LIBNIFALCON' build argument 'ament_cmake_args' from command line to 'None'
[0.397s] Level 5:colcon.colcon_core.verb:set package 'LIBNIFALCON' build argument 'catkin_cmake_args' from command line to 'None'
[0.397s] Level 5:colcon.colcon_core.verb:set package 'LIBNIFALCON' build argument 'catkin_skip_building_tests' from command line to 'False'
[0.397s] DEBUG:colcon.colcon_core.verb:Building package 'LIBNIFALCON' with the following arguments: {'ament_cmake_args': None, 'build_base': '/home/ayumayume/ROS2_Y3_2/mobile_robot_inclass/build/LIBNIFALCON', 'catkin_cmake_args': None, 'catkin_skip_building_tests': False, 'cmake_args': None, 'cmake_clean_cache': False, 'cmake_clean_first': False, 'cmake_force_configure': False, 'cmake_target': None, 'cmake_target_skip_unavailable': False, 'install_base': '/home/ayumayume/ROS2_Y3_2/mobile_robot_inclass/install/LIBNIFALCON', 'merge_install': False, 'path': '/home/ayumayume/ROS2_Y3_2/mobile_robot_inclass/src/libnifalcon', 'symlink_install': True, 'test_result_base': None}
[0.399s] Level 5:colcon.colcon_core.verb:set package 'falcon_interfaces' build argument 'cmake_args' from command line to 'None'
[0.399s] Level 5:colcon.colcon_core.verb:set package 'falcon_interfaces' build argument 'cmake_target' from command line to 'None'
[0.399s] Level 5:colcon.colcon_core.verb:set package 'falcon_interfaces' build argument 'cmake_target_skip_unavailable' from command line to 'False'
[0.399s] Level 5:colcon.colcon_core.verb:set package 'falcon_interfaces' build argument 'cmake_clean_cache' from command line to 'False'
[0.399s] Level 5:colcon.colcon_core.verb:set package 'falcon_interfaces' build argument 'cmake_clean_first' from command line to 'False'
[0.399s] Level 5:colcon.colcon_core.verb:set package 'falcon_interfaces' build argument 'cmake_force_configure' from command line to 'False'
[0.399s] Level 5:colcon.colcon_core.verb:set package 'falcon_interfaces' build argument 'ament_cmake_args' from command line to 'None'
[0.399s] Level 5:colcon.colcon_core.verb:set package 'falcon_interfaces' build argument 'catkin_cmake_args' from command line to 'None'
[0.399s] Level 5:colcon.colcon_core.verb:set package 'falcon_interfaces' build argument 'catkin_skip_building_tests' from command line to 'False'
[0.399s] DEBUG:colcon.colcon_core.verb:Building package 'falcon_interfaces' with the following arguments: {'ament_cmake_args': None, 'build_base': '/home/ayumayume/ROS2_Y3_2/mobile_robot_inclass/build/falcon_interfaces', 'catkin_cmake_args': None, 'catkin_skip_building_tests': False, 'cmake_args': None, 'cmake_clean_cache': False, 'cmake_clean_first': False, 'cmake_force_configure': False, 'cmake_target': None, 'cmake_target_skip_unavailable': False, 'install_base': '/home/ayumayume/ROS2_Y3_2/mobile_robot_inclass/install/falcon_interfaces', 'merge_install': False, 'path': '/home/ayumayume/ROS2_Y3_2/mobile_robot_inclass/src/falcon_interfaces', 'symlink_install': True, 'test_result_base': None}
[0.400s] Level 5:colcon.colcon_core.verb:set package 'urdf_tutorial' build argument 'cmake_args' from command line to 'None'
[0.401s] Level 5:colcon.colcon_core.verb:set package 'urdf_tutorial' build argument 'cmake_target' from command line to 'None'
[0.401s] Level 5:colcon.colcon_core.verb:set package 'urdf_tutorial' build argument 'cmake_target_skip_unavailable' from command line to 'False'
[0.401s] Level 5:colcon.colcon_core.verb:set package 'urdf_tutorial' build argument 'cmake_clean_cache' from command line to 'False'
[0.401s] Level 5:colcon.colcon_core.verb:set package 'urdf_tutorial' build argument 'cmake_clean_first' from command line to 'False'
[0.401s] Level 5:colcon.colcon_core.verb:set package 'urdf_tutorial' build argument 'cmake_force_configure' from command line to 'False'
[0.401s] Level 5:colcon.colcon_core.verb:set package 'urdf_tutorial' build argument 'ament_cmake_args' from command line to 'None'
[0.401s] Level 5:colcon.colcon_core.verb:set package 'urdf_tutorial' build argument 'catkin_cmake_args' from command line to 'None'
[0.401s] Level 5:colcon.colcon_core.verb:set package 'urdf_tutorial' build argument 'catkin_skip_building_tests' from command line to 'False'
[0.401s] DEBUG:colcon.colcon_core.verb:Building package 'urdf_tutorial' with the following arguments: {'ament_cmake_args': None, 'build_base': '/home/ayumayume/ROS2_Y3_2/mobile_robot_inclass/build/urdf_tutorial', 'catkin_cmake_args': None, 'catkin_skip_building_tests': False, 'cmake_args': None, 'cmake_clean_cache': False, 'cmake_clean_first': False, 'cmake_force_configure': False, 'cmake_target': None, 'cmake_target_skip_unavailable': False, 'install_base': '/home/ayumayume/ROS2_Y3_2/mobile_robot_inclass/install/urdf_tutorial', 'merge_install': False, 'path': '/home/ayumayume/ROS2_Y3_2/mobile_robot_inclass/src/urdf_tutorial-ros2', 'symlink_install': True, 'test_result_base': None}
[0.402s] Level 5:colcon.colcon_core.verb:set package 'falcon_control' build argument 'cmake_args' from command line to 'None'
[0.402s] Level 5:colcon.colcon_core.verb:set package 'falcon_control' build argument 'cmake_target' from command line to 'None'
[0.402s] Level 5:colcon.colcon_core.verb:set package 'falcon_control' build argument 'cmake_target_skip_unavailable' from command line to 'False'
[0.402s] Level 5:colcon.colcon_core.verb:set package 'falcon_control' build argument 'cmake_clean_cache' from command line to 'False'
[0.402s] Level 5:colcon.colcon_core.verb:set package 'falcon_control' build argument 'cmake_clean_first' from command line to 'False'
[0.402s] Level 5:colcon.colcon_core.verb:set package 'falcon_control' build argument 'cmake_force_configure' from command line to 'False'
[0.402s] Level 5:colcon.colcon_core.verb:set package 'falcon_control' build argument 'ament_cmake_args' from command line to 'None'
[0.402s] Level 5:colcon.colcon_core.verb:set package 'falcon_control' build argument 'catkin_cmake_args' from command line to 'None'
[0.402s] Level 5:colcon.colcon_core.verb:set package 'falcon_control' build argument 'catkin_skip_building_tests' from command line to 'False'
[0.402s] DEBUG:colcon.colcon_core.verb:Building package 'falcon_control' with the following arguments: {'ament_cmake_args': None, 'build_base': '/home/ayumayume/ROS2_Y3_2/mobile_robot_inclass/build/falcon_control', 'catkin_cmake_args': None, 'catkin_skip_building_tests': False, 'cmake_args': None, 'cmake_clean_cache': False, 'cmake_clean_first': False, 'cmake_force_configure': False, 'cmake_target': None, 'cmake_target_skip_unavailable': False, 'install_base': '/home/ayumayume/ROS2_Y3_2/mobile_robot_inclass/install/falcon_control', 'merge_install': False, 'path': '/home/ayumayume/ROS2_Y3_2/mobile_robot_inclass/src/falcon_control', 'symlink_install': True, 'test_result_base': None}
[0.404s] Level 5:colcon.colcon_core.verb:set package 'megarover_samples_ros2' build argument 'cmake_args' from command line to 'None'
[0.404s] Level 5:colcon.colcon_core.verb:set package 'megarover_samples_ros2' build argument 'cmake_target' from command line to 'None'
[0.404s] Level 5:colcon.colcon_core.verb:set package 'megarover_samples_ros2' build argument 'cmake_target_skip_unavailable' from command line to 'False'
[0.404s] Level 5:colcon.colcon_core.verb:set package 'megarover_samples_ros2' build argument 'cmake_clean_cache' from command line to 'False'
[0.404s] Level 5:colcon.colcon_core.verb:set package 'megarover_samples_ros2' build argument 'cmake_clean_first' from command line to 'False'
[0.404s] Level 5:colcon.colcon_core.verb:set package 'megarover_samples_ros2' build argument 'cmake_force_configure' from command line to 'False'
[0.404s] Level 5:colcon.colcon_core.verb:set package 'megarover_samples_ros2' build argument 'ament_cmake_args' from command line to 'None'
[0.404s] Level 5:colcon.colcon_core.verb:set package 'megarover_samples_ros2' build argument 'catkin_cmake_args' from command line to 'None'
[0.404s] Level 5:colcon.colcon_core.verb:set package 'megarover_samples_ros2' build argument 'catkin_skip_building_tests' from command line to 'False'
[0.404s] DEBUG:colcon.colcon_core.verb:Building package 'megarover_samples_ros2' with the following arguments: {'ament_cmake_args': None, 'build_base': '/home/ayumayume/ROS2_Y3_2/mobile_robot_inclass/build/megarover_samples_ros2', 'catkin_cmake_args': None, 'catkin_skip_building_tests': False, 'cmake_args': None, 'cmake_clean_cache': False, 'cmake_clean_first': False, 'cmake_force_configure': False, 'cmake_target': None, 'cmake_target_skip_unavailable': False, 'install_base': '/home/ayumayume/ROS2_Y3_2/mobile_robot_inclass/install/megarover_samples_ros2', 'merge_install': False, 'path': '/home/ayumayume/ROS2_Y3_2/mobile_robot_inclass/src/megarover_samples_ros2', 'symlink_install': True, 'test_result_base': None}
[0.405s] INFO:colcon.colcon_core.executor:Executing jobs using 'parallel' executor
[0.411s] DEBUG:colcon.colcon_parallel_executor.executor.parallel:run_until_complete
[0.412s] INFO:colcon.colcon_ros.task.ament_cmake.build:Building ROS package in '/home/ayumayume/ROS2_Y3_2/mobile_robot_inclass/src/falcon_interfaces' with build type 'ament_cmake'
[0.412s] INFO:colcon.colcon_cmake.task.cmake.build:Building CMake package in '/home/ayumayume/ROS2_Y3_2/mobile_robot_inclass/src/falcon_interfaces'
[0.418s] INFO:colcon.colcon_core.plugin_system:Skipping extension 'colcon_core.shell.bat': Not used on non-Windows systems
[0.418s] INFO:colcon.colcon_core.shell:Skip shell extension 'powershell' for command environment: Not usable outside of PowerShell
[0.418s] DEBUG:colcon.colcon_core.shell:Skip shell extension 'dsv' for command environment
[0.447s] INFO:colcon.colcon_cmake.task.cmake.build:Building CMake package in '/home/ayumayume/ROS2_Y3_2/mobile_robot_inclass/src/libnifalcon'
[0.450s] INFO:colcon.colcon_core.shell:Skip shell extension 'powershell' for command environment: Not usable outside of PowerShell
[0.450s] DEBUG:colcon.colcon_core.shell:Skip shell extension 'dsv' for command environment
[0.479s] INFO:colcon.colcon_ros.task.ament_cmake.build:Building ROS package in '/home/ayumayume/ROS2_Y3_2/mobile_robot_inclass/src/urdf_tutorial-ros2' with build type 'ament_cmake'
[0.479s] INFO:colcon.colcon_cmake.task.cmake.build:Building CMake package in '/home/ayumayume/ROS2_Y3_2/mobile_robot_inclass/src/urdf_tutorial-ros2'
[0.482s] INFO:colcon.colcon_core.shell:Skip shell extension 'powershell' for command environment: Not usable outside of PowerShell
[0.482s] DEBUG:colcon.colcon_core.shell:Skip shell extension 'dsv' for command environment
[0.519s] DEBUG:colcon.colcon_core.event_handler.log_command:Invoking command in '/home/ayumayume/ROS2_Y3_2/mobile_robot_inclass/build/falcon_interfaces': CMAKE_PREFIX_PATH=${CMAKE_PREFIX_PATH}:/home/ayumayume/turtlebot3_ws/install/turtlebot3_teleop:/home/ayumayume/turtlebot3_ws/install/turtlebot3_example:/home/ayumayume/open_topic/falcon_ros2/install/turtlebot3_teleop:/home/ayumayume/open_topic/falcon_ros2/install/turtlebot3_example:/opt/ros/foxy /usr/bin/cmake --build /home/ayumayume/ROS2_Y3_2/mobile_robot_inclass/build/falcon_interfaces -- -j12 -l12
[0.530s] DEBUG:colcon.colcon_core.event_handler.log_command:Invoking command in '/home/ayumayume/ROS2_Y3_2/mobile_robot_inclass/build/LIBNIFALCON': /usr/bin/cmake --build /home/ayumayume/ROS2_Y3_2/mobile_robot_inclass/build/LIBNIFALCON -- -j12 -l12
[0.541s] DEBUG:colcon.colcon_core.event_handler.log_command:Invoking command in '/home/ayumayume/ROS2_Y3_2/mobile_robot_inclass/build/urdf_tutorial': CMAKE_PREFIX_PATH=${CMAKE_PREFIX_PATH}:/home/ayumayume/turtlebot3_ws/install/turtlebot3_teleop:/home/ayumayume/turtlebot3_ws/install/turtlebot3_example:/home/ayumayume/open_topic/falcon_ros2/install/turtlebot3_teleop:/home/ayumayume/open_topic/falcon_ros2/install/turtlebot3_example:/opt/ros/foxy /usr/bin/cmake --build /home/ayumayume/ROS2_Y3_2/mobile_robot_inclass/build/urdf_tutorial -- -j12 -l12
[0.594s] DEBUG:colcon.colcon_core.event_handler.log_command:Invoked command in '/home/ayumayume/ROS2_Y3_2/mobile_robot_inclass/build/urdf_tutorial' returned '0': CMAKE_PREFIX_PATH=${CMAKE_PREFIX_PATH}:/home/ayumayume/turtlebot3_ws/install/turtlebot3_teleop:/home/ayumayume/turtlebot3_ws/install/turtlebot3_example:/home/ayumayume/open_topic/falcon_ros2/install/turtlebot3_teleop:/home/ayumayume/open_topic/falcon_ros2/install/turtlebot3_example:/opt/ros/foxy /usr/bin/cmake --build /home/ayumayume/ROS2_Y3_2/mobile_robot_inclass/build/urdf_tutorial -- -j12 -l12
[0.675s] DEBUG:colcon.colcon_core.event_handler.log_command:Invoking command in '/home/ayumayume/ROS2_Y3_2/mobile_robot_inclass/build/urdf_tutorial': CMAKE_PREFIX_PATH=${CMAKE_PREFIX_PATH}:/home/ayumayume/turtlebot3_ws/install/turtlebot3_teleop:/home/ayumayume/turtlebot3_ws/install/turtlebot3_example:/home/ayumayume/open_topic/falcon_ros2/install/turtlebot3_teleop:/home/ayumayume/open_topic/falcon_ros2/install/turtlebot3_example:/opt/ros/foxy /usr/bin/cmake --install /home/ayumayume/ROS2_Y3_2/mobile_robot_inclass/build/urdf_tutorial
[0.708s] DEBUG:colcon.colcon_core.event_handler.log_command:Invoked command in '/home/ayumayume/ROS2_Y3_2/mobile_robot_inclass/build/LIBNIFALCON' returned '0': /usr/bin/cmake --build /home/ayumayume/ROS2_Y3_2/mobile_robot_inclass/build/LIBNIFALCON -- -j12 -l12
[0.712s] Level 1:colcon.colcon_core.environment:create_environment_scripts_only(urdf_tutorial)
[0.714s] DEBUG:colcon.colcon_core.event_handler.log_command:Invoked command in '/home/ayumayume/ROS2_Y3_2/mobile_robot_inclass/build/urdf_tutorial' returned '0': CMAKE_PREFIX_PATH=${CMAKE_PREFIX_PATH}:/home/ayumayume/turtlebot3_ws/install/turtlebot3_teleop:/home/ayumayume/turtlebot3_ws/install/turtlebot3_example:/home/ayumayume/open_topic/falcon_ros2/install/turtlebot3_teleop:/home/ayumayume/open_topic/falcon_ros2/install/turtlebot3_example:/opt/ros/foxy /usr/bin/cmake --install /home/ayumayume/ROS2_Y3_2/mobile_robot_inclass/build/urdf_tutorial
[0.723s] Level 1:colcon.colcon_core.environment:checking '/home/ayumayume/ROS2_Y3_2/mobile_robot_inclass/install/urdf_tutorial' for CMake module files
[0.723s] Level 1:colcon.colcon_core.environment:checking '/home/ayumayume/ROS2_Y3_2/mobile_robot_inclass/install/urdf_tutorial' for CMake config files
[0.724s] Level 1:colcon.colcon_core.shell:create_environment_hook('urdf_tutorial', 'cmake_prefix_path')
[0.727s] INFO:colcon.colcon_core.shell:Creating environment hook '/home/ayumayume/ROS2_Y3_2/mobile_robot_inclass/install/urdf_tutorial/share/urdf_tutorial/hook/cmake_prefix_path.ps1'
[0.728s] INFO:colcon.colcon_core.shell:Creating environment descriptor '/home/ayumayume/ROS2_Y3_2/mobile_robot_inclass/install/urdf_tutorial/share/urdf_tutorial/hook/cmake_prefix_path.dsv'
[0.728s] INFO:colcon.colcon_core.shell:Creating environment hook '/home/ayumayume/ROS2_Y3_2/mobile_robot_inclass/install/urdf_tutorial/share/urdf_tutorial/hook/cmake_prefix_path.sh'
[0.730s] Level 1:colcon.colcon_core.environment:checking '/home/ayumayume/ROS2_Y3_2/mobile_robot_inclass/install/urdf_tutorial/bin'
[0.731s] Level 1:colcon.colcon_core.environment:checking '/home/ayumayume/ROS2_Y3_2/mobile_robot_inclass/install/urdf_tutorial/lib/pkgconfig/urdf_tutorial.pc'
[0.731s] Level 1:colcon.colcon_core.environment:checking '/home/ayumayume/ROS2_Y3_2/mobile_robot_inclass/install/urdf_tutorial/lib/python3.8/site-packages'
[0.732s] Level 1:colcon.colcon_core.environment:checking '/home/ayumayume/ROS2_Y3_2/mobile_robot_inclass/install/urdf_tutorial/bin'
[0.735s] INFO:colcon.colcon_core.shell:Creating package script '/home/ayumayume/ROS2_Y3_2/mobile_robot_inclass/install/urdf_tutorial/share/urdf_tutorial/package.ps1'
[0.736s] INFO:colcon.colcon_core.shell:Creating package descriptor '/home/ayumayume/ROS2_Y3_2/mobile_robot_inclass/install/urdf_tutorial/share/urdf_tutorial/package.dsv'
[0.736s] INFO:colcon.colcon_core.shell:Creating package script '/home/ayumayume/ROS2_Y3_2/mobile_robot_inclass/install/urdf_tutorial/share/urdf_tutorial/package.sh'
[0.737s] INFO:colcon.colcon_core.shell:Creating package script '/home/ayumayume/ROS2_Y3_2/mobile_robot_inclass/install/urdf_tutorial/share/urdf_tutorial/package.bash'
[0.738s] INFO:colcon.colcon_core.shell:Creating package script '/home/ayumayume/ROS2_Y3_2/mobile_robot_inclass/install/urdf_tutorial/share/urdf_tutorial/package.zsh'
[0.739s] Level 1:colcon.colcon_core.environment:create_file_with_runtime_dependencies(/home/ayumayume/ROS2_Y3_2/mobile_robot_inclass/install/urdf_tutorial/share/colcon-core/packages/urdf_tutorial)
[0.749s] DEBUG:colcon.colcon_core.event_handler.log_command:Invoking command in '/home/ayumayume/ROS2_Y3_2/mobile_robot_inclass/build/LIBNIFALCON': /usr/bin/cmake --install /home/ayumayume/ROS2_Y3_2/mobile_robot_inclass/build/LIBNIFALCON
[0.766s] Level 1:colcon.colcon_core.environment:create_environment_scripts_only(LIBNIFALCON)
[0.771s] Level 1:colcon.colcon_core.environment:checking '/home/ayumayume/ROS2_Y3_2/mobile_robot_inclass/install/LIBNIFALCON' for CMake module files
[0.772s] Level 1:colcon.colcon_core.environment:checking '/home/ayumayume/ROS2_Y3_2/mobile_robot_inclass/install/LIBNIFALCON' for CMake config files
[0.773s] DEBUG:colcon.colcon_core.event_handler.log_command:Invoked command in '/home/ayumayume/ROS2_Y3_2/mobile_robot_inclass/build/LIBNIFALCON' returned '0': /usr/bin/cmake --install /home/ayumayume/ROS2_Y3_2/mobile_robot_inclass/build/LIBNIFALCON
[0.773s] Level 1:colcon.colcon_core.environment:checking '/home/ayumayume/ROS2_Y3_2/mobile_robot_inclass/install/LIBNIFALCON/lib'
[0.773s] Level 1:colcon.colcon_core.shell:create_environment_hook('LIBNIFALCON', 'ld_library_path_lib')
[0.776s] INFO:colcon.colcon_core.shell:Creating environment hook '/home/ayumayume/ROS2_Y3_2/mobile_robot_inclass/install/LIBNIFALCON/share/LIBNIFALCON/hook/ld_library_path_lib.ps1'
[0.778s] INFO:colcon.colcon_core.shell:Creating environment descriptor '/home/ayumayume/ROS2_Y3_2/mobile_robot_inclass/install/LIBNIFALCON/share/LIBNIFALCON/hook/ld_library_path_lib.dsv'
[0.779s] INFO:colcon.colcon_core.shell:Creating environment hook '/home/ayumayume/ROS2_Y3_2/mobile_robot_inclass/install/LIBNIFALCON/share/LIBNIFALCON/hook/ld_library_path_lib.sh'
[0.781s] Level 1:colcon.colcon_core.environment:checking '/home/ayumayume/ROS2_Y3_2/mobile_robot_inclass/install/LIBNIFALCON/bin'
[0.781s] Level 1:colcon.colcon_core.shell:create_environment_hook('LIBNIFALCON', 'path')
[0.784s] INFO:colcon.colcon_core.shell:Creating environment hook '/home/ayumayume/ROS2_Y3_2/mobile_robot_inclass/install/LIBNIFALCON/share/LIBNIFALCON/hook/path.ps1'
[0.785s] INFO:colcon.colcon_core.shell:Creating environment descriptor '/home/ayumayume/ROS2_Y3_2/mobile_robot_inclass/install/LIBNIFALCON/share/LIBNIFALCON/hook/path.dsv'
[0.785s] INFO:colcon.colcon_core.shell:Creating environment hook '/home/ayumayume/ROS2_Y3_2/mobile_robot_inclass/install/LIBNIFALCON/share/LIBNIFALCON/hook/path.sh'
[0.785s] Level 1:colcon.colcon_core.environment:checking '/home/ayumayume/ROS2_Y3_2/mobile_robot_inclass/install/LIBNIFALCON/lib/pkgconfig/LIBNIFALCON.pc'
[0.786s] Level 1:colcon.colcon_core.environment:checking '/home/ayumayume/ROS2_Y3_2/mobile_robot_inclass/install/LIBNIFALCON/lib/python3.8/site-packages'
[0.786s] Level 1:colcon.colcon_core.environment:checking '/home/ayumayume/ROS2_Y3_2/mobile_robot_inclass/install/LIBNIFALCON/bin'
[0.786s] Level 1:colcon.colcon_core.shell:create_environment_hook('LIBNIFALCON', 'pythonscriptspath')
[0.789s] INFO:colcon.colcon_core.shell:Creating environment hook '/home/ayumayume/ROS2_Y3_2/mobile_robot_inclass/install/LIBNIFALCON/share/LIBNIFALCON/hook/pythonscriptspath.ps1'
[0.789s] INFO:colcon.colcon_core.shell:Creating environment descriptor '/home/ayumayume/ROS2_Y3_2/mobile_robot_inclass/install/LIBNIFALCON/share/LIBNIFALCON/hook/pythonscriptspath.dsv'
[0.790s] INFO:colcon.colcon_core.shell:Creating environment hook '/home/ayumayume/ROS2_Y3_2/mobile_robot_inclass/install/LIBNIFALCON/share/LIBNIFALCON/hook/pythonscriptspath.sh'
[0.794s] INFO:colcon.colcon_core.shell:Creating package script '/home/ayumayume/ROS2_Y3_2/mobile_robot_inclass/install/LIBNIFALCON/share/LIBNIFALCON/package.ps1'
[0.796s] INFO:colcon.colcon_core.shell:Creating package descriptor '/home/ayumayume/ROS2_Y3_2/mobile_robot_inclass/install/LIBNIFALCON/share/LIBNIFALCON/package.dsv'
[0.797s] INFO:colcon.colcon_core.shell:Creating package script '/home/ayumayume/ROS2_Y3_2/mobile_robot_inclass/install/LIBNIFALCON/share/LIBNIFALCON/package.sh'
[0.797s] INFO:colcon.colcon_core.shell:Creating package script '/home/ayumayume/ROS2_Y3_2/mobile_robot_inclass/install/LIBNIFALCON/share/LIBNIFALCON/package.bash'
[0.797s] INFO:colcon.colcon_core.shell:Creating package script '/home/ayumayume/ROS2_Y3_2/mobile_robot_inclass/install/LIBNIFALCON/share/LIBNIFALCON/package.zsh'
[0.798s] Level 1:colcon.colcon_core.environment:create_file_with_runtime_dependencies(/home/ayumayume/ROS2_Y3_2/mobile_robot_inclass/install/LIBNIFALCON/share/colcon-core/packages/LIBNIFALCON)
[0.801s] Level 1:colcon.colcon_core.environment:create_environment_scripts_only(urdf_tutorial)
[0.806s] Level 1:colcon.colcon_core.environment:checking '/home/ayumayume/ROS2_Y3_2/mobile_robot_inclass/install/urdf_tutorial' for CMake module files
[0.807s] Level 1:colcon.colcon_core.environment:checking '/home/ayumayume/ROS2_Y3_2/mobile_robot_inclass/install/urdf_tutorial' for CMake config files
[0.807s] Level 1:colcon.colcon_core.shell:create_environment_hook('urdf_tutorial', 'cmake_prefix_path')
[0.811s] INFO:colcon.colcon_core.shell:Creating environment hook '/home/ayumayume/ROS2_Y3_2/mobile_robot_inclass/install/urdf_tutorial/share/urdf_tutorial/hook/cmake_prefix_path.ps1'
[0.813s] INFO:colcon.colcon_core.shell:Creating environment descriptor '/home/ayumayume/ROS2_Y3_2/mobile_robot_inclass/install/urdf_tutorial/share/urdf_tutorial/hook/cmake_prefix_path.dsv'
[0.813s] INFO:colcon.colcon_core.shell:Creating environment hook '/home/ayumayume/ROS2_Y3_2/mobile_robot_inclass/install/urdf_tutorial/share/urdf_tutorial/hook/cmake_prefix_path.sh'
[0.814s] Level 1:colcon.colcon_core.environment:checking '/home/ayumayume/ROS2_Y3_2/mobile_robot_inclass/install/urdf_tutorial/bin'
[0.814s] Level 1:colcon.colcon_core.environment:checking '/home/ayumayume/ROS2_Y3_2/mobile_robot_inclass/install/urdf_tutorial/lib/pkgconfig/urdf_tutorial.pc'
[0.815s] Level 1:colcon.colcon_core.environment:checking '/home/ayumayume/ROS2_Y3_2/mobile_robot_inclass/install/urdf_tutorial/lib/python3.8/site-packages'
[0.815s] Level 1:colcon.colcon_core.environment:checking '/home/ayumayume/ROS2_Y3_2/mobile_robot_inclass/install/urdf_tutorial/bin'
[0.818s] INFO:colcon.colcon_core.shell:Creating package script '/home/ayumayume/ROS2_Y3_2/mobile_robot_inclass/install/urdf_tutorial/share/urdf_tutorial/package.ps1'
[0.818s] INFO:colcon.colcon_core.shell:Creating package descriptor '/home/ayumayume/ROS2_Y3_2/mobile_robot_inclass/install/urdf_tutorial/share/urdf_tutorial/package.dsv'
[0.819s] INFO:colcon.colcon_core.shell:Creating package script '/home/ayumayume/ROS2_Y3_2/mobile_robot_inclass/install/urdf_tutorial/share/urdf_tutorial/package.sh'
[0.819s] INFO:colcon.colcon_core.shell:Creating package script '/home/ayumayume/ROS2_Y3_2/mobile_robot_inclass/install/urdf_tutorial/share/urdf_tutorial/package.bash'
[0.819s] INFO:colcon.colcon_core.shell:Creating package script '/home/ayumayume/ROS2_Y3_2/mobile_robot_inclass/install/urdf_tutorial/share/urdf_tutorial/package.zsh'
[0.820s] Level 1:colcon.colcon_core.environment:create_file_with_runtime_dependencies(/home/ayumayume/ROS2_Y3_2/mobile_robot_inclass/install/urdf_tutorial/share/colcon-core/packages/urdf_tutorial)
[0.828s] DEBUG:colcon.colcon_core.event_handler.log_command:Invoked command in '/home/ayumayume/ROS2_Y3_2/mobile_robot_inclass/build/falcon_interfaces' returned '0': CMAKE_PREFIX_PATH=${CMAKE_PREFIX_PATH}:/home/ayumayume/turtlebot3_ws/install/turtlebot3_teleop:/home/ayumayume/turtlebot3_ws/install/turtlebot3_example:/home/ayumayume/open_topic/falcon_ros2/install/turtlebot3_teleop:/home/ayumayume/open_topic/falcon_ros2/install/turtlebot3_example:/opt/ros/foxy /usr/bin/cmake --build /home/ayumayume/ROS2_Y3_2/mobile_robot_inclass/build/falcon_interfaces -- -j12 -l12
[0.901s] DEBUG:colcon.colcon_core.event_handler.log_command:Invoking command in '/home/ayumayume/ROS2_Y3_2/mobile_robot_inclass/build/falcon_interfaces': CMAKE_PREFIX_PATH=${CMAKE_PREFIX_PATH}:/home/ayumayume/turtlebot3_ws/install/turtlebot3_teleop:/home/ayumayume/turtlebot3_ws/install/turtlebot3_example:/home/ayumayume/open_topic/falcon_ros2/install/turtlebot3_teleop:/home/ayumayume/open_topic/falcon_ros2/install/turtlebot3_example:/opt/ros/foxy /usr/bin/cmake --install /home/ayumayume/ROS2_Y3_2/mobile_robot_inclass/build/falcon_interfaces
[0.995s] Level 1:colcon.colcon_core.environment:create_environment_scripts_only(falcon_interfaces)
[0.999s] Level 1:colcon.colcon_core.environment:checking '/home/ayumayume/ROS2_Y3_2/mobile_robot_inclass/install/falcon_interfaces' for CMake module files
[0.999s] DEBUG:colcon.colcon_core.event_handler.log_command:Invoked command in '/home/ayumayume/ROS2_Y3_2/mobile_robot_inclass/build/falcon_interfaces' returned '0': CMAKE_PREFIX_PATH=${CMAKE_PREFIX_PATH}:/home/ayumayume/turtlebot3_ws/install/turtlebot3_teleop:/home/ayumayume/turtlebot3_ws/install/turtlebot3_example:/home/ayumayume/open_topic/falcon_ros2/install/turtlebot3_teleop:/home/ayumayume/open_topic/falcon_ros2/install/turtlebot3_example:/opt/ros/foxy /usr/bin/cmake --install /home/ayumayume/ROS2_Y3_2/mobile_robot_inclass/build/falcon_interfaces
[1.000s] Level 1:colcon.colcon_core.environment:checking '/home/ayumayume/ROS2_Y3_2/mobile_robot_inclass/install/falcon_interfaces' for CMake config files
[1.000s] Level 1:colcon.colcon_core.shell:create_environment_hook('falcon_interfaces', 'cmake_prefix_path')
[1.005s] INFO:colcon.colcon_core.shell:Creating environment hook '/home/ayumayume/ROS2_Y3_2/mobile_robot_inclass/install/falcon_interfaces/share/falcon_interfaces/hook/cmake_prefix_path.ps1'
[1.005s] INFO:colcon.colcon_core.shell:Creating environment descriptor '/home/ayumayume/ROS2_Y3_2/mobile_robot_inclass/install/falcon_interfaces/share/falcon_interfaces/hook/cmake_prefix_path.dsv'
[1.006s] INFO:colcon.colcon_core.shell:Creating environment hook '/home/ayumayume/ROS2_Y3_2/mobile_robot_inclass/install/falcon_interfaces/share/falcon_interfaces/hook/cmake_prefix_path.sh'
[1.006s] Level 1:colcon.colcon_core.environment:checking '/home/ayumayume/ROS2_Y3_2/mobile_robot_inclass/install/falcon_interfaces/lib'
[1.006s] Level 1:colcon.colcon_core.shell:create_environment_hook('falcon_interfaces', 'ld_library_path_lib')
[1.009s] INFO:colcon.colcon_core.shell:Creating environment hook '/home/ayumayume/ROS2_Y3_2/mobile_robot_inclass/install/falcon_interfaces/share/falcon_interfaces/hook/ld_library_path_lib.ps1'
[1.009s] INFO:colcon.colcon_core.shell:Creating environment descriptor '/home/ayumayume/ROS2_Y3_2/mobile_robot_inclass/install/falcon_interfaces/share/falcon_interfaces/hook/ld_library_path_lib.dsv'
[1.009s] INFO:colcon.colcon_core.shell:Creating environment hook '/home/ayumayume/ROS2_Y3_2/mobile_robot_inclass/install/falcon_interfaces/share/falcon_interfaces/hook/ld_library_path_lib.sh'
[1.010s] Level 1:colcon.colcon_core.environment:checking '/home/ayumayume/ROS2_Y3_2/mobile_robot_inclass/install/falcon_interfaces/bin'
[1.010s] Level 1:colcon.colcon_core.environment:checking '/home/ayumayume/ROS2_Y3_2/mobile_robot_inclass/install/falcon_interfaces/lib/pkgconfig/falcon_interfaces.pc'
[1.010s] Level 1:colcon.colcon_core.environment:checking '/home/ayumayume/ROS2_Y3_2/mobile_robot_inclass/install/falcon_interfaces/lib/python3.8/site-packages'
[1.010s] Level 1:colcon.colcon_core.shell:create_environment_hook('falcon_interfaces', 'pythonpath')
[1.013s] INFO:colcon.colcon_core.shell:Creating environment hook '/home/ayumayume/ROS2_Y3_2/mobile_robot_inclass/install/falcon_interfaces/share/falcon_interfaces/hook/pythonpath.ps1'
[1.013s] INFO:colcon.colcon_core.shell:Creating environment descriptor '/home/ayumayume/ROS2_Y3_2/mobile_robot_inclass/install/falcon_interfaces/share/falcon_interfaces/hook/pythonpath.dsv'
[1.013s] INFO:colcon.colcon_core.shell:Creating environment hook '/home/ayumayume/ROS2_Y3_2/mobile_robot_inclass/install/falcon_interfaces/share/falcon_interfaces/hook/pythonpath.sh'
[1.014s] Level 1:colcon.colcon_core.environment:checking '/home/ayumayume/ROS2_Y3_2/mobile_robot_inclass/install/falcon_interfaces/bin'
[1.017s] INFO:colcon.colcon_core.shell:Creating package script '/home/ayumayume/ROS2_Y3_2/mobile_robot_inclass/install/falcon_interfaces/share/falcon_interfaces/package.ps1'
[1.020s] INFO:colcon.colcon_core.shell:Creating package descriptor '/home/ayumayume/ROS2_Y3_2/mobile_robot_inclass/install/falcon_interfaces/share/falcon_interfaces/package.dsv'
[1.020s] INFO:colcon.colcon_core.shell:Creating package script '/home/ayumayume/ROS2_Y3_2/mobile_robot_inclass/install/falcon_interfaces/share/falcon_interfaces/package.sh'
[1.021s] INFO:colcon.colcon_core.shell:Creating package script '/home/ayumayume/ROS2_Y3_2/mobile_robot_inclass/install/falcon_interfaces/share/falcon_interfaces/package.bash'
[1.021s] INFO:colcon.colcon_core.shell:Creating package script '/home/ayumayume/ROS2_Y3_2/mobile_robot_inclass/install/falcon_interfaces/share/falcon_interfaces/package.zsh'
[1.021s] Level 1:colcon.colcon_core.environment:create_file_with_runtime_dependencies(/home/ayumayume/ROS2_Y3_2/mobile_robot_inclass/install/falcon_interfaces/share/colcon-core/packages/falcon_interfaces)
[1.093s] Level 1:colcon.colcon_core.environment:create_environment_scripts_only(falcon_interfaces)
[1.096s] Level 1:colcon.colcon_core.environment:checking '/home/ayumayume/ROS2_Y3_2/mobile_robot_inclass/install/falcon_interfaces' for CMake module files
[1.097s] Level 1:colcon.colcon_core.environment:checking '/home/ayumayume/ROS2_Y3_2/mobile_robot_inclass/install/falcon_interfaces' for CMake config files
[1.098s] Level 1:colcon.colcon_core.shell:create_environment_hook('falcon_interfaces', 'cmake_prefix_path')
[1.101s] INFO:colcon.colcon_core.shell:Creating environment hook '/home/ayumayume/ROS2_Y3_2/mobile_robot_inclass/install/falcon_interfaces/share/falcon_interfaces/hook/cmake_prefix_path.ps1'
[1.101s] INFO:colcon.colcon_core.shell:Creating environment descriptor '/home/ayumayume/ROS2_Y3_2/mobile_robot_inclass/install/falcon_interfaces/share/falcon_interfaces/hook/cmake_prefix_path.dsv'
[1.101s] INFO:colcon.colcon_core.shell:Creating environment hook '/home/ayumayume/ROS2_Y3_2/mobile_robot_inclass/install/falcon_interfaces/share/falcon_interfaces/hook/cmake_prefix_path.sh'
[1.102s] Level 1:colcon.colcon_core.environment:checking '/home/ayumayume/ROS2_Y3_2/mobile_robot_inclass/install/falcon_interfaces/lib'
[1.102s] Level 1:colcon.colcon_core.shell:create_environment_hook('falcon_interfaces', 'ld_library_path_lib')
[1.105s] INFO:colcon.colcon_core.shell:Creating environment hook '/home/ayumayume/ROS2_Y3_2/mobile_robot_inclass/install/falcon_interfaces/share/falcon_interfaces/hook/ld_library_path_lib.ps1'
[1.105s] INFO:colcon.colcon_core.shell:Creating environment descriptor '/home/ayumayume/ROS2_Y3_2/mobile_robot_inclass/install/falcon_interfaces/share/falcon_interfaces/hook/ld_library_path_lib.dsv'
[1.106s] INFO:colcon.colcon_core.shell:Creating environment hook '/home/ayumayume/ROS2_Y3_2/mobile_robot_inclass/install/falcon_interfaces/share/falcon_interfaces/hook/ld_library_path_lib.sh'
[1.106s] Level 1:colcon.colcon_core.environment:checking '/home/ayumayume/ROS2_Y3_2/mobile_robot_inclass/install/falcon_interfaces/bin'
[1.106s] Level 1:colcon.colcon_core.environment:checking '/home/ayumayume/ROS2_Y3_2/mobile_robot_inclass/install/falcon_interfaces/lib/pkgconfig/falcon_interfaces.pc'
[1.106s] Level 1:colcon.colcon_core.environment:checking '/home/ayumayume/ROS2_Y3_2/mobile_robot_inclass/install/falcon_interfaces/lib/python3.8/site-packages'
[1.106s] Level 1:colcon.colcon_core.shell:create_environment_hook('falcon_interfaces', 'pythonpath')
[1.109s] INFO:colcon.colcon_core.shell:Creating environment hook '/home/ayumayume/ROS2_Y3_2/mobile_robot_inclass/install/falcon_interfaces/share/falcon_interfaces/hook/pythonpath.ps1'
[1.109s] INFO:colcon.colcon_core.shell:Creating environment descriptor '/home/ayumayume/ROS2_Y3_2/mobile_robot_inclass/install/falcon_interfaces/share/falcon_interfaces/hook/pythonpath.dsv'
[1.109s] INFO:colcon.colcon_core.shell:Creating environment hook '/home/ayumayume/ROS2_Y3_2/mobile_robot_inclass/install/falcon_interfaces/share/falcon_interfaces/hook/pythonpath.sh'
[1.110s] Level 1:colcon.colcon_core.environment:checking '/home/ayumayume/ROS2_Y3_2/mobile_robot_inclass/install/falcon_interfaces/bin'
[1.113s] INFO:colcon.colcon_core.shell:Creating package script '/home/ayumayume/ROS2_Y3_2/mobile_robot_inclass/install/falcon_interfaces/share/falcon_interfaces/package.ps1'
[1.114s] INFO:colcon.colcon_core.shell:Creating package descriptor '/home/ayumayume/ROS2_Y3_2/mobile_robot_inclass/install/falcon_interfaces/share/falcon_interfaces/package.dsv'
[1.115s] INFO:colcon.colcon_core.shell:Creating package script '/home/ayumayume/ROS2_Y3_2/mobile_robot_inclass/install/falcon_interfaces/share/falcon_interfaces/package.sh'
[1.116s] INFO:colcon.colcon_core.shell:Creating package script '/home/ayumayume/ROS2_Y3_2/mobile_robot_inclass/install/falcon_interfaces/share/falcon_interfaces/package.bash'
[1.116s] INFO:colcon.colcon_core.shell:Creating package script '/home/ayumayume/ROS2_Y3_2/mobile_robot_inclass/install/falcon_interfaces/share/falcon_interfaces/package.zsh'
[1.116s] Level 1:colcon.colcon_core.environment:create_file_with_runtime_dependencies(/home/ayumayume/ROS2_Y3_2/mobile_robot_inclass/install/falcon_interfaces/share/colcon-core/packages/falcon_interfaces)
[1.117s] INFO:colcon.colcon_ros.task.ament_cmake.build:Building ROS package in '/home/ayumayume/ROS2_Y3_2/mobile_robot_inclass/src/falcon_control' with build type 'ament_cmake'
[1.117s] INFO:colcon.colcon_cmake.task.cmake.build:Building CMake package in '/home/ayumayume/ROS2_Y3_2/mobile_robot_inclass/src/falcon_control'
[1.119s] INFO:colcon.colcon_core.shell:Skip shell extension 'powershell' for command environment: Not usable outside of PowerShell
[1.120s] DEBUG:colcon.colcon_core.shell:Skip shell extension 'dsv' for command environment
[1.153s] INFO:colcon.colcon_ros.task.ament_cmake.build:Building ROS package in '/home/ayumayume/ROS2_Y3_2/mobile_robot_inclass/src/megarover_samples_ros2' with build type 'ament_cmake'
[1.153s] INFO:colcon.colcon_cmake.task.cmake.build:Building CMake package in '/home/ayumayume/ROS2_Y3_2/mobile_robot_inclass/src/megarover_samples_ros2'
[1.156s] INFO:colcon.colcon_core.shell:Skip shell extension 'powershell' for command environment: Not usable outside of PowerShell
[1.156s] DEBUG:colcon.colcon_core.shell:Skip shell extension 'dsv' for command environment
[1.201s] DEBUG:colcon.colcon_core.event_handler.log_command:Invoking command in '/home/ayumayume/ROS2_Y3_2/mobile_robot_inclass/build/falcon_control': AMENT_PREFIX_PATH=/home/ayumayume/ROS2_Y3_2/mobile_robot_inclass/install/falcon_interfaces:${AMENT_PREFIX_PATH} CMAKE_PREFIX_PATH=/home/ayumayume/ROS2_Y3_2/mobile_robot_inclass/install/falcon_interfaces:/home/ayumayume/ROS2_Y3_2/mobile_robot_inclass/install/urdf_tutorial:/home/ayumayume/ROS2_Y3_2/mobile_robot_inclass/install/megarover_samples_ros2:/home/ayumayume/turtlebot3_ws/install/turtlebot3:/home/ayumayume/turtlebot3_ws/install/turtlebot3_simulations:/home/ayumayume/turtlebot3_ws/install/turtlebot3_bringup:/home/ayumayume/turtlebot3_ws/install/turtlebot3_node:/home/ayumayume/turtlebot3_ws/install/turtlebot3_navigation2:/home/ayumayume/turtlebot3_ws/install/turtlebot3_fake_node:/home/ayumayume/turtlebot3_ws/install/turtlebot3_msgs:/home/ayumayume/turtlebot3_ws/install/turtlebot3_gazebo:/home/ayumayume/turtlebot3_ws/install/turtlebot3_description:/home/ayumayume/turtlebot3_ws/install/turtlebot3_cartographer:/home/ayumayume/turtlebot3_ws/install/dynamixel_sdk_examples:/home/ayumayume/turtlebot3_ws/install/dynamixel_sdk_custom_interfaces:/home/ayumayume/turtlebot3_ws/install/dynamixel_sdk:/home/ayumayume/test_cpp/install/tutorial_interfaces:/home/ayumayume/test_cpp/install/cpp_pubsub:/home/ayumayume/open_topic/falcon_ros2/install/turtlebot3:/home/ayumayume/open_topic/falcon_ros2/install/turtlebot3_simulations:/home/ayumayume/open_topic/falcon_ros2/install/turtlebot3_bringup:/home/ayumayume/open_topic/falcon_ros2/install/turtlebot3_node:/home/ayumayume/open_topic/falcon_ros2/install/turtlebot3_navigation2:/home/ayumayume/open_topic/falcon_ros2/install/turtlebot3_fake_node:/home/ayumayume/open_topic/falcon_ros2/install/turtlebot3_msgs:/home/ayumayume/open_topic/falcon_ros2/install/turtlebot3_gazebo:/home/ayumayume/open_topic/falcon_ros2/install/turtlebot3_description:/home/ayumayume/open_topic/falcon_ros2/install/turtlebot3_cartographer:/home/ayumayume/open_topic/falcon_ros2/install/falcon_control:/home/ayumayume/open_topic/falcon_ros2/install/falcon_interfaces:/home/ayumayume/open_topic/falcon_ros2/install/dynamixel_sdk_examples:/home/ayumayume/open_topic/falcon_ros2/install/dynamixel_sdk_custom_interfaces:/home/ayumayume/open_topic/falcon_ros2/install/dynamixel_sdk:/home/ayumayume/ROS2_Directory/lab2_ws/install/openmanip_kinematics_interfaces:/home/ayumayume/ROS2_Directory/lab2_ws/install/openmanip_kinematics:/home/ayumayume/ROS2_Directory/lab2_ws/install/openmanip_description:/home/ayumayume/ROS2_Directory/velocity_example/install/ros2_control_demo_3r_robot:/home/ayumayume/ROS2_Directory/lab4_ws/install/ros2_control_6dof_lab4:/home/ayumayume/ROS2_Directory/lab3_example/install/ros2_control_demo_3r_robot:/home/ayumayume/ROS2_Directory/fra333_lab2_ex/install/fra333_lab1:/home/ayumayume/ROS2_Directory/lab1_ws/install/lab1_interfaces:/home/ayumayume/ROS2_Directory/lab1_ws/install/fra333_lab1_31:/home/ayumayume/ROS2_Directory/pun_ws/install/my_first_package:/home/ayumayume/MBSE/for_seding_v1/install/xicro_pkg:/home/ayumayume/MBSE/for_seding_v1/install/xicro_interfaces:/home/ayumayume/ROS2_Directory/lab3_ws/install/ros2_control_6dof:/home/ayumayume/turtlebot3_ws/install/turtlebot3_teleop:/home/ayumayume/turtlebot3_ws/install/turtlebot3_example:/home/ayumayume/open_topic/falcon_ros2/install/turtlebot3_teleop:/home/ayumayume/open_topic/falcon_ros2/install/turtlebot3_example:/opt/ros/foxy LD_LIBRARY_PATH=/home/ayumayume/ROS2_Y3_2/mobile_robot_inclass/install/falcon_interfaces/lib:${LD_LIBRARY_PATH} PYTHONPATH=/home/ayumayume/ROS2_Y3_2/mobile_robot_inclass/install/falcon_interfaces/lib/python3.8/site-packages:${PYTHONPATH} /usr/bin/cmake --build /home/ayumayume/ROS2_Y3_2/mobile_robot_inclass/build/falcon_control -- -j12 -l12
[1.205s] DEBUG:colcon.colcon_core.event_handler.log_command:Invoking command in '/home/ayumayume/ROS2_Y3_2/mobile_robot_inclass/build/megarover_samples_ros2': AMENT_PREFIX_PATH=/home/ayumayume/ROS2_Y3_2/mobile_robot_inclass/install/falcon_interfaces:${AMENT_PREFIX_PATH} CMAKE_PREFIX_PATH=/home/ayumayume/ROS2_Y3_2/mobile_robot_inclass/install/falcon_interfaces:/home/ayumayume/ROS2_Y3_2/mobile_robot_inclass/install/urdf_tutorial:/home/ayumayume/ROS2_Y3_2/mobile_robot_inclass/install/megarover_samples_ros2:/home/ayumayume/turtlebot3_ws/install/turtlebot3:/home/ayumayume/turtlebot3_ws/install/turtlebot3_simulations:/home/ayumayume/turtlebot3_ws/install/turtlebot3_bringup:/home/ayumayume/turtlebot3_ws/install/turtlebot3_node:/home/ayumayume/turtlebot3_ws/install/turtlebot3_navigation2:/home/ayumayume/turtlebot3_ws/install/turtlebot3_fake_node:/home/ayumayume/turtlebot3_ws/install/turtlebot3_msgs:/home/ayumayume/turtlebot3_ws/install/turtlebot3_gazebo:/home/ayumayume/turtlebot3_ws/install/turtlebot3_description:/home/ayumayume/turtlebot3_ws/install/turtlebot3_cartographer:/home/ayumayume/turtlebot3_ws/install/dynamixel_sdk_examples:/home/ayumayume/turtlebot3_ws/install/dynamixel_sdk_custom_interfaces:/home/ayumayume/turtlebot3_ws/install/dynamixel_sdk:/home/ayumayume/test_cpp/install/tutorial_interfaces:/home/ayumayume/test_cpp/install/cpp_pubsub:/home/ayumayume/open_topic/falcon_ros2/install/turtlebot3:/home/ayumayume/open_topic/falcon_ros2/install/turtlebot3_simulations:/home/ayumayume/open_topic/falcon_ros2/install/turtlebot3_bringup:/home/ayumayume/open_topic/falcon_ros2/install/turtlebot3_node:/home/ayumayume/open_topic/falcon_ros2/install/turtlebot3_navigation2:/home/ayumayume/open_topic/falcon_ros2/install/turtlebot3_fake_node:/home/ayumayume/open_topic/falcon_ros2/install/turtlebot3_msgs:/home/ayumayume/open_topic/falcon_ros2/install/turtlebot3_gazebo:/home/ayumayume/open_topic/falcon_ros2/install/turtlebot3_description:/home/ayumayume/open_topic/falcon_ros2/install/turtlebot3_cartographer:/home/ayumayume/open_topic/falcon_ros2/install/falcon_control:/home/ayumayume/open_topic/falcon_ros2/install/falcon_interfaces:/home/ayumayume/open_topic/falcon_ros2/install/dynamixel_sdk_examples:/home/ayumayume/open_topic/falcon_ros2/install/dynamixel_sdk_custom_interfaces:/home/ayumayume/open_topic/falcon_ros2/install/dynamixel_sdk:/home/ayumayume/ROS2_Directory/lab2_ws/install/openmanip_kinematics_interfaces:/home/ayumayume/ROS2_Directory/lab2_ws/install/openmanip_kinematics:/home/ayumayume/ROS2_Directory/lab2_ws/install/openmanip_description:/home/ayumayume/ROS2_Directory/velocity_example/install/ros2_control_demo_3r_robot:/home/ayumayume/ROS2_Directory/lab4_ws/install/ros2_control_6dof_lab4:/home/ayumayume/ROS2_Directory/lab3_example/install/ros2_control_demo_3r_robot:/home/ayumayume/ROS2_Directory/fra333_lab2_ex/install/fra333_lab1:/home/ayumayume/ROS2_Directory/lab1_ws/install/lab1_interfaces:/home/ayumayume/ROS2_Directory/lab1_ws/install/fra333_lab1_31:/home/ayumayume/ROS2_Directory/pun_ws/install/my_first_package:/home/ayumayume/MBSE/for_seding_v1/install/xicro_pkg:/home/ayumayume/MBSE/for_seding_v1/install/xicro_interfaces:/home/ayumayume/ROS2_Directory/lab3_ws/install/ros2_control_6dof:/home/ayumayume/turtlebot3_ws/install/turtlebot3_teleop:/home/ayumayume/turtlebot3_ws/install/turtlebot3_example:/home/ayumayume/open_topic/falcon_ros2/install/turtlebot3_teleop:/home/ayumayume/open_topic/falcon_ros2/install/turtlebot3_example:/opt/ros/foxy LD_LIBRARY_PATH=/home/ayumayume/ROS2_Y3_2/mobile_robot_inclass/install/falcon_interfaces/lib:${LD_LIBRARY_PATH} PYTHONPATH=/home/ayumayume/ROS2_Y3_2/mobile_robot_inclass/install/falcon_interfaces/lib/python3.8/site-packages:${PYTHONPATH} /usr/bin/cmake --build /home/ayumayume/ROS2_Y3_2/mobile_robot_inclass/build/megarover_samples_ros2 -- -j12 -l12
[1.292s] DEBUG:colcon.colcon_core.event_handler.log_command:Invoked command in '/home/ayumayume/ROS2_Y3_2/mobile_robot_inclass/build/megarover_samples_ros2' returned '0': AMENT_PREFIX_PATH=/home/ayumayume/ROS2_Y3_2/mobile_robot_inclass/install/falcon_interfaces:${AMENT_PREFIX_PATH} CMAKE_PREFIX_PATH=/home/ayumayume/ROS2_Y3_2/mobile_robot_inclass/install/falcon_interfaces:/home/ayumayume/ROS2_Y3_2/mobile_robot_inclass/install/urdf_tutorial:/home/ayumayume/ROS2_Y3_2/mobile_robot_inclass/install/megarover_samples_ros2:/home/ayumayume/turtlebot3_ws/install/turtlebot3:/home/ayumayume/turtlebot3_ws/install/turtlebot3_simulations:/home/ayumayume/turtlebot3_ws/install/turtlebot3_bringup:/home/ayumayume/turtlebot3_ws/install/turtlebot3_node:/home/ayumayume/turtlebot3_ws/install/turtlebot3_navigation2:/home/ayumayume/turtlebot3_ws/install/turtlebot3_fake_node:/home/ayumayume/turtlebot3_ws/install/turtlebot3_msgs:/home/ayumayume/turtlebot3_ws/install/turtlebot3_gazebo:/home/ayumayume/turtlebot3_ws/install/turtlebot3_description:/home/ayumayume/turtlebot3_ws/install/turtlebot3_cartographer:/home/ayumayume/turtlebot3_ws/install/dynamixel_sdk_examples:/home/ayumayume/turtlebot3_ws/install/dynamixel_sdk_custom_interfaces:/home/ayumayume/turtlebot3_ws/install/dynamixel_sdk:/home/ayumayume/test_cpp/install/tutorial_interfaces:/home/ayumayume/test_cpp/install/cpp_pubsub:/home/ayumayume/open_topic/falcon_ros2/install/turtlebot3:/home/ayumayume/open_topic/falcon_ros2/install/turtlebot3_simulations:/home/ayumayume/open_topic/falcon_ros2/install/turtlebot3_bringup:/home/ayumayume/open_topic/falcon_ros2/install/turtlebot3_node:/home/ayumayume/open_topic/falcon_ros2/install/turtlebot3_navigation2:/home/ayumayume/open_topic/falcon_ros2/install/turtlebot3_fake_node:/home/ayumayume/open_topic/falcon_ros2/install/turtlebot3_msgs:/home/ayumayume/open_topic/falcon_ros2/install/turtlebot3_gazebo:/home/ayumayume/open_topic/falcon_ros2/install/turtlebot3_description:/home/ayumayume/open_topic/falcon_ros2/install/turtlebot3_cartographer:/home/ayumayume/open_topic/falcon_ros2/install/falcon_control:/home/ayumayume/open_topic/falcon_ros2/install/falcon_interfaces:/home/ayumayume/open_topic/falcon_ros2/install/dynamixel_sdk_examples:/home/ayumayume/open_topic/falcon_ros2/install/dynamixel_sdk_custom_interfaces:/home/ayumayume/open_topic/falcon_ros2/install/dynamixel_sdk:/home/ayumayume/ROS2_Directory/lab2_ws/install/openmanip_kinematics_interfaces:/home/ayumayume/ROS2_Directory/lab2_ws/install/openmanip_kinematics:/home/ayumayume/ROS2_Directory/lab2_ws/install/openmanip_description:/home/ayumayume/ROS2_Directory/velocity_example/install/ros2_control_demo_3r_robot:/home/ayumayume/ROS2_Directory/lab4_ws/install/ros2_control_6dof_lab4:/home/ayumayume/ROS2_Directory/lab3_example/install/ros2_control_demo_3r_robot:/home/ayumayume/ROS2_Directory/fra333_lab2_ex/install/fra333_lab1:/home/ayumayume/ROS2_Directory/lab1_ws/install/lab1_interfaces:/home/ayumayume/ROS2_Directory/lab1_ws/install/fra333_lab1_31:/home/ayumayume/ROS2_Directory/pun_ws/install/my_first_package:/home/ayumayume/MBSE/for_seding_v1/install/xicro_pkg:/home/ayumayume/MBSE/for_seding_v1/install/xicro_interfaces:/home/ayumayume/ROS2_Directory/lab3_ws/install/ros2_control_6dof:/home/ayumayume/turtlebot3_ws/install/turtlebot3_teleop:/home/ayumayume/turtlebot3_ws/install/turtlebot3_example:/home/ayumayume/open_topic/falcon_ros2/install/turtlebot3_teleop:/home/ayumayume/open_topic/falcon_ros2/install/turtlebot3_example:/opt/ros/foxy LD_LIBRARY_PATH=/home/ayumayume/ROS2_Y3_2/mobile_robot_inclass/install/falcon_interfaces/lib:${LD_LIBRARY_PATH} PYTHONPATH=/home/ayumayume/ROS2_Y3_2/mobile_robot_inclass/install/falcon_interfaces/lib/python3.8/site-packages:${PYTHONPATH} /usr/bin/cmake --build /home/ayumayume/ROS2_Y3_2/mobile_robot_inclass/build/megarover_samples_ros2 -- -j12 -l12
[1.295s] DEBUG:colcon.colcon_core.event_handler.log_command:Invoked command in '/home/ayumayume/ROS2_Y3_2/mobile_robot_inclass/build/falcon_control' returned '0': AMENT_PREFIX_PATH=/home/ayumayume/ROS2_Y3_2/mobile_robot_inclass/install/falcon_interfaces:${AMENT_PREFIX_PATH} CMAKE_PREFIX_PATH=/home/ayumayume/ROS2_Y3_2/mobile_robot_inclass/install/falcon_interfaces:/home/ayumayume/ROS2_Y3_2/mobile_robot_inclass/install/urdf_tutorial:/home/ayumayume/ROS2_Y3_2/mobile_robot_inclass/install/megarover_samples_ros2:/home/ayumayume/turtlebot3_ws/install/turtlebot3:/home/ayumayume/turtlebot3_ws/install/turtlebot3_simulations:/home/ayumayume/turtlebot3_ws/install/turtlebot3_bringup:/home/ayumayume/turtlebot3_ws/install/turtlebot3_node:/home/ayumayume/turtlebot3_ws/install/turtlebot3_navigation2:/home/ayumayume/turtlebot3_ws/install/turtlebot3_fake_node:/home/ayumayume/turtlebot3_ws/install/turtlebot3_msgs:/home/ayumayume/turtlebot3_ws/install/turtlebot3_gazebo:/home/ayumayume/turtlebot3_ws/install/turtlebot3_description:/home/ayumayume/turtlebot3_ws/install/turtlebot3_cartographer:/home/ayumayume/turtlebot3_ws/install/dynamixel_sdk_examples:/home/ayumayume/turtlebot3_ws/install/dynamixel_sdk_custom_interfaces:/home/ayumayume/turtlebot3_ws/install/dynamixel_sdk:/home/ayumayume/test_cpp/install/tutorial_interfaces:/home/ayumayume/test_cpp/install/cpp_pubsub:/home/ayumayume/open_topic/falcon_ros2/install/turtlebot3:/home/ayumayume/open_topic/falcon_ros2/install/turtlebot3_simulations:/home/ayumayume/open_topic/falcon_ros2/install/turtlebot3_bringup:/home/ayumayume/open_topic/falcon_ros2/install/turtlebot3_node:/home/ayumayume/open_topic/falcon_ros2/install/turtlebot3_navigation2:/home/ayumayume/open_topic/falcon_ros2/install/turtlebot3_fake_node:/home/ayumayume/open_topic/falcon_ros2/install/turtlebot3_msgs:/home/ayumayume/open_topic/falcon_ros2/install/turtlebot3_gazebo:/home/ayumayume/open_topic/falcon_ros2/install/turtlebot3_description:/home/ayumayume/open_topic/falcon_ros2/install/turtlebot3_cartographer:/home/ayumayume/open_topic/falcon_ros2/install/falcon_control:/home/ayumayume/open_topic/falcon_ros2/install/falcon_interfaces:/home/ayumayume/open_topic/falcon_ros2/install/dynamixel_sdk_examples:/home/ayumayume/open_topic/falcon_ros2/install/dynamixel_sdk_custom_interfaces:/home/ayumayume/open_topic/falcon_ros2/install/dynamixel_sdk:/home/ayumayume/ROS2_Directory/lab2_ws/install/openmanip_kinematics_interfaces:/home/ayumayume/ROS2_Directory/lab2_ws/install/openmanip_kinematics:/home/ayumayume/ROS2_Directory/lab2_ws/install/openmanip_description:/home/ayumayume/ROS2_Directory/velocity_example/install/ros2_control_demo_3r_robot:/home/ayumayume/ROS2_Directory/lab4_ws/install/ros2_control_6dof_lab4:/home/ayumayume/ROS2_Directory/lab3_example/install/ros2_control_demo_3r_robot:/home/ayumayume/ROS2_Directory/fra333_lab2_ex/install/fra333_lab1:/home/ayumayume/ROS2_Directory/lab1_ws/install/lab1_interfaces:/home/ayumayume/ROS2_Directory/lab1_ws/install/fra333_lab1_31:/home/ayumayume/ROS2_Directory/pun_ws/install/my_first_package:/home/ayumayume/MBSE/for_seding_v1/install/xicro_pkg:/home/ayumayume/MBSE/for_seding_v1/install/xicro_interfaces:/home/ayumayume/ROS2_Directory/lab3_ws/install/ros2_control_6dof:/home/ayumayume/turtlebot3_ws/install/turtlebot3_teleop:/home/ayumayume/turtlebot3_ws/install/turtlebot3_example:/home/ayumayume/open_topic/falcon_ros2/install/turtlebot3_teleop:/home/ayumayume/open_topic/falcon_ros2/install/turtlebot3_example:/opt/ros/foxy LD_LIBRARY_PATH=/home/ayumayume/ROS2_Y3_2/mobile_robot_inclass/install/falcon_interfaces/lib:${LD_LIBRARY_PATH} PYTHONPATH=/home/ayumayume/ROS2_Y3_2/mobile_robot_inclass/install/falcon_interfaces/lib/python3.8/site-packages:${PYTHONPATH} /usr/bin/cmake --build /home/ayumayume/ROS2_Y3_2/mobile_robot_inclass/build/falcon_control -- -j12 -l12
[1.324s] DEBUG:colcon.colcon_core.event_handler.log_command:Invoking command in '/home/ayumayume/ROS2_Y3_2/mobile_robot_inclass/build/megarover_samples_ros2': AMENT_PREFIX_PATH=/home/ayumayume/ROS2_Y3_2/mobile_robot_inclass/install/falcon_interfaces:${AMENT_PREFIX_PATH} CMAKE_PREFIX_PATH=/home/ayumayume/ROS2_Y3_2/mobile_robot_inclass/install/falcon_interfaces:/home/ayumayume/ROS2_Y3_2/mobile_robot_inclass/install/urdf_tutorial:/home/ayumayume/ROS2_Y3_2/mobile_robot_inclass/install/megarover_samples_ros2:/home/ayumayume/turtlebot3_ws/install/turtlebot3:/home/ayumayume/turtlebot3_ws/install/turtlebot3_simulations:/home/ayumayume/turtlebot3_ws/install/turtlebot3_bringup:/home/ayumayume/turtlebot3_ws/install/turtlebot3_node:/home/ayumayume/turtlebot3_ws/install/turtlebot3_navigation2:/home/ayumayume/turtlebot3_ws/install/turtlebot3_fake_node:/home/ayumayume/turtlebot3_ws/install/turtlebot3_msgs:/home/ayumayume/turtlebot3_ws/install/turtlebot3_gazebo:/home/ayumayume/turtlebot3_ws/install/turtlebot3_description:/home/ayumayume/turtlebot3_ws/install/turtlebot3_cartographer:/home/ayumayume/turtlebot3_ws/install/dynamixel_sdk_examples:/home/ayumayume/turtlebot3_ws/install/dynamixel_sdk_custom_interfaces:/home/ayumayume/turtlebot3_ws/install/dynamixel_sdk:/home/ayumayume/test_cpp/install/tutorial_interfaces:/home/ayumayume/test_cpp/install/cpp_pubsub:/home/ayumayume/open_topic/falcon_ros2/install/turtlebot3:/home/ayumayume/open_topic/falcon_ros2/install/turtlebot3_simulations:/home/ayumayume/open_topic/falcon_ros2/install/turtlebot3_bringup:/home/ayumayume/open_topic/falcon_ros2/install/turtlebot3_node:/home/ayumayume/open_topic/falcon_ros2/install/turtlebot3_navigation2:/home/ayumayume/open_topic/falcon_ros2/install/turtlebot3_fake_node:/home/ayumayume/open_topic/falcon_ros2/install/turtlebot3_msgs:/home/ayumayume/open_topic/falcon_ros2/install/turtlebot3_gazebo:/home/ayumayume/open_topic/falcon_ros2/install/turtlebot3_description:/home/ayumayume/open_topic/falcon_ros2/install/turtlebot3_cartographer:/home/ayumayume/open_topic/falcon_ros2/install/falcon_control:/home/ayumayume/open_topic/falcon_ros2/install/falcon_interfaces:/home/ayumayume/open_topic/falcon_ros2/install/dynamixel_sdk_examples:/home/ayumayume/open_topic/falcon_ros2/install/dynamixel_sdk_custom_interfaces:/home/ayumayume/open_topic/falcon_ros2/install/dynamixel_sdk:/home/ayumayume/ROS2_Directory/lab2_ws/install/openmanip_kinematics_interfaces:/home/ayumayume/ROS2_Directory/lab2_ws/install/openmanip_kinematics:/home/ayumayume/ROS2_Directory/lab2_ws/install/openmanip_description:/home/ayumayume/ROS2_Directory/velocity_example/install/ros2_control_demo_3r_robot:/home/ayumayume/ROS2_Directory/lab4_ws/install/ros2_control_6dof_lab4:/home/ayumayume/ROS2_Directory/lab3_example/install/ros2_control_demo_3r_robot:/home/ayumayume/ROS2_Directory/fra333_lab2_ex/install/fra333_lab1:/home/ayumayume/ROS2_Directory/lab1_ws/install/lab1_interfaces:/home/ayumayume/ROS2_Directory/lab1_ws/install/fra333_lab1_31:/home/ayumayume/ROS2_Directory/pun_ws/install/my_first_package:/home/ayumayume/MBSE/for_seding_v1/install/xicro_pkg:/home/ayumayume/MBSE/for_seding_v1/install/xicro_interfaces:/home/ayumayume/ROS2_Directory/lab3_ws/install/ros2_control_6dof:/home/ayumayume/turtlebot3_ws/install/turtlebot3_teleop:/home/ayumayume/turtlebot3_ws/install/turtlebot3_example:/home/ayumayume/open_topic/falcon_ros2/install/turtlebot3_teleop:/home/ayumayume/open_topic/falcon_ros2/install/turtlebot3_example:/opt/ros/foxy LD_LIBRARY_PATH=/home/ayumayume/ROS2_Y3_2/mobile_robot_inclass/install/falcon_interfaces/lib:${LD_LIBRARY_PATH} PYTHONPATH=/home/ayumayume/ROS2_Y3_2/mobile_robot_inclass/install/falcon_interfaces/lib/python3.8/site-packages:${PYTHONPATH} /usr/bin/cmake --install /home/ayumayume/ROS2_Y3_2/mobile_robot_inclass/build/megarover_samples_ros2
[1.328s] DEBUG:colcon.colcon_core.event_handler.log_command:Invoking command in '/home/ayumayume/ROS2_Y3_2/mobile_robot_inclass/build/falcon_control': AMENT_PREFIX_PATH=/home/ayumayume/ROS2_Y3_2/mobile_robot_inclass/install/falcon_interfaces:${AMENT_PREFIX_PATH} CMAKE_PREFIX_PATH=/home/ayumayume/ROS2_Y3_2/mobile_robot_inclass/install/falcon_interfaces:/home/ayumayume/ROS2_Y3_2/mobile_robot_inclass/install/urdf_tutorial:/home/ayumayume/ROS2_Y3_2/mobile_robot_inclass/install/megarover_samples_ros2:/home/ayumayume/turtlebot3_ws/install/turtlebot3:/home/ayumayume/turtlebot3_ws/install/turtlebot3_simulations:/home/ayumayume/turtlebot3_ws/install/turtlebot3_bringup:/home/ayumayume/turtlebot3_ws/install/turtlebot3_node:/home/ayumayume/turtlebot3_ws/install/turtlebot3_navigation2:/home/ayumayume/turtlebot3_ws/install/turtlebot3_fake_node:/home/ayumayume/turtlebot3_ws/install/turtlebot3_msgs:/home/ayumayume/turtlebot3_ws/install/turtlebot3_gazebo:/home/ayumayume/turtlebot3_ws/install/turtlebot3_description:/home/ayumayume/turtlebot3_ws/install/turtlebot3_cartographer:/home/ayumayume/turtlebot3_ws/install/dynamixel_sdk_examples:/home/ayumayume/turtlebot3_ws/install/dynamixel_sdk_custom_interfaces:/home/ayumayume/turtlebot3_ws/install/dynamixel_sdk:/home/ayumayume/test_cpp/install/tutorial_interfaces:/home/ayumayume/test_cpp/install/cpp_pubsub:/home/ayumayume/open_topic/falcon_ros2/install/turtlebot3:/home/ayumayume/open_topic/falcon_ros2/install/turtlebot3_simulations:/home/ayumayume/open_topic/falcon_ros2/install/turtlebot3_bringup:/home/ayumayume/open_topic/falcon_ros2/install/turtlebot3_node:/home/ayumayume/open_topic/falcon_ros2/install/turtlebot3_navigation2:/home/ayumayume/open_topic/falcon_ros2/install/turtlebot3_fake_node:/home/ayumayume/open_topic/falcon_ros2/install/turtlebot3_msgs:/home/ayumayume/open_topic/falcon_ros2/install/turtlebot3_gazebo:/home/ayumayume/open_topic/falcon_ros2/install/turtlebot3_description:/home/ayumayume/open_topic/falcon_ros2/install/turtlebot3_cartographer:/home/ayumayume/open_topic/falcon_ros2/install/falcon_control:/home/ayumayume/open_topic/falcon_ros2/install/falcon_interfaces:/home/ayumayume/open_topic/falcon_ros2/install/dynamixel_sdk_examples:/home/ayumayume/open_topic/falcon_ros2/install/dynamixel_sdk_custom_interfaces:/home/ayumayume/open_topic/falcon_ros2/install/dynamixel_sdk:/home/ayumayume/ROS2_Directory/lab2_ws/install/openmanip_kinematics_interfaces:/home/ayumayume/ROS2_Directory/lab2_ws/install/openmanip_kinematics:/home/ayumayume/ROS2_Directory/lab2_ws/install/openmanip_description:/home/ayumayume/ROS2_Directory/velocity_example/install/ros2_control_demo_3r_robot:/home/ayumayume/ROS2_Directory/lab4_ws/install/ros2_control_6dof_lab4:/home/ayumayume/ROS2_Directory/lab3_example/install/ros2_control_demo_3r_robot:/home/ayumayume/ROS2_Directory/fra333_lab2_ex/install/fra333_lab1:/home/ayumayume/ROS2_Directory/lab1_ws/install/lab1_interfaces:/home/ayumayume/ROS2_Directory/lab1_ws/install/fra333_lab1_31:/home/ayumayume/ROS2_Directory/pun_ws/install/my_first_package:/home/ayumayume/MBSE/for_seding_v1/install/xicro_pkg:/home/ayumayume/MBSE/for_seding_v1/install/xicro_interfaces:/home/ayumayume/ROS2_Directory/lab3_ws/install/ros2_control_6dof:/home/ayumayume/turtlebot3_ws/install/turtlebot3_teleop:/home/ayumayume/turtlebot3_ws/install/turtlebot3_example:/home/ayumayume/open_topic/falcon_ros2/install/turtlebot3_teleop:/home/ayumayume/open_topic/falcon_ros2/install/turtlebot3_example:/opt/ros/foxy LD_LIBRARY_PATH=/home/ayumayume/ROS2_Y3_2/mobile_robot_inclass/install/falcon_interfaces/lib:${LD_LIBRARY_PATH} PYTHONPATH=/home/ayumayume/ROS2_Y3_2/mobile_robot_inclass/install/falcon_interfaces/lib/python3.8/site-packages:${PYTHONPATH} /usr/bin/cmake --install /home/ayumayume/ROS2_Y3_2/mobile_robot_inclass/build/falcon_control
[1.361s] Level 1:colcon.colcon_core.environment:create_environment_scripts_only(megarover_samples_ros2)
[1.365s] Level 1:colcon.colcon_core.environment:checking '/home/ayumayume/ROS2_Y3_2/mobile_robot_inclass/install/megarover_samples_ros2' for CMake module files
[1.366s] DEBUG:colcon.colcon_core.event_handler.log_command:Invoked command in '/home/ayumayume/ROS2_Y3_2/mobile_robot_inclass/build/megarover_samples_ros2' returned '0': AMENT_PREFIX_PATH=/home/ayumayume/ROS2_Y3_2/mobile_robot_inclass/install/falcon_interfaces:${AMENT_PREFIX_PATH} CMAKE_PREFIX_PATH=/home/ayumayume/ROS2_Y3_2/mobile_robot_inclass/install/falcon_interfaces:/home/ayumayume/ROS2_Y3_2/mobile_robot_inclass/install/urdf_tutorial:/home/ayumayume/ROS2_Y3_2/mobile_robot_inclass/install/megarover_samples_ros2:/home/ayumayume/turtlebot3_ws/install/turtlebot3:/home/ayumayume/turtlebot3_ws/install/turtlebot3_simulations:/home/ayumayume/turtlebot3_ws/install/turtlebot3_bringup:/home/ayumayume/turtlebot3_ws/install/turtlebot3_node:/home/ayumayume/turtlebot3_ws/install/turtlebot3_navigation2:/home/ayumayume/turtlebot3_ws/install/turtlebot3_fake_node:/home/ayumayume/turtlebot3_ws/install/turtlebot3_msgs:/home/ayumayume/turtlebot3_ws/install/turtlebot3_gazebo:/home/ayumayume/turtlebot3_ws/install/turtlebot3_description:/home/ayumayume/turtlebot3_ws/install/turtlebot3_cartographer:/home/ayumayume/turtlebot3_ws/install/dynamixel_sdk_examples:/home/ayumayume/turtlebot3_ws/install/dynamixel_sdk_custom_interfaces:/home/ayumayume/turtlebot3_ws/install/dynamixel_sdk:/home/ayumayume/test_cpp/install/tutorial_interfaces:/home/ayumayume/test_cpp/install/cpp_pubsub:/home/ayumayume/open_topic/falcon_ros2/install/turtlebot3:/home/ayumayume/open_topic/falcon_ros2/install/turtlebot3_simulations:/home/ayumayume/open_topic/falcon_ros2/install/turtlebot3_bringup:/home/ayumayume/open_topic/falcon_ros2/install/turtlebot3_node:/home/ayumayume/open_topic/falcon_ros2/install/turtlebot3_navigation2:/home/ayumayume/open_topic/falcon_ros2/install/turtlebot3_fake_node:/home/ayumayume/open_topic/falcon_ros2/install/turtlebot3_msgs:/home/ayumayume/open_topic/falcon_ros2/install/turtlebot3_gazebo:/home/ayumayume/open_topic/falcon_ros2/install/turtlebot3_description:/home/ayumayume/open_topic/falcon_ros2/install/turtlebot3_cartographer:/home/ayumayume/open_topic/falcon_ros2/install/falcon_control:/home/ayumayume/open_topic/falcon_ros2/install/falcon_interfaces:/home/ayumayume/open_topic/falcon_ros2/install/dynamixel_sdk_examples:/home/ayumayume/open_topic/falcon_ros2/install/dynamixel_sdk_custom_interfaces:/home/ayumayume/open_topic/falcon_ros2/install/dynamixel_sdk:/home/ayumayume/ROS2_Directory/lab2_ws/install/openmanip_kinematics_interfaces:/home/ayumayume/ROS2_Directory/lab2_ws/install/openmanip_kinematics:/home/ayumayume/ROS2_Directory/lab2_ws/install/openmanip_description:/home/ayumayume/ROS2_Directory/velocity_example/install/ros2_control_demo_3r_robot:/home/ayumayume/ROS2_Directory/lab4_ws/install/ros2_control_6dof_lab4:/home/ayumayume/ROS2_Directory/lab3_example/install/ros2_control_demo_3r_robot:/home/ayumayume/ROS2_Directory/fra333_lab2_ex/install/fra333_lab1:/home/ayumayume/ROS2_Directory/lab1_ws/install/lab1_interfaces:/home/ayumayume/ROS2_Directory/lab1_ws/install/fra333_lab1_31:/home/ayumayume/ROS2_Directory/pun_ws/install/my_first_package:/home/ayumayume/MBSE/for_seding_v1/install/xicro_pkg:/home/ayumayume/MBSE/for_seding_v1/install/xicro_interfaces:/home/ayumayume/ROS2_Directory/lab3_ws/install/ros2_control_6dof:/home/ayumayume/turtlebot3_ws/install/turtlebot3_teleop:/home/ayumayume/turtlebot3_ws/install/turtlebot3_example:/home/ayumayume/open_topic/falcon_ros2/install/turtlebot3_teleop:/home/ayumayume/open_topic/falcon_ros2/install/turtlebot3_example:/opt/ros/foxy LD_LIBRARY_PATH=/home/ayumayume/ROS2_Y3_2/mobile_robot_inclass/install/falcon_interfaces/lib:${LD_LIBRARY_PATH} PYTHONPATH=/home/ayumayume/ROS2_Y3_2/mobile_robot_inclass/install/falcon_interfaces/lib/python3.8/site-packages:${PYTHONPATH} /usr/bin/cmake --install /home/ayumayume/ROS2_Y3_2/mobile_robot_inclass/build/megarover_samples_ros2
[1.367s] Level 1:colcon.colcon_core.environment:checking '/home/ayumayume/ROS2_Y3_2/mobile_robot_inclass/install/megarover_samples_ros2' for CMake config files
[1.367s] Level 1:colcon.colcon_core.shell:create_environment_hook('megarover_samples_ros2', 'cmake_prefix_path')
[1.370s] INFO:colcon.colcon_core.shell:Creating environment hook '/home/ayumayume/ROS2_Y3_2/mobile_robot_inclass/install/megarover_samples_ros2/share/megarover_samples_ros2/hook/cmake_prefix_path.ps1'
[1.372s] INFO:colcon.colcon_core.shell:Creating environment descriptor '/home/ayumayume/ROS2_Y3_2/mobile_robot_inclass/install/megarover_samples_ros2/share/megarover_samples_ros2/hook/cmake_prefix_path.dsv'
[1.372s] INFO:colcon.colcon_core.shell:Creating environment hook '/home/ayumayume/ROS2_Y3_2/mobile_robot_inclass/install/megarover_samples_ros2/share/megarover_samples_ros2/hook/cmake_prefix_path.sh'
[1.373s] Level 1:colcon.colcon_core.environment:checking '/home/ayumayume/ROS2_Y3_2/mobile_robot_inclass/install/megarover_samples_ros2/lib'
[1.373s] Level 1:colcon.colcon_core.environment:checking '/home/ayumayume/ROS2_Y3_2/mobile_robot_inclass/install/megarover_samples_ros2/bin'
[1.373s] Level 1:colcon.colcon_core.environment:checking '/home/ayumayume/ROS2_Y3_2/mobile_robot_inclass/install/megarover_samples_ros2/lib/pkgconfig/megarover_samples_ros2.pc'
[1.373s] Level 1:colcon.colcon_core.environment:checking '/home/ayumayume/ROS2_Y3_2/mobile_robot_inclass/install/megarover_samples_ros2/lib/python3.8/site-packages'
[1.373s] Level 1:colcon.colcon_core.environment:checking '/home/ayumayume/ROS2_Y3_2/mobile_robot_inclass/install/megarover_samples_ros2/bin'
[1.376s] INFO:colcon.colcon_core.shell:Creating package script '/home/ayumayume/ROS2_Y3_2/mobile_robot_inclass/install/megarover_samples_ros2/share/megarover_samples_ros2/package.ps1'
[1.377s] INFO:colcon.colcon_core.shell:Creating package descriptor '/home/ayumayume/ROS2_Y3_2/mobile_robot_inclass/install/megarover_samples_ros2/share/megarover_samples_ros2/package.dsv'
[1.377s] INFO:colcon.colcon_core.shell:Creating package script '/home/ayumayume/ROS2_Y3_2/mobile_robot_inclass/install/megarover_samples_ros2/share/megarover_samples_ros2/package.sh'
[1.377s] INFO:colcon.colcon_core.shell:Creating package script '/home/ayumayume/ROS2_Y3_2/mobile_robot_inclass/install/megarover_samples_ros2/share/megarover_samples_ros2/package.bash'
[1.378s] INFO:colcon.colcon_core.shell:Creating package script '/home/ayumayume/ROS2_Y3_2/mobile_robot_inclass/install/megarover_samples_ros2/share/megarover_samples_ros2/package.zsh'
[1.378s] Level 1:colcon.colcon_core.environment:create_file_with_runtime_dependencies(/home/ayumayume/ROS2_Y3_2/mobile_robot_inclass/install/megarover_samples_ros2/share/colcon-core/packages/megarover_samples_ros2)
[1.410s] Level 1:colcon.colcon_core.environment:create_environment_scripts_only(megarover_samples_ros2)
[1.415s] Level 1:colcon.colcon_core.environment:checking '/home/ayumayume/ROS2_Y3_2/mobile_robot_inclass/install/megarover_samples_ros2' for CMake module files
[1.416s] Level 1:colcon.colcon_core.environment:checking '/home/ayumayume/ROS2_Y3_2/mobile_robot_inclass/install/megarover_samples_ros2' for CMake config files
[1.417s] Level 1:colcon.colcon_core.shell:create_environment_hook('megarover_samples_ros2', 'cmake_prefix_path')
[1.420s] INFO:colcon.colcon_core.shell:Creating environment hook '/home/ayumayume/ROS2_Y3_2/mobile_robot_inclass/install/megarover_samples_ros2/share/megarover_samples_ros2/hook/cmake_prefix_path.ps1'
[1.421s] INFO:colcon.colcon_core.shell:Creating environment descriptor '/home/ayumayume/ROS2_Y3_2/mobile_robot_inclass/install/megarover_samples_ros2/share/megarover_samples_ros2/hook/cmake_prefix_path.dsv'
[1.421s] INFO:colcon.colcon_core.shell:Creating environment hook '/home/ayumayume/ROS2_Y3_2/mobile_robot_inclass/install/megarover_samples_ros2/share/megarover_samples_ros2/hook/cmake_prefix_path.sh'
[1.422s] Level 1:colcon.colcon_core.environment:checking '/home/ayumayume/ROS2_Y3_2/mobile_robot_inclass/install/megarover_samples_ros2/lib'
[1.422s] Level 1:colcon.colcon_core.environment:checking '/home/ayumayume/ROS2_Y3_2/mobile_robot_inclass/install/megarover_samples_ros2/bin'
[1.422s] Level 1:colcon.colcon_core.environment:checking '/home/ayumayume/ROS2_Y3_2/mobile_robot_inclass/install/megarover_samples_ros2/lib/pkgconfig/megarover_samples_ros2.pc'
[1.422s] Level 1:colcon.colcon_core.environment:checking '/home/ayumayume/ROS2_Y3_2/mobile_robot_inclass/install/megarover_samples_ros2/lib/python3.8/site-packages'
[1.422s] Level 1:colcon.colcon_core.environment:checking '/home/ayumayume/ROS2_Y3_2/mobile_robot_inclass/install/megarover_samples_ros2/bin'
[1.425s] INFO:colcon.colcon_core.shell:Creating package script '/home/ayumayume/ROS2_Y3_2/mobile_robot_inclass/install/megarover_samples_ros2/share/megarover_samples_ros2/package.ps1'
[1.426s] INFO:colcon.colcon_core.shell:Creating package descriptor '/home/ayumayume/ROS2_Y3_2/mobile_robot_inclass/install/megarover_samples_ros2/share/megarover_samples_ros2/package.dsv'
[1.426s] INFO:colcon.colcon_core.shell:Creating package script '/home/ayumayume/ROS2_Y3_2/mobile_robot_inclass/install/megarover_samples_ros2/share/megarover_samples_ros2/package.sh'
[1.427s] INFO:colcon.colcon_core.shell:Creating package script '/home/ayumayume/ROS2_Y3_2/mobile_robot_inclass/install/megarover_samples_ros2/share/megarover_samples_ros2/package.bash'
[1.427s] INFO:colcon.colcon_core.shell:Creating package script '/home/ayumayume/ROS2_Y3_2/mobile_robot_inclass/install/megarover_samples_ros2/share/megarover_samples_ros2/package.zsh'
[1.427s] Level 1:colcon.colcon_core.environment:create_file_with_runtime_dependencies(/home/ayumayume/ROS2_Y3_2/mobile_robot_inclass/install/megarover_samples_ros2/share/colcon-core/packages/megarover_samples_ros2)
[1.428s] Level 1:colcon.colcon_core.environment:create_environment_scripts_only(falcon_control)
[1.432s] Level 1:colcon.colcon_core.environment:checking '/home/ayumayume/ROS2_Y3_2/mobile_robot_inclass/install/falcon_control' for CMake module files
[1.434s] DEBUG:colcon.colcon_core.event_handler.log_command:Invoked command in '/home/ayumayume/ROS2_Y3_2/mobile_robot_inclass/build/falcon_control' returned '0': AMENT_PREFIX_PATH=/home/ayumayume/ROS2_Y3_2/mobile_robot_inclass/install/falcon_interfaces:${AMENT_PREFIX_PATH} CMAKE_PREFIX_PATH=/home/ayumayume/ROS2_Y3_2/mobile_robot_inclass/install/falcon_interfaces:/home/ayumayume/ROS2_Y3_2/mobile_robot_inclass/install/urdf_tutorial:/home/ayumayume/ROS2_Y3_2/mobile_robot_inclass/install/megarover_samples_ros2:/home/ayumayume/turtlebot3_ws/install/turtlebot3:/home/ayumayume/turtlebot3_ws/install/turtlebot3_simulations:/home/ayumayume/turtlebot3_ws/install/turtlebot3_bringup:/home/ayumayume/turtlebot3_ws/install/turtlebot3_node:/home/ayumayume/turtlebot3_ws/install/turtlebot3_navigation2:/home/ayumayume/turtlebot3_ws/install/turtlebot3_fake_node:/home/ayumayume/turtlebot3_ws/install/turtlebot3_msgs:/home/ayumayume/turtlebot3_ws/install/turtlebot3_gazebo:/home/ayumayume/turtlebot3_ws/install/turtlebot3_description:/home/ayumayume/turtlebot3_ws/install/turtlebot3_cartographer:/home/ayumayume/turtlebot3_ws/install/dynamixel_sdk_examples:/home/ayumayume/turtlebot3_ws/install/dynamixel_sdk_custom_interfaces:/home/ayumayume/turtlebot3_ws/install/dynamixel_sdk:/home/ayumayume/test_cpp/install/tutorial_interfaces:/home/ayumayume/test_cpp/install/cpp_pubsub:/home/ayumayume/open_topic/falcon_ros2/install/turtlebot3:/home/ayumayume/open_topic/falcon_ros2/install/turtlebot3_simulations:/home/ayumayume/open_topic/falcon_ros2/install/turtlebot3_bringup:/home/ayumayume/open_topic/falcon_ros2/install/turtlebot3_node:/home/ayumayume/open_topic/falcon_ros2/install/turtlebot3_navigation2:/home/ayumayume/open_topic/falcon_ros2/install/turtlebot3_fake_node:/home/ayumayume/open_topic/falcon_ros2/install/turtlebot3_msgs:/home/ayumayume/open_topic/falcon_ros2/install/turtlebot3_gazebo:/home/ayumayume/open_topic/falcon_ros2/install/turtlebot3_description:/home/ayumayume/open_topic/falcon_ros2/install/turtlebot3_cartographer:/home/ayumayume/open_topic/falcon_ros2/install/falcon_control:/home/ayumayume/open_topic/falcon_ros2/install/falcon_interfaces:/home/ayumayume/open_topic/falcon_ros2/install/dynamixel_sdk_examples:/home/ayumayume/open_topic/falcon_ros2/install/dynamixel_sdk_custom_interfaces:/home/ayumayume/open_topic/falcon_ros2/install/dynamixel_sdk:/home/ayumayume/ROS2_Directory/lab2_ws/install/openmanip_kinematics_interfaces:/home/ayumayume/ROS2_Directory/lab2_ws/install/openmanip_kinematics:/home/ayumayume/ROS2_Directory/lab2_ws/install/openmanip_description:/home/ayumayume/ROS2_Directory/velocity_example/install/ros2_control_demo_3r_robot:/home/ayumayume/ROS2_Directory/lab4_ws/install/ros2_control_6dof_lab4:/home/ayumayume/ROS2_Directory/lab3_example/install/ros2_control_demo_3r_robot:/home/ayumayume/ROS2_Directory/fra333_lab2_ex/install/fra333_lab1:/home/ayumayume/ROS2_Directory/lab1_ws/install/lab1_interfaces:/home/ayumayume/ROS2_Directory/lab1_ws/install/fra333_lab1_31:/home/ayumayume/ROS2_Directory/pun_ws/install/my_first_package:/home/ayumayume/MBSE/for_seding_v1/install/xicro_pkg:/home/ayumayume/MBSE/for_seding_v1/install/xicro_interfaces:/home/ayumayume/ROS2_Directory/lab3_ws/install/ros2_control_6dof:/home/ayumayume/turtlebot3_ws/install/turtlebot3_teleop:/home/ayumayume/turtlebot3_ws/install/turtlebot3_example:/home/ayumayume/open_topic/falcon_ros2/install/turtlebot3_teleop:/home/ayumayume/open_topic/falcon_ros2/install/turtlebot3_example:/opt/ros/foxy LD_LIBRARY_PATH=/home/ayumayume/ROS2_Y3_2/mobile_robot_inclass/install/falcon_interfaces/lib:${LD_LIBRARY_PATH} PYTHONPATH=/home/ayumayume/ROS2_Y3_2/mobile_robot_inclass/install/falcon_interfaces/lib/python3.8/site-packages:${PYTHONPATH} /usr/bin/cmake --install /home/ayumayume/ROS2_Y3_2/mobile_robot_inclass/build/falcon_control
[1.434s] Level 1:colcon.colcon_core.environment:checking '/home/ayumayume/ROS2_Y3_2/mobile_robot_inclass/install/falcon_control' for CMake config files
[1.434s] Level 1:colcon.colcon_core.shell:create_environment_hook('falcon_control', 'cmake_prefix_path')
[1.437s] INFO:colcon.colcon_core.shell:Creating environment hook '/home/ayumayume/ROS2_Y3_2/mobile_robot_inclass/install/falcon_control/share/falcon_control/hook/cmake_prefix_path.ps1'
[1.438s] INFO:colcon.colcon_core.shell:Creating environment descriptor '/home/ayumayume/ROS2_Y3_2/mobile_robot_inclass/install/falcon_control/share/falcon_control/hook/cmake_prefix_path.dsv'
[1.438s] INFO:colcon.colcon_core.shell:Creating environment hook '/home/ayumayume/ROS2_Y3_2/mobile_robot_inclass/install/falcon_control/share/falcon_control/hook/cmake_prefix_path.sh'
[1.439s] Level 1:colcon.colcon_core.environment:checking '/home/ayumayume/ROS2_Y3_2/mobile_robot_inclass/install/falcon_control/lib'
[1.439s] Level 1:colcon.colcon_core.environment:checking '/home/ayumayume/ROS2_Y3_2/mobile_robot_inclass/install/falcon_control/bin'
[1.439s] Level 1:colcon.colcon_core.environment:checking '/home/ayumayume/ROS2_Y3_2/mobile_robot_inclass/install/falcon_control/lib/pkgconfig/falcon_control.pc'
[1.439s] Level 1:colcon.colcon_core.environment:checking '/home/ayumayume/ROS2_Y3_2/mobile_robot_inclass/install/falcon_control/lib/python3.8/site-packages'
[1.439s] Level 1:colcon.colcon_core.shell:create_environment_hook('falcon_control', 'pythonpath')
[1.442s] INFO:colcon.colcon_core.shell:Creating environment hook '/home/ayumayume/ROS2_Y3_2/mobile_robot_inclass/install/falcon_control/share/falcon_control/hook/pythonpath.ps1'
[1.442s] INFO:colcon.colcon_core.shell:Creating environment descriptor '/home/ayumayume/ROS2_Y3_2/mobile_robot_inclass/install/falcon_control/share/falcon_control/hook/pythonpath.dsv'
[1.443s] INFO:colcon.colcon_core.shell:Creating environment hook '/home/ayumayume/ROS2_Y3_2/mobile_robot_inclass/install/falcon_control/share/falcon_control/hook/pythonpath.sh'
[1.443s] Level 1:colcon.colcon_core.environment:checking '/home/ayumayume/ROS2_Y3_2/mobile_robot_inclass/install/falcon_control/bin'
[1.446s] INFO:colcon.colcon_core.shell:Creating package script '/home/ayumayume/ROS2_Y3_2/mobile_robot_inclass/install/falcon_control/share/falcon_control/package.ps1'
[1.446s] INFO:colcon.colcon_core.shell:Creating package descriptor '/home/ayumayume/ROS2_Y3_2/mobile_robot_inclass/install/falcon_control/share/falcon_control/package.dsv'
[1.447s] INFO:colcon.colcon_core.shell:Creating package script '/home/ayumayume/ROS2_Y3_2/mobile_robot_inclass/install/falcon_control/share/falcon_control/package.sh'
[1.447s] INFO:colcon.colcon_core.shell:Creating package script '/home/ayumayume/ROS2_Y3_2/mobile_robot_inclass/install/falcon_control/share/falcon_control/package.bash'
[1.448s] INFO:colcon.colcon_core.shell:Creating package script '/home/ayumayume/ROS2_Y3_2/mobile_robot_inclass/install/falcon_control/share/falcon_control/package.zsh'
[1.448s] Level 1:colcon.colcon_core.environment:create_file_with_runtime_dependencies(/home/ayumayume/ROS2_Y3_2/mobile_robot_inclass/install/falcon_control/share/colcon-core/packages/falcon_control)
[1.479s] Level 1:colcon.colcon_core.environment:create_environment_scripts_only(falcon_control)
[1.484s] Level 1:colcon.colcon_core.environment:checking '/home/ayumayume/ROS2_Y3_2/mobile_robot_inclass/install/falcon_control' for CMake module files
[1.485s] Level 1:colcon.colcon_core.environment:checking '/home/ayumayume/ROS2_Y3_2/mobile_robot_inclass/install/falcon_control' for CMake config files
[1.485s] Level 1:colcon.colcon_core.shell:create_environment_hook('falcon_control', 'cmake_prefix_path')
[1.488s] INFO:colcon.colcon_core.shell:Creating environment hook '/home/ayumayume/ROS2_Y3_2/mobile_robot_inclass/install/falcon_control/share/falcon_control/hook/cmake_prefix_path.ps1'
[1.488s] INFO:colcon.colcon_core.shell:Creating environment descriptor '/home/ayumayume/ROS2_Y3_2/mobile_robot_inclass/install/falcon_control/share/falcon_control/hook/cmake_prefix_path.dsv'
[1.489s] INFO:colcon.colcon_core.shell:Creating environment hook '/home/ayumayume/ROS2_Y3_2/mobile_robot_inclass/install/falcon_control/share/falcon_control/hook/cmake_prefix_path.sh'
[1.489s] Level 1:colcon.colcon_core.environment:checking '/home/ayumayume/ROS2_Y3_2/mobile_robot_inclass/install/falcon_control/lib'
[1.489s] Level 1:colcon.colcon_core.environment:checking '/home/ayumayume/ROS2_Y3_2/mobile_robot_inclass/install/falcon_control/bin'
[1.489s] Level 1:colcon.colcon_core.environment:checking '/home/ayumayume/ROS2_Y3_2/mobile_robot_inclass/install/falcon_control/lib/pkgconfig/falcon_control.pc'
[1.489s] Level 1:colcon.colcon_core.environment:checking '/home/ayumayume/ROS2_Y3_2/mobile_robot_inclass/install/falcon_control/lib/python3.8/site-packages'
[1.490s] Level 1:colcon.colcon_core.shell:create_environment_hook('falcon_control', 'pythonpath')
[1.492s] INFO:colcon.colcon_core.shell:Creating environment hook '/home/ayumayume/ROS2_Y3_2/mobile_robot_inclass/install/falcon_control/share/falcon_control/hook/pythonpath.ps1'
[1.492s] INFO:colcon.colcon_core.shell:Creating environment descriptor '/home/ayumayume/ROS2_Y3_2/mobile_robot_inclass/install/falcon_control/share/falcon_control/hook/pythonpath.dsv'
[1.493s] INFO:colcon.colcon_core.shell:Creating environment hook '/home/ayumayume/ROS2_Y3_2/mobile_robot_inclass/install/falcon_control/share/falcon_control/hook/pythonpath.sh'
[1.493s] Level 1:colcon.colcon_core.environment:checking '/home/ayumayume/ROS2_Y3_2/mobile_robot_inclass/install/falcon_control/bin'
[1.496s] INFO:colcon.colcon_core.shell:Creating package script '/home/ayumayume/ROS2_Y3_2/mobile_robot_inclass/install/falcon_control/share/falcon_control/package.ps1'
[1.497s] INFO:colcon.colcon_core.shell:Creating package descriptor '/home/ayumayume/ROS2_Y3_2/mobile_robot_inclass/install/falcon_control/share/falcon_control/package.dsv'
[1.499s] INFO:colcon.colcon_core.shell:Creating package script '/home/ayumayume/ROS2_Y3_2/mobile_robot_inclass/install/falcon_control/share/falcon_control/package.sh'
[1.500s] INFO:colcon.colcon_core.shell:Creating package script '/home/ayumayume/ROS2_Y3_2/mobile_robot_inclass/install/falcon_control/share/falcon_control/package.bash'
[1.500s] INFO:colcon.colcon_core.shell:Creating package script '/home/ayumayume/ROS2_Y3_2/mobile_robot_inclass/install/falcon_control/share/falcon_control/package.zsh'
[1.501s] Level 1:colcon.colcon_core.environment:create_file_with_runtime_dependencies(/home/ayumayume/ROS2_Y3_2/mobile_robot_inclass/install/falcon_control/share/colcon-core/packages/falcon_control)
[1.501s] DEBUG:colcon.colcon_parallel_executor.executor.parallel:closing loop
[1.501s] DEBUG:colcon.colcon_parallel_executor.executor.parallel:loop closed
[1.501s] DEBUG:colcon.colcon_parallel_executor.executor.parallel:run_until_complete finished with '0'
[1.501s] DEBUG:colcon.colcon_core.event_reactor:joining thread
[1.508s] INFO:colcon.colcon_core.plugin_system:Skipping extension 'colcon_notification.desktop_notification.terminal_notifier': Not used on non-Darwin systems
[1.508s] INFO:colcon.colcon_core.plugin_system:Skipping extension 'colcon_notification.desktop_notification.win32': Not used on non-Windows systems
[1.508s] INFO:colcon.colcon_notification.desktop_notification:Sending desktop notification using 'notify2'
[1.525s] DEBUG:colcon.colcon_core.event_reactor:joined thread
[1.528s] INFO:colcon.colcon_core.shell:Creating prefix script '/home/ayumayume/ROS2_Y3_2/mobile_robot_inclass/install/local_setup.ps1'
[1.530s] INFO:colcon.colcon_core.shell:Creating prefix util module '/home/ayumayume/ROS2_Y3_2/mobile_robot_inclass/install/_local_setup_util_ps1.py'
[1.532s] INFO:colcon.colcon_core.shell:Creating prefix chain script '/home/ayumayume/ROS2_Y3_2/mobile_robot_inclass/install/setup.ps1'
[1.536s] INFO:colcon.colcon_core.shell:Creating prefix script '/home/ayumayume/ROS2_Y3_2/mobile_robot_inclass/install/local_setup.sh'
[1.537s] INFO:colcon.colcon_core.shell:Creating prefix util module '/home/ayumayume/ROS2_Y3_2/mobile_robot_inclass/install/_local_setup_util_sh.py'
[1.537s] INFO:colcon.colcon_core.shell:Creating prefix chain script '/home/ayumayume/ROS2_Y3_2/mobile_robot_inclass/install/setup.sh'
[1.541s] INFO:colcon.colcon_core.shell:Creating prefix script '/home/ayumayume/ROS2_Y3_2/mobile_robot_inclass/install/local_setup.bash'
[1.542s] INFO:colcon.colcon_core.shell:Creating prefix chain script '/home/ayumayume/ROS2_Y3_2/mobile_robot_inclass/install/setup.bash'
[1.546s] INFO:colcon.colcon_core.shell:Creating prefix script '/home/ayumayume/ROS2_Y3_2/mobile_robot_inclass/install/local_setup.zsh'
[1.547s] INFO:colcon.colcon_core.shell:Creating prefix chain script '/home/ayumayume/ROS2_Y3_2/mobile_robot_inclass/install/setup.zsh'
