[35m[1mScanning dependencies of target falconpub[0m
[ 50%] [32mBuilding CXX object CMakeFiles/falconpub.dir/src/falcon_pub.cpp.o[0m
[100%] [32m[1mLinking CXX executable falconpub[0m
[100%] Built target falconpub
-- Install configuration: ""
-- Execute custom install script
-- Up-to-date symlink: /home/ayumayume/ROS2_Y3_2/mobile_robot_inclass/install/falcon_control/lib/falcon_control/falconpub
-- Up-to-date symlink: /home/ayumayume/ROS2_Y3_2/mobile_robot_inclass/install/falcon_control/share/falcon_control/environment/pythonpath.sh
-- Up-to-date symlink: /home/ayumayume/ROS2_Y3_2/mobile_robot_inclass/install/falcon_control/share/falcon_control/environment/pythonpath.dsv
-- Up-to-date symlink: /home/ayumayume/ROS2_Y3_2/mobile_robot_inclass/install/falcon_control/lib/python3.8/site-packages/falcon_control/__init__.py
-- Up-to-date symlink: /home/ayumayume/ROS2_Y3_2/mobile_robot_inclass/install/falcon_control/share/ament_index/resource_index/package_run_dependencies/falcon_control
-- Up-to-date symlink: /home/ayumayume/ROS2_Y3_2/mobile_robot_inclass/install/falcon_control/share/ament_index/resource_index/parent_prefix_path/falcon_control
-- Up-to-date symlink: /home/ayumayume/ROS2_Y3_2/mobile_robot_inclass/install/falcon_control/share/falcon_control/environment/ament_prefix_path.sh
-- Up-to-date symlink: /home/ayumayume/ROS2_Y3_2/mobile_robot_inclass/install/falcon_control/share/falcon_control/environment/ament_prefix_path.dsv
-- Up-to-date symlink: /home/ayumayume/ROS2_Y3_2/mobile_robot_inclass/install/falcon_control/share/falcon_control/environment/path.sh
-- Up-to-date symlink: /home/ayumayume/ROS2_Y3_2/mobile_robot_inclass/install/falcon_control/share/falcon_control/environment/path.dsv
-- Up-to-date symlink: /home/ayumayume/ROS2_Y3_2/mobile_robot_inclass/install/falcon_control/share/falcon_control/local_setup.bash
-- Up-to-date symlink: /home/ayumayume/ROS2_Y3_2/mobile_robot_inclass/install/falcon_control/share/falcon_control/local_setup.sh
-- Up-to-date symlink: /home/ayumayume/ROS2_Y3_2/mobile_robot_inclass/install/falcon_control/share/falcon_control/local_setup.zsh
-- Up-to-date symlink: /home/ayumayume/ROS2_Y3_2/mobile_robot_inclass/install/falcon_control/share/falcon_control/local_setup.dsv
-- Symlinking: /home/ayumayume/ROS2_Y3_2/mobile_robot_inclass/install/falcon_control/share/falcon_control/package.dsv
-- Up-to-date symlink: /home/ayumayume/ROS2_Y3_2/mobile_robot_inclass/install/falcon_control/share/ament_index/resource_index/packages/falcon_control
-- Up-to-date symlink: /home/ayumayume/ROS2_Y3_2/mobile_robot_inclass/install/falcon_control/share/falcon_control/cmake/falcon_controlConfig.cmake
-- Up-to-date symlink: /home/ayumayume/ROS2_Y3_2/mobile_robot_inclass/install/falcon_control/share/falcon_control/cmake/falcon_controlConfig-version.cmake
-- Up-to-date symlink: /home/ayumayume/ROS2_Y3_2/mobile_robot_inclass/install/falcon_control/share/falcon_control/package.xml
Listing '/home/ayumayume/ROS2_Y3_2/mobile_robot_inclass/install/falcon_control/lib/python3.8/site-packages/falcon_control'...
