[  2%] Built target falcon_interfaces__cpp
[ 12%] Built target falcon_interfaces__rosidl_generator_c
[ 43%] Built target falcon_interfaces__rosidl_typesupport_introspection_cpp
[ 43%] Built target falcon_interfaces__rosidl_typesupport_c
[ 43%] Built target falcon_interfaces__rosidl_typesupport_introspection_c
[ 53%] Built target falcon_interfaces__rosidl_typesupport_cpp
[ 64%] Built target falcon_interfaces__rosidl_typesupport_fastrtps_cpp
[ 74%] Built target falcon_interfaces__rosidl_typesupport_fastrtps_c
[ 74%] Built target falcon_interfaces
[ 76%] Built target falcon_interfaces__py
[ 84%] Built target falcon_interfaces__python
[100%] Built target falcon_interfaces__rosidl_typesupport_c__pyext
[100%] Built target falcon_interfaces__rosidl_typesupport_introspection_c__pyext
[100%] Built target falcon_interfaces__rosidl_typesupport_fastrtps_c__pyext
-- Install configuration: ""
-- Execute custom install script
-- Up-to-date symlink: /home/ayumayume/ROS2_Y3_2/mobile_robot_inclass/install/falcon_interfaces/share/ament_index/resource_index/rosidl_interfaces/falcon_interfaces
-- Up-to-date symlink: /home/ayumayume/ROS2_Y3_2/mobile_robot_inclass/install/falcon_interfaces/include/falcon_interfaces/msg/detail/falcon_forces__functions.h
-- Up-to-date symlink: /home/ayumayume/ROS2_Y3_2/mobile_robot_inclass/install/falcon_interfaces/include/falcon_interfaces/msg/detail/falcon_forces__struct.h
-- Up-to-date symlink: /home/ayumayume/ROS2_Y3_2/mobile_robot_inclass/install/falcon_interfaces/include/falcon_interfaces/msg/detail/falcon_forces__type_support.h
-- Up-to-date symlink: /home/ayumayume/ROS2_Y3_2/mobile_robot_inclass/install/falcon_interfaces/include/falcon_interfaces/msg/detail/falcon_pos__functions.h
-- Up-to-date symlink: /home/ayumayume/ROS2_Y3_2/mobile_robot_inclass/install/falcon_interfaces/include/falcon_interfaces/msg/detail/falcon_pos__struct.h
-- Up-to-date symlink: /home/ayumayume/ROS2_Y3_2/mobile_robot_inclass/install/falcon_interfaces/include/falcon_interfaces/msg/detail/falcon_pos__type_support.h
-- Up-to-date symlink: /home/ayumayume/ROS2_Y3_2/mobile_robot_inclass/install/falcon_interfaces/include/falcon_interfaces/msg/falcon_forces.h
-- Up-to-date symlink: /home/ayumayume/ROS2_Y3_2/mobile_robot_inclass/install/falcon_interfaces/include/falcon_interfaces/msg/falcon_pos.h
-- Up-to-date symlink: /home/ayumayume/ROS2_Y3_2/mobile_robot_inclass/install/falcon_interfaces/include/falcon_interfaces/msg/rosidl_generator_c__visibility_control.h
-- Up-to-date symlink: /home/ayumayume/ROS2_Y3_2/mobile_robot_inclass/install/falcon_interfaces/share/falcon_interfaces/environment/library_path.sh
-- Up-to-date symlink: /home/ayumayume/ROS2_Y3_2/mobile_robot_inclass/install/falcon_interfaces/share/falcon_interfaces/environment/library_path.dsv
-- Up-to-date symlink: /home/ayumayume/ROS2_Y3_2/mobile_robot_inclass/install/falcon_interfaces/include/falcon_interfaces/msg/detail/falcon_forces__rosidl_typesupport_fastrtps_c.h
-- Up-to-date symlink: /home/ayumayume/ROS2_Y3_2/mobile_robot_inclass/install/falcon_interfaces/include/falcon_interfaces/msg/detail/falcon_pos__rosidl_typesupport_fastrtps_c.h
-- Up-to-date symlink: /home/ayumayume/ROS2_Y3_2/mobile_robot_inclass/install/falcon_interfaces/include/falcon_interfaces/msg/rosidl_typesupport_fastrtps_c__visibility_control.h
-- Up-to-date symlink: /home/ayumayume/ROS2_Y3_2/mobile_robot_inclass/install/falcon_interfaces/lib/libfalcon_interfaces__rosidl_typesupport_fastrtps_c.so
-- Up-to-date symlink: /home/ayumayume/ROS2_Y3_2/mobile_robot_inclass/install/falcon_interfaces/include/falcon_interfaces/msg/detail/falcon_forces__rosidl_typesupport_fastrtps_cpp.hpp
-- Up-to-date symlink: /home/ayumayume/ROS2_Y3_2/mobile_robot_inclass/install/falcon_interfaces/include/falcon_interfaces/msg/detail/falcon_pos__rosidl_typesupport_fastrtps_cpp.hpp
-- Up-to-date symlink: /home/ayumayume/ROS2_Y3_2/mobile_robot_inclass/install/falcon_interfaces/include/falcon_interfaces/msg/rosidl_typesupport_fastrtps_cpp__visibility_control.h
-- Up-to-date symlink: /home/ayumayume/ROS2_Y3_2/mobile_robot_inclass/install/falcon_interfaces/lib/libfalcon_interfaces__rosidl_typesupport_fastrtps_cpp.so
-- Up-to-date symlink: /home/ayumayume/ROS2_Y3_2/mobile_robot_inclass/install/falcon_interfaces/include/falcon_interfaces/msg/detail/falcon_forces__rosidl_typesupport_introspection_c.h
-- Up-to-date symlink: /home/ayumayume/ROS2_Y3_2/mobile_robot_inclass/install/falcon_interfaces/include/falcon_interfaces/msg/detail/falcon_pos__rosidl_typesupport_introspection_c.h
-- Up-to-date symlink: /home/ayumayume/ROS2_Y3_2/mobile_robot_inclass/install/falcon_interfaces/include/falcon_interfaces/msg/rosidl_typesupport_introspection_c__visibility_control.h
-- Up-to-date symlink: /home/ayumayume/ROS2_Y3_2/mobile_robot_inclass/install/falcon_interfaces/include/falcon_interfaces/msg/detail/falcon_forces__builder.hpp
-- Up-to-date symlink: /home/ayumayume/ROS2_Y3_2/mobile_robot_inclass/install/falcon_interfaces/include/falcon_interfaces/msg/detail/falcon_forces__struct.hpp
-- Up-to-date symlink: /home/ayumayume/ROS2_Y3_2/mobile_robot_inclass/install/falcon_interfaces/include/falcon_interfaces/msg/detail/falcon_forces__traits.hpp
-- Up-to-date symlink: /home/ayumayume/ROS2_Y3_2/mobile_robot_inclass/install/falcon_interfaces/include/falcon_interfaces/msg/detail/falcon_pos__builder.hpp
-- Up-to-date symlink: /home/ayumayume/ROS2_Y3_2/mobile_robot_inclass/install/falcon_interfaces/include/falcon_interfaces/msg/detail/falcon_pos__struct.hpp
-- Up-to-date symlink: /home/ayumayume/ROS2_Y3_2/mobile_robot_inclass/install/falcon_interfaces/include/falcon_interfaces/msg/detail/falcon_pos__traits.hpp
-- Up-to-date symlink: /home/ayumayume/ROS2_Y3_2/mobile_robot_inclass/install/falcon_interfaces/include/falcon_interfaces/msg/falcon_forces.hpp
-- Up-to-date symlink: /home/ayumayume/ROS2_Y3_2/mobile_robot_inclass/install/falcon_interfaces/include/falcon_interfaces/msg/falcon_pos.hpp
-- Up-to-date symlink: /home/ayumayume/ROS2_Y3_2/mobile_robot_inclass/install/falcon_interfaces/include/falcon_interfaces/msg/detail/falcon_forces__rosidl_typesupport_introspection_cpp.hpp
-- Up-to-date symlink: /home/ayumayume/ROS2_Y3_2/mobile_robot_inclass/install/falcon_interfaces/include/falcon_interfaces/msg/detail/falcon_pos__rosidl_typesupport_introspection_cpp.hpp
-- Up-to-date symlink: /home/ayumayume/ROS2_Y3_2/mobile_robot_inclass/install/falcon_interfaces/share/falcon_interfaces/environment/pythonpath.sh
-- Up-to-date symlink: /home/ayumayume/ROS2_Y3_2/mobile_robot_inclass/install/falcon_interfaces/share/falcon_interfaces/environment/pythonpath.dsv
-- Up-to-date symlink: /home/ayumayume/ROS2_Y3_2/mobile_robot_inclass/install/falcon_interfaces/lib/python3.8/site-packages/falcon_interfaces/__init__.py
-- Up-to-date symlink: /home/ayumayume/ROS2_Y3_2/mobile_robot_inclass/install/falcon_interfaces/lib/python3.8/site-packages/falcon_interfaces/msg/__init__.py
-- Up-to-date symlink: /home/ayumayume/ROS2_Y3_2/mobile_robot_inclass/install/falcon_interfaces/lib/python3.8/site-packages/falcon_interfaces/msg/_falcon_forces.py
-- Up-to-date symlink: /home/ayumayume/ROS2_Y3_2/mobile_robot_inclass/install/falcon_interfaces/lib/python3.8/site-packages/falcon_interfaces/msg/_falcon_pos.py
-- Up-to-date symlink: /home/ayumayume/ROS2_Y3_2/mobile_robot_inclass/install/falcon_interfaces/lib/python3.8/site-packages/falcon_interfaces/falcon_interfaces_s__rosidl_typesupport_fastrtps_c.cpython-38-x86_64-linux-gnu.so
-- Up-to-date symlink: /home/ayumayume/ROS2_Y3_2/mobile_robot_inclass/install/falcon_interfaces/lib/python3.8/site-packages/falcon_interfaces/falcon_interfaces_s__rosidl_typesupport_introspection_c.cpython-38-x86_64-linux-gnu.so
-- Up-to-date symlink: /home/ayumayume/ROS2_Y3_2/mobile_robot_inclass/install/falcon_interfaces/lib/python3.8/site-packages/falcon_interfaces/falcon_interfaces_s__rosidl_typesupport_c.cpython-38-x86_64-linux-gnu.so
-- Up-to-date symlink: /home/ayumayume/ROS2_Y3_2/mobile_robot_inclass/install/falcon_interfaces/lib/libfalcon_interfaces__python.so
-- Up-to-date symlink: /home/ayumayume/ROS2_Y3_2/mobile_robot_inclass/install/falcon_interfaces/share/falcon_interfaces/msg/FalconForces.idl
-- Up-to-date symlink: /home/ayumayume/ROS2_Y3_2/mobile_robot_inclass/install/falcon_interfaces/share/falcon_interfaces/msg/FalconPos.idl
-- Up-to-date symlink: /home/ayumayume/ROS2_Y3_2/mobile_robot_inclass/install/falcon_interfaces/share/falcon_interfaces/msg/FalconForces.msg
-- Up-to-date symlink: /home/ayumayume/ROS2_Y3_2/mobile_robot_inclass/install/falcon_interfaces/share/falcon_interfaces/msg/FalconPos.msg
-- Up-to-date symlink: /home/ayumayume/ROS2_Y3_2/mobile_robot_inclass/install/falcon_interfaces/share/ament_index/resource_index/package_run_dependencies/falcon_interfaces
-- Up-to-date symlink: /home/ayumayume/ROS2_Y3_2/mobile_robot_inclass/install/falcon_interfaces/share/ament_index/resource_index/parent_prefix_path/falcon_interfaces
-- Up-to-date symlink: /home/ayumayume/ROS2_Y3_2/mobile_robot_inclass/install/falcon_interfaces/share/falcon_interfaces/environment/ament_prefix_path.sh
-- Up-to-date symlink: /home/ayumayume/ROS2_Y3_2/mobile_robot_inclass/install/falcon_interfaces/share/falcon_interfaces/environment/ament_prefix_path.dsv
-- Up-to-date symlink: /home/ayumayume/ROS2_Y3_2/mobile_robot_inclass/install/falcon_interfaces/share/falcon_interfaces/environment/path.sh
-- Up-to-date symlink: /home/ayumayume/ROS2_Y3_2/mobile_robot_inclass/install/falcon_interfaces/share/falcon_interfaces/environment/path.dsv
-- Up-to-date symlink: /home/ayumayume/ROS2_Y3_2/mobile_robot_inclass/install/falcon_interfaces/share/falcon_interfaces/local_setup.bash
-- Up-to-date symlink: /home/ayumayume/ROS2_Y3_2/mobile_robot_inclass/install/falcon_interfaces/share/falcon_interfaces/local_setup.sh
-- Up-to-date symlink: /home/ayumayume/ROS2_Y3_2/mobile_robot_inclass/install/falcon_interfaces/share/falcon_interfaces/local_setup.zsh
-- Up-to-date symlink: /home/ayumayume/ROS2_Y3_2/mobile_robot_inclass/install/falcon_interfaces/share/falcon_interfaces/local_setup.dsv
-- Symlinking: /home/ayumayume/ROS2_Y3_2/mobile_robot_inclass/install/falcon_interfaces/share/falcon_interfaces/package.dsv
-- Up-to-date symlink: /home/ayumayume/ROS2_Y3_2/mobile_robot_inclass/install/falcon_interfaces/share/ament_index/resource_index/packages/falcon_interfaces
-- Up-to-date symlink: /home/ayumayume/ROS2_Y3_2/mobile_robot_inclass/install/falcon_interfaces/share/falcon_interfaces/cmake/rosidl_cmake-extras.cmake
-- Up-to-date symlink: /home/ayumayume/ROS2_Y3_2/mobile_robot_inclass/install/falcon_interfaces/share/falcon_interfaces/cmake/ament_cmake_export_dependencies-extras.cmake
-- Up-to-date symlink: /home/ayumayume/ROS2_Y3_2/mobile_robot_inclass/install/falcon_interfaces/share/falcon_interfaces/cmake/ament_cmake_export_libraries-extras.cmake
-- Up-to-date symlink: /home/ayumayume/ROS2_Y3_2/mobile_robot_inclass/install/falcon_interfaces/share/falcon_interfaces/cmake/ament_cmake_export_targets-extras.cmake
-- Up-to-date symlink: /home/ayumayume/ROS2_Y3_2/mobile_robot_inclass/install/falcon_interfaces/share/falcon_interfaces/cmake/ament_cmake_export_include_directories-extras.cmake
-- Up-to-date symlink: /home/ayumayume/ROS2_Y3_2/mobile_robot_inclass/install/falcon_interfaces/share/falcon_interfaces/cmake/rosidl_cmake_export_typesupport_libraries-extras.cmake
-- Up-to-date symlink: /home/ayumayume/ROS2_Y3_2/mobile_robot_inclass/install/falcon_interfaces/share/falcon_interfaces/cmake/rosidl_cmake_export_typesupport_targets-extras.cmake
-- Up-to-date symlink: /home/ayumayume/ROS2_Y3_2/mobile_robot_inclass/install/falcon_interfaces/share/falcon_interfaces/cmake/falcon_interfacesConfig.cmake
-- Up-to-date symlink: /home/ayumayume/ROS2_Y3_2/mobile_robot_inclass/install/falcon_interfaces/share/falcon_interfaces/cmake/falcon_interfacesConfig-version.cmake
-- Up-to-date symlink: /home/ayumayume/ROS2_Y3_2/mobile_robot_inclass/install/falcon_interfaces/share/falcon_interfaces/package.xml
-- Up-to-date: /home/ayumayume/ROS2_Y3_2/mobile_robot_inclass/install/falcon_interfaces/lib/libfalcon_interfaces__rosidl_generator_c.so
-- Up-to-date: /home/ayumayume/ROS2_Y3_2/mobile_robot_inclass/install/falcon_interfaces/lib/libfalcon_interfaces__rosidl_typesupport_introspection_c.so
-- Up-to-date: /home/ayumayume/ROS2_Y3_2/mobile_robot_inclass/install/falcon_interfaces/lib/libfalcon_interfaces__rosidl_typesupport_c.so
-- Up-to-date: /home/ayumayume/ROS2_Y3_2/mobile_robot_inclass/install/falcon_interfaces/lib/libfalcon_interfaces__rosidl_typesupport_introspection_cpp.so
-- Up-to-date: /home/ayumayume/ROS2_Y3_2/mobile_robot_inclass/install/falcon_interfaces/lib/libfalcon_interfaces__rosidl_typesupport_cpp.so
-- Up-to-date: /home/ayumayume/ROS2_Y3_2/mobile_robot_inclass/install/falcon_interfaces/share/falcon_interfaces/cmake/falcon_interfaces__rosidl_generator_cExport.cmake
-- Up-to-date: /home/ayumayume/ROS2_Y3_2/mobile_robot_inclass/install/falcon_interfaces/share/falcon_interfaces/cmake/falcon_interfaces__rosidl_generator_cExport-noconfig.cmake
-- Up-to-date: /home/ayumayume/ROS2_Y3_2/mobile_robot_inclass/install/falcon_interfaces/share/falcon_interfaces/cmake/falcon_interfaces__rosidl_typesupport_introspection_cExport.cmake
-- Up-to-date: /home/ayumayume/ROS2_Y3_2/mobile_robot_inclass/install/falcon_interfaces/share/falcon_interfaces/cmake/falcon_interfaces__rosidl_typesupport_introspection_cExport-noconfig.cmake
-- Up-to-date: /home/ayumayume/ROS2_Y3_2/mobile_robot_inclass/install/falcon_interfaces/share/falcon_interfaces/cmake/falcon_interfaces__rosidl_typesupport_cExport.cmake
-- Up-to-date: /home/ayumayume/ROS2_Y3_2/mobile_robot_inclass/install/falcon_interfaces/share/falcon_interfaces/cmake/falcon_interfaces__rosidl_typesupport_cExport-noconfig.cmake
-- Up-to-date: /home/ayumayume/ROS2_Y3_2/mobile_robot_inclass/install/falcon_interfaces/share/falcon_interfaces/cmake/falcon_interfaces__rosidl_generator_cppExport.cmake
-- Up-to-date: /home/ayumayume/ROS2_Y3_2/mobile_robot_inclass/install/falcon_interfaces/share/falcon_interfaces/cmake/falcon_interfaces__rosidl_typesupport_introspection_cppExport.cmake
-- Up-to-date: /home/ayumayume/ROS2_Y3_2/mobile_robot_inclass/install/falcon_interfaces/share/falcon_interfaces/cmake/falcon_interfaces__rosidl_typesupport_introspection_cppExport-noconfig.cmake
-- Up-to-date: /home/ayumayume/ROS2_Y3_2/mobile_robot_inclass/install/falcon_interfaces/share/falcon_interfaces/cmake/falcon_interfaces__rosidl_typesupport_cppExport.cmake
-- Up-to-date: /home/ayumayume/ROS2_Y3_2/mobile_robot_inclass/install/falcon_interfaces/share/falcon_interfaces/cmake/falcon_interfaces__rosidl_typesupport_cppExport-noconfig.cmake
