[0.078s] Invoking command in '/home/ayumayume/ROS2_Y3_2/mobile_robot_inclass/build/falcon_interfaces': CMAKE_PREFIX_PATH=${CMAKE_PREFIX_PATH}:/home/ayumayume/turtlebot3_ws/install/turtlebot3_teleop:/home/ayumayume/turtlebot3_ws/install/turtlebot3_example:/home/ayumayume/open_topic/falcon_ros2/install/turtlebot3_teleop:/home/ayumayume/open_topic/falcon_ros2/install/turtlebot3_example:/opt/ros/foxy /usr/bin/cmake --build /home/ayumayume/ROS2_Y3_2/mobile_robot_inclass/build/falcon_interfaces -- -j12 -l12
[0.126s] [  2%] Built target falcon_interfaces__cpp
[0.126s] [ 12%] Built target falcon_interfaces__rosidl_generator_c
[0.152s] [ 43%] Built target falcon_interfaces__rosidl_typesupport_introspection_cpp
[0.152s] [ 43%] Built target falcon_interfaces__rosidl_typesupport_c
[0.152s] [ 43%] Built target falcon_interfaces__rosidl_typesupport_introspection_c
[0.154s] [ 53%] Built target falcon_interfaces__rosidl_typesupport_cpp
[0.162s] [ 64%] Built target falcon_interfaces__rosidl_typesupport_fastrtps_cpp
[0.183s] [ 74%] Built target falcon_interfaces__rosidl_typesupport_fastrtps_c
[0.200s] [ 74%] Built target falcon_interfaces
[0.219s] [ 76%] Built target falcon_interfaces__py
[0.240s] [ 84%] Built target falcon_interfaces__python
[0.264s] [100%] Built target falcon_interfaces__rosidl_typesupport_c__pyext
[0.265s] [100%] Built target falcon_interfaces__rosidl_typesupport_introspection_c__pyext
[0.265s] [100%] Built target falcon_interfaces__rosidl_typesupport_fastrtps_c__pyext
[0.272s] Invoked command in '/home/ayumayume/ROS2_Y3_2/mobile_robot_inclass/build/falcon_interfaces' returned '0': CMAKE_PREFIX_PATH=${CMAKE_PREFIX_PATH}:/home/ayumayume/turtlebot3_ws/install/turtlebot3_teleop:/home/ayumayume/turtlebot3_ws/install/turtlebot3_example:/home/ayumayume/open_topic/falcon_ros2/install/turtlebot3_teleop:/home/ayumayume/open_topic/falcon_ros2/install/turtlebot3_example:/opt/ros/foxy /usr/bin/cmake --build /home/ayumayume/ROS2_Y3_2/mobile_robot_inclass/build/falcon_interfaces -- -j12 -l12
[0.325s] Invoking command in '/home/ayumayume/ROS2_Y3_2/mobile_robot_inclass/build/falcon_interfaces': CMAKE_PREFIX_PATH=${CMAKE_PREFIX_PATH}:/home/ayumayume/turtlebot3_ws/install/turtlebot3_teleop:/home/ayumayume/turtlebot3_ws/install/turtlebot3_example:/home/ayumayume/open_topic/falcon_ros2/install/turtlebot3_teleop:/home/ayumayume/open_topic/falcon_ros2/install/turtlebot3_example:/opt/ros/foxy /usr/bin/cmake --install /home/ayumayume/ROS2_Y3_2/mobile_robot_inclass/build/falcon_interfaces
[0.332s] -- Install configuration: ""
[0.332s] -- Execute custom install script
[0.332s] -- Up-to-date symlink: /home/ayumayume/ROS2_Y3_2/mobile_robot_inclass/install/falcon_interfaces/share/ament_index/resource_index/rosidl_interfaces/falcon_interfaces
[0.333s] -- Up-to-date symlink: /home/ayumayume/ROS2_Y3_2/mobile_robot_inclass/install/falcon_interfaces/include/falcon_interfaces/msg/detail/falcon_forces__functions.h
[0.333s] -- Up-to-date symlink: /home/ayumayume/ROS2_Y3_2/mobile_robot_inclass/install/falcon_interfaces/include/falcon_interfaces/msg/detail/falcon_forces__struct.h
[0.333s] -- Up-to-date symlink: /home/ayumayume/ROS2_Y3_2/mobile_robot_inclass/install/falcon_interfaces/include/falcon_interfaces/msg/detail/falcon_forces__type_support.h
[0.333s] -- Up-to-date symlink: /home/ayumayume/ROS2_Y3_2/mobile_robot_inclass/install/falcon_interfaces/include/falcon_interfaces/msg/detail/falcon_pos__functions.h
[0.333s] -- Up-to-date symlink: /home/ayumayume/ROS2_Y3_2/mobile_robot_inclass/install/falcon_interfaces/include/falcon_interfaces/msg/detail/falcon_pos__struct.h
[0.334s] -- Up-to-date symlink: /home/ayumayume/ROS2_Y3_2/mobile_robot_inclass/install/falcon_interfaces/include/falcon_interfaces/msg/detail/falcon_pos__type_support.h
[0.334s] -- Up-to-date symlink: /home/ayumayume/ROS2_Y3_2/mobile_robot_inclass/install/falcon_interfaces/include/falcon_interfaces/msg/falcon_forces.h
[0.334s] -- Up-to-date symlink: /home/ayumayume/ROS2_Y3_2/mobile_robot_inclass/install/falcon_interfaces/include/falcon_interfaces/msg/falcon_pos.h
[0.334s] -- Up-to-date symlink: /home/ayumayume/ROS2_Y3_2/mobile_robot_inclass/install/falcon_interfaces/include/falcon_interfaces/msg/rosidl_generator_c__visibility_control.h
[0.334s] -- Up-to-date symlink: /home/ayumayume/ROS2_Y3_2/mobile_robot_inclass/install/falcon_interfaces/share/falcon_interfaces/environment/library_path.sh
[0.334s] -- Up-to-date symlink: /home/ayumayume/ROS2_Y3_2/mobile_robot_inclass/install/falcon_interfaces/share/falcon_interfaces/environment/library_path.dsv
[0.335s] -- Up-to-date symlink: /home/ayumayume/ROS2_Y3_2/mobile_robot_inclass/install/falcon_interfaces/include/falcon_interfaces/msg/detail/falcon_forces__rosidl_typesupport_fastrtps_c.h
[0.335s] -- Up-to-date symlink: /home/ayumayume/ROS2_Y3_2/mobile_robot_inclass/install/falcon_interfaces/include/falcon_interfaces/msg/detail/falcon_pos__rosidl_typesupport_fastrtps_c.h
[0.335s] -- Up-to-date symlink: /home/ayumayume/ROS2_Y3_2/mobile_robot_inclass/install/falcon_interfaces/include/falcon_interfaces/msg/rosidl_typesupport_fastrtps_c__visibility_control.h
[0.335s] -- Up-to-date symlink: /home/ayumayume/ROS2_Y3_2/mobile_robot_inclass/install/falcon_interfaces/lib/libfalcon_interfaces__rosidl_typesupport_fastrtps_c.so
[0.336s] -- Up-to-date symlink: /home/ayumayume/ROS2_Y3_2/mobile_robot_inclass/install/falcon_interfaces/include/falcon_interfaces/msg/detail/falcon_forces__rosidl_typesupport_fastrtps_cpp.hpp
[0.336s] -- Up-to-date symlink: /home/ayumayume/ROS2_Y3_2/mobile_robot_inclass/install/falcon_interfaces/include/falcon_interfaces/msg/detail/falcon_pos__rosidl_typesupport_fastrtps_cpp.hpp
[0.336s] -- Up-to-date symlink: /home/ayumayume/ROS2_Y3_2/mobile_robot_inclass/install/falcon_interfaces/include/falcon_interfaces/msg/rosidl_typesupport_fastrtps_cpp__visibility_control.h
[0.336s] -- Up-to-date symlink: /home/ayumayume/ROS2_Y3_2/mobile_robot_inclass/install/falcon_interfaces/lib/libfalcon_interfaces__rosidl_typesupport_fastrtps_cpp.so
[0.337s] -- Up-to-date symlink: /home/ayumayume/ROS2_Y3_2/mobile_robot_inclass/install/falcon_interfaces/include/falcon_interfaces/msg/detail/falcon_forces__rosidl_typesupport_introspection_c.h
[0.337s] -- Up-to-date symlink: /home/ayumayume/ROS2_Y3_2/mobile_robot_inclass/install/falcon_interfaces/include/falcon_interfaces/msg/detail/falcon_pos__rosidl_typesupport_introspection_c.h
[0.337s] -- Up-to-date symlink: /home/ayumayume/ROS2_Y3_2/mobile_robot_inclass/install/falcon_interfaces/include/falcon_interfaces/msg/rosidl_typesupport_introspection_c__visibility_control.h
[0.337s] -- Up-to-date symlink: /home/ayumayume/ROS2_Y3_2/mobile_robot_inclass/install/falcon_interfaces/include/falcon_interfaces/msg/detail/falcon_forces__builder.hpp
[0.338s] -- Up-to-date symlink: /home/ayumayume/ROS2_Y3_2/mobile_robot_inclass/install/falcon_interfaces/include/falcon_interfaces/msg/detail/falcon_forces__struct.hpp
[0.338s] -- Up-to-date symlink: /home/ayumayume/ROS2_Y3_2/mobile_robot_inclass/install/falcon_interfaces/include/falcon_interfaces/msg/detail/falcon_forces__traits.hpp
[0.338s] -- Up-to-date symlink: /home/ayumayume/ROS2_Y3_2/mobile_robot_inclass/install/falcon_interfaces/include/falcon_interfaces/msg/detail/falcon_pos__builder.hpp
[0.338s] -- Up-to-date symlink: /home/ayumayume/ROS2_Y3_2/mobile_robot_inclass/install/falcon_interfaces/include/falcon_interfaces/msg/detail/falcon_pos__struct.hpp
[0.338s] -- Up-to-date symlink: /home/ayumayume/ROS2_Y3_2/mobile_robot_inclass/install/falcon_interfaces/include/falcon_interfaces/msg/detail/falcon_pos__traits.hpp
[0.338s] -- Up-to-date symlink: /home/ayumayume/ROS2_Y3_2/mobile_robot_inclass/install/falcon_interfaces/include/falcon_interfaces/msg/falcon_forces.hpp
[0.338s] -- Up-to-date symlink: /home/ayumayume/ROS2_Y3_2/mobile_robot_inclass/install/falcon_interfaces/include/falcon_interfaces/msg/falcon_pos.hpp
[0.339s] -- Up-to-date symlink: /home/ayumayume/ROS2_Y3_2/mobile_robot_inclass/install/falcon_interfaces/include/falcon_interfaces/msg/detail/falcon_forces__rosidl_typesupport_introspection_cpp.hpp
[0.339s] -- Up-to-date symlink: /home/ayumayume/ROS2_Y3_2/mobile_robot_inclass/install/falcon_interfaces/include/falcon_interfaces/msg/detail/falcon_pos__rosidl_typesupport_introspection_cpp.hpp
[0.339s] -- Up-to-date symlink: /home/ayumayume/ROS2_Y3_2/mobile_robot_inclass/install/falcon_interfaces/share/falcon_interfaces/environment/pythonpath.sh
[0.339s] -- Up-to-date symlink: /home/ayumayume/ROS2_Y3_2/mobile_robot_inclass/install/falcon_interfaces/share/falcon_interfaces/environment/pythonpath.dsv
[0.339s] -- Up-to-date symlink: /home/ayumayume/ROS2_Y3_2/mobile_robot_inclass/install/falcon_interfaces/lib/python3.8/site-packages/falcon_interfaces/__init__.py
[0.340s] -- Up-to-date symlink: /home/ayumayume/ROS2_Y3_2/mobile_robot_inclass/install/falcon_interfaces/lib/python3.8/site-packages/falcon_interfaces/msg/__init__.py
[0.340s] -- Up-to-date symlink: /home/ayumayume/ROS2_Y3_2/mobile_robot_inclass/install/falcon_interfaces/lib/python3.8/site-packages/falcon_interfaces/msg/_falcon_forces.py
[0.340s] -- Up-to-date symlink: /home/ayumayume/ROS2_Y3_2/mobile_robot_inclass/install/falcon_interfaces/lib/python3.8/site-packages/falcon_interfaces/msg/_falcon_pos.py
[0.340s] -- Up-to-date symlink: /home/ayumayume/ROS2_Y3_2/mobile_robot_inclass/install/falcon_interfaces/lib/python3.8/site-packages/falcon_interfaces/falcon_interfaces_s__rosidl_typesupport_fastrtps_c.cpython-38-x86_64-linux-gnu.so
[0.340s] -- Up-to-date symlink: /home/ayumayume/ROS2_Y3_2/mobile_robot_inclass/install/falcon_interfaces/lib/python3.8/site-packages/falcon_interfaces/falcon_interfaces_s__rosidl_typesupport_introspection_c.cpython-38-x86_64-linux-gnu.so
[0.341s] -- Up-to-date symlink: /home/ayumayume/ROS2_Y3_2/mobile_robot_inclass/install/falcon_interfaces/lib/python3.8/site-packages/falcon_interfaces/falcon_interfaces_s__rosidl_typesupport_c.cpython-38-x86_64-linux-gnu.so
[0.341s] -- Up-to-date symlink: /home/ayumayume/ROS2_Y3_2/mobile_robot_inclass/install/falcon_interfaces/lib/libfalcon_interfaces__python.so
[0.341s] -- Up-to-date symlink: /home/ayumayume/ROS2_Y3_2/mobile_robot_inclass/install/falcon_interfaces/share/falcon_interfaces/msg/FalconForces.idl
[0.341s] -- Up-to-date symlink: /home/ayumayume/ROS2_Y3_2/mobile_robot_inclass/install/falcon_interfaces/share/falcon_interfaces/msg/FalconPos.idl
[0.342s] -- Up-to-date symlink: /home/ayumayume/ROS2_Y3_2/mobile_robot_inclass/install/falcon_interfaces/share/falcon_interfaces/msg/FalconForces.msg
[0.342s] -- Up-to-date symlink: /home/ayumayume/ROS2_Y3_2/mobile_robot_inclass/install/falcon_interfaces/share/falcon_interfaces/msg/FalconPos.msg
[0.342s] -- Up-to-date symlink: /home/ayumayume/ROS2_Y3_2/mobile_robot_inclass/install/falcon_interfaces/share/ament_index/resource_index/package_run_dependencies/falcon_interfaces
[0.342s] -- Up-to-date symlink: /home/ayumayume/ROS2_Y3_2/mobile_robot_inclass/install/falcon_interfaces/share/ament_index/resource_index/parent_prefix_path/falcon_interfaces
[0.342s] -- Up-to-date symlink: /home/ayumayume/ROS2_Y3_2/mobile_robot_inclass/install/falcon_interfaces/share/falcon_interfaces/environment/ament_prefix_path.sh
[0.343s] -- Up-to-date symlink: /home/ayumayume/ROS2_Y3_2/mobile_robot_inclass/install/falcon_interfaces/share/falcon_interfaces/environment/ament_prefix_path.dsv
[0.343s] -- Up-to-date symlink: /home/ayumayume/ROS2_Y3_2/mobile_robot_inclass/install/falcon_interfaces/share/falcon_interfaces/environment/path.sh
[0.343s] -- Up-to-date symlink: /home/ayumayume/ROS2_Y3_2/mobile_robot_inclass/install/falcon_interfaces/share/falcon_interfaces/environment/path.dsv
[0.343s] -- Up-to-date symlink: /home/ayumayume/ROS2_Y3_2/mobile_robot_inclass/install/falcon_interfaces/share/falcon_interfaces/local_setup.bash
[0.343s] -- Up-to-date symlink: /home/ayumayume/ROS2_Y3_2/mobile_robot_inclass/install/falcon_interfaces/share/falcon_interfaces/local_setup.sh
[0.344s] -- Up-to-date symlink: /home/ayumayume/ROS2_Y3_2/mobile_robot_inclass/install/falcon_interfaces/share/falcon_interfaces/local_setup.zsh
[0.344s] -- Up-to-date symlink: /home/ayumayume/ROS2_Y3_2/mobile_robot_inclass/install/falcon_interfaces/share/falcon_interfaces/local_setup.dsv
[0.344s] -- Symlinking: /home/ayumayume/ROS2_Y3_2/mobile_robot_inclass/install/falcon_interfaces/share/falcon_interfaces/package.dsv
[0.351s] -- Up-to-date symlink: /home/ayumayume/ROS2_Y3_2/mobile_robot_inclass/install/falcon_interfaces/share/ament_index/resource_index/packages/falcon_interfaces
[0.351s] -- Up-to-date symlink: /home/ayumayume/ROS2_Y3_2/mobile_robot_inclass/install/falcon_interfaces/share/falcon_interfaces/cmake/rosidl_cmake-extras.cmake
[0.352s] -- Up-to-date symlink: /home/ayumayume/ROS2_Y3_2/mobile_robot_inclass/install/falcon_interfaces/share/falcon_interfaces/cmake/ament_cmake_export_dependencies-extras.cmake
[0.352s] -- Up-to-date symlink: /home/ayumayume/ROS2_Y3_2/mobile_robot_inclass/install/falcon_interfaces/share/falcon_interfaces/cmake/ament_cmake_export_libraries-extras.cmake
[0.352s] -- Up-to-date symlink: /home/ayumayume/ROS2_Y3_2/mobile_robot_inclass/install/falcon_interfaces/share/falcon_interfaces/cmake/ament_cmake_export_targets-extras.cmake
[0.352s] -- Up-to-date symlink: /home/ayumayume/ROS2_Y3_2/mobile_robot_inclass/install/falcon_interfaces/share/falcon_interfaces/cmake/ament_cmake_export_include_directories-extras.cmake
[0.352s] -- Up-to-date symlink: /home/ayumayume/ROS2_Y3_2/mobile_robot_inclass/install/falcon_interfaces/share/falcon_interfaces/cmake/rosidl_cmake_export_typesupport_libraries-extras.cmake
[0.352s] -- Up-to-date symlink: /home/ayumayume/ROS2_Y3_2/mobile_robot_inclass/install/falcon_interfaces/share/falcon_interfaces/cmake/rosidl_cmake_export_typesupport_targets-extras.cmake
[0.353s] -- Up-to-date symlink: /home/ayumayume/ROS2_Y3_2/mobile_robot_inclass/install/falcon_interfaces/share/falcon_interfaces/cmake/falcon_interfacesConfig.cmake
[0.353s] -- Up-to-date symlink: /home/ayumayume/ROS2_Y3_2/mobile_robot_inclass/install/falcon_interfaces/share/falcon_interfaces/cmake/falcon_interfacesConfig-version.cmake
[0.353s] -- Up-to-date symlink: /home/ayumayume/ROS2_Y3_2/mobile_robot_inclass/install/falcon_interfaces/share/falcon_interfaces/package.xml
[0.353s] -- Up-to-date: /home/ayumayume/ROS2_Y3_2/mobile_robot_inclass/install/falcon_interfaces/lib/libfalcon_interfaces__rosidl_generator_c.so
[0.353s] -- Up-to-date: /home/ayumayume/ROS2_Y3_2/mobile_robot_inclass/install/falcon_interfaces/lib/libfalcon_interfaces__rosidl_typesupport_introspection_c.so
[0.354s] -- Up-to-date: /home/ayumayume/ROS2_Y3_2/mobile_robot_inclass/install/falcon_interfaces/lib/libfalcon_interfaces__rosidl_typesupport_c.so
[0.354s] -- Up-to-date: /home/ayumayume/ROS2_Y3_2/mobile_robot_inclass/install/falcon_interfaces/lib/libfalcon_interfaces__rosidl_typesupport_introspection_cpp.so
[0.354s] -- Up-to-date: /home/ayumayume/ROS2_Y3_2/mobile_robot_inclass/install/falcon_interfaces/lib/libfalcon_interfaces__rosidl_typesupport_cpp.so
[0.390s] -- Up-to-date: /home/ayumayume/ROS2_Y3_2/mobile_robot_inclass/install/falcon_interfaces/share/falcon_interfaces/cmake/falcon_interfaces__rosidl_generator_cExport.cmake
[0.390s] -- Up-to-date: /home/ayumayume/ROS2_Y3_2/mobile_robot_inclass/install/falcon_interfaces/share/falcon_interfaces/cmake/falcon_interfaces__rosidl_generator_cExport-noconfig.cmake
[0.390s] -- Up-to-date: /home/ayumayume/ROS2_Y3_2/mobile_robot_inclass/install/falcon_interfaces/share/falcon_interfaces/cmake/falcon_interfaces__rosidl_typesupport_introspection_cExport.cmake
[0.390s] -- Up-to-date: /home/ayumayume/ROS2_Y3_2/mobile_robot_inclass/install/falcon_interfaces/share/falcon_interfaces/cmake/falcon_interfaces__rosidl_typesupport_introspection_cExport-noconfig.cmake
[0.390s] -- Up-to-date: /home/ayumayume/ROS2_Y3_2/mobile_robot_inclass/install/falcon_interfaces/share/falcon_interfaces/cmake/falcon_interfaces__rosidl_typesupport_cExport.cmake
[0.390s] -- Up-to-date: /home/ayumayume/ROS2_Y3_2/mobile_robot_inclass/install/falcon_interfaces/share/falcon_interfaces/cmake/falcon_interfaces__rosidl_typesupport_cExport-noconfig.cmake
[0.391s] -- Up-to-date: /home/ayumayume/ROS2_Y3_2/mobile_robot_inclass/install/falcon_interfaces/share/falcon_interfaces/cmake/falcon_interfaces__rosidl_generator_cppExport.cmake
[0.391s] -- Up-to-date: /home/ayumayume/ROS2_Y3_2/mobile_robot_inclass/install/falcon_interfaces/share/falcon_interfaces/cmake/falcon_interfaces__rosidl_typesupport_introspection_cppExport.cmake
[0.391s] -- Up-to-date: /home/ayumayume/ROS2_Y3_2/mobile_robot_inclass/install/falcon_interfaces/share/falcon_interfaces/cmake/falcon_interfaces__rosidl_typesupport_introspection_cppExport-noconfig.cmake
[0.391s] -- Up-to-date: /home/ayumayume/ROS2_Y3_2/mobile_robot_inclass/install/falcon_interfaces/share/falcon_interfaces/cmake/falcon_interfaces__rosidl_typesupport_cppExport.cmake
[0.391s] -- Up-to-date: /home/ayumayume/ROS2_Y3_2/mobile_robot_inclass/install/falcon_interfaces/share/falcon_interfaces/cmake/falcon_interfaces__rosidl_typesupport_cppExport-noconfig.cmake
[0.396s] Invoked command in '/home/ayumayume/ROS2_Y3_2/mobile_robot_inclass/build/falcon_interfaces' returned '0': CMAKE_PREFIX_PATH=${CMAKE_PREFIX_PATH}:/home/ayumayume/turtlebot3_ws/install/turtlebot3_teleop:/home/ayumayume/turtlebot3_ws/install/turtlebot3_example:/home/ayumayume/open_topic/falcon_ros2/install/turtlebot3_teleop:/home/ayumayume/open_topic/falcon_ros2/install/turtlebot3_example:/opt/ros/foxy /usr/bin/cmake --install /home/ayumayume/ROS2_Y3_2/mobile_robot_inclass/build/falcon_interfaces
