[0.132s] DEBUG:colcon:Command line arguments: ['/usr/bin/colcon', 'build', '--symlink-install']
[0.132s] DEBUG:colcon:Parsed command line arguments: Namespace(allow_overriding=[], ament_cmake_args=None, base_paths=['.'], build_base='build', catkin_cmake_args=None, catkin_skip_building_tests=False, cmake_args=None, cmake_clean_cache=False, cmake_clean_first=False, cmake_force_configure=False, cmake_target=None, cmake_target_skip_unavailable=False, continue_on_error=False, event_handlers=None, executor='parallel', ignore_user_meta=False, install_base='install', log_base=None, log_level=None, main=<bound method BuildVerb.main of <colcon_core.verb.build.BuildVerb object at 0x7ff093c3b370>>, merge_install=False, metas=['./colcon.meta'], packages_above=None, packages_above_and_dependencies=None, packages_above_depth=None, packages_end=None, packages_ignore=None, packages_ignore_regex=None, packages_select=None, packages_select_build_failed=False, packages_select_by_dep=None, packages_select_regex=None, packages_select_test_failures=False, packages_skip=None, packages_skip_build_finished=False, packages_skip_by_dep=None, packages_skip_regex=None, packages_skip_test_passed=False, packages_skip_up_to=None, packages_start=None, packages_up_to=None, packages_up_to_regex=None, parallel_workers=12, paths=None, symlink_install=True, test_result_base=None, verb_extension=<colcon_core.verb.build.BuildVerb object at 0x7ff093c3b370>, verb_name='build', verb_parser=<colcon_defaults.argument_parser.defaults.DefaultArgumentsDecorator object at 0x7ff093c3b8b0>)
[0.153s] Level 1:colcon.colcon_core.package_discovery:discover_packages(colcon_meta) check parameters
[0.153s] Level 1:colcon.colcon_core.package_discovery:discover_packages(recursive) check parameters
[0.153s] Level 1:colcon.colcon_core.package_discovery:discover_packages(ignore) check parameters
[0.153s] Level 1:colcon.colcon_core.package_discovery:discover_packages(path) check parameters
[0.153s] Level 1:colcon.colcon_core.package_discovery:discover_packages(colcon_meta) discover
[0.153s] Level 1:colcon.colcon_core.package_discovery:discover_packages(recursive) discover
[0.153s] INFO:colcon.colcon_core.package_discovery:Crawling recursively for packages in '/home/ayumayume/ROS2_Y3_2/mobile_robot_inclass'
[0.153s] Level 1:colcon.colcon_core.package_identification:_identify(.) by extensions ['ignore', 'ignore_ament_install']
[0.154s] Level 1:colcon.colcon_core.package_identification:_identify(.) by extension 'ignore'
[0.154s] Level 1:colcon.colcon_core.package_identification:_identify(.) by extension 'ignore_ament_install'
[0.154s] Level 1:colcon.colcon_core.package_identification:_identify(.) by extensions ['colcon_pkg']
[0.154s] Level 1:colcon.colcon_core.package_identification:_identify(.) by extension 'colcon_pkg'
[0.154s] Level 1:colcon.colcon_core.package_identification:_identify(.) by extensions ['colcon_meta']
[0.154s] Level 1:colcon.colcon_core.package_identification:_identify(.) by extension 'colcon_meta'
[0.154s] Level 1:colcon.colcon_core.package_identification:_identify(.) by extensions ['ros']
[0.154s] Level 1:colcon.colcon_core.package_identification:_identify(.) by extension 'ros'
[0.166s] Level 1:colcon.colcon_core.package_identification:_identify(.) by extensions ['cmake', 'python']
[0.166s] Level 1:colcon.colcon_core.package_identification:_identify(.) by extension 'cmake'
[0.166s] Level 1:colcon.colcon_core.package_identification:_identify(.) by extension 'python'
[0.166s] Level 1:colcon.colcon_core.package_identification:_identify(.) by extensions ['python_setup_py']
[0.166s] Level 1:colcon.colcon_core.package_identification:_identify(.) by extension 'python_setup_py'
[0.166s] Level 1:colcon.colcon_core.package_identification:_identify(build) by extensions ['ignore', 'ignore_ament_install']
[0.166s] Level 1:colcon.colcon_core.package_identification:_identify(build) by extension 'ignore'
[0.166s] Level 1:colcon.colcon_core.package_identification:_identify(build) ignored
[0.166s] Level 1:colcon.colcon_core.package_identification:_identify(install) by extensions ['ignore', 'ignore_ament_install']
[0.166s] Level 1:colcon.colcon_core.package_identification:_identify(install) by extension 'ignore'
[0.166s] Level 1:colcon.colcon_core.package_identification:_identify(install) ignored
[0.166s] Level 1:colcon.colcon_core.package_identification:_identify(log) by extensions ['ignore', 'ignore_ament_install']
[0.166s] Level 1:colcon.colcon_core.package_identification:_identify(log) by extension 'ignore'
[0.167s] Level 1:colcon.colcon_core.package_identification:_identify(log) ignored
[0.167s] Level 1:colcon.colcon_core.package_identification:_identify(src) by extensions ['ignore', 'ignore_ament_install']
[0.167s] Level 1:colcon.colcon_core.package_identification:_identify(src) by extension 'ignore'
[0.167s] Level 1:colcon.colcon_core.package_identification:_identify(src) by extension 'ignore_ament_install'
[0.167s] Level 1:colcon.colcon_core.package_identification:_identify(src) by extensions ['colcon_pkg']
[0.167s] Level 1:colcon.colcon_core.package_identification:_identify(src) by extension 'colcon_pkg'
[0.167s] Level 1:colcon.colcon_core.package_identification:_identify(src) by extensions ['colcon_meta']
[0.167s] Level 1:colcon.colcon_core.package_identification:_identify(src) by extension 'colcon_meta'
[0.167s] Level 1:colcon.colcon_core.package_identification:_identify(src) by extensions ['ros']
[0.167s] Level 1:colcon.colcon_core.package_identification:_identify(src) by extension 'ros'
[0.167s] Level 1:colcon.colcon_core.package_identification:_identify(src) by extensions ['cmake', 'python']
[0.167s] Level 1:colcon.colcon_core.package_identification:_identify(src) by extension 'cmake'
[0.167s] Level 1:colcon.colcon_core.package_identification:_identify(src) by extension 'python'
[0.167s] Level 1:colcon.colcon_core.package_identification:_identify(src) by extensions ['python_setup_py']
[0.167s] Level 1:colcon.colcon_core.package_identification:_identify(src) by extension 'python_setup_py'
[0.167s] Level 1:colcon.colcon_core.package_identification:_identify(src/falcon_control) by extensions ['ignore', 'ignore_ament_install']
[0.167s] Level 1:colcon.colcon_core.package_identification:_identify(src/falcon_control) by extension 'ignore'
[0.167s] Level 1:colcon.colcon_core.package_identification:_identify(src/falcon_control) by extension 'ignore_ament_install'
[0.168s] Level 1:colcon.colcon_core.package_identification:_identify(src/falcon_control) by extensions ['colcon_pkg']
[0.168s] Level 1:colcon.colcon_core.package_identification:_identify(src/falcon_control) by extension 'colcon_pkg'
[0.168s] Level 1:colcon.colcon_core.package_identification:_identify(src/falcon_control) by extensions ['colcon_meta']
[0.168s] Level 1:colcon.colcon_core.package_identification:_identify(src/falcon_control) by extension 'colcon_meta'
[0.168s] Level 1:colcon.colcon_core.package_identification:_identify(src/falcon_control) by extensions ['ros']
[0.168s] Level 1:colcon.colcon_core.package_identification:_identify(src/falcon_control) by extension 'ros'
[0.170s] DEBUG:colcon.colcon_core.package_identification:Package 'src/falcon_control' with type 'ros.ament_cmake' and name 'falcon_control'
[0.170s] Level 1:colcon.colcon_core.package_identification:_identify(src/falcon_interfaces) by extensions ['ignore', 'ignore_ament_install']
[0.170s] Level 1:colcon.colcon_core.package_identification:_identify(src/falcon_interfaces) by extension 'ignore'
[0.170s] Level 1:colcon.colcon_core.package_identification:_identify(src/falcon_interfaces) by extension 'ignore_ament_install'
[0.170s] Level 1:colcon.colcon_core.package_identification:_identify(src/falcon_interfaces) by extensions ['colcon_pkg']
[0.170s] Level 1:colcon.colcon_core.package_identification:_identify(src/falcon_interfaces) by extension 'colcon_pkg'
[0.170s] Level 1:colcon.colcon_core.package_identification:_identify(src/falcon_interfaces) by extensions ['colcon_meta']
[0.170s] Level 1:colcon.colcon_core.package_identification:_identify(src/falcon_interfaces) by extension 'colcon_meta'
[0.170s] Level 1:colcon.colcon_core.package_identification:_identify(src/falcon_interfaces) by extensions ['ros']
[0.170s] Level 1:colcon.colcon_core.package_identification:_identify(src/falcon_interfaces) by extension 'ros'
[0.170s] DEBUG:colcon.colcon_core.package_identification:Package 'src/falcon_interfaces' with type 'ros.ament_cmake' and name 'falcon_interfaces'
[0.171s] Level 1:colcon.colcon_core.package_identification:_identify(src/libnifalcon) by extensions ['ignore', 'ignore_ament_install']
[0.171s] Level 1:colcon.colcon_core.package_identification:_identify(src/libnifalcon) by extension 'ignore'
[0.171s] Level 1:colcon.colcon_core.package_identification:_identify(src/libnifalcon) by extension 'ignore_ament_install'
[0.171s] Level 1:colcon.colcon_core.package_identification:_identify(src/libnifalcon) by extensions ['colcon_pkg']
[0.171s] Level 1:colcon.colcon_core.package_identification:_identify(src/libnifalcon) by extension 'colcon_pkg'
[0.171s] Level 1:colcon.colcon_core.package_identification:_identify(src/libnifalcon) by extensions ['colcon_meta']
[0.171s] Level 1:colcon.colcon_core.package_identification:_identify(src/libnifalcon) by extension 'colcon_meta'
[0.171s] Level 1:colcon.colcon_core.package_identification:_identify(src/libnifalcon) by extensions ['ros']
[0.171s] Level 1:colcon.colcon_core.package_identification:_identify(src/libnifalcon) by extension 'ros'
[0.171s] Level 1:colcon.colcon_core.package_identification:_identify(src/libnifalcon) by extensions ['cmake', 'python']
[0.171s] Level 1:colcon.colcon_core.package_identification:_identify(src/libnifalcon) by extension 'cmake'
[0.180s] Level 1:colcon.colcon_core.package_identification:_identify(src/libnifalcon) by extension 'python'
[0.180s] DEBUG:colcon.colcon_core.package_identification:Package 'src/libnifalcon' with type 'cmake' and name 'LIBNIFALCON'
[0.180s] Level 1:colcon.colcon_core.package_identification:_identify(src/megarover_samples_ros2) by extensions ['ignore', 'ignore_ament_install']
[0.180s] Level 1:colcon.colcon_core.package_identification:_identify(src/megarover_samples_ros2) by extension 'ignore'
[0.180s] Level 1:colcon.colcon_core.package_identification:_identify(src/megarover_samples_ros2) by extension 'ignore_ament_install'
[0.180s] Level 1:colcon.colcon_core.package_identification:_identify(src/megarover_samples_ros2) by extensions ['colcon_pkg']
[0.180s] Level 1:colcon.colcon_core.package_identification:_identify(src/megarover_samples_ros2) by extension 'colcon_pkg'
[0.180s] Level 1:colcon.colcon_core.package_identification:_identify(src/megarover_samples_ros2) by extensions ['colcon_meta']
[0.180s] Level 1:colcon.colcon_core.package_identification:_identify(src/megarover_samples_ros2) by extension 'colcon_meta'
[0.180s] Level 1:colcon.colcon_core.package_identification:_identify(src/megarover_samples_ros2) by extensions ['ros']
[0.180s] Level 1:colcon.colcon_core.package_identification:_identify(src/megarover_samples_ros2) by extension 'ros'
[0.181s] DEBUG:colcon.colcon_core.package_identification:Package 'src/megarover_samples_ros2' with type 'ros.ament_cmake' and name 'megarover_samples_ros2'
[0.181s] Level 1:colcon.colcon_core.package_identification:_identify(src/urdf_tutorial-ros2) by extensions ['ignore', 'ignore_ament_install']
[0.181s] Level 1:colcon.colcon_core.package_identification:_identify(src/urdf_tutorial-ros2) by extension 'ignore'
[0.181s] Level 1:colcon.colcon_core.package_identification:_identify(src/urdf_tutorial-ros2) by extension 'ignore_ament_install'
[0.181s] Level 1:colcon.colcon_core.package_identification:_identify(src/urdf_tutorial-ros2) by extensions ['colcon_pkg']
[0.181s] Level 1:colcon.colcon_core.package_identification:_identify(src/urdf_tutorial-ros2) by extension 'colcon_pkg'
[0.181s] Level 1:colcon.colcon_core.package_identification:_identify(src/urdf_tutorial-ros2) by extensions ['colcon_meta']
[0.181s] Level 1:colcon.colcon_core.package_identification:_identify(src/urdf_tutorial-ros2) by extension 'colcon_meta'
[0.181s] Level 1:colcon.colcon_core.package_identification:_identify(src/urdf_tutorial-ros2) by extensions ['ros']
[0.182s] Level 1:colcon.colcon_core.package_identification:_identify(src/urdf_tutorial-ros2) by extension 'ros'
[0.182s] DEBUG:colcon.colcon_core.package_identification:Package 'src/urdf_tutorial-ros2' with type 'ros.ament_cmake' and name 'urdf_tutorial'
[0.182s] Level 1:colcon.colcon_core.package_discovery:discover_packages(recursive) using defaults
[0.182s] Level 1:colcon.colcon_core.package_discovery:discover_packages(ignore) discover
[0.182s] Level 1:colcon.colcon_core.package_discovery:discover_packages(ignore) using defaults
[0.182s] Level 1:colcon.colcon_core.package_discovery:discover_packages(path) discover
[0.182s] Level 1:colcon.colcon_core.package_discovery:discover_packages(path) using defaults
[0.201s] Level 1:colcon.colcon_core.package_discovery:discover_packages(prefix_path) check parameters
[0.201s] Level 1:colcon.colcon_core.package_discovery:discover_packages(prefix_path) discover
[0.205s] DEBUG:colcon.colcon_installed_package_information.package_discovery:Found 15 installed packages in /home/ayumayume/turtlebot3_ws/install
[0.206s] DEBUG:colcon.colcon_installed_package_information.package_discovery:Found 2 installed packages in /home/ayumayume/test_cpp/install
[0.207s] DEBUG:colcon.colcon_installed_package_information.package_discovery:Found 1 installed packages in /home/ayumayume/open_topic/test_build_lib/install
[0.208s] DEBUG:colcon.colcon_installed_package_information.package_discovery:Found 5 installed packages in /home/ayumayume/ROS2_Y3_2/mobile_robot_inclass/install
[0.209s] DEBUG:colcon.colcon_installed_package_information.package_discovery:Found 1 installed packages in /home/ayumayume/ROS2_Directory/velocity_example/install
[0.210s] DEBUG:colcon.colcon_installed_package_information.package_discovery:Found 1 installed packages in /home/ayumayume/ROS2_Directory/lab4_ws/install
[0.211s] DEBUG:colcon.colcon_installed_package_information.package_discovery:Found 1 installed packages in /home/ayumayume/ROS2_Directory/lab3_example/install
[0.212s] DEBUG:colcon.colcon_installed_package_information.package_discovery:Found 1 installed packages in /home/ayumayume/ROS2_Directory/fra333_lab2_ex/install
[0.213s] DEBUG:colcon.colcon_installed_package_information.package_discovery:Found 2 installed packages in /home/ayumayume/ROS2_Directory/lab1_ws/install
[0.214s] DEBUG:colcon.colcon_installed_package_information.package_discovery:Found 1 installed packages in /home/ayumayume/ROS2_Directory/pun_ws/install
[0.215s] DEBUG:colcon.colcon_installed_package_information.package_discovery:Found 3 installed packages in /home/ayumayume/MBSE/for_seding_v1/install
[0.216s] DEBUG:colcon.colcon_installed_package_information.package_discovery:Found 3 installed packages in /home/ayumayume/ROS2_Directory/lab2_ws/install
[0.217s] DEBUG:colcon.colcon_installed_package_information.package_discovery:Found 1 installed packages in /home/ayumayume/ROS2_Directory/lab3_ws/install
[0.219s] DEBUG:colcon.colcon_installed_package_information.package_discovery:Found 18 installed packages in /home/ayumayume/open_topic/falcon_ros2/install
[0.221s] DEBUG:colcon.colcon_installed_package_information.package_discovery:Found 337 installed packages in /opt/ros/foxy
[0.222s] Level 1:colcon.colcon_core.package_discovery:discover_packages(prefix_path) using defaults
[0.284s] Level 5:colcon.colcon_core.verb:set package 'LIBNIFALCON' build argument 'cmake_args' from command line to 'None'
[0.284s] Level 5:colcon.colcon_core.verb:set package 'LIBNIFALCON' build argument 'cmake_target' from command line to 'None'
[0.284s] Level 5:colcon.colcon_core.verb:set package 'LIBNIFALCON' build argument 'cmake_target_skip_unavailable' from command line to 'False'
[0.284s] Level 5:colcon.colcon_core.verb:set package 'LIBNIFALCON' build argument 'cmake_clean_cache' from command line to 'False'
[0.284s] Level 5:colcon.colcon_core.verb:set package 'LIBNIFALCON' build argument 'cmake_clean_first' from command line to 'False'
[0.284s] Level 5:colcon.colcon_core.verb:set package 'LIBNIFALCON' build argument 'cmake_force_configure' from command line to 'False'
[0.284s] Level 5:colcon.colcon_core.verb:set package 'LIBNIFALCON' build argument 'ament_cmake_args' from command line to 'None'
[0.284s] Level 5:colcon.colcon_core.verb:set package 'LIBNIFALCON' build argument 'catkin_cmake_args' from command line to 'None'
[0.284s] Level 5:colcon.colcon_core.verb:set package 'LIBNIFALCON' build argument 'catkin_skip_building_tests' from command line to 'False'
[0.284s] DEBUG:colcon.colcon_core.verb:Building package 'LIBNIFALCON' with the following arguments: {'ament_cmake_args': None, 'build_base': '/home/ayumayume/ROS2_Y3_2/mobile_robot_inclass/build/LIBNIFALCON', 'catkin_cmake_args': None, 'catkin_skip_building_tests': False, 'cmake_args': None, 'cmake_clean_cache': False, 'cmake_clean_first': False, 'cmake_force_configure': False, 'cmake_target': None, 'cmake_target_skip_unavailable': False, 'install_base': '/home/ayumayume/ROS2_Y3_2/mobile_robot_inclass/install/LIBNIFALCON', 'merge_install': False, 'path': '/home/ayumayume/ROS2_Y3_2/mobile_robot_inclass/src/libnifalcon', 'symlink_install': True, 'test_result_base': None}
[0.285s] Level 5:colcon.colcon_core.verb:set package 'falcon_interfaces' build argument 'cmake_args' from command line to 'None'
[0.285s] Level 5:colcon.colcon_core.verb:set package 'falcon_interfaces' build argument 'cmake_target' from command line to 'None'
[0.285s] Level 5:colcon.colcon_core.verb:set package 'falcon_interfaces' build argument 'cmake_target_skip_unavailable' from command line to 'False'
[0.285s] Level 5:colcon.colcon_core.verb:set package 'falcon_interfaces' build argument 'cmake_clean_cache' from command line to 'False'
[0.285s] Level 5:colcon.colcon_core.verb:set package 'falcon_interfaces' build argument 'cmake_clean_first' from command line to 'False'
[0.285s] Level 5:colcon.colcon_core.verb:set package 'falcon_interfaces' build argument 'cmake_force_configure' from command line to 'False'
[0.285s] Level 5:colcon.colcon_core.verb:set package 'falcon_interfaces' build argument 'ament_cmake_args' from command line to 'None'
[0.285s] Level 5:colcon.colcon_core.verb:set package 'falcon_interfaces' build argument 'catkin_cmake_args' from command line to 'None'
[0.285s] Level 5:colcon.colcon_core.verb:set package 'falcon_interfaces' build argument 'catkin_skip_building_tests' from command line to 'False'
[0.285s] DEBUG:colcon.colcon_core.verb:Building package 'falcon_interfaces' with the following arguments: {'ament_cmake_args': None, 'build_base': '/home/ayumayume/ROS2_Y3_2/mobile_robot_inclass/build/falcon_interfaces', 'catkin_cmake_args': None, 'catkin_skip_building_tests': False, 'cmake_args': None, 'cmake_clean_cache': False, 'cmake_clean_first': False, 'cmake_force_configure': False, 'cmake_target': None, 'cmake_target_skip_unavailable': False, 'install_base': '/home/ayumayume/ROS2_Y3_2/mobile_robot_inclass/install/falcon_interfaces', 'merge_install': False, 'path': '/home/ayumayume/ROS2_Y3_2/mobile_robot_inclass/src/falcon_interfaces', 'symlink_install': True, 'test_result_base': None}
[0.286s] Level 5:colcon.colcon_core.verb:set package 'urdf_tutorial' build argument 'cmake_args' from command line to 'None'
[0.286s] Level 5:colcon.colcon_core.verb:set package 'urdf_tutorial' build argument 'cmake_target' from command line to 'None'
[0.286s] Level 5:colcon.colcon_core.verb:set package 'urdf_tutorial' build argument 'cmake_target_skip_unavailable' from command line to 'False'
[0.286s] Level 5:colcon.colcon_core.verb:set package 'urdf_tutorial' build argument 'cmake_clean_cache' from command line to 'False'
[0.286s] Level 5:colcon.colcon_core.verb:set package 'urdf_tutorial' build argument 'cmake_clean_first' from command line to 'False'
[0.286s] Level 5:colcon.colcon_core.verb:set package 'urdf_tutorial' build argument 'cmake_force_configure' from command line to 'False'
[0.286s] Level 5:colcon.colcon_core.verb:set package 'urdf_tutorial' build argument 'ament_cmake_args' from command line to 'None'
[0.287s] Level 5:colcon.colcon_core.verb:set package 'urdf_tutorial' build argument 'catkin_cmake_args' from command line to 'None'
[0.287s] Level 5:colcon.colcon_core.verb:set package 'urdf_tutorial' build argument 'catkin_skip_building_tests' from command line to 'False'
[0.287s] DEBUG:colcon.colcon_core.verb:Building package 'urdf_tutorial' with the following arguments: {'ament_cmake_args': None, 'build_base': '/home/ayumayume/ROS2_Y3_2/mobile_robot_inclass/build/urdf_tutorial', 'catkin_cmake_args': None, 'catkin_skip_building_tests': False, 'cmake_args': None, 'cmake_clean_cache': False, 'cmake_clean_first': False, 'cmake_force_configure': False, 'cmake_target': None, 'cmake_target_skip_unavailable': False, 'install_base': '/home/ayumayume/ROS2_Y3_2/mobile_robot_inclass/install/urdf_tutorial', 'merge_install': False, 'path': '/home/ayumayume/ROS2_Y3_2/mobile_robot_inclass/src/urdf_tutorial-ros2', 'symlink_install': True, 'test_result_base': None}
[0.288s] Level 5:colcon.colcon_core.verb:set package 'falcon_control' build argument 'cmake_args' from command line to 'None'
[0.288s] Level 5:colcon.colcon_core.verb:set package 'falcon_control' build argument 'cmake_target' from command line to 'None'
[0.288s] Level 5:colcon.colcon_core.verb:set package 'falcon_control' build argument 'cmake_target_skip_unavailable' from command line to 'False'
[0.288s] Level 5:colcon.colcon_core.verb:set package 'falcon_control' build argument 'cmake_clean_cache' from command line to 'False'
[0.288s] Level 5:colcon.colcon_core.verb:set package 'falcon_control' build argument 'cmake_clean_first' from command line to 'False'
[0.288s] Level 5:colcon.colcon_core.verb:set package 'falcon_control' build argument 'cmake_force_configure' from command line to 'False'
[0.288s] Level 5:colcon.colcon_core.verb:set package 'falcon_control' build argument 'ament_cmake_args' from command line to 'None'
[0.288s] Level 5:colcon.colcon_core.verb:set package 'falcon_control' build argument 'catkin_cmake_args' from command line to 'None'
[0.288s] Level 5:colcon.colcon_core.verb:set package 'falcon_control' build argument 'catkin_skip_building_tests' from command line to 'False'
[0.288s] DEBUG:colcon.colcon_core.verb:Building package 'falcon_control' with the following arguments: {'ament_cmake_args': None, 'build_base': '/home/ayumayume/ROS2_Y3_2/mobile_robot_inclass/build/falcon_control', 'catkin_cmake_args': None, 'catkin_skip_building_tests': False, 'cmake_args': None, 'cmake_clean_cache': False, 'cmake_clean_first': False, 'cmake_force_configure': False, 'cmake_target': None, 'cmake_target_skip_unavailable': False, 'install_base': '/home/ayumayume/ROS2_Y3_2/mobile_robot_inclass/install/falcon_control', 'merge_install': False, 'path': '/home/ayumayume/ROS2_Y3_2/mobile_robot_inclass/src/falcon_control', 'symlink_install': True, 'test_result_base': None}
[0.289s] Level 5:colcon.colcon_core.verb:set package 'megarover_samples_ros2' build argument 'cmake_args' from command line to 'None'
[0.289s] Level 5:colcon.colcon_core.verb:set package 'megarover_samples_ros2' build argument 'cmake_target' from command line to 'None'
[0.289s] Level 5:colcon.colcon_core.verb:set package 'megarover_samples_ros2' build argument 'cmake_target_skip_unavailable' from command line to 'False'
[0.289s] Level 5:colcon.colcon_core.verb:set package 'megarover_samples_ros2' build argument 'cmake_clean_cache' from command line to 'False'
[0.289s] Level 5:colcon.colcon_core.verb:set package 'megarover_samples_ros2' build argument 'cmake_clean_first' from command line to 'False'
[0.289s] Level 5:colcon.colcon_core.verb:set package 'megarover_samples_ros2' build argument 'cmake_force_configure' from command line to 'False'
[0.289s] Level 5:colcon.colcon_core.verb:set package 'megarover_samples_ros2' build argument 'ament_cmake_args' from command line to 'None'
[0.289s] Level 5:colcon.colcon_core.verb:set package 'megarover_samples_ros2' build argument 'catkin_cmake_args' from command line to 'None'
[0.289s] Level 5:colcon.colcon_core.verb:set package 'megarover_samples_ros2' build argument 'catkin_skip_building_tests' from command line to 'False'
[0.289s] DEBUG:colcon.colcon_core.verb:Building package 'megarover_samples_ros2' with the following arguments: {'ament_cmake_args': None, 'build_base': '/home/ayumayume/ROS2_Y3_2/mobile_robot_inclass/build/megarover_samples_ros2', 'catkin_cmake_args': None, 'catkin_skip_building_tests': False, 'cmake_args': None, 'cmake_clean_cache': False, 'cmake_clean_first': False, 'cmake_force_configure': False, 'cmake_target': None, 'cmake_target_skip_unavailable': False, 'install_base': '/home/ayumayume/ROS2_Y3_2/mobile_robot_inclass/install/megarover_samples_ros2', 'merge_install': False, 'path': '/home/ayumayume/ROS2_Y3_2/mobile_robot_inclass/src/megarover_samples_ros2', 'symlink_install': True, 'test_result_base': None}
[0.290s] INFO:colcon.colcon_core.executor:Executing jobs using 'parallel' executor
[0.295s] DEBUG:colcon.colcon_parallel_executor.executor.parallel:run_until_complete
[0.295s] INFO:colcon.colcon_ros.task.ament_cmake.build:Building ROS package in '/home/ayumayume/ROS2_Y3_2/mobile_robot_inclass/src/falcon_interfaces' with build type 'ament_cmake'
[0.296s] INFO:colcon.colcon_cmake.task.cmake.build:Building CMake package in '/home/ayumayume/ROS2_Y3_2/mobile_robot_inclass/src/falcon_interfaces'
[0.300s] INFO:colcon.colcon_core.plugin_system:Skipping extension 'colcon_core.shell.bat': Not used on non-Windows systems
[0.300s] INFO:colcon.colcon_core.shell:Skip shell extension 'powershell' for command environment: Not usable outside of PowerShell
[0.300s] DEBUG:colcon.colcon_core.shell:Skip shell extension 'dsv' for command environment
[0.321s] INFO:colcon.colcon_cmake.task.cmake.build:Building CMake package in '/home/ayumayume/ROS2_Y3_2/mobile_robot_inclass/src/libnifalcon'
[0.323s] INFO:colcon.colcon_core.shell:Skip shell extension 'powershell' for command environment: Not usable outside of PowerShell
[0.323s] DEBUG:colcon.colcon_core.shell:Skip shell extension 'dsv' for command environment
[0.344s] INFO:colcon.colcon_ros.task.ament_cmake.build:Building ROS package in '/home/ayumayume/ROS2_Y3_2/mobile_robot_inclass/src/urdf_tutorial-ros2' with build type 'ament_cmake'
[0.344s] INFO:colcon.colcon_cmake.task.cmake.build:Building CMake package in '/home/ayumayume/ROS2_Y3_2/mobile_robot_inclass/src/urdf_tutorial-ros2'
[0.346s] INFO:colcon.colcon_core.shell:Skip shell extension 'powershell' for command environment: Not usable outside of PowerShell
[0.346s] DEBUG:colcon.colcon_core.shell:Skip shell extension 'dsv' for command environment
[0.374s] DEBUG:colcon.colcon_core.event_handler.log_command:Invoking command in '/home/ayumayume/ROS2_Y3_2/mobile_robot_inclass/build/falcon_interfaces': CMAKE_PREFIX_PATH=${CMAKE_PREFIX_PATH}:/home/ayumayume/turtlebot3_ws/install/turtlebot3_teleop:/home/ayumayume/turtlebot3_ws/install/turtlebot3_example:/home/ayumayume/open_topic/falcon_ros2/install/turtlebot3_teleop:/home/ayumayume/open_topic/falcon_ros2/install/turtlebot3_example:/opt/ros/foxy /usr/bin/cmake --build /home/ayumayume/ROS2_Y3_2/mobile_robot_inclass/build/falcon_interfaces -- -j12 -l12
[0.377s] DEBUG:colcon.colcon_core.event_handler.log_command:Invoking command in '/home/ayumayume/ROS2_Y3_2/mobile_robot_inclass/build/LIBNIFALCON': /usr/bin/cmake --build /home/ayumayume/ROS2_Y3_2/mobile_robot_inclass/build/LIBNIFALCON -- -j12 -l12
[0.381s] DEBUG:colcon.colcon_core.event_handler.log_command:Invoking command in '/home/ayumayume/ROS2_Y3_2/mobile_robot_inclass/build/urdf_tutorial': CMAKE_PREFIX_PATH=${CMAKE_PREFIX_PATH}:/home/ayumayume/turtlebot3_ws/install/turtlebot3_teleop:/home/ayumayume/turtlebot3_ws/install/turtlebot3_example:/home/ayumayume/open_topic/falcon_ros2/install/turtlebot3_teleop:/home/ayumayume/open_topic/falcon_ros2/install/turtlebot3_example:/opt/ros/foxy /usr/bin/cmake --build /home/ayumayume/ROS2_Y3_2/mobile_robot_inclass/build/urdf_tutorial -- -j12 -l12
[0.413s] DEBUG:colcon.colcon_core.event_handler.log_command:Invoked command in '/home/ayumayume/ROS2_Y3_2/mobile_robot_inclass/build/urdf_tutorial' returned '0': CMAKE_PREFIX_PATH=${CMAKE_PREFIX_PATH}:/home/ayumayume/turtlebot3_ws/install/turtlebot3_teleop:/home/ayumayume/turtlebot3_ws/install/turtlebot3_example:/home/ayumayume/open_topic/falcon_ros2/install/turtlebot3_teleop:/home/ayumayume/open_topic/falcon_ros2/install/turtlebot3_example:/opt/ros/foxy /usr/bin/cmake --build /home/ayumayume/ROS2_Y3_2/mobile_robot_inclass/build/urdf_tutorial -- -j12 -l12
[0.454s] DEBUG:colcon.colcon_core.event_handler.log_command:Invoking command in '/home/ayumayume/ROS2_Y3_2/mobile_robot_inclass/build/urdf_tutorial': CMAKE_PREFIX_PATH=${CMAKE_PREFIX_PATH}:/home/ayumayume/turtlebot3_ws/install/turtlebot3_teleop:/home/ayumayume/turtlebot3_ws/install/turtlebot3_example:/home/ayumayume/open_topic/falcon_ros2/install/turtlebot3_teleop:/home/ayumayume/open_topic/falcon_ros2/install/turtlebot3_example:/opt/ros/foxy /usr/bin/cmake --install /home/ayumayume/ROS2_Y3_2/mobile_robot_inclass/build/urdf_tutorial
[0.477s] DEBUG:colcon.colcon_core.event_handler.log_command:Invoked command in '/home/ayumayume/ROS2_Y3_2/mobile_robot_inclass/build/LIBNIFALCON' returned '0': /usr/bin/cmake --build /home/ayumayume/ROS2_Y3_2/mobile_robot_inclass/build/LIBNIFALCON -- -j12 -l12
[0.479s] Level 1:colcon.colcon_core.environment:create_environment_scripts_only(urdf_tutorial)
[0.480s] DEBUG:colcon.colcon_core.event_handler.log_command:Invoked command in '/home/ayumayume/ROS2_Y3_2/mobile_robot_inclass/build/urdf_tutorial' returned '0': CMAKE_PREFIX_PATH=${CMAKE_PREFIX_PATH}:/home/ayumayume/turtlebot3_ws/install/turtlebot3_teleop:/home/ayumayume/turtlebot3_ws/install/turtlebot3_example:/home/ayumayume/open_topic/falcon_ros2/install/turtlebot3_teleop:/home/ayumayume/open_topic/falcon_ros2/install/turtlebot3_example:/opt/ros/foxy /usr/bin/cmake --install /home/ayumayume/ROS2_Y3_2/mobile_robot_inclass/build/urdf_tutorial
[0.486s] Level 1:colcon.colcon_core.environment:checking '/home/ayumayume/ROS2_Y3_2/mobile_robot_inclass/install/urdf_tutorial' for CMake module files
[0.486s] Level 1:colcon.colcon_core.environment:checking '/home/ayumayume/ROS2_Y3_2/mobile_robot_inclass/install/urdf_tutorial' for CMake config files
[0.487s] Level 1:colcon.colcon_core.shell:create_environment_hook('urdf_tutorial', 'cmake_prefix_path')
[0.489s] INFO:colcon.colcon_core.shell:Creating environment hook '/home/ayumayume/ROS2_Y3_2/mobile_robot_inclass/install/urdf_tutorial/share/urdf_tutorial/hook/cmake_prefix_path.ps1'
[0.489s] INFO:colcon.colcon_core.shell:Creating environment descriptor '/home/ayumayume/ROS2_Y3_2/mobile_robot_inclass/install/urdf_tutorial/share/urdf_tutorial/hook/cmake_prefix_path.dsv'
[0.489s] INFO:colcon.colcon_core.shell:Creating environment hook '/home/ayumayume/ROS2_Y3_2/mobile_robot_inclass/install/urdf_tutorial/share/urdf_tutorial/hook/cmake_prefix_path.sh'
[0.490s] Level 1:colcon.colcon_core.environment:checking '/home/ayumayume/ROS2_Y3_2/mobile_robot_inclass/install/urdf_tutorial/bin'
[0.490s] Level 1:colcon.colcon_core.environment:checking '/home/ayumayume/ROS2_Y3_2/mobile_robot_inclass/install/urdf_tutorial/lib/pkgconfig/urdf_tutorial.pc'
[0.490s] Level 1:colcon.colcon_core.environment:checking '/home/ayumayume/ROS2_Y3_2/mobile_robot_inclass/install/urdf_tutorial/lib/python3.8/site-packages'
[0.491s] Level 1:colcon.colcon_core.environment:checking '/home/ayumayume/ROS2_Y3_2/mobile_robot_inclass/install/urdf_tutorial/bin'
[0.493s] INFO:colcon.colcon_core.shell:Creating package script '/home/ayumayume/ROS2_Y3_2/mobile_robot_inclass/install/urdf_tutorial/share/urdf_tutorial/package.ps1'
[0.494s] INFO:colcon.colcon_core.shell:Creating package descriptor '/home/ayumayume/ROS2_Y3_2/mobile_robot_inclass/install/urdf_tutorial/share/urdf_tutorial/package.dsv'
[0.494s] INFO:colcon.colcon_core.shell:Creating package script '/home/ayumayume/ROS2_Y3_2/mobile_robot_inclass/install/urdf_tutorial/share/urdf_tutorial/package.sh'
[0.495s] INFO:colcon.colcon_core.shell:Creating package script '/home/ayumayume/ROS2_Y3_2/mobile_robot_inclass/install/urdf_tutorial/share/urdf_tutorial/package.bash'
[0.495s] INFO:colcon.colcon_core.shell:Creating package script '/home/ayumayume/ROS2_Y3_2/mobile_robot_inclass/install/urdf_tutorial/share/urdf_tutorial/package.zsh'
[0.496s] Level 1:colcon.colcon_core.environment:create_file_with_runtime_dependencies(/home/ayumayume/ROS2_Y3_2/mobile_robot_inclass/install/urdf_tutorial/share/colcon-core/packages/urdf_tutorial)
[0.500s] DEBUG:colcon.colcon_core.event_handler.log_command:Invoking command in '/home/ayumayume/ROS2_Y3_2/mobile_robot_inclass/build/LIBNIFALCON': /usr/bin/cmake --install /home/ayumayume/ROS2_Y3_2/mobile_robot_inclass/build/LIBNIFALCON
[0.516s] Level 1:colcon.colcon_core.environment:create_environment_scripts_only(urdf_tutorial)
[0.519s] Level 1:colcon.colcon_core.environment:checking '/home/ayumayume/ROS2_Y3_2/mobile_robot_inclass/install/urdf_tutorial' for CMake module files
[0.521s] Level 1:colcon.colcon_core.environment:checking '/home/ayumayume/ROS2_Y3_2/mobile_robot_inclass/install/urdf_tutorial' for CMake config files
[0.521s] Level 1:colcon.colcon_core.shell:create_environment_hook('urdf_tutorial', 'cmake_prefix_path')
[0.523s] INFO:colcon.colcon_core.shell:Creating environment hook '/home/ayumayume/ROS2_Y3_2/mobile_robot_inclass/install/urdf_tutorial/share/urdf_tutorial/hook/cmake_prefix_path.ps1'
[0.524s] INFO:colcon.colcon_core.shell:Creating environment descriptor '/home/ayumayume/ROS2_Y3_2/mobile_robot_inclass/install/urdf_tutorial/share/urdf_tutorial/hook/cmake_prefix_path.dsv'
[0.524s] INFO:colcon.colcon_core.shell:Creating environment hook '/home/ayumayume/ROS2_Y3_2/mobile_robot_inclass/install/urdf_tutorial/share/urdf_tutorial/hook/cmake_prefix_path.sh'
[0.524s] Level 1:colcon.colcon_core.environment:checking '/home/ayumayume/ROS2_Y3_2/mobile_robot_inclass/install/urdf_tutorial/bin'
[0.524s] Level 1:colcon.colcon_core.environment:checking '/home/ayumayume/ROS2_Y3_2/mobile_robot_inclass/install/urdf_tutorial/lib/pkgconfig/urdf_tutorial.pc'
[0.525s] Level 1:colcon.colcon_core.environment:checking '/home/ayumayume/ROS2_Y3_2/mobile_robot_inclass/install/urdf_tutorial/lib/python3.8/site-packages'
[0.525s] Level 1:colcon.colcon_core.environment:checking '/home/ayumayume/ROS2_Y3_2/mobile_robot_inclass/install/urdf_tutorial/bin'
[0.527s] INFO:colcon.colcon_core.shell:Creating package script '/home/ayumayume/ROS2_Y3_2/mobile_robot_inclass/install/urdf_tutorial/share/urdf_tutorial/package.ps1'
[0.527s] INFO:colcon.colcon_core.shell:Creating package descriptor '/home/ayumayume/ROS2_Y3_2/mobile_robot_inclass/install/urdf_tutorial/share/urdf_tutorial/package.dsv'
[0.528s] INFO:colcon.colcon_core.shell:Creating package script '/home/ayumayume/ROS2_Y3_2/mobile_robot_inclass/install/urdf_tutorial/share/urdf_tutorial/package.sh'
[0.528s] INFO:colcon.colcon_core.shell:Creating package script '/home/ayumayume/ROS2_Y3_2/mobile_robot_inclass/install/urdf_tutorial/share/urdf_tutorial/package.bash'
[0.528s] INFO:colcon.colcon_core.shell:Creating package script '/home/ayumayume/ROS2_Y3_2/mobile_robot_inclass/install/urdf_tutorial/share/urdf_tutorial/package.zsh'
[0.529s] Level 1:colcon.colcon_core.environment:create_file_with_runtime_dependencies(/home/ayumayume/ROS2_Y3_2/mobile_robot_inclass/install/urdf_tutorial/share/colcon-core/packages/urdf_tutorial)
[0.529s] Level 1:colcon.colcon_core.environment:create_environment_scripts_only(LIBNIFALCON)
[0.532s] Level 1:colcon.colcon_core.environment:checking '/home/ayumayume/ROS2_Y3_2/mobile_robot_inclass/install/LIBNIFALCON' for CMake module files
[0.533s] Level 1:colcon.colcon_core.environment:checking '/home/ayumayume/ROS2_Y3_2/mobile_robot_inclass/install/LIBNIFALCON' for CMake config files
[0.533s] DEBUG:colcon.colcon_core.event_handler.log_command:Invoked command in '/home/ayumayume/ROS2_Y3_2/mobile_robot_inclass/build/LIBNIFALCON' returned '0': /usr/bin/cmake --install /home/ayumayume/ROS2_Y3_2/mobile_robot_inclass/build/LIBNIFALCON
[0.534s] Level 1:colcon.colcon_core.environment:checking '/home/ayumayume/ROS2_Y3_2/mobile_robot_inclass/install/LIBNIFALCON/lib'
[0.534s] Level 1:colcon.colcon_core.shell:create_environment_hook('LIBNIFALCON', 'ld_library_path_lib')
[0.536s] INFO:colcon.colcon_core.shell:Creating environment hook '/home/ayumayume/ROS2_Y3_2/mobile_robot_inclass/install/LIBNIFALCON/share/LIBNIFALCON/hook/ld_library_path_lib.ps1'
[0.536s] INFO:colcon.colcon_core.shell:Creating environment descriptor '/home/ayumayume/ROS2_Y3_2/mobile_robot_inclass/install/LIBNIFALCON/share/LIBNIFALCON/hook/ld_library_path_lib.dsv'
[0.537s] INFO:colcon.colcon_core.shell:Creating environment hook '/home/ayumayume/ROS2_Y3_2/mobile_robot_inclass/install/LIBNIFALCON/share/LIBNIFALCON/hook/ld_library_path_lib.sh'
[0.537s] Level 1:colcon.colcon_core.environment:checking '/home/ayumayume/ROS2_Y3_2/mobile_robot_inclass/install/LIBNIFALCON/bin'
[0.537s] Level 1:colcon.colcon_core.shell:create_environment_hook('LIBNIFALCON', 'path')
[0.539s] INFO:colcon.colcon_core.shell:Creating environment hook '/home/ayumayume/ROS2_Y3_2/mobile_robot_inclass/install/LIBNIFALCON/share/LIBNIFALCON/hook/path.ps1'
[0.539s] INFO:colcon.colcon_core.shell:Creating environment descriptor '/home/ayumayume/ROS2_Y3_2/mobile_robot_inclass/install/LIBNIFALCON/share/LIBNIFALCON/hook/path.dsv'
[0.540s] INFO:colcon.colcon_core.shell:Creating environment hook '/home/ayumayume/ROS2_Y3_2/mobile_robot_inclass/install/LIBNIFALCON/share/LIBNIFALCON/hook/path.sh'
[0.540s] Level 1:colcon.colcon_core.environment:checking '/home/ayumayume/ROS2_Y3_2/mobile_robot_inclass/install/LIBNIFALCON/lib/pkgconfig/LIBNIFALCON.pc'
[0.540s] Level 1:colcon.colcon_core.environment:checking '/home/ayumayume/ROS2_Y3_2/mobile_robot_inclass/install/LIBNIFALCON/lib/python3.8/site-packages'
[0.540s] Level 1:colcon.colcon_core.environment:checking '/home/ayumayume/ROS2_Y3_2/mobile_robot_inclass/install/LIBNIFALCON/bin'
[0.540s] Level 1:colcon.colcon_core.shell:create_environment_hook('LIBNIFALCON', 'pythonscriptspath')
[0.542s] INFO:colcon.colcon_core.shell:Creating environment hook '/home/ayumayume/ROS2_Y3_2/mobile_robot_inclass/install/LIBNIFALCON/share/LIBNIFALCON/hook/pythonscriptspath.ps1'
[0.543s] INFO:colcon.colcon_core.shell:Creating environment descriptor '/home/ayumayume/ROS2_Y3_2/mobile_robot_inclass/install/LIBNIFALCON/share/LIBNIFALCON/hook/pythonscriptspath.dsv'
[0.543s] INFO:colcon.colcon_core.shell:Creating environment hook '/home/ayumayume/ROS2_Y3_2/mobile_robot_inclass/install/LIBNIFALCON/share/LIBNIFALCON/hook/pythonscriptspath.sh'
[0.545s] INFO:colcon.colcon_core.shell:Creating package script '/home/ayumayume/ROS2_Y3_2/mobile_robot_inclass/install/LIBNIFALCON/share/LIBNIFALCON/package.ps1'
[0.546s] INFO:colcon.colcon_core.shell:Creating package descriptor '/home/ayumayume/ROS2_Y3_2/mobile_robot_inclass/install/LIBNIFALCON/share/LIBNIFALCON/package.dsv'
[0.546s] INFO:colcon.colcon_core.shell:Creating package script '/home/ayumayume/ROS2_Y3_2/mobile_robot_inclass/install/LIBNIFALCON/share/LIBNIFALCON/package.sh'
[0.547s] INFO:colcon.colcon_core.shell:Creating package script '/home/ayumayume/ROS2_Y3_2/mobile_robot_inclass/install/LIBNIFALCON/share/LIBNIFALCON/package.bash'
[0.547s] INFO:colcon.colcon_core.shell:Creating package script '/home/ayumayume/ROS2_Y3_2/mobile_robot_inclass/install/LIBNIFALCON/share/LIBNIFALCON/package.zsh'
[0.548s] Level 1:colcon.colcon_core.environment:create_file_with_runtime_dependencies(/home/ayumayume/ROS2_Y3_2/mobile_robot_inclass/install/LIBNIFALCON/share/colcon-core/packages/LIBNIFALCON)
[0.556s] DEBUG:colcon.colcon_core.event_handler.log_command:Invoked command in '/home/ayumayume/ROS2_Y3_2/mobile_robot_inclass/build/falcon_interfaces' returned '0': CMAKE_PREFIX_PATH=${CMAKE_PREFIX_PATH}:/home/ayumayume/turtlebot3_ws/install/turtlebot3_teleop:/home/ayumayume/turtlebot3_ws/install/turtlebot3_example:/home/ayumayume/open_topic/falcon_ros2/install/turtlebot3_teleop:/home/ayumayume/open_topic/falcon_ros2/install/turtlebot3_example:/opt/ros/foxy /usr/bin/cmake --build /home/ayumayume/ROS2_Y3_2/mobile_robot_inclass/build/falcon_interfaces -- -j12 -l12
[0.605s] DEBUG:colcon.colcon_core.event_handler.log_command:Invoking command in '/home/ayumayume/ROS2_Y3_2/mobile_robot_inclass/build/falcon_interfaces': CMAKE_PREFIX_PATH=${CMAKE_PREFIX_PATH}:/home/ayumayume/turtlebot3_ws/install/turtlebot3_teleop:/home/ayumayume/turtlebot3_ws/install/turtlebot3_example:/home/ayumayume/open_topic/falcon_ros2/install/turtlebot3_teleop:/home/ayumayume/open_topic/falcon_ros2/install/turtlebot3_example:/opt/ros/foxy /usr/bin/cmake --install /home/ayumayume/ROS2_Y3_2/mobile_robot_inclass/build/falcon_interfaces
[0.676s] Level 1:colcon.colcon_core.environment:create_environment_scripts_only(falcon_interfaces)
[0.679s] Level 1:colcon.colcon_core.environment:checking '/home/ayumayume/ROS2_Y3_2/mobile_robot_inclass/install/falcon_interfaces' for CMake module files
[0.679s] DEBUG:colcon.colcon_core.event_handler.log_command:Invoked command in '/home/ayumayume/ROS2_Y3_2/mobile_robot_inclass/build/falcon_interfaces' returned '0': CMAKE_PREFIX_PATH=${CMAKE_PREFIX_PATH}:/home/ayumayume/turtlebot3_ws/install/turtlebot3_teleop:/home/ayumayume/turtlebot3_ws/install/turtlebot3_example:/home/ayumayume/open_topic/falcon_ros2/install/turtlebot3_teleop:/home/ayumayume/open_topic/falcon_ros2/install/turtlebot3_example:/opt/ros/foxy /usr/bin/cmake --install /home/ayumayume/ROS2_Y3_2/mobile_robot_inclass/build/falcon_interfaces
[0.680s] Level 1:colcon.colcon_core.environment:checking '/home/ayumayume/ROS2_Y3_2/mobile_robot_inclass/install/falcon_interfaces' for CMake config files
[0.680s] Level 1:colcon.colcon_core.shell:create_environment_hook('falcon_interfaces', 'cmake_prefix_path')
[0.682s] INFO:colcon.colcon_core.shell:Creating environment hook '/home/ayumayume/ROS2_Y3_2/mobile_robot_inclass/install/falcon_interfaces/share/falcon_interfaces/hook/cmake_prefix_path.ps1'
[0.682s] INFO:colcon.colcon_core.shell:Creating environment descriptor '/home/ayumayume/ROS2_Y3_2/mobile_robot_inclass/install/falcon_interfaces/share/falcon_interfaces/hook/cmake_prefix_path.dsv'
[0.683s] INFO:colcon.colcon_core.shell:Creating environment hook '/home/ayumayume/ROS2_Y3_2/mobile_robot_inclass/install/falcon_interfaces/share/falcon_interfaces/hook/cmake_prefix_path.sh'
[0.683s] Level 1:colcon.colcon_core.environment:checking '/home/ayumayume/ROS2_Y3_2/mobile_robot_inclass/install/falcon_interfaces/lib'
[0.683s] Level 1:colcon.colcon_core.shell:create_environment_hook('falcon_interfaces', 'ld_library_path_lib')
[0.685s] INFO:colcon.colcon_core.shell:Creating environment hook '/home/ayumayume/ROS2_Y3_2/mobile_robot_inclass/install/falcon_interfaces/share/falcon_interfaces/hook/ld_library_path_lib.ps1'
[0.685s] INFO:colcon.colcon_core.shell:Creating environment descriptor '/home/ayumayume/ROS2_Y3_2/mobile_robot_inclass/install/falcon_interfaces/share/falcon_interfaces/hook/ld_library_path_lib.dsv'
[0.685s] INFO:colcon.colcon_core.shell:Creating environment hook '/home/ayumayume/ROS2_Y3_2/mobile_robot_inclass/install/falcon_interfaces/share/falcon_interfaces/hook/ld_library_path_lib.sh'
[0.685s] Level 1:colcon.colcon_core.environment:checking '/home/ayumayume/ROS2_Y3_2/mobile_robot_inclass/install/falcon_interfaces/bin'
[0.686s] Level 1:colcon.colcon_core.environment:checking '/home/ayumayume/ROS2_Y3_2/mobile_robot_inclass/install/falcon_interfaces/lib/pkgconfig/falcon_interfaces.pc'
[0.686s] Level 1:colcon.colcon_core.environment:checking '/home/ayumayume/ROS2_Y3_2/mobile_robot_inclass/install/falcon_interfaces/lib/python3.8/site-packages'
[0.686s] Level 1:colcon.colcon_core.shell:create_environment_hook('falcon_interfaces', 'pythonpath')
[0.688s] INFO:colcon.colcon_core.shell:Creating environment hook '/home/ayumayume/ROS2_Y3_2/mobile_robot_inclass/install/falcon_interfaces/share/falcon_interfaces/hook/pythonpath.ps1'
[0.688s] INFO:colcon.colcon_core.shell:Creating environment descriptor '/home/ayumayume/ROS2_Y3_2/mobile_robot_inclass/install/falcon_interfaces/share/falcon_interfaces/hook/pythonpath.dsv'
[0.688s] INFO:colcon.colcon_core.shell:Creating environment hook '/home/ayumayume/ROS2_Y3_2/mobile_robot_inclass/install/falcon_interfaces/share/falcon_interfaces/hook/pythonpath.sh'
[0.688s] Level 1:colcon.colcon_core.environment:checking '/home/ayumayume/ROS2_Y3_2/mobile_robot_inclass/install/falcon_interfaces/bin'
[0.690s] INFO:colcon.colcon_core.shell:Creating package script '/home/ayumayume/ROS2_Y3_2/mobile_robot_inclass/install/falcon_interfaces/share/falcon_interfaces/package.ps1'
[0.691s] INFO:colcon.colcon_core.shell:Creating package descriptor '/home/ayumayume/ROS2_Y3_2/mobile_robot_inclass/install/falcon_interfaces/share/falcon_interfaces/package.dsv'
[0.691s] INFO:colcon.colcon_core.shell:Creating package script '/home/ayumayume/ROS2_Y3_2/mobile_robot_inclass/install/falcon_interfaces/share/falcon_interfaces/package.sh'
[0.692s] INFO:colcon.colcon_core.shell:Creating package script '/home/ayumayume/ROS2_Y3_2/mobile_robot_inclass/install/falcon_interfaces/share/falcon_interfaces/package.bash'
[0.692s] INFO:colcon.colcon_core.shell:Creating package script '/home/ayumayume/ROS2_Y3_2/mobile_robot_inclass/install/falcon_interfaces/share/falcon_interfaces/package.zsh'
[0.692s] Level 1:colcon.colcon_core.environment:create_file_with_runtime_dependencies(/home/ayumayume/ROS2_Y3_2/mobile_robot_inclass/install/falcon_interfaces/share/colcon-core/packages/falcon_interfaces)
[0.742s] Level 1:colcon.colcon_core.environment:create_environment_scripts_only(falcon_interfaces)
[0.745s] Level 1:colcon.colcon_core.environment:checking '/home/ayumayume/ROS2_Y3_2/mobile_robot_inclass/install/falcon_interfaces' for CMake module files
[0.745s] Level 1:colcon.colcon_core.environment:checking '/home/ayumayume/ROS2_Y3_2/mobile_robot_inclass/install/falcon_interfaces' for CMake config files
[0.745s] Level 1:colcon.colcon_core.shell:create_environment_hook('falcon_interfaces', 'cmake_prefix_path')
[0.747s] INFO:colcon.colcon_core.shell:Creating environment hook '/home/ayumayume/ROS2_Y3_2/mobile_robot_inclass/install/falcon_interfaces/share/falcon_interfaces/hook/cmake_prefix_path.ps1'
[0.748s] INFO:colcon.colcon_core.shell:Creating environment descriptor '/home/ayumayume/ROS2_Y3_2/mobile_robot_inclass/install/falcon_interfaces/share/falcon_interfaces/hook/cmake_prefix_path.dsv'
[0.748s] INFO:colcon.colcon_core.shell:Creating environment hook '/home/ayumayume/ROS2_Y3_2/mobile_robot_inclass/install/falcon_interfaces/share/falcon_interfaces/hook/cmake_prefix_path.sh'
[0.748s] Level 1:colcon.colcon_core.environment:checking '/home/ayumayume/ROS2_Y3_2/mobile_robot_inclass/install/falcon_interfaces/lib'
[0.748s] Level 1:colcon.colcon_core.shell:create_environment_hook('falcon_interfaces', 'ld_library_path_lib')
[0.750s] INFO:colcon.colcon_core.shell:Creating environment hook '/home/ayumayume/ROS2_Y3_2/mobile_robot_inclass/install/falcon_interfaces/share/falcon_interfaces/hook/ld_library_path_lib.ps1'
[0.750s] INFO:colcon.colcon_core.shell:Creating environment descriptor '/home/ayumayume/ROS2_Y3_2/mobile_robot_inclass/install/falcon_interfaces/share/falcon_interfaces/hook/ld_library_path_lib.dsv'
[0.751s] INFO:colcon.colcon_core.shell:Creating environment hook '/home/ayumayume/ROS2_Y3_2/mobile_robot_inclass/install/falcon_interfaces/share/falcon_interfaces/hook/ld_library_path_lib.sh'
[0.751s] Level 1:colcon.colcon_core.environment:checking '/home/ayumayume/ROS2_Y3_2/mobile_robot_inclass/install/falcon_interfaces/bin'
[0.751s] Level 1:colcon.colcon_core.environment:checking '/home/ayumayume/ROS2_Y3_2/mobile_robot_inclass/install/falcon_interfaces/lib/pkgconfig/falcon_interfaces.pc'
[0.751s] Level 1:colcon.colcon_core.environment:checking '/home/ayumayume/ROS2_Y3_2/mobile_robot_inclass/install/falcon_interfaces/lib/python3.8/site-packages'
[0.751s] Level 1:colcon.colcon_core.shell:create_environment_hook('falcon_interfaces', 'pythonpath')
[0.753s] INFO:colcon.colcon_core.shell:Creating environment hook '/home/ayumayume/ROS2_Y3_2/mobile_robot_inclass/install/falcon_interfaces/share/falcon_interfaces/hook/pythonpath.ps1'
[0.753s] INFO:colcon.colcon_core.shell:Creating environment descriptor '/home/ayumayume/ROS2_Y3_2/mobile_robot_inclass/install/falcon_interfaces/share/falcon_interfaces/hook/pythonpath.dsv'
[0.753s] INFO:colcon.colcon_core.shell:Creating environment hook '/home/ayumayume/ROS2_Y3_2/mobile_robot_inclass/install/falcon_interfaces/share/falcon_interfaces/hook/pythonpath.sh'
[0.754s] Level 1:colcon.colcon_core.environment:checking '/home/ayumayume/ROS2_Y3_2/mobile_robot_inclass/install/falcon_interfaces/bin'
[0.756s] INFO:colcon.colcon_core.shell:Creating package script '/home/ayumayume/ROS2_Y3_2/mobile_robot_inclass/install/falcon_interfaces/share/falcon_interfaces/package.ps1'
[0.756s] INFO:colcon.colcon_core.shell:Creating package descriptor '/home/ayumayume/ROS2_Y3_2/mobile_robot_inclass/install/falcon_interfaces/share/falcon_interfaces/package.dsv'
[0.757s] INFO:colcon.colcon_core.shell:Creating package script '/home/ayumayume/ROS2_Y3_2/mobile_robot_inclass/install/falcon_interfaces/share/falcon_interfaces/package.sh'
[0.757s] INFO:colcon.colcon_core.shell:Creating package script '/home/ayumayume/ROS2_Y3_2/mobile_robot_inclass/install/falcon_interfaces/share/falcon_interfaces/package.bash'
[0.757s] INFO:colcon.colcon_core.shell:Creating package script '/home/ayumayume/ROS2_Y3_2/mobile_robot_inclass/install/falcon_interfaces/share/falcon_interfaces/package.zsh'
[0.757s] Level 1:colcon.colcon_core.environment:create_file_with_runtime_dependencies(/home/ayumayume/ROS2_Y3_2/mobile_robot_inclass/install/falcon_interfaces/share/colcon-core/packages/falcon_interfaces)
[0.758s] INFO:colcon.colcon_ros.task.ament_cmake.build:Building ROS package in '/home/ayumayume/ROS2_Y3_2/mobile_robot_inclass/src/falcon_control' with build type 'ament_cmake'
[0.758s] INFO:colcon.colcon_cmake.task.cmake.build:Building CMake package in '/home/ayumayume/ROS2_Y3_2/mobile_robot_inclass/src/falcon_control'
[0.760s] INFO:colcon.colcon_core.shell:Skip shell extension 'powershell' for command environment: Not usable outside of PowerShell
[0.760s] DEBUG:colcon.colcon_core.shell:Skip shell extension 'dsv' for command environment
[0.780s] INFO:colcon.colcon_ros.task.ament_cmake.build:Building ROS package in '/home/ayumayume/ROS2_Y3_2/mobile_robot_inclass/src/megarover_samples_ros2' with build type 'ament_cmake'
[0.781s] INFO:colcon.colcon_cmake.task.cmake.build:Building CMake package in '/home/ayumayume/ROS2_Y3_2/mobile_robot_inclass/src/megarover_samples_ros2'
[0.783s] INFO:colcon.colcon_core.shell:Skip shell extension 'powershell' for command environment: Not usable outside of PowerShell
[0.783s] DEBUG:colcon.colcon_core.shell:Skip shell extension 'dsv' for command environment
[0.810s] DEBUG:colcon.colcon_core.event_handler.log_command:Invoking command in '/home/ayumayume/ROS2_Y3_2/mobile_robot_inclass/build/falcon_control': AMENT_PREFIX_PATH=/home/ayumayume/ROS2_Y3_2/mobile_robot_inclass/install/falcon_interfaces:${AMENT_PREFIX_PATH} CMAKE_PREFIX_PATH=/home/ayumayume/ROS2_Y3_2/mobile_robot_inclass/install/falcon_interfaces:/home/ayumayume/ROS2_Y3_2/mobile_robot_inclass/install/urdf_tutorial:/home/ayumayume/ROS2_Y3_2/mobile_robot_inclass/install/megarover_samples_ros2:/home/ayumayume/turtlebot3_ws/install/turtlebot3:/home/ayumayume/turtlebot3_ws/install/turtlebot3_simulations:/home/ayumayume/turtlebot3_ws/install/turtlebot3_bringup:/home/ayumayume/turtlebot3_ws/install/turtlebot3_node:/home/ayumayume/turtlebot3_ws/install/turtlebot3_navigation2:/home/ayumayume/turtlebot3_ws/install/turtlebot3_fake_node:/home/ayumayume/turtlebot3_ws/install/turtlebot3_msgs:/home/ayumayume/turtlebot3_ws/install/turtlebot3_gazebo:/home/ayumayume/turtlebot3_ws/install/turtlebot3_description:/home/ayumayume/turtlebot3_ws/install/turtlebot3_cartographer:/home/ayumayume/turtlebot3_ws/install/dynamixel_sdk_examples:/home/ayumayume/turtlebot3_ws/install/dynamixel_sdk_custom_interfaces:/home/ayumayume/turtlebot3_ws/install/dynamixel_sdk:/home/ayumayume/test_cpp/install/tutorial_interfaces:/home/ayumayume/test_cpp/install/cpp_pubsub:/home/ayumayume/open_topic/falcon_ros2/install/turtlebot3:/home/ayumayume/open_topic/falcon_ros2/install/turtlebot3_simulations:/home/ayumayume/open_topic/falcon_ros2/install/turtlebot3_bringup:/home/ayumayume/open_topic/falcon_ros2/install/turtlebot3_node:/home/ayumayume/open_topic/falcon_ros2/install/turtlebot3_navigation2:/home/ayumayume/open_topic/falcon_ros2/install/turtlebot3_fake_node:/home/ayumayume/open_topic/falcon_ros2/install/turtlebot3_msgs:/home/ayumayume/open_topic/falcon_ros2/install/turtlebot3_gazebo:/home/ayumayume/open_topic/falcon_ros2/install/turtlebot3_description:/home/ayumayume/open_topic/falcon_ros2/install/turtlebot3_cartographer:/home/ayumayume/open_topic/falcon_ros2/install/falcon_control:/home/ayumayume/open_topic/falcon_ros2/install/falcon_interfaces:/home/ayumayume/open_topic/falcon_ros2/install/dynamixel_sdk_examples:/home/ayumayume/open_topic/falcon_ros2/install/dynamixel_sdk_custom_interfaces:/home/ayumayume/open_topic/falcon_ros2/install/dynamixel_sdk:/home/ayumayume/ROS2_Directory/lab2_ws/install/openmanip_kinematics_interfaces:/home/ayumayume/ROS2_Directory/lab2_ws/install/openmanip_kinematics:/home/ayumayume/ROS2_Directory/lab2_ws/install/openmanip_description:/home/ayumayume/ROS2_Directory/velocity_example/install/ros2_control_demo_3r_robot:/home/ayumayume/ROS2_Directory/lab4_ws/install/ros2_control_6dof_lab4:/home/ayumayume/ROS2_Directory/lab3_example/install/ros2_control_demo_3r_robot:/home/ayumayume/ROS2_Directory/fra333_lab2_ex/install/fra333_lab1:/home/ayumayume/ROS2_Directory/lab1_ws/install/lab1_interfaces:/home/ayumayume/ROS2_Directory/lab1_ws/install/fra333_lab1_31:/home/ayumayume/ROS2_Directory/pun_ws/install/my_first_package:/home/ayumayume/MBSE/for_seding_v1/install/xicro_pkg:/home/ayumayume/MBSE/for_seding_v1/install/xicro_interfaces:/home/ayumayume/ROS2_Directory/lab3_ws/install/ros2_control_6dof:/home/ayumayume/turtlebot3_ws/install/turtlebot3_teleop:/home/ayumayume/turtlebot3_ws/install/turtlebot3_example:/home/ayumayume/open_topic/falcon_ros2/install/turtlebot3_teleop:/home/ayumayume/open_topic/falcon_ros2/install/turtlebot3_example:/opt/ros/foxy LD_LIBRARY_PATH=/home/ayumayume/ROS2_Y3_2/mobile_robot_inclass/install/falcon_interfaces/lib:${LD_LIBRARY_PATH} PYTHONPATH=/home/ayumayume/ROS2_Y3_2/mobile_robot_inclass/install/falcon_interfaces/lib/python3.8/site-packages:${PYTHONPATH} /usr/bin/cmake --build /home/ayumayume/ROS2_Y3_2/mobile_robot_inclass/build/falcon_control -- -j12 -l12
[0.812s] DEBUG:colcon.colcon_core.event_handler.log_command:Invoking command in '/home/ayumayume/ROS2_Y3_2/mobile_robot_inclass/build/megarover_samples_ros2': AMENT_PREFIX_PATH=/home/ayumayume/ROS2_Y3_2/mobile_robot_inclass/install/falcon_interfaces:${AMENT_PREFIX_PATH} CMAKE_PREFIX_PATH=/home/ayumayume/ROS2_Y3_2/mobile_robot_inclass/install/falcon_interfaces:/home/ayumayume/ROS2_Y3_2/mobile_robot_inclass/install/urdf_tutorial:/home/ayumayume/ROS2_Y3_2/mobile_robot_inclass/install/megarover_samples_ros2:/home/ayumayume/turtlebot3_ws/install/turtlebot3:/home/ayumayume/turtlebot3_ws/install/turtlebot3_simulations:/home/ayumayume/turtlebot3_ws/install/turtlebot3_bringup:/home/ayumayume/turtlebot3_ws/install/turtlebot3_node:/home/ayumayume/turtlebot3_ws/install/turtlebot3_navigation2:/home/ayumayume/turtlebot3_ws/install/turtlebot3_fake_node:/home/ayumayume/turtlebot3_ws/install/turtlebot3_msgs:/home/ayumayume/turtlebot3_ws/install/turtlebot3_gazebo:/home/ayumayume/turtlebot3_ws/install/turtlebot3_description:/home/ayumayume/turtlebot3_ws/install/turtlebot3_cartographer:/home/ayumayume/turtlebot3_ws/install/dynamixel_sdk_examples:/home/ayumayume/turtlebot3_ws/install/dynamixel_sdk_custom_interfaces:/home/ayumayume/turtlebot3_ws/install/dynamixel_sdk:/home/ayumayume/test_cpp/install/tutorial_interfaces:/home/ayumayume/test_cpp/install/cpp_pubsub:/home/ayumayume/open_topic/falcon_ros2/install/turtlebot3:/home/ayumayume/open_topic/falcon_ros2/install/turtlebot3_simulations:/home/ayumayume/open_topic/falcon_ros2/install/turtlebot3_bringup:/home/ayumayume/open_topic/falcon_ros2/install/turtlebot3_node:/home/ayumayume/open_topic/falcon_ros2/install/turtlebot3_navigation2:/home/ayumayume/open_topic/falcon_ros2/install/turtlebot3_fake_node:/home/ayumayume/open_topic/falcon_ros2/install/turtlebot3_msgs:/home/ayumayume/open_topic/falcon_ros2/install/turtlebot3_gazebo:/home/ayumayume/open_topic/falcon_ros2/install/turtlebot3_description:/home/ayumayume/open_topic/falcon_ros2/install/turtlebot3_cartographer:/home/ayumayume/open_topic/falcon_ros2/install/falcon_control:/home/ayumayume/open_topic/falcon_ros2/install/falcon_interfaces:/home/ayumayume/open_topic/falcon_ros2/install/dynamixel_sdk_examples:/home/ayumayume/open_topic/falcon_ros2/install/dynamixel_sdk_custom_interfaces:/home/ayumayume/open_topic/falcon_ros2/install/dynamixel_sdk:/home/ayumayume/ROS2_Directory/lab2_ws/install/openmanip_kinematics_interfaces:/home/ayumayume/ROS2_Directory/lab2_ws/install/openmanip_kinematics:/home/ayumayume/ROS2_Directory/lab2_ws/install/openmanip_description:/home/ayumayume/ROS2_Directory/velocity_example/install/ros2_control_demo_3r_robot:/home/ayumayume/ROS2_Directory/lab4_ws/install/ros2_control_6dof_lab4:/home/ayumayume/ROS2_Directory/lab3_example/install/ros2_control_demo_3r_robot:/home/ayumayume/ROS2_Directory/fra333_lab2_ex/install/fra333_lab1:/home/ayumayume/ROS2_Directory/lab1_ws/install/lab1_interfaces:/home/ayumayume/ROS2_Directory/lab1_ws/install/fra333_lab1_31:/home/ayumayume/ROS2_Directory/pun_ws/install/my_first_package:/home/ayumayume/MBSE/for_seding_v1/install/xicro_pkg:/home/ayumayume/MBSE/for_seding_v1/install/xicro_interfaces:/home/ayumayume/ROS2_Directory/lab3_ws/install/ros2_control_6dof:/home/ayumayume/turtlebot3_ws/install/turtlebot3_teleop:/home/ayumayume/turtlebot3_ws/install/turtlebot3_example:/home/ayumayume/open_topic/falcon_ros2/install/turtlebot3_teleop:/home/ayumayume/open_topic/falcon_ros2/install/turtlebot3_example:/opt/ros/foxy LD_LIBRARY_PATH=/home/ayumayume/ROS2_Y3_2/mobile_robot_inclass/install/falcon_interfaces/lib:${LD_LIBRARY_PATH} PYTHONPATH=/home/ayumayume/ROS2_Y3_2/mobile_robot_inclass/install/falcon_interfaces/lib/python3.8/site-packages:${PYTHONPATH} /usr/bin/cmake --build /home/ayumayume/ROS2_Y3_2/mobile_robot_inclass/build/megarover_samples_ros2 -- -j12 -l12
[0.860s] DEBUG:colcon.colcon_core.event_handler.log_command:Invoked command in '/home/ayumayume/ROS2_Y3_2/mobile_robot_inclass/build/megarover_samples_ros2' returned '0': AMENT_PREFIX_PATH=/home/ayumayume/ROS2_Y3_2/mobile_robot_inclass/install/falcon_interfaces:${AMENT_PREFIX_PATH} CMAKE_PREFIX_PATH=/home/ayumayume/ROS2_Y3_2/mobile_robot_inclass/install/falcon_interfaces:/home/ayumayume/ROS2_Y3_2/mobile_robot_inclass/install/urdf_tutorial:/home/ayumayume/ROS2_Y3_2/mobile_robot_inclass/install/megarover_samples_ros2:/home/ayumayume/turtlebot3_ws/install/turtlebot3:/home/ayumayume/turtlebot3_ws/install/turtlebot3_simulations:/home/ayumayume/turtlebot3_ws/install/turtlebot3_bringup:/home/ayumayume/turtlebot3_ws/install/turtlebot3_node:/home/ayumayume/turtlebot3_ws/install/turtlebot3_navigation2:/home/ayumayume/turtlebot3_ws/install/turtlebot3_fake_node:/home/ayumayume/turtlebot3_ws/install/turtlebot3_msgs:/home/ayumayume/turtlebot3_ws/install/turtlebot3_gazebo:/home/ayumayume/turtlebot3_ws/install/turtlebot3_description:/home/ayumayume/turtlebot3_ws/install/turtlebot3_cartographer:/home/ayumayume/turtlebot3_ws/install/dynamixel_sdk_examples:/home/ayumayume/turtlebot3_ws/install/dynamixel_sdk_custom_interfaces:/home/ayumayume/turtlebot3_ws/install/dynamixel_sdk:/home/ayumayume/test_cpp/install/tutorial_interfaces:/home/ayumayume/test_cpp/install/cpp_pubsub:/home/ayumayume/open_topic/falcon_ros2/install/turtlebot3:/home/ayumayume/open_topic/falcon_ros2/install/turtlebot3_simulations:/home/ayumayume/open_topic/falcon_ros2/install/turtlebot3_bringup:/home/ayumayume/open_topic/falcon_ros2/install/turtlebot3_node:/home/ayumayume/open_topic/falcon_ros2/install/turtlebot3_navigation2:/home/ayumayume/open_topic/falcon_ros2/install/turtlebot3_fake_node:/home/ayumayume/open_topic/falcon_ros2/install/turtlebot3_msgs:/home/ayumayume/open_topic/falcon_ros2/install/turtlebot3_gazebo:/home/ayumayume/open_topic/falcon_ros2/install/turtlebot3_description:/home/ayumayume/open_topic/falcon_ros2/install/turtlebot3_cartographer:/home/ayumayume/open_topic/falcon_ros2/install/falcon_control:/home/ayumayume/open_topic/falcon_ros2/install/falcon_interfaces:/home/ayumayume/open_topic/falcon_ros2/install/dynamixel_sdk_examples:/home/ayumayume/open_topic/falcon_ros2/install/dynamixel_sdk_custom_interfaces:/home/ayumayume/open_topic/falcon_ros2/install/dynamixel_sdk:/home/ayumayume/ROS2_Directory/lab2_ws/install/openmanip_kinematics_interfaces:/home/ayumayume/ROS2_Directory/lab2_ws/install/openmanip_kinematics:/home/ayumayume/ROS2_Directory/lab2_ws/install/openmanip_description:/home/ayumayume/ROS2_Directory/velocity_example/install/ros2_control_demo_3r_robot:/home/ayumayume/ROS2_Directory/lab4_ws/install/ros2_control_6dof_lab4:/home/ayumayume/ROS2_Directory/lab3_example/install/ros2_control_demo_3r_robot:/home/ayumayume/ROS2_Directory/fra333_lab2_ex/install/fra333_lab1:/home/ayumayume/ROS2_Directory/lab1_ws/install/lab1_interfaces:/home/ayumayume/ROS2_Directory/lab1_ws/install/fra333_lab1_31:/home/ayumayume/ROS2_Directory/pun_ws/install/my_first_package:/home/ayumayume/MBSE/for_seding_v1/install/xicro_pkg:/home/ayumayume/MBSE/for_seding_v1/install/xicro_interfaces:/home/ayumayume/ROS2_Directory/lab3_ws/install/ros2_control_6dof:/home/ayumayume/turtlebot3_ws/install/turtlebot3_teleop:/home/ayumayume/turtlebot3_ws/install/turtlebot3_example:/home/ayumayume/open_topic/falcon_ros2/install/turtlebot3_teleop:/home/ayumayume/open_topic/falcon_ros2/install/turtlebot3_example:/opt/ros/foxy LD_LIBRARY_PATH=/home/ayumayume/ROS2_Y3_2/mobile_robot_inclass/install/falcon_interfaces/lib:${LD_LIBRARY_PATH} PYTHONPATH=/home/ayumayume/ROS2_Y3_2/mobile_robot_inclass/install/falcon_interfaces/lib/python3.8/site-packages:${PYTHONPATH} /usr/bin/cmake --build /home/ayumayume/ROS2_Y3_2/mobile_robot_inclass/build/megarover_samples_ros2 -- -j12 -l12
[0.879s] DEBUG:colcon.colcon_core.event_handler.log_command:Invoking command in '/home/ayumayume/ROS2_Y3_2/mobile_robot_inclass/build/megarover_samples_ros2': AMENT_PREFIX_PATH=/home/ayumayume/ROS2_Y3_2/mobile_robot_inclass/install/falcon_interfaces:${AMENT_PREFIX_PATH} CMAKE_PREFIX_PATH=/home/ayumayume/ROS2_Y3_2/mobile_robot_inclass/install/falcon_interfaces:/home/ayumayume/ROS2_Y3_2/mobile_robot_inclass/install/urdf_tutorial:/home/ayumayume/ROS2_Y3_2/mobile_robot_inclass/install/megarover_samples_ros2:/home/ayumayume/turtlebot3_ws/install/turtlebot3:/home/ayumayume/turtlebot3_ws/install/turtlebot3_simulations:/home/ayumayume/turtlebot3_ws/install/turtlebot3_bringup:/home/ayumayume/turtlebot3_ws/install/turtlebot3_node:/home/ayumayume/turtlebot3_ws/install/turtlebot3_navigation2:/home/ayumayume/turtlebot3_ws/install/turtlebot3_fake_node:/home/ayumayume/turtlebot3_ws/install/turtlebot3_msgs:/home/ayumayume/turtlebot3_ws/install/turtlebot3_gazebo:/home/ayumayume/turtlebot3_ws/install/turtlebot3_description:/home/ayumayume/turtlebot3_ws/install/turtlebot3_cartographer:/home/ayumayume/turtlebot3_ws/install/dynamixel_sdk_examples:/home/ayumayume/turtlebot3_ws/install/dynamixel_sdk_custom_interfaces:/home/ayumayume/turtlebot3_ws/install/dynamixel_sdk:/home/ayumayume/test_cpp/install/tutorial_interfaces:/home/ayumayume/test_cpp/install/cpp_pubsub:/home/ayumayume/open_topic/falcon_ros2/install/turtlebot3:/home/ayumayume/open_topic/falcon_ros2/install/turtlebot3_simulations:/home/ayumayume/open_topic/falcon_ros2/install/turtlebot3_bringup:/home/ayumayume/open_topic/falcon_ros2/install/turtlebot3_node:/home/ayumayume/open_topic/falcon_ros2/install/turtlebot3_navigation2:/home/ayumayume/open_topic/falcon_ros2/install/turtlebot3_fake_node:/home/ayumayume/open_topic/falcon_ros2/install/turtlebot3_msgs:/home/ayumayume/open_topic/falcon_ros2/install/turtlebot3_gazebo:/home/ayumayume/open_topic/falcon_ros2/install/turtlebot3_description:/home/ayumayume/open_topic/falcon_ros2/install/turtlebot3_cartographer:/home/ayumayume/open_topic/falcon_ros2/install/falcon_control:/home/ayumayume/open_topic/falcon_ros2/install/falcon_interfaces:/home/ayumayume/open_topic/falcon_ros2/install/dynamixel_sdk_examples:/home/ayumayume/open_topic/falcon_ros2/install/dynamixel_sdk_custom_interfaces:/home/ayumayume/open_topic/falcon_ros2/install/dynamixel_sdk:/home/ayumayume/ROS2_Directory/lab2_ws/install/openmanip_kinematics_interfaces:/home/ayumayume/ROS2_Directory/lab2_ws/install/openmanip_kinematics:/home/ayumayume/ROS2_Directory/lab2_ws/install/openmanip_description:/home/ayumayume/ROS2_Directory/velocity_example/install/ros2_control_demo_3r_robot:/home/ayumayume/ROS2_Directory/lab4_ws/install/ros2_control_6dof_lab4:/home/ayumayume/ROS2_Directory/lab3_example/install/ros2_control_demo_3r_robot:/home/ayumayume/ROS2_Directory/fra333_lab2_ex/install/fra333_lab1:/home/ayumayume/ROS2_Directory/lab1_ws/install/lab1_interfaces:/home/ayumayume/ROS2_Directory/lab1_ws/install/fra333_lab1_31:/home/ayumayume/ROS2_Directory/pun_ws/install/my_first_package:/home/ayumayume/MBSE/for_seding_v1/install/xicro_pkg:/home/ayumayume/MBSE/for_seding_v1/install/xicro_interfaces:/home/ayumayume/ROS2_Directory/lab3_ws/install/ros2_control_6dof:/home/ayumayume/turtlebot3_ws/install/turtlebot3_teleop:/home/ayumayume/turtlebot3_ws/install/turtlebot3_example:/home/ayumayume/open_topic/falcon_ros2/install/turtlebot3_teleop:/home/ayumayume/open_topic/falcon_ros2/install/turtlebot3_example:/opt/ros/foxy LD_LIBRARY_PATH=/home/ayumayume/ROS2_Y3_2/mobile_robot_inclass/install/falcon_interfaces/lib:${LD_LIBRARY_PATH} PYTHONPATH=/home/ayumayume/ROS2_Y3_2/mobile_robot_inclass/install/falcon_interfaces/lib/python3.8/site-packages:${PYTHONPATH} /usr/bin/cmake --install /home/ayumayume/ROS2_Y3_2/mobile_robot_inclass/build/megarover_samples_ros2
[0.904s] Level 1:colcon.colcon_core.environment:create_environment_scripts_only(megarover_samples_ros2)
[0.907s] Level 1:colcon.colcon_core.environment:checking '/home/ayumayume/ROS2_Y3_2/mobile_robot_inclass/install/megarover_samples_ros2' for CMake module files
[0.907s] DEBUG:colcon.colcon_core.event_handler.log_command:Invoked command in '/home/ayumayume/ROS2_Y3_2/mobile_robot_inclass/build/megarover_samples_ros2' returned '0': AMENT_PREFIX_PATH=/home/ayumayume/ROS2_Y3_2/mobile_robot_inclass/install/falcon_interfaces:${AMENT_PREFIX_PATH} CMAKE_PREFIX_PATH=/home/ayumayume/ROS2_Y3_2/mobile_robot_inclass/install/falcon_interfaces:/home/ayumayume/ROS2_Y3_2/mobile_robot_inclass/install/urdf_tutorial:/home/ayumayume/ROS2_Y3_2/mobile_robot_inclass/install/megarover_samples_ros2:/home/ayumayume/turtlebot3_ws/install/turtlebot3:/home/ayumayume/turtlebot3_ws/install/turtlebot3_simulations:/home/ayumayume/turtlebot3_ws/install/turtlebot3_bringup:/home/ayumayume/turtlebot3_ws/install/turtlebot3_node:/home/ayumayume/turtlebot3_ws/install/turtlebot3_navigation2:/home/ayumayume/turtlebot3_ws/install/turtlebot3_fake_node:/home/ayumayume/turtlebot3_ws/install/turtlebot3_msgs:/home/ayumayume/turtlebot3_ws/install/turtlebot3_gazebo:/home/ayumayume/turtlebot3_ws/install/turtlebot3_description:/home/ayumayume/turtlebot3_ws/install/turtlebot3_cartographer:/home/ayumayume/turtlebot3_ws/install/dynamixel_sdk_examples:/home/ayumayume/turtlebot3_ws/install/dynamixel_sdk_custom_interfaces:/home/ayumayume/turtlebot3_ws/install/dynamixel_sdk:/home/ayumayume/test_cpp/install/tutorial_interfaces:/home/ayumayume/test_cpp/install/cpp_pubsub:/home/ayumayume/open_topic/falcon_ros2/install/turtlebot3:/home/ayumayume/open_topic/falcon_ros2/install/turtlebot3_simulations:/home/ayumayume/open_topic/falcon_ros2/install/turtlebot3_bringup:/home/ayumayume/open_topic/falcon_ros2/install/turtlebot3_node:/home/ayumayume/open_topic/falcon_ros2/install/turtlebot3_navigation2:/home/ayumayume/open_topic/falcon_ros2/install/turtlebot3_fake_node:/home/ayumayume/open_topic/falcon_ros2/install/turtlebot3_msgs:/home/ayumayume/open_topic/falcon_ros2/install/turtlebot3_gazebo:/home/ayumayume/open_topic/falcon_ros2/install/turtlebot3_description:/home/ayumayume/open_topic/falcon_ros2/install/turtlebot3_cartographer:/home/ayumayume/open_topic/falcon_ros2/install/falcon_control:/home/ayumayume/open_topic/falcon_ros2/install/falcon_interfaces:/home/ayumayume/open_topic/falcon_ros2/install/dynamixel_sdk_examples:/home/ayumayume/open_topic/falcon_ros2/install/dynamixel_sdk_custom_interfaces:/home/ayumayume/open_topic/falcon_ros2/install/dynamixel_sdk:/home/ayumayume/ROS2_Directory/lab2_ws/install/openmanip_kinematics_interfaces:/home/ayumayume/ROS2_Directory/lab2_ws/install/openmanip_kinematics:/home/ayumayume/ROS2_Directory/lab2_ws/install/openmanip_description:/home/ayumayume/ROS2_Directory/velocity_example/install/ros2_control_demo_3r_robot:/home/ayumayume/ROS2_Directory/lab4_ws/install/ros2_control_6dof_lab4:/home/ayumayume/ROS2_Directory/lab3_example/install/ros2_control_demo_3r_robot:/home/ayumayume/ROS2_Directory/fra333_lab2_ex/install/fra333_lab1:/home/ayumayume/ROS2_Directory/lab1_ws/install/lab1_interfaces:/home/ayumayume/ROS2_Directory/lab1_ws/install/fra333_lab1_31:/home/ayumayume/ROS2_Directory/pun_ws/install/my_first_package:/home/ayumayume/MBSE/for_seding_v1/install/xicro_pkg:/home/ayumayume/MBSE/for_seding_v1/install/xicro_interfaces:/home/ayumayume/ROS2_Directory/lab3_ws/install/ros2_control_6dof:/home/ayumayume/turtlebot3_ws/install/turtlebot3_teleop:/home/ayumayume/turtlebot3_ws/install/turtlebot3_example:/home/ayumayume/open_topic/falcon_ros2/install/turtlebot3_teleop:/home/ayumayume/open_topic/falcon_ros2/install/turtlebot3_example:/opt/ros/foxy LD_LIBRARY_PATH=/home/ayumayume/ROS2_Y3_2/mobile_robot_inclass/install/falcon_interfaces/lib:${LD_LIBRARY_PATH} PYTHONPATH=/home/ayumayume/ROS2_Y3_2/mobile_robot_inclass/install/falcon_interfaces/lib/python3.8/site-packages:${PYTHONPATH} /usr/bin/cmake --install /home/ayumayume/ROS2_Y3_2/mobile_robot_inclass/build/megarover_samples_ros2
[0.908s] Level 1:colcon.colcon_core.environment:checking '/home/ayumayume/ROS2_Y3_2/mobile_robot_inclass/install/megarover_samples_ros2' for CMake config files
[0.908s] Level 1:colcon.colcon_core.shell:create_environment_hook('megarover_samples_ros2', 'cmake_prefix_path')
[0.910s] INFO:colcon.colcon_core.shell:Creating environment hook '/home/ayumayume/ROS2_Y3_2/mobile_robot_inclass/install/megarover_samples_ros2/share/megarover_samples_ros2/hook/cmake_prefix_path.ps1'
[0.910s] INFO:colcon.colcon_core.shell:Creating environment descriptor '/home/ayumayume/ROS2_Y3_2/mobile_robot_inclass/install/megarover_samples_ros2/share/megarover_samples_ros2/hook/cmake_prefix_path.dsv'
[0.911s] INFO:colcon.colcon_core.shell:Creating environment hook '/home/ayumayume/ROS2_Y3_2/mobile_robot_inclass/install/megarover_samples_ros2/share/megarover_samples_ros2/hook/cmake_prefix_path.sh'
[0.911s] Level 1:colcon.colcon_core.environment:checking '/home/ayumayume/ROS2_Y3_2/mobile_robot_inclass/install/megarover_samples_ros2/lib'
[0.911s] Level 1:colcon.colcon_core.environment:checking '/home/ayumayume/ROS2_Y3_2/mobile_robot_inclass/install/megarover_samples_ros2/bin'
[0.911s] Level 1:colcon.colcon_core.environment:checking '/home/ayumayume/ROS2_Y3_2/mobile_robot_inclass/install/megarover_samples_ros2/lib/pkgconfig/megarover_samples_ros2.pc'
[0.911s] Level 1:colcon.colcon_core.environment:checking '/home/ayumayume/ROS2_Y3_2/mobile_robot_inclass/install/megarover_samples_ros2/lib/python3.8/site-packages'
[0.911s] Level 1:colcon.colcon_core.environment:checking '/home/ayumayume/ROS2_Y3_2/mobile_robot_inclass/install/megarover_samples_ros2/bin'
[0.913s] INFO:colcon.colcon_core.shell:Creating package script '/home/ayumayume/ROS2_Y3_2/mobile_robot_inclass/install/megarover_samples_ros2/share/megarover_samples_ros2/package.ps1'
[0.914s] INFO:colcon.colcon_core.shell:Creating package descriptor '/home/ayumayume/ROS2_Y3_2/mobile_robot_inclass/install/megarover_samples_ros2/share/megarover_samples_ros2/package.dsv'
[0.914s] INFO:colcon.colcon_core.shell:Creating package script '/home/ayumayume/ROS2_Y3_2/mobile_robot_inclass/install/megarover_samples_ros2/share/megarover_samples_ros2/package.sh'
[0.914s] INFO:colcon.colcon_core.shell:Creating package script '/home/ayumayume/ROS2_Y3_2/mobile_robot_inclass/install/megarover_samples_ros2/share/megarover_samples_ros2/package.bash'
[0.914s] INFO:colcon.colcon_core.shell:Creating package script '/home/ayumayume/ROS2_Y3_2/mobile_robot_inclass/install/megarover_samples_ros2/share/megarover_samples_ros2/package.zsh'
[0.915s] Level 1:colcon.colcon_core.environment:create_file_with_runtime_dependencies(/home/ayumayume/ROS2_Y3_2/mobile_robot_inclass/install/megarover_samples_ros2/share/colcon-core/packages/megarover_samples_ros2)
[0.935s] Level 1:colcon.colcon_core.environment:create_environment_scripts_only(megarover_samples_ros2)
[0.938s] Level 1:colcon.colcon_core.environment:checking '/home/ayumayume/ROS2_Y3_2/mobile_robot_inclass/install/megarover_samples_ros2' for CMake module files
[0.938s] Level 1:colcon.colcon_core.environment:checking '/home/ayumayume/ROS2_Y3_2/mobile_robot_inclass/install/megarover_samples_ros2' for CMake config files
[0.939s] Level 1:colcon.colcon_core.shell:create_environment_hook('megarover_samples_ros2', 'cmake_prefix_path')
[0.941s] INFO:colcon.colcon_core.shell:Creating environment hook '/home/ayumayume/ROS2_Y3_2/mobile_robot_inclass/install/megarover_samples_ros2/share/megarover_samples_ros2/hook/cmake_prefix_path.ps1'
[0.941s] INFO:colcon.colcon_core.shell:Creating environment descriptor '/home/ayumayume/ROS2_Y3_2/mobile_robot_inclass/install/megarover_samples_ros2/share/megarover_samples_ros2/hook/cmake_prefix_path.dsv'
[0.941s] INFO:colcon.colcon_core.shell:Creating environment hook '/home/ayumayume/ROS2_Y3_2/mobile_robot_inclass/install/megarover_samples_ros2/share/megarover_samples_ros2/hook/cmake_prefix_path.sh'
[0.942s] Level 1:colcon.colcon_core.environment:checking '/home/ayumayume/ROS2_Y3_2/mobile_robot_inclass/install/megarover_samples_ros2/lib'
[0.942s] Level 1:colcon.colcon_core.environment:checking '/home/ayumayume/ROS2_Y3_2/mobile_robot_inclass/install/megarover_samples_ros2/bin'
[0.942s] Level 1:colcon.colcon_core.environment:checking '/home/ayumayume/ROS2_Y3_2/mobile_robot_inclass/install/megarover_samples_ros2/lib/pkgconfig/megarover_samples_ros2.pc'
[0.942s] Level 1:colcon.colcon_core.environment:checking '/home/ayumayume/ROS2_Y3_2/mobile_robot_inclass/install/megarover_samples_ros2/lib/python3.8/site-packages'
[0.942s] Level 1:colcon.colcon_core.environment:checking '/home/ayumayume/ROS2_Y3_2/mobile_robot_inclass/install/megarover_samples_ros2/bin'
[0.944s] INFO:colcon.colcon_core.shell:Creating package script '/home/ayumayume/ROS2_Y3_2/mobile_robot_inclass/install/megarover_samples_ros2/share/megarover_samples_ros2/package.ps1'
[0.945s] INFO:colcon.colcon_core.shell:Creating package descriptor '/home/ayumayume/ROS2_Y3_2/mobile_robot_inclass/install/megarover_samples_ros2/share/megarover_samples_ros2/package.dsv'
[0.945s] INFO:colcon.colcon_core.shell:Creating package script '/home/ayumayume/ROS2_Y3_2/mobile_robot_inclass/install/megarover_samples_ros2/share/megarover_samples_ros2/package.sh'
[0.945s] INFO:colcon.colcon_core.shell:Creating package script '/home/ayumayume/ROS2_Y3_2/mobile_robot_inclass/install/megarover_samples_ros2/share/megarover_samples_ros2/package.bash'
[0.945s] INFO:colcon.colcon_core.shell:Creating package script '/home/ayumayume/ROS2_Y3_2/mobile_robot_inclass/install/megarover_samples_ros2/share/megarover_samples_ros2/package.zsh'
[0.946s] Level 1:colcon.colcon_core.environment:create_file_with_runtime_dependencies(/home/ayumayume/ROS2_Y3_2/mobile_robot_inclass/install/megarover_samples_ros2/share/colcon-core/packages/megarover_samples_ros2)
[5.172s] DEBUG:colcon.colcon_core.event_handler.log_command:Invoked command in '/home/ayumayume/ROS2_Y3_2/mobile_robot_inclass/build/falcon_control' returned '0': AMENT_PREFIX_PATH=/home/ayumayume/ROS2_Y3_2/mobile_robot_inclass/install/falcon_interfaces:${AMENT_PREFIX_PATH} CMAKE_PREFIX_PATH=/home/ayumayume/ROS2_Y3_2/mobile_robot_inclass/install/falcon_interfaces:/home/ayumayume/ROS2_Y3_2/mobile_robot_inclass/install/urdf_tutorial:/home/ayumayume/ROS2_Y3_2/mobile_robot_inclass/install/megarover_samples_ros2:/home/ayumayume/turtlebot3_ws/install/turtlebot3:/home/ayumayume/turtlebot3_ws/install/turtlebot3_simulations:/home/ayumayume/turtlebot3_ws/install/turtlebot3_bringup:/home/ayumayume/turtlebot3_ws/install/turtlebot3_node:/home/ayumayume/turtlebot3_ws/install/turtlebot3_navigation2:/home/ayumayume/turtlebot3_ws/install/turtlebot3_fake_node:/home/ayumayume/turtlebot3_ws/install/turtlebot3_msgs:/home/ayumayume/turtlebot3_ws/install/turtlebot3_gazebo:/home/ayumayume/turtlebot3_ws/install/turtlebot3_description:/home/ayumayume/turtlebot3_ws/install/turtlebot3_cartographer:/home/ayumayume/turtlebot3_ws/install/dynamixel_sdk_examples:/home/ayumayume/turtlebot3_ws/install/dynamixel_sdk_custom_interfaces:/home/ayumayume/turtlebot3_ws/install/dynamixel_sdk:/home/ayumayume/test_cpp/install/tutorial_interfaces:/home/ayumayume/test_cpp/install/cpp_pubsub:/home/ayumayume/open_topic/falcon_ros2/install/turtlebot3:/home/ayumayume/open_topic/falcon_ros2/install/turtlebot3_simulations:/home/ayumayume/open_topic/falcon_ros2/install/turtlebot3_bringup:/home/ayumayume/open_topic/falcon_ros2/install/turtlebot3_node:/home/ayumayume/open_topic/falcon_ros2/install/turtlebot3_navigation2:/home/ayumayume/open_topic/falcon_ros2/install/turtlebot3_fake_node:/home/ayumayume/open_topic/falcon_ros2/install/turtlebot3_msgs:/home/ayumayume/open_topic/falcon_ros2/install/turtlebot3_gazebo:/home/ayumayume/open_topic/falcon_ros2/install/turtlebot3_description:/home/ayumayume/open_topic/falcon_ros2/install/turtlebot3_cartographer:/home/ayumayume/open_topic/falcon_ros2/install/falcon_control:/home/ayumayume/open_topic/falcon_ros2/install/falcon_interfaces:/home/ayumayume/open_topic/falcon_ros2/install/dynamixel_sdk_examples:/home/ayumayume/open_topic/falcon_ros2/install/dynamixel_sdk_custom_interfaces:/home/ayumayume/open_topic/falcon_ros2/install/dynamixel_sdk:/home/ayumayume/ROS2_Directory/lab2_ws/install/openmanip_kinematics_interfaces:/home/ayumayume/ROS2_Directory/lab2_ws/install/openmanip_kinematics:/home/ayumayume/ROS2_Directory/lab2_ws/install/openmanip_description:/home/ayumayume/ROS2_Directory/velocity_example/install/ros2_control_demo_3r_robot:/home/ayumayume/ROS2_Directory/lab4_ws/install/ros2_control_6dof_lab4:/home/ayumayume/ROS2_Directory/lab3_example/install/ros2_control_demo_3r_robot:/home/ayumayume/ROS2_Directory/fra333_lab2_ex/install/fra333_lab1:/home/ayumayume/ROS2_Directory/lab1_ws/install/lab1_interfaces:/home/ayumayume/ROS2_Directory/lab1_ws/install/fra333_lab1_31:/home/ayumayume/ROS2_Directory/pun_ws/install/my_first_package:/home/ayumayume/MBSE/for_seding_v1/install/xicro_pkg:/home/ayumayume/MBSE/for_seding_v1/install/xicro_interfaces:/home/ayumayume/ROS2_Directory/lab3_ws/install/ros2_control_6dof:/home/ayumayume/turtlebot3_ws/install/turtlebot3_teleop:/home/ayumayume/turtlebot3_ws/install/turtlebot3_example:/home/ayumayume/open_topic/falcon_ros2/install/turtlebot3_teleop:/home/ayumayume/open_topic/falcon_ros2/install/turtlebot3_example:/opt/ros/foxy LD_LIBRARY_PATH=/home/ayumayume/ROS2_Y3_2/mobile_robot_inclass/install/falcon_interfaces/lib:${LD_LIBRARY_PATH} PYTHONPATH=/home/ayumayume/ROS2_Y3_2/mobile_robot_inclass/install/falcon_interfaces/lib/python3.8/site-packages:${PYTHONPATH} /usr/bin/cmake --build /home/ayumayume/ROS2_Y3_2/mobile_robot_inclass/build/falcon_control -- -j12 -l12
[5.193s] DEBUG:colcon.colcon_core.event_handler.log_command:Invoking command in '/home/ayumayume/ROS2_Y3_2/mobile_robot_inclass/build/falcon_control': AMENT_PREFIX_PATH=/home/ayumayume/ROS2_Y3_2/mobile_robot_inclass/install/falcon_interfaces:${AMENT_PREFIX_PATH} CMAKE_PREFIX_PATH=/home/ayumayume/ROS2_Y3_2/mobile_robot_inclass/install/falcon_interfaces:/home/ayumayume/ROS2_Y3_2/mobile_robot_inclass/install/urdf_tutorial:/home/ayumayume/ROS2_Y3_2/mobile_robot_inclass/install/megarover_samples_ros2:/home/ayumayume/turtlebot3_ws/install/turtlebot3:/home/ayumayume/turtlebot3_ws/install/turtlebot3_simulations:/home/ayumayume/turtlebot3_ws/install/turtlebot3_bringup:/home/ayumayume/turtlebot3_ws/install/turtlebot3_node:/home/ayumayume/turtlebot3_ws/install/turtlebot3_navigation2:/home/ayumayume/turtlebot3_ws/install/turtlebot3_fake_node:/home/ayumayume/turtlebot3_ws/install/turtlebot3_msgs:/home/ayumayume/turtlebot3_ws/install/turtlebot3_gazebo:/home/ayumayume/turtlebot3_ws/install/turtlebot3_description:/home/ayumayume/turtlebot3_ws/install/turtlebot3_cartographer:/home/ayumayume/turtlebot3_ws/install/dynamixel_sdk_examples:/home/ayumayume/turtlebot3_ws/install/dynamixel_sdk_custom_interfaces:/home/ayumayume/turtlebot3_ws/install/dynamixel_sdk:/home/ayumayume/test_cpp/install/tutorial_interfaces:/home/ayumayume/test_cpp/install/cpp_pubsub:/home/ayumayume/open_topic/falcon_ros2/install/turtlebot3:/home/ayumayume/open_topic/falcon_ros2/install/turtlebot3_simulations:/home/ayumayume/open_topic/falcon_ros2/install/turtlebot3_bringup:/home/ayumayume/open_topic/falcon_ros2/install/turtlebot3_node:/home/ayumayume/open_topic/falcon_ros2/install/turtlebot3_navigation2:/home/ayumayume/open_topic/falcon_ros2/install/turtlebot3_fake_node:/home/ayumayume/open_topic/falcon_ros2/install/turtlebot3_msgs:/home/ayumayume/open_topic/falcon_ros2/install/turtlebot3_gazebo:/home/ayumayume/open_topic/falcon_ros2/install/turtlebot3_description:/home/ayumayume/open_topic/falcon_ros2/install/turtlebot3_cartographer:/home/ayumayume/open_topic/falcon_ros2/install/falcon_control:/home/ayumayume/open_topic/falcon_ros2/install/falcon_interfaces:/home/ayumayume/open_topic/falcon_ros2/install/dynamixel_sdk_examples:/home/ayumayume/open_topic/falcon_ros2/install/dynamixel_sdk_custom_interfaces:/home/ayumayume/open_topic/falcon_ros2/install/dynamixel_sdk:/home/ayumayume/ROS2_Directory/lab2_ws/install/openmanip_kinematics_interfaces:/home/ayumayume/ROS2_Directory/lab2_ws/install/openmanip_kinematics:/home/ayumayume/ROS2_Directory/lab2_ws/install/openmanip_description:/home/ayumayume/ROS2_Directory/velocity_example/install/ros2_control_demo_3r_robot:/home/ayumayume/ROS2_Directory/lab4_ws/install/ros2_control_6dof_lab4:/home/ayumayume/ROS2_Directory/lab3_example/install/ros2_control_demo_3r_robot:/home/ayumayume/ROS2_Directory/fra333_lab2_ex/install/fra333_lab1:/home/ayumayume/ROS2_Directory/lab1_ws/install/lab1_interfaces:/home/ayumayume/ROS2_Directory/lab1_ws/install/fra333_lab1_31:/home/ayumayume/ROS2_Directory/pun_ws/install/my_first_package:/home/ayumayume/MBSE/for_seding_v1/install/xicro_pkg:/home/ayumayume/MBSE/for_seding_v1/install/xicro_interfaces:/home/ayumayume/ROS2_Directory/lab3_ws/install/ros2_control_6dof:/home/ayumayume/turtlebot3_ws/install/turtlebot3_teleop:/home/ayumayume/turtlebot3_ws/install/turtlebot3_example:/home/ayumayume/open_topic/falcon_ros2/install/turtlebot3_teleop:/home/ayumayume/open_topic/falcon_ros2/install/turtlebot3_example:/opt/ros/foxy LD_LIBRARY_PATH=/home/ayumayume/ROS2_Y3_2/mobile_robot_inclass/install/falcon_interfaces/lib:${LD_LIBRARY_PATH} PYTHONPATH=/home/ayumayume/ROS2_Y3_2/mobile_robot_inclass/install/falcon_interfaces/lib/python3.8/site-packages:${PYTHONPATH} /usr/bin/cmake --install /home/ayumayume/ROS2_Y3_2/mobile_robot_inclass/build/falcon_control
[5.249s] Level 1:colcon.colcon_core.environment:create_environment_scripts_only(falcon_control)
[5.253s] Level 1:colcon.colcon_core.environment:checking '/home/ayumayume/ROS2_Y3_2/mobile_robot_inclass/install/falcon_control' for CMake module files
[5.253s] DEBUG:colcon.colcon_core.event_handler.log_command:Invoked command in '/home/ayumayume/ROS2_Y3_2/mobile_robot_inclass/build/falcon_control' returned '0': AMENT_PREFIX_PATH=/home/ayumayume/ROS2_Y3_2/mobile_robot_inclass/install/falcon_interfaces:${AMENT_PREFIX_PATH} CMAKE_PREFIX_PATH=/home/ayumayume/ROS2_Y3_2/mobile_robot_inclass/install/falcon_interfaces:/home/ayumayume/ROS2_Y3_2/mobile_robot_inclass/install/urdf_tutorial:/home/ayumayume/ROS2_Y3_2/mobile_robot_inclass/install/megarover_samples_ros2:/home/ayumayume/turtlebot3_ws/install/turtlebot3:/home/ayumayume/turtlebot3_ws/install/turtlebot3_simulations:/home/ayumayume/turtlebot3_ws/install/turtlebot3_bringup:/home/ayumayume/turtlebot3_ws/install/turtlebot3_node:/home/ayumayume/turtlebot3_ws/install/turtlebot3_navigation2:/home/ayumayume/turtlebot3_ws/install/turtlebot3_fake_node:/home/ayumayume/turtlebot3_ws/install/turtlebot3_msgs:/home/ayumayume/turtlebot3_ws/install/turtlebot3_gazebo:/home/ayumayume/turtlebot3_ws/install/turtlebot3_description:/home/ayumayume/turtlebot3_ws/install/turtlebot3_cartographer:/home/ayumayume/turtlebot3_ws/install/dynamixel_sdk_examples:/home/ayumayume/turtlebot3_ws/install/dynamixel_sdk_custom_interfaces:/home/ayumayume/turtlebot3_ws/install/dynamixel_sdk:/home/ayumayume/test_cpp/install/tutorial_interfaces:/home/ayumayume/test_cpp/install/cpp_pubsub:/home/ayumayume/open_topic/falcon_ros2/install/turtlebot3:/home/ayumayume/open_topic/falcon_ros2/install/turtlebot3_simulations:/home/ayumayume/open_topic/falcon_ros2/install/turtlebot3_bringup:/home/ayumayume/open_topic/falcon_ros2/install/turtlebot3_node:/home/ayumayume/open_topic/falcon_ros2/install/turtlebot3_navigation2:/home/ayumayume/open_topic/falcon_ros2/install/turtlebot3_fake_node:/home/ayumayume/open_topic/falcon_ros2/install/turtlebot3_msgs:/home/ayumayume/open_topic/falcon_ros2/install/turtlebot3_gazebo:/home/ayumayume/open_topic/falcon_ros2/install/turtlebot3_description:/home/ayumayume/open_topic/falcon_ros2/install/turtlebot3_cartographer:/home/ayumayume/open_topic/falcon_ros2/install/falcon_control:/home/ayumayume/open_topic/falcon_ros2/install/falcon_interfaces:/home/ayumayume/open_topic/falcon_ros2/install/dynamixel_sdk_examples:/home/ayumayume/open_topic/falcon_ros2/install/dynamixel_sdk_custom_interfaces:/home/ayumayume/open_topic/falcon_ros2/install/dynamixel_sdk:/home/ayumayume/ROS2_Directory/lab2_ws/install/openmanip_kinematics_interfaces:/home/ayumayume/ROS2_Directory/lab2_ws/install/openmanip_kinematics:/home/ayumayume/ROS2_Directory/lab2_ws/install/openmanip_description:/home/ayumayume/ROS2_Directory/velocity_example/install/ros2_control_demo_3r_robot:/home/ayumayume/ROS2_Directory/lab4_ws/install/ros2_control_6dof_lab4:/home/ayumayume/ROS2_Directory/lab3_example/install/ros2_control_demo_3r_robot:/home/ayumayume/ROS2_Directory/fra333_lab2_ex/install/fra333_lab1:/home/ayumayume/ROS2_Directory/lab1_ws/install/lab1_interfaces:/home/ayumayume/ROS2_Directory/lab1_ws/install/fra333_lab1_31:/home/ayumayume/ROS2_Directory/pun_ws/install/my_first_package:/home/ayumayume/MBSE/for_seding_v1/install/xicro_pkg:/home/ayumayume/MBSE/for_seding_v1/install/xicro_interfaces:/home/ayumayume/ROS2_Directory/lab3_ws/install/ros2_control_6dof:/home/ayumayume/turtlebot3_ws/install/turtlebot3_teleop:/home/ayumayume/turtlebot3_ws/install/turtlebot3_example:/home/ayumayume/open_topic/falcon_ros2/install/turtlebot3_teleop:/home/ayumayume/open_topic/falcon_ros2/install/turtlebot3_example:/opt/ros/foxy LD_LIBRARY_PATH=/home/ayumayume/ROS2_Y3_2/mobile_robot_inclass/install/falcon_interfaces/lib:${LD_LIBRARY_PATH} PYTHONPATH=/home/ayumayume/ROS2_Y3_2/mobile_robot_inclass/install/falcon_interfaces/lib/python3.8/site-packages:${PYTHONPATH} /usr/bin/cmake --install /home/ayumayume/ROS2_Y3_2/mobile_robot_inclass/build/falcon_control
[5.254s] Level 1:colcon.colcon_core.environment:checking '/home/ayumayume/ROS2_Y3_2/mobile_robot_inclass/install/falcon_control' for CMake config files
[5.254s] Level 1:colcon.colcon_core.shell:create_environment_hook('falcon_control', 'cmake_prefix_path')
[5.256s] INFO:colcon.colcon_core.shell:Creating environment hook '/home/ayumayume/ROS2_Y3_2/mobile_robot_inclass/install/falcon_control/share/falcon_control/hook/cmake_prefix_path.ps1'
[5.256s] INFO:colcon.colcon_core.shell:Creating environment descriptor '/home/ayumayume/ROS2_Y3_2/mobile_robot_inclass/install/falcon_control/share/falcon_control/hook/cmake_prefix_path.dsv'
[5.256s] INFO:colcon.colcon_core.shell:Creating environment hook '/home/ayumayume/ROS2_Y3_2/mobile_robot_inclass/install/falcon_control/share/falcon_control/hook/cmake_prefix_path.sh'
[5.257s] Level 1:colcon.colcon_core.environment:checking '/home/ayumayume/ROS2_Y3_2/mobile_robot_inclass/install/falcon_control/lib'
[5.257s] Level 1:colcon.colcon_core.environment:checking '/home/ayumayume/ROS2_Y3_2/mobile_robot_inclass/install/falcon_control/bin'
[5.257s] Level 1:colcon.colcon_core.environment:checking '/home/ayumayume/ROS2_Y3_2/mobile_robot_inclass/install/falcon_control/lib/pkgconfig/falcon_control.pc'
[5.257s] Level 1:colcon.colcon_core.environment:checking '/home/ayumayume/ROS2_Y3_2/mobile_robot_inclass/install/falcon_control/lib/python3.8/site-packages'
[5.257s] Level 1:colcon.colcon_core.shell:create_environment_hook('falcon_control', 'pythonpath')
[5.259s] INFO:colcon.colcon_core.shell:Creating environment hook '/home/ayumayume/ROS2_Y3_2/mobile_robot_inclass/install/falcon_control/share/falcon_control/hook/pythonpath.ps1'
[5.259s] INFO:colcon.colcon_core.shell:Creating environment descriptor '/home/ayumayume/ROS2_Y3_2/mobile_robot_inclass/install/falcon_control/share/falcon_control/hook/pythonpath.dsv'
[5.259s] INFO:colcon.colcon_core.shell:Creating environment hook '/home/ayumayume/ROS2_Y3_2/mobile_robot_inclass/install/falcon_control/share/falcon_control/hook/pythonpath.sh'
[5.260s] Level 1:colcon.colcon_core.environment:checking '/home/ayumayume/ROS2_Y3_2/mobile_robot_inclass/install/falcon_control/bin'
[5.262s] INFO:colcon.colcon_core.shell:Creating package script '/home/ayumayume/ROS2_Y3_2/mobile_robot_inclass/install/falcon_control/share/falcon_control/package.ps1'
[5.262s] INFO:colcon.colcon_core.shell:Creating package descriptor '/home/ayumayume/ROS2_Y3_2/mobile_robot_inclass/install/falcon_control/share/falcon_control/package.dsv'
[5.262s] INFO:colcon.colcon_core.shell:Creating package script '/home/ayumayume/ROS2_Y3_2/mobile_robot_inclass/install/falcon_control/share/falcon_control/package.sh'
[5.263s] INFO:colcon.colcon_core.shell:Creating package script '/home/ayumayume/ROS2_Y3_2/mobile_robot_inclass/install/falcon_control/share/falcon_control/package.bash'
[5.263s] INFO:colcon.colcon_core.shell:Creating package script '/home/ayumayume/ROS2_Y3_2/mobile_robot_inclass/install/falcon_control/share/falcon_control/package.zsh'
[5.263s] Level 1:colcon.colcon_core.environment:create_file_with_runtime_dependencies(/home/ayumayume/ROS2_Y3_2/mobile_robot_inclass/install/falcon_control/share/colcon-core/packages/falcon_control)
[5.284s] Level 1:colcon.colcon_core.environment:create_environment_scripts_only(falcon_control)
[5.286s] Level 1:colcon.colcon_core.environment:checking '/home/ayumayume/ROS2_Y3_2/mobile_robot_inclass/install/falcon_control' for CMake module files
[5.287s] Level 1:colcon.colcon_core.environment:checking '/home/ayumayume/ROS2_Y3_2/mobile_robot_inclass/install/falcon_control' for CMake config files
[5.287s] Level 1:colcon.colcon_core.shell:create_environment_hook('falcon_control', 'cmake_prefix_path')
[5.289s] INFO:colcon.colcon_core.shell:Creating environment hook '/home/ayumayume/ROS2_Y3_2/mobile_robot_inclass/install/falcon_control/share/falcon_control/hook/cmake_prefix_path.ps1'
[5.289s] INFO:colcon.colcon_core.shell:Creating environment descriptor '/home/ayumayume/ROS2_Y3_2/mobile_robot_inclass/install/falcon_control/share/falcon_control/hook/cmake_prefix_path.dsv'
[5.289s] INFO:colcon.colcon_core.shell:Creating environment hook '/home/ayumayume/ROS2_Y3_2/mobile_robot_inclass/install/falcon_control/share/falcon_control/hook/cmake_prefix_path.sh'
[5.290s] Level 1:colcon.colcon_core.environment:checking '/home/ayumayume/ROS2_Y3_2/mobile_robot_inclass/install/falcon_control/lib'
[5.290s] Level 1:colcon.colcon_core.environment:checking '/home/ayumayume/ROS2_Y3_2/mobile_robot_inclass/install/falcon_control/bin'
[5.290s] Level 1:colcon.colcon_core.environment:checking '/home/ayumayume/ROS2_Y3_2/mobile_robot_inclass/install/falcon_control/lib/pkgconfig/falcon_control.pc'
[5.290s] Level 1:colcon.colcon_core.environment:checking '/home/ayumayume/ROS2_Y3_2/mobile_robot_inclass/install/falcon_control/lib/python3.8/site-packages'
[5.290s] Level 1:colcon.colcon_core.shell:create_environment_hook('falcon_control', 'pythonpath')
[5.292s] INFO:colcon.colcon_core.shell:Creating environment hook '/home/ayumayume/ROS2_Y3_2/mobile_robot_inclass/install/falcon_control/share/falcon_control/hook/pythonpath.ps1'
[5.293s] INFO:colcon.colcon_core.shell:Creating environment descriptor '/home/ayumayume/ROS2_Y3_2/mobile_robot_inclass/install/falcon_control/share/falcon_control/hook/pythonpath.dsv'
[5.293s] INFO:colcon.colcon_core.shell:Creating environment hook '/home/ayumayume/ROS2_Y3_2/mobile_robot_inclass/install/falcon_control/share/falcon_control/hook/pythonpath.sh'
[5.293s] Level 1:colcon.colcon_core.environment:checking '/home/ayumayume/ROS2_Y3_2/mobile_robot_inclass/install/falcon_control/bin'
[5.295s] INFO:colcon.colcon_core.shell:Creating package script '/home/ayumayume/ROS2_Y3_2/mobile_robot_inclass/install/falcon_control/share/falcon_control/package.ps1'
[5.296s] INFO:colcon.colcon_core.shell:Creating package descriptor '/home/ayumayume/ROS2_Y3_2/mobile_robot_inclass/install/falcon_control/share/falcon_control/package.dsv'
[5.296s] INFO:colcon.colcon_core.shell:Creating package script '/home/ayumayume/ROS2_Y3_2/mobile_robot_inclass/install/falcon_control/share/falcon_control/package.sh'
[5.296s] INFO:colcon.colcon_core.shell:Creating package script '/home/ayumayume/ROS2_Y3_2/mobile_robot_inclass/install/falcon_control/share/falcon_control/package.bash'
[5.296s] INFO:colcon.colcon_core.shell:Creating package script '/home/ayumayume/ROS2_Y3_2/mobile_robot_inclass/install/falcon_control/share/falcon_control/package.zsh'
[5.297s] Level 1:colcon.colcon_core.environment:create_file_with_runtime_dependencies(/home/ayumayume/ROS2_Y3_2/mobile_robot_inclass/install/falcon_control/share/colcon-core/packages/falcon_control)
[5.297s] DEBUG:colcon.colcon_parallel_executor.executor.parallel:closing loop
[5.297s] DEBUG:colcon.colcon_parallel_executor.executor.parallel:loop closed
[5.297s] DEBUG:colcon.colcon_parallel_executor.executor.parallel:run_until_complete finished with '0'
[5.297s] DEBUG:colcon.colcon_core.event_reactor:joining thread
[5.302s] INFO:colcon.colcon_core.plugin_system:Skipping extension 'colcon_notification.desktop_notification.terminal_notifier': Not used on non-Darwin systems
[5.302s] INFO:colcon.colcon_core.plugin_system:Skipping extension 'colcon_notification.desktop_notification.win32': Not used on non-Windows systems
[5.302s] INFO:colcon.colcon_notification.desktop_notification:Sending desktop notification using 'notify2'
[5.313s] DEBUG:colcon.colcon_core.event_reactor:joined thread
[5.315s] INFO:colcon.colcon_core.shell:Creating prefix script '/home/ayumayume/ROS2_Y3_2/mobile_robot_inclass/install/local_setup.ps1'
[5.316s] INFO:colcon.colcon_core.shell:Creating prefix util module '/home/ayumayume/ROS2_Y3_2/mobile_robot_inclass/install/_local_setup_util_ps1.py'
[5.317s] INFO:colcon.colcon_core.shell:Creating prefix chain script '/home/ayumayume/ROS2_Y3_2/mobile_robot_inclass/install/setup.ps1'
[5.320s] INFO:colcon.colcon_core.shell:Creating prefix script '/home/ayumayume/ROS2_Y3_2/mobile_robot_inclass/install/local_setup.sh'
[5.320s] INFO:colcon.colcon_core.shell:Creating prefix util module '/home/ayumayume/ROS2_Y3_2/mobile_robot_inclass/install/_local_setup_util_sh.py'
[5.320s] INFO:colcon.colcon_core.shell:Creating prefix chain script '/home/ayumayume/ROS2_Y3_2/mobile_robot_inclass/install/setup.sh'
[5.323s] INFO:colcon.colcon_core.shell:Creating prefix script '/home/ayumayume/ROS2_Y3_2/mobile_robot_inclass/install/local_setup.bash'
[5.324s] INFO:colcon.colcon_core.shell:Creating prefix chain script '/home/ayumayume/ROS2_Y3_2/mobile_robot_inclass/install/setup.bash'
[5.326s] INFO:colcon.colcon_core.shell:Creating prefix script '/home/ayumayume/ROS2_Y3_2/mobile_robot_inclass/install/local_setup.zsh'
[5.327s] INFO:colcon.colcon_core.shell:Creating prefix chain script '/home/ayumayume/ROS2_Y3_2/mobile_robot_inclass/install/setup.zsh'
