-- The C compiler identification is GNU 9.4.0
-- The CXX compiler identification is GNU 9.4.0
-- Check for working C compiler: /usr/bin/cc
-- Check for working C compiler: /usr/bin/cc -- works
-- Detecting C compiler ABI info
-- Detecting C compiler ABI info - done
-- Detecting C compile features
-- Detecting C compile features - done
-- Check for working CXX compiler: /usr/bin/c++
-- Check for working CXX compiler: /usr/bin/c++ -- works
-- Detecting CXX compiler ABI info
-- Detecting CXX compiler ABI info - done
-- Detecting CXX compile features
-- Detecting CXX compile features - done
-- Installation Prefix: /home/ayumayume/ROS2_Y3_2/mobile_robot_inclass/install/LIBNIFALCON
-- Building Static Libraries for LIBNIFALCON
-- Building Shared Libraries for LIBNIFALCON
-- NOT using gprof output for LIBNIFALCON
-- Found libusb-1.0:
--  - Includes: /usr/include
--  - Libraries: /usr/lib/x86_64-linux-gnu/libusb-1.0.so
-- Found X11: /usr/include   
-- Looking for XOpenDisplay in /usr/lib/x86_64-linux-gnu/libX11.so;/usr/lib/x86_64-linux-gnu/libXext.so
-- Looking for XOpenDisplay in /usr/lib/x86_64-linux-gnu/libX11.so;/usr/lib/x86_64-linux-gnu/libXext.so - found
-- Looking for gethostbyname
-- Looking for gethostbyname - found
-- Looking for connect
-- Looking for connect - found
-- Looking for remove
-- Looking for remove - found
-- Looking for shmat
-- Looking for shmat - found
-- Looking for IceConnectionNumber in ICE
-- Looking for IceConnectionNumber in ICE - found
-- Not compiling falcon_mouse example - X11 compiling requires the XTest library
-- Found PkgConfig: /usr/bin/pkg-config (found version "0.29.1") 
-- Configuring done
-- Generating done
-- Build files have been written to: /home/ayumayume/ROS2_Y3_2/mobile_robot_inclass/build/LIBNIFALCON
[35m[1mScanning dependencies of target nifalcon_STATIC[0m
[35m[1mScanning dependencies of target nifalcon_SHARED[0m
[ 15%] [32mBuilding CXX object src/CMakeFiles/nifalcon_STATIC.dir/firmware/FalconFirmwareNovintSDK.cpp.o[0m
[ 15%] [32mBuilding CXX object src/CMakeFiles/nifalcon_SHARED.dir/core/FalconFirmware.cpp.o[0m
[ 15%] [32mBuilding CXX object src/CMakeFiles/nifalcon_SHARED.dir/core/FalconDevice.cpp.o[0m
[ 15%] [32mBuilding CXX object src/CMakeFiles/nifalcon_STATIC.dir/core/FalconDevice.cpp.o[0m
[ 15%] [32mBuilding CXX object src/CMakeFiles/nifalcon_SHARED.dir/kinematic/FalconKinematicStamper.cpp.o[0m
[ 15%] [32mBuilding CXX object src/CMakeFiles/nifalcon_STATIC.dir/core/FalconFirmware.cpp.o[0m
[ 18%] [32mBuilding CXX object src/CMakeFiles/nifalcon_SHARED.dir/cpp-optparse/OptionParser.cpp.o[0m
[ 21%] [32mBuilding CXX object src/CMakeFiles/nifalcon_STATIC.dir/comm/FalconCommLibUSB.cpp.o[0m
[ 26%] [32mBuilding CXX object src/CMakeFiles/nifalcon_SHARED.dir/firmware/FalconFirmwareNovintSDK.cpp.o[0m
[ 26%] [32mBuilding CXX object src/CMakeFiles/nifalcon_STATIC.dir/kinematic/FalconKinematicStamper.cpp.o[0m
[ 28%] [32mBuilding CXX object src/CMakeFiles/nifalcon_STATIC.dir/cpp-optparse/OptionParser.cpp.o[0m
[ 31%] [32mBuilding CXX object src/CMakeFiles/nifalcon_SHARED.dir/comm/FalconCommLibUSB.cpp.o[0m
[ 34%] [32m[1mLinking CXX static library ../lib/libnifalcon.a[0m
[ 34%] Built target nifalcon_STATIC
[ 36%] [32m[1mLinking CXX shared library ../lib/libnifalcon.so[0m
[ 36%] Built target nifalcon_SHARED
[35m[1mScanning dependencies of target barrow_mechanics[0m
[35m[1mScanning dependencies of target nifalcon_device_thread_STATIC[0m
[35m[1mScanning dependencies of target findfalcons[0m
[35m[1mScanning dependencies of target nifalcon_cli_base_STATIC[0m
[35m[1mScanning dependencies of target nifalcon_device_thread_SHARED[0m
[35m[1mScanning dependencies of target nifalcon_cli_base_SHARED[0m
[35m[1mScanning dependencies of target findfalcons_multi[0m
[ 39%] [32mBuilding CXX object src/util/CMakeFiles/nifalcon_device_thread_STATIC.dir/FalconDeviceThread.cpp.o[0m
[ 42%] [32mBuilding CXX object src/util/CMakeFiles/nifalcon_cli_base_STATIC.dir/FalconCLIBase.cpp.o[0m
[ 44%] [32mBuilding CXX object src/util/CMakeFiles/nifalcon_device_thread_SHARED.dir/FalconDeviceThread.cpp.o[0m
[ 47%] [32mBuilding CXX object examples/CMakeFiles/findfalcons.dir/findfalcons/findfalcons.cpp.o[0m
[ 50%] [32mBuilding CXX object src/util/CMakeFiles/nifalcon_cli_base_SHARED.dir/FalconCLIBase.cpp.o[0m
[ 52%] [32mBuilding CXX object examples/CMakeFiles/findfalcons_multi.dir/findfalcons_multi/findfalcons_multi.cpp.o[0m
[ 55%] [32mBuilding CXX object examples/CMakeFiles/barrow_mechanics.dir/barrow_mechanics/main.cpp.o[0m
[ 57%] [32m[1mLinking CXX shared library ../../lib/libnifalcon_device_thread.so[0m
[ 60%] [32m[1mLinking CXX executable ../bin/findfalcons[0m
[ 63%] [32m[1mLinking CXX static library ../../lib/libnifalcon_device_thread.a[0m
[ 63%] Built target nifalcon_device_thread_STATIC
[ 65%] [32m[1mLinking CXX executable ../bin/findfalcons_multi[0m
[ 65%] Built target nifalcon_device_thread_SHARED
[ 65%] Built target findfalcons
[ 65%] Built target findfalcons_multi
[ 68%] [32m[1mLinking CXX executable ../bin/barrow_mechanics[0m
[ 68%] Built target barrow_mechanics
[ 71%] [32m[1mLinking CXX static library ../../lib/libnifalcon_cli_base.a[0m
[ 71%] Built target nifalcon_cli_base_STATIC
[ 73%] [32m[1mLinking CXX shared library ../../lib/libnifalcon_cli_base.so[0m
[ 73%] Built target nifalcon_cli_base_SHARED
[35m[1mScanning dependencies of target falcon_led[0m
[35m[1mScanning dependencies of target falcon_test_cli[0m
[ 76%] [32mBuilding CXX object examples/CMakeFiles/falcon_led.dir/falcon_led/falcon_led.cpp.o[0m
[ 78%] [32mBuilding CXX object examples/CMakeFiles/falcon_test_cli.dir/falcon_test_cli/FalconLoopTimeTest.cpp.o[0m
[ 81%] [32mBuilding CXX object examples/CMakeFiles/falcon_test_cli.dir/falcon_test_cli/FalconWallTest.cpp.o[0m
[ 84%] [32mBuilding CXX object examples/CMakeFiles/falcon_test_cli.dir/falcon_test_cli/FalconColorTest.cpp.o[0m
[ 86%] [32mBuilding CXX object examples/CMakeFiles/falcon_test_cli.dir/falcon_test_cli/FalconTestBase.cpp.o[0m
[ 92%] [32mBuilding CXX object examples/CMakeFiles/falcon_test_cli.dir/falcon_test_cli/falcon_test_cli.cpp.o[0m
[ 92%] [32mBuilding CXX object examples/CMakeFiles/falcon_test_cli.dir/falcon_test_cli/FalconSphereTest.cpp.o[0m
[ 94%] [32mBuilding CXX object examples/CMakeFiles/falcon_test_cli.dir/falcon_test_cli/FalconCubeTest.cpp.o[0m
[ 97%] [32m[1mLinking CXX executable ../bin/falcon_led[0m
[ 97%] Built target falcon_led
[100%] [32m[1mLinking CXX executable ../bin/falcon_test_cli[0m
[100%] Built target falcon_test_cli
-- Install configuration: ""
-- Installing: /home/ayumayume/ROS2_Y3_2/mobile_robot_inclass/install/LIBNIFALCON/lib/pkgconfig/libnifalcon.pc
-- Installing: /home/ayumayume/ROS2_Y3_2/mobile_robot_inclass/install/LIBNIFALCON/include/falcon/gmtl
-- Installing: /home/ayumayume/ROS2_Y3_2/mobile_robot_inclass/install/LIBNIFALCON/include/falcon/gmtl/AABoxOps.h
-- Installing: /home/ayumayume/ROS2_Y3_2/mobile_robot_inclass/install/LIBNIFALCON/include/falcon/gmtl/OOBox.h
-- Installing: /home/ayumayume/ROS2_Y3_2/mobile_robot_inclass/install/LIBNIFALCON/include/falcon/gmtl/Intersection.h
-- Installing: /home/ayumayume/ROS2_Y3_2/mobile_robot_inclass/install/LIBNIFALCON/include/falcon/gmtl/gmtl.h
-- Installing: /home/ayumayume/ROS2_Y3_2/mobile_robot_inclass/install/LIBNIFALCON/include/falcon/gmtl/MatrixOps.h
-- Installing: /home/ayumayume/ROS2_Y3_2/mobile_robot_inclass/install/LIBNIFALCON/include/falcon/gmtl/Util
-- Installing: /home/ayumayume/ROS2_Y3_2/mobile_robot_inclass/install/LIBNIFALCON/include/falcon/gmtl/Util/Meta.h
-- Installing: /home/ayumayume/ROS2_Y3_2/mobile_robot_inclass/install/LIBNIFALCON/include/falcon/gmtl/Util/StaticAssert.h
-- Installing: /home/ayumayume/ROS2_Y3_2/mobile_robot_inclass/install/LIBNIFALCON/include/falcon/gmtl/Util/Assert.h
-- Installing: /home/ayumayume/ROS2_Y3_2/mobile_robot_inclass/install/LIBNIFALCON/include/falcon/gmtl/Xforms.h
-- Installing: /home/ayumayume/ROS2_Y3_2/mobile_robot_inclass/install/LIBNIFALCON/include/falcon/gmtl/VecBase.h
-- Installing: /home/ayumayume/ROS2_Y3_2/mobile_robot_inclass/install/LIBNIFALCON/include/falcon/gmtl/CoordOps.h
-- Installing: /home/ayumayume/ROS2_Y3_2/mobile_robot_inclass/install/LIBNIFALCON/include/falcon/gmtl/LineSeg.h
-- Installing: /home/ayumayume/ROS2_Y3_2/mobile_robot_inclass/install/LIBNIFALCON/include/falcon/gmtl/QuatOps.h
-- Installing: /home/ayumayume/ROS2_Y3_2/mobile_robot_inclass/install/LIBNIFALCON/include/falcon/gmtl/Matrix.h
-- Installing: /home/ayumayume/ROS2_Y3_2/mobile_robot_inclass/install/LIBNIFALCON/include/falcon/gmtl/RayOps.h
-- Installing: /home/ayumayume/ROS2_Y3_2/mobile_robot_inclass/install/LIBNIFALCON/include/falcon/gmtl/Comparitors.h
-- Installing: /home/ayumayume/ROS2_Y3_2/mobile_robot_inclass/install/LIBNIFALCON/include/falcon/gmtl/Fit
-- Installing: /home/ayumayume/ROS2_Y3_2/mobile_robot_inclass/install/LIBNIFALCON/include/falcon/gmtl/Fit/GaussPointsFit.h
-- Installing: /home/ayumayume/ROS2_Y3_2/mobile_robot_inclass/install/LIBNIFALCON/include/falcon/gmtl/External
-- Installing: /home/ayumayume/ROS2_Y3_2/mobile_robot_inclass/install/LIBNIFALCON/include/falcon/gmtl/External/OpenSGConvert.h
-- Installing: /home/ayumayume/ROS2_Y3_2/mobile_robot_inclass/install/LIBNIFALCON/include/falcon/gmtl/Ray.h
-- Installing: /home/ayumayume/ROS2_Y3_2/mobile_robot_inclass/install/LIBNIFALCON/include/falcon/gmtl/Sphere.h
-- Installing: /home/ayumayume/ROS2_Y3_2/mobile_robot_inclass/install/LIBNIFALCON/include/falcon/gmtl/TriOps.h
-- Installing: /home/ayumayume/ROS2_Y3_2/mobile_robot_inclass/install/LIBNIFALCON/include/falcon/gmtl/AxisAngleOps.h
-- Installing: /home/ayumayume/ROS2_Y3_2/mobile_robot_inclass/install/LIBNIFALCON/include/falcon/gmtl/Quat.h
-- Installing: /home/ayumayume/ROS2_Y3_2/mobile_robot_inclass/install/LIBNIFALCON/include/falcon/gmtl/LineSegOps.h
-- Installing: /home/ayumayume/ROS2_Y3_2/mobile_robot_inclass/install/LIBNIFALCON/include/falcon/gmtl/Math.h
-- Installing: /home/ayumayume/ROS2_Y3_2/mobile_robot_inclass/install/LIBNIFALCON/include/falcon/gmtl/Misc
-- Installing: /home/ayumayume/ROS2_Y3_2/mobile_robot_inclass/install/LIBNIFALCON/include/falcon/gmtl/Misc/MatrixConvert.h
-- Installing: /home/ayumayume/ROS2_Y3_2/mobile_robot_inclass/install/LIBNIFALCON/include/falcon/gmtl/EulerAngle.h
-- Installing: /home/ayumayume/ROS2_Y3_2/mobile_robot_inclass/install/LIBNIFALCON/include/falcon/gmtl/Point.h
-- Installing: /home/ayumayume/ROS2_Y3_2/mobile_robot_inclass/install/LIBNIFALCON/include/falcon/gmtl/SphereOps.h
-- Installing: /home/ayumayume/ROS2_Y3_2/mobile_robot_inclass/install/LIBNIFALCON/include/falcon/gmtl/Plane.h
-- Installing: /home/ayumayume/ROS2_Y3_2/mobile_robot_inclass/install/LIBNIFALCON/include/falcon/gmtl/Frustum.h
-- Installing: /home/ayumayume/ROS2_Y3_2/mobile_robot_inclass/install/LIBNIFALCON/include/falcon/gmtl/Tri.h
-- Installing: /home/ayumayume/ROS2_Y3_2/mobile_robot_inclass/install/LIBNIFALCON/include/falcon/gmtl/Config.h
-- Installing: /home/ayumayume/ROS2_Y3_2/mobile_robot_inclass/install/LIBNIFALCON/include/falcon/gmtl/Containment.h
-- Installing: /home/ayumayume/ROS2_Y3_2/mobile_robot_inclass/install/LIBNIFALCON/include/falcon/gmtl/EulerAngleOps.h
-- Installing: /home/ayumayume/ROS2_Y3_2/mobile_robot_inclass/install/LIBNIFALCON/include/falcon/gmtl/Coord.h
-- Installing: /home/ayumayume/ROS2_Y3_2/mobile_robot_inclass/install/LIBNIFALCON/include/falcon/gmtl/Helpers.h
-- Installing: /home/ayumayume/ROS2_Y3_2/mobile_robot_inclass/install/LIBNIFALCON/include/falcon/gmtl/Vec.h
-- Installing: /home/ayumayume/ROS2_Y3_2/mobile_robot_inclass/install/LIBNIFALCON/include/falcon/gmtl/VecExprMeta.h
-- Installing: /home/ayumayume/ROS2_Y3_2/mobile_robot_inclass/install/LIBNIFALCON/include/falcon/gmtl/Defines.h
-- Installing: /home/ayumayume/ROS2_Y3_2/mobile_robot_inclass/install/LIBNIFALCON/include/falcon/gmtl/PlaneOps.h
-- Installing: /home/ayumayume/ROS2_Y3_2/mobile_robot_inclass/install/LIBNIFALCON/include/falcon/gmtl/Output.h
-- Installing: /home/ayumayume/ROS2_Y3_2/mobile_robot_inclass/install/LIBNIFALCON/include/falcon/gmtl/AABox.h
-- Installing: /home/ayumayume/ROS2_Y3_2/mobile_robot_inclass/install/LIBNIFALCON/include/falcon/gmtl/FrustumOps.h
-- Installing: /home/ayumayume/ROS2_Y3_2/mobile_robot_inclass/install/LIBNIFALCON/include/falcon/gmtl/VecOpsMeta.h
-- Installing: /home/ayumayume/ROS2_Y3_2/mobile_robot_inclass/install/LIBNIFALCON/include/falcon/gmtl/Numerics
-- Installing: /home/ayumayume/ROS2_Y3_2/mobile_robot_inclass/install/LIBNIFALCON/include/falcon/gmtl/Numerics/Eigen.h
-- Installing: /home/ayumayume/ROS2_Y3_2/mobile_robot_inclass/install/LIBNIFALCON/include/falcon/gmtl/Version.h
-- Installing: /home/ayumayume/ROS2_Y3_2/mobile_robot_inclass/install/LIBNIFALCON/include/falcon/gmtl/VecOps.h
-- Installing: /home/ayumayume/ROS2_Y3_2/mobile_robot_inclass/install/LIBNIFALCON/include/falcon/gmtl/Generate.h
-- Installing: /home/ayumayume/ROS2_Y3_2/mobile_robot_inclass/install/LIBNIFALCON/include/falcon/gmtl/AxisAngle.h
-- Installing: /home/ayumayume/ROS2_Y3_2/mobile_robot_inclass/install/LIBNIFALCON/include/falcon/cpp-optparse
-- Installing: /home/ayumayume/ROS2_Y3_2/mobile_robot_inclass/install/LIBNIFALCON/include/falcon/cpp-optparse/OptionParser.h
-- Installing: /home/ayumayume/ROS2_Y3_2/mobile_robot_inclass/install/LIBNIFALCON/include/falcon/core
-- Installing: /home/ayumayume/ROS2_Y3_2/mobile_robot_inclass/install/LIBNIFALCON/include/falcon/core/FalconComm.h
-- Installing: /home/ayumayume/ROS2_Y3_2/mobile_robot_inclass/install/LIBNIFALCON/include/falcon/core/FalconDevice.h
-- Installing: /home/ayumayume/ROS2_Y3_2/mobile_robot_inclass/install/LIBNIFALCON/include/falcon/core/FalconCore.h
-- Installing: /home/ayumayume/ROS2_Y3_2/mobile_robot_inclass/install/LIBNIFALCON/include/falcon/core/FalconGrip.h
-- Installing: /home/ayumayume/ROS2_Y3_2/mobile_robot_inclass/install/LIBNIFALCON/include/falcon/core/FalconGeometry.h
-- Installing: /home/ayumayume/ROS2_Y3_2/mobile_robot_inclass/install/LIBNIFALCON/include/falcon/core/FalconKinematic.h
-- Installing: /home/ayumayume/ROS2_Y3_2/mobile_robot_inclass/install/LIBNIFALCON/include/falcon/core/FalconFirmware.h
-- Installing: /home/ayumayume/ROS2_Y3_2/mobile_robot_inclass/install/LIBNIFALCON/include/falcon/core/FalconLogger.h
-- Installing: /home/ayumayume/ROS2_Y3_2/mobile_robot_inclass/install/LIBNIFALCON/include/falcon/firmware
-- Installing: /home/ayumayume/ROS2_Y3_2/mobile_robot_inclass/install/LIBNIFALCON/include/falcon/firmware/FalconFirmwareNovintSDK.h
-- Installing: /home/ayumayume/ROS2_Y3_2/mobile_robot_inclass/install/LIBNIFALCON/include/falcon/kinematic
-- Installing: /home/ayumayume/ROS2_Y3_2/mobile_robot_inclass/install/LIBNIFALCON/include/falcon/kinematic/FalconKinematicStamper.h
-- Installing: /home/ayumayume/ROS2_Y3_2/mobile_robot_inclass/install/LIBNIFALCON/include/falcon/kinematic/stamper
-- Installing: /home/ayumayume/ROS2_Y3_2/mobile_robot_inclass/install/LIBNIFALCON/include/falcon/kinematic/stamper/StamperUtils.h
-- Installing: /home/ayumayume/ROS2_Y3_2/mobile_robot_inclass/install/LIBNIFALCON/include/falcon/grip
-- Installing: /home/ayumayume/ROS2_Y3_2/mobile_robot_inclass/install/LIBNIFALCON/include/falcon/grip/FalconGripFourButton.h
-- Installing: /home/ayumayume/ROS2_Y3_2/mobile_robot_inclass/install/LIBNIFALCON/include/falcon/util/FalconFirmwareBinaryTest.h
-- Installing: /home/ayumayume/ROS2_Y3_2/mobile_robot_inclass/install/LIBNIFALCON/include/falcon/util/FalconFirmwareBinaryNvent.h
-- Installing: /home/ayumayume/ROS2_Y3_2/mobile_robot_inclass/install/LIBNIFALCON/include/falcon/util/FalconDeviceThread.h
-- Installing: /home/ayumayume/ROS2_Y3_2/mobile_robot_inclass/install/LIBNIFALCON/include/falcon/comm/FalconCommLibUSB.h
-- Installing: /home/ayumayume/ROS2_Y3_2/mobile_robot_inclass/install/LIBNIFALCON/include/falcon/util/FalconCLIBase.h
-- Installing: /home/ayumayume/ROS2_Y3_2/mobile_robot_inclass/install/LIBNIFALCON/lib/libnifalcon.a
-- Installing: /home/ayumayume/ROS2_Y3_2/mobile_robot_inclass/install/LIBNIFALCON/lib/libnifalcon.so.1.0.2
-- Installing: /home/ayumayume/ROS2_Y3_2/mobile_robot_inclass/install/LIBNIFALCON/lib/libnifalcon.so
-- Installing: /home/ayumayume/ROS2_Y3_2/mobile_robot_inclass/install/LIBNIFALCON/lib/libnifalcon_cli_base.a
-- Installing: /home/ayumayume/ROS2_Y3_2/mobile_robot_inclass/install/LIBNIFALCON/lib/libnifalcon_cli_base.so.1.0.2
-- Installing: /home/ayumayume/ROS2_Y3_2/mobile_robot_inclass/install/LIBNIFALCON/lib/libnifalcon_cli_base.so
-- Installing: /home/ayumayume/ROS2_Y3_2/mobile_robot_inclass/install/LIBNIFALCON/lib/libnifalcon_device_thread.a
-- Installing: /home/ayumayume/ROS2_Y3_2/mobile_robot_inclass/install/LIBNIFALCON/lib/libnifalcon_device_thread.so.1.0.2
-- Installing: /home/ayumayume/ROS2_Y3_2/mobile_robot_inclass/install/LIBNIFALCON/lib/libnifalcon_device_thread.so
-- Installing: /home/ayumayume/ROS2_Y3_2/mobile_robot_inclass/install/LIBNIFALCON/bin/barrow_mechanics
-- Installing: /home/ayumayume/ROS2_Y3_2/mobile_robot_inclass/install/LIBNIFALCON/bin/findfalcons
-- Installing: /home/ayumayume/ROS2_Y3_2/mobile_robot_inclass/install/LIBNIFALCON/bin/findfalcons_multi
-- Installing: /home/ayumayume/ROS2_Y3_2/mobile_robot_inclass/install/LIBNIFALCON/bin/falcon_led
-- Installing: /home/ayumayume/ROS2_Y3_2/mobile_robot_inclass/install/LIBNIFALCON/bin/falcon_test_cli
