[0.055s] Invoking command in '/home/ayumayume/ROS2_Y3_2/mobile_robot_inclass/build/LIBNIFALCON': /usr/bin/cmake /home/ayumayume/ROS2_Y3_2/mobile_robot_inclass/src/libnifalcon -DCMAKE_INSTALL_PREFIX=/home/ayumayume/ROS2_Y3_2/mobile_robot_inclass/install/LIBNIFALCON
[0.130s] -- The C compiler identification is GNU 9.4.0
[0.188s] -- The CXX compiler identification is GNU 9.4.0
[0.197s] -- Check for working C compiler: /usr/bin/cc
[0.246s] -- Check for working C compiler: /usr/bin/cc -- works
[0.247s] -- Detecting C compiler ABI info
[0.299s] -- Detecting C compiler ABI info - done
[0.310s] -- Detecting C compile features
[0.311s] -- Detecting C compile features - done
[0.313s] -- Check for working CXX compiler: /usr/bin/c++
[0.369s] -- Check for working CXX compiler: /usr/bin/c++ -- works
[0.370s] -- Detecting CXX compiler ABI info
[0.429s] -- Detecting CXX compiler ABI info - done
[0.440s] -- Detecting CXX compile features
[0.440s] -- Detecting CXX compile features - done
[0.441s] -- Installation Prefix: /home/ayumayume/ROS2_Y3_2/mobile_robot_inclass/install/LIBNIFALCON
[0.441s] -- Building Static Libraries for LIBNIFALCON
[0.441s] -- Building Shared Libraries for LIBNIFALCON
[0.442s] -- NOT using gprof output for LIBNIFALCON
[0.449s] -- Found libusb-1.0:
[0.449s] --  - Includes: /usr/include
[0.449s] --  - Libraries: /usr/lib/x86_64-linux-gnu/libusb-1.0.so
[0.551s] -- Found X11: /usr/include   
[0.551s] -- Looking for XOpenDisplay in /usr/lib/x86_64-linux-gnu/libX11.so;/usr/lib/x86_64-linux-gnu/libXext.so
[0.609s] -- Looking for XOpenDisplay in /usr/lib/x86_64-linux-gnu/libX11.so;/usr/lib/x86_64-linux-gnu/libXext.so - found
[0.609s] -- Looking for gethostbyname
[0.660s] -- Looking for gethostbyname - found
[0.660s] -- Looking for connect
[0.710s] -- Looking for connect - found
[0.710s] -- Looking for remove
[0.759s] -- Looking for remove - found
[0.759s] -- Looking for shmat
[0.810s] -- Looking for shmat - found
[0.810s] -- Looking for IceConnectionNumber in ICE
[0.861s] -- Looking for IceConnectionNumber in ICE - found
[0.862s] -- Not compiling falcon_mouse example - X11 compiling requires the XTest library
[0.865s] -- Found PkgConfig: /usr/bin/pkg-config (found version "0.29.1") 
[0.865s] -- Generating /home/ayumayume/ROS2_Y3_2/mobile_robot_inclass/build/LIBNIFALCON/libnifalcon.pc
[0.867s] -- Configuring done
[0.881s] -- Generating done
[0.882s] -- Build files have been written to: /home/ayumayume/ROS2_Y3_2/mobile_robot_inclass/build/LIBNIFALCON
[0.885s] Invoked command in '/home/ayumayume/ROS2_Y3_2/mobile_robot_inclass/build/LIBNIFALCON' returned '0': /usr/bin/cmake /home/ayumayume/ROS2_Y3_2/mobile_robot_inclass/src/libnifalcon -DCMAKE_INSTALL_PREFIX=/home/ayumayume/ROS2_Y3_2/mobile_robot_inclass/install/LIBNIFALCON
[0.887s] Invoking command in '/home/ayumayume/ROS2_Y3_2/mobile_robot_inclass/build/LIBNIFALCON': /usr/bin/cmake --build /home/ayumayume/ROS2_Y3_2/mobile_robot_inclass/build/LIBNIFALCON -- -j12 -l12
[0.918s] [35m[1mScanning dependencies of target nifalcon_STATIC[0m
[0.918s] [35m[1mScanning dependencies of target nifalcon_SHARED[0m
[0.934s] [ 15%] [32mBuilding CXX object src/CMakeFiles/nifalcon_STATIC.dir/firmware/FalconFirmwareNovintSDK.cpp.o[0m
[0.934s] [ 15%] [32mBuilding CXX object src/CMakeFiles/nifalcon_SHARED.dir/core/FalconFirmware.cpp.o[0m
[0.934s] [ 15%] [32mBuilding CXX object src/CMakeFiles/nifalcon_SHARED.dir/core/FalconDevice.cpp.o[0m
[0.935s] [ 15%] [32mBuilding CXX object src/CMakeFiles/nifalcon_STATIC.dir/core/FalconDevice.cpp.o[0m
[0.935s] [ 15%] [32mBuilding CXX object src/CMakeFiles/nifalcon_SHARED.dir/kinematic/FalconKinematicStamper.cpp.o[0m
[0.935s] [ 15%] [32mBuilding CXX object src/CMakeFiles/nifalcon_STATIC.dir/core/FalconFirmware.cpp.o[0m
[0.935s] [ 18%] [32mBuilding CXX object src/CMakeFiles/nifalcon_SHARED.dir/cpp-optparse/OptionParser.cpp.o[0m
[0.935s] [ 21%] [32mBuilding CXX object src/CMakeFiles/nifalcon_STATIC.dir/comm/FalconCommLibUSB.cpp.o[0m
[0.935s] [ 26%] [32mBuilding CXX object src/CMakeFiles/nifalcon_SHARED.dir/firmware/FalconFirmwareNovintSDK.cpp.o[0m
[0.935s] [ 26%] [32mBuilding CXX object src/CMakeFiles/nifalcon_STATIC.dir/kinematic/FalconKinematicStamper.cpp.o[0m
[0.939s] [ 28%] [32mBuilding CXX object src/CMakeFiles/nifalcon_STATIC.dir/cpp-optparse/OptionParser.cpp.o[0m
[0.944s] [ 31%] [32mBuilding CXX object src/CMakeFiles/nifalcon_SHARED.dir/comm/FalconCommLibUSB.cpp.o[0m
[1.196s] [01m[K/home/ayumayume/ROS2_Y3_2/mobile_robot_inclass/src/libnifalcon/src/comm/FalconCommLibUSB.cpp:[m[K In member function ‘[01m[Kbool libnifalcon::FalconCommLibUSB::initLibUSB()[m[K’:
[1.196s] [01m[K/home/ayumayume/ROS2_Y3_2/mobile_robot_inclass/src/libnifalcon/src/comm/FalconCommLibUSB.cpp:108:35:[m[K [01;35m[Kwarning: [m[K‘[01m[Kvoid libusb_set_debug(libusb_context*, int)[m[K’ is deprecated: Use libusb_set_option instead [[01;35m[K-Wdeprecated-declarations[m[K]
[1.196s]   108 |   libusb_set_debug(m_usbContext, 0[01;35m[K)[m[K;
[1.196s]       |                                   [01;35m[K^[m[K
[1.196s] In file included from [01m[K/home/ayumayume/ROS2_Y3_2/mobile_robot_inclass/src/libnifalcon/src/comm/FalconCommLibUSB.cpp:16[m[K:
[1.196s] [01m[K/usr/include/libusb-1.0/libusb.h:1325:18:[m[K [01;36m[Knote: [m[Kdeclared here
[1.196s]  1325 | void LIBUSB_CALL [01;36m[Klibusb_set_debug[m[K(libusb_context *ctx, int level);
[1.196s]       |                  [01;36m[K^~~~~~~~~~~~~~~~[m[K
[1.196s] [01m[K/home/ayumayume/ROS2_Y3_2/mobile_robot_inclass/src/libnifalcon/src/comm/FalconCommLibUSB.cpp:108:35:[m[K [01;35m[Kwarning: [m[K‘[01m[Kvoid libusb_set_debug(libusb_context*, int)[m[K’ is deprecated: Use libusb_set_option instead [[01;35m[K-Wdeprecated-declarations[m[K]
[1.197s]   108 |   libusb_set_debug(m_usbContext, 0[01;35m[K)[m[K;
[1.197s]       |                                   [01;35m[K^[m[K
[1.197s] In file included from [01m[K/home/ayumayume/ROS2_Y3_2/mobile_robot_inclass/src/libnifalcon/src/comm/FalconCommLibUSB.cpp:16[m[K:
[1.197s] [01m[K/usr/include/libusb-1.0/libusb.h:1325:18:[m[K [01;36m[Knote: [m[Kdeclared here
[1.197s]  1325 | void LIBUSB_CALL [01;36m[Klibusb_set_debug[m[K(libusb_context *ctx, int level);
[1.197s]       |                  [01;36m[K^~~~~~~~~~~~~~~~[m[K
[1.247s] [01m[K/home/ayumayume/ROS2_Y3_2/mobile_robot_inclass/src/libnifalcon/src/comm/FalconCommLibUSB.cpp:[m[K In member function ‘[01m[Kbool libnifalcon::FalconCommLibUSB::initLibUSB()[m[K’:
[1.247s] [01m[K/home/ayumayume/ROS2_Y3_2/mobile_robot_inclass/src/libnifalcon/src/comm/FalconCommLibUSB.cpp:108:35:[m[K [01;35m[Kwarning: [m[K‘[01m[Kvoid libusb_set_debug(libusb_context*, int)[m[K’ is deprecated: Use libusb_set_option instead [[01;35m[K-Wdeprecated-declarations[m[K]
[1.247s]   108 |   libusb_set_debug(m_usbContext, 0[01;35m[K)[m[K;
[1.247s]       |                                   [01;35m[K^[m[K
[1.247s] In file included from [01m[K/home/ayumayume/ROS2_Y3_2/mobile_robot_inclass/src/libnifalcon/src/comm/FalconCommLibUSB.cpp:16[m[K:
[1.247s] [01m[K/usr/include/libusb-1.0/libusb.h:1325:18:[m[K [01;36m[Knote: [m[Kdeclared here
[1.247s]  1325 | void LIBUSB_CALL [01;36m[Klibusb_set_debug[m[K(libusb_context *ctx, int level);
[1.247s]       |                  [01;36m[K^~~~~~~~~~~~~~~~[m[K
[1.247s] [01m[K/home/ayumayume/ROS2_Y3_2/mobile_robot_inclass/src/libnifalcon/src/comm/FalconCommLibUSB.cpp:108:35:[m[K [01;35m[Kwarning: [m[K‘[01m[Kvoid libusb_set_debug(libusb_context*, int)[m[K’ is deprecated: Use libusb_set_option instead [[01;35m[K-Wdeprecated-declarations[m[K]
[1.248s]   108 |   libusb_set_debug(m_usbContext, 0[01;35m[K)[m[K;
[1.248s]       |                                   [01;35m[K^[m[K
[1.248s] In file included from [01m[K/home/ayumayume/ROS2_Y3_2/mobile_robot_inclass/src/libnifalcon/src/comm/FalconCommLibUSB.cpp:16[m[K:
[1.248s] [01m[K/usr/include/libusb-1.0/libusb.h:1325:18:[m[K [01;36m[Knote: [m[Kdeclared here
[1.248s]  1325 | void LIBUSB_CALL [01;36m[Klibusb_set_debug[m[K(libusb_context *ctx, int level);
[1.248s]       |                  [01;36m[K^~~~~~~~~~~~~~~~[m[K
[1.883s] [ 34%] [32m[1mLinking CXX static library ../lib/libnifalcon.a[0m
[1.916s] [ 34%] Built target nifalcon_STATIC
[1.944s] [ 36%] [32m[1mLinking CXX shared library ../lib/libnifalcon.so[0m
[2.026s] [ 36%] Built target nifalcon_SHARED
[2.035s] [35m[1mScanning dependencies of target barrow_mechanics[0m
[2.035s] [35m[1mScanning dependencies of target nifalcon_device_thread_STATIC[0m
[2.035s] [35m[1mScanning dependencies of target findfalcons[0m
[2.035s] [35m[1mScanning dependencies of target nifalcon_cli_base_STATIC[0m
[2.036s] [35m[1mScanning dependencies of target nifalcon_device_thread_SHARED[0m
[2.037s] [35m[1mScanning dependencies of target nifalcon_cli_base_SHARED[0m
[2.037s] [35m[1mScanning dependencies of target findfalcons_multi[0m
[2.046s] [ 39%] [32mBuilding CXX object src/util/CMakeFiles/nifalcon_device_thread_STATIC.dir/FalconDeviceThread.cpp.o[0m
[2.047s] [ 42%] [32mBuilding CXX object src/util/CMakeFiles/nifalcon_cli_base_STATIC.dir/FalconCLIBase.cpp.o[0m
[2.047s] [ 44%] [32mBuilding CXX object src/util/CMakeFiles/nifalcon_device_thread_SHARED.dir/FalconDeviceThread.cpp.o[0m
[2.047s] [ 47%] [32mBuilding CXX object examples/CMakeFiles/findfalcons.dir/findfalcons/findfalcons.cpp.o[0m
[2.049s] [ 50%] [32mBuilding CXX object src/util/CMakeFiles/nifalcon_cli_base_SHARED.dir/FalconCLIBase.cpp.o[0m
[2.050s] [ 52%] [32mBuilding CXX object examples/CMakeFiles/findfalcons_multi.dir/findfalcons_multi/findfalcons_multi.cpp.o[0m
[2.054s] [ 55%] [32mBuilding CXX object examples/CMakeFiles/barrow_mechanics.dir/barrow_mechanics/main.cpp.o[0m
[2.532s] [ 57%] [32m[1mLinking CXX shared library ../../lib/libnifalcon_device_thread.so[0m
[2.576s] [ 60%] [32m[1mLinking CXX executable ../bin/findfalcons[0m
[2.592s] [ 63%] [32m[1mLinking CXX static library ../../lib/libnifalcon_device_thread.a[0m
[2.645s] [ 63%] Built target nifalcon_device_thread_STATIC
[2.657s] [ 65%] [32m[1mLinking CXX executable ../bin/findfalcons_multi[0m
[2.686s] [ 65%] Built target nifalcon_device_thread_SHARED
[2.714s] [ 65%] Built target findfalcons
[2.749s] [ 65%] Built target findfalcons_multi
[2.910s] [ 68%] [32m[1mLinking CXX executable ../bin/barrow_mechanics[0m
[3.047s] [ 68%] Built target barrow_mechanics
[3.060s] [ 71%] [32m[1mLinking CXX static library ../../lib/libnifalcon_cli_base.a[0m
[3.109s] [ 71%] Built target nifalcon_cli_base_STATIC
[3.247s] [ 73%] [32m[1mLinking CXX shared library ../../lib/libnifalcon_cli_base.so[0m
[3.323s] [ 73%] Built target nifalcon_cli_base_SHARED
[3.332s] [35m[1mScanning dependencies of target falcon_led[0m
[3.332s] [35m[1mScanning dependencies of target falcon_test_cli[0m
[3.342s] [ 76%] [32mBuilding CXX object examples/CMakeFiles/falcon_led.dir/falcon_led/falcon_led.cpp.o[0m
[3.348s] [ 78%] [32mBuilding CXX object examples/CMakeFiles/falcon_test_cli.dir/falcon_test_cli/FalconLoopTimeTest.cpp.o[0m
[3.348s] [ 81%] [32mBuilding CXX object examples/CMakeFiles/falcon_test_cli.dir/falcon_test_cli/FalconWallTest.cpp.o[0m
[3.348s] [ 84%] [32mBuilding CXX object examples/CMakeFiles/falcon_test_cli.dir/falcon_test_cli/FalconColorTest.cpp.o[0m
[3.349s] [ 86%] [32mBuilding CXX object examples/CMakeFiles/falcon_test_cli.dir/falcon_test_cli/FalconTestBase.cpp.o[0m
[3.349s] [ 92%] [32mBuilding CXX object examples/CMakeFiles/falcon_test_cli.dir/falcon_test_cli/falcon_test_cli.cpp.o[0m
[3.349s] [ 92%] [32mBuilding CXX object examples/CMakeFiles/falcon_test_cli.dir/falcon_test_cli/FalconSphereTest.cpp.o[0m
[3.349s] [ 94%] [32mBuilding CXX object examples/CMakeFiles/falcon_test_cli.dir/falcon_test_cli/FalconCubeTest.cpp.o[0m
[4.010s] [ 97%] [32m[1mLinking CXX executable ../bin/falcon_led[0m
[4.083s] [ 97%] Built target falcon_led
[4.167s] [100%] [32m[1mLinking CXX executable ../bin/falcon_test_cli[0m
[4.250s] [100%] Built target falcon_test_cli
[4.258s] Invoked command in '/home/ayumayume/ROS2_Y3_2/mobile_robot_inclass/build/LIBNIFALCON' returned '0': /usr/bin/cmake --build /home/ayumayume/ROS2_Y3_2/mobile_robot_inclass/build/LIBNIFALCON -- -j12 -l12
[4.281s] Invoking command in '/home/ayumayume/ROS2_Y3_2/mobile_robot_inclass/build/LIBNIFALCON': /usr/bin/cmake --install /home/ayumayume/ROS2_Y3_2/mobile_robot_inclass/build/LIBNIFALCON
[4.288s] -- Install configuration: ""
[4.288s] -- Installing: /home/ayumayume/ROS2_Y3_2/mobile_robot_inclass/install/LIBNIFALCON/lib/pkgconfig/libnifalcon.pc
[4.288s] -- Installing: /home/ayumayume/ROS2_Y3_2/mobile_robot_inclass/install/LIBNIFALCON/include/falcon/gmtl
[4.289s] -- Installing: /home/ayumayume/ROS2_Y3_2/mobile_robot_inclass/install/LIBNIFALCON/include/falcon/gmtl/AABoxOps.h
[4.289s] -- Installing: /home/ayumayume/ROS2_Y3_2/mobile_robot_inclass/install/LIBNIFALCON/include/falcon/gmtl/OOBox.h
[4.289s] -- Installing: /home/ayumayume/ROS2_Y3_2/mobile_robot_inclass/install/LIBNIFALCON/include/falcon/gmtl/Intersection.h
[4.289s] -- Installing: /home/ayumayume/ROS2_Y3_2/mobile_robot_inclass/install/LIBNIFALCON/include/falcon/gmtl/gmtl.h
[4.289s] -- Installing: /home/ayumayume/ROS2_Y3_2/mobile_robot_inclass/install/LIBNIFALCON/include/falcon/gmtl/MatrixOps.h
[4.289s] -- Installing: /home/ayumayume/ROS2_Y3_2/mobile_robot_inclass/install/LIBNIFALCON/include/falcon/gmtl/Util
[4.289s] -- Installing: /home/ayumayume/ROS2_Y3_2/mobile_robot_inclass/install/LIBNIFALCON/include/falcon/gmtl/Util/Meta.h
[4.289s] -- Installing: /home/ayumayume/ROS2_Y3_2/mobile_robot_inclass/install/LIBNIFALCON/include/falcon/gmtl/Util/StaticAssert.h
[4.289s] -- Installing: /home/ayumayume/ROS2_Y3_2/mobile_robot_inclass/install/LIBNIFALCON/include/falcon/gmtl/Util/Assert.h
[4.289s] -- Installing: /home/ayumayume/ROS2_Y3_2/mobile_robot_inclass/install/LIBNIFALCON/include/falcon/gmtl/Xforms.h
[4.289s] -- Installing: /home/ayumayume/ROS2_Y3_2/mobile_robot_inclass/install/LIBNIFALCON/include/falcon/gmtl/VecBase.h
[4.289s] -- Installing: /home/ayumayume/ROS2_Y3_2/mobile_robot_inclass/install/LIBNIFALCON/include/falcon/gmtl/CoordOps.h
[4.289s] -- Installing: /home/ayumayume/ROS2_Y3_2/mobile_robot_inclass/install/LIBNIFALCON/include/falcon/gmtl/LineSeg.h
[4.289s] -- Installing: /home/ayumayume/ROS2_Y3_2/mobile_robot_inclass/install/LIBNIFALCON/include/falcon/gmtl/QuatOps.h
[4.290s] -- Installing: /home/ayumayume/ROS2_Y3_2/mobile_robot_inclass/install/LIBNIFALCON/include/falcon/gmtl/Matrix.h
[4.290s] -- Installing: /home/ayumayume/ROS2_Y3_2/mobile_robot_inclass/install/LIBNIFALCON/include/falcon/gmtl/RayOps.h
[4.290s] -- Installing: /home/ayumayume/ROS2_Y3_2/mobile_robot_inclass/install/LIBNIFALCON/include/falcon/gmtl/Comparitors.h
[4.290s] -- Installing: /home/ayumayume/ROS2_Y3_2/mobile_robot_inclass/install/LIBNIFALCON/include/falcon/gmtl/Fit
[4.290s] -- Installing: /home/ayumayume/ROS2_Y3_2/mobile_robot_inclass/install/LIBNIFALCON/include/falcon/gmtl/Fit/GaussPointsFit.h
[4.290s] -- Installing: /home/ayumayume/ROS2_Y3_2/mobile_robot_inclass/install/LIBNIFALCON/include/falcon/gmtl/External
[4.290s] -- Installing: /home/ayumayume/ROS2_Y3_2/mobile_robot_inclass/install/LIBNIFALCON/include/falcon/gmtl/External/OpenSGConvert.h
[4.290s] -- Installing: /home/ayumayume/ROS2_Y3_2/mobile_robot_inclass/install/LIBNIFALCON/include/falcon/gmtl/Ray.h
[4.290s] -- Installing: /home/ayumayume/ROS2_Y3_2/mobile_robot_inclass/install/LIBNIFALCON/include/falcon/gmtl/Sphere.h
[4.290s] -- Installing: /home/ayumayume/ROS2_Y3_2/mobile_robot_inclass/install/LIBNIFALCON/include/falcon/gmtl/TriOps.h
[4.290s] -- Installing: /home/ayumayume/ROS2_Y3_2/mobile_robot_inclass/install/LIBNIFALCON/include/falcon/gmtl/AxisAngleOps.h
[4.290s] -- Installing: /home/ayumayume/ROS2_Y3_2/mobile_robot_inclass/install/LIBNIFALCON/include/falcon/gmtl/Quat.h
[4.290s] -- Installing: /home/ayumayume/ROS2_Y3_2/mobile_robot_inclass/install/LIBNIFALCON/include/falcon/gmtl/LineSegOps.h
[4.290s] -- Installing: /home/ayumayume/ROS2_Y3_2/mobile_robot_inclass/install/LIBNIFALCON/include/falcon/gmtl/Math.h
[4.291s] -- Installing: /home/ayumayume/ROS2_Y3_2/mobile_robot_inclass/install/LIBNIFALCON/include/falcon/gmtl/Misc
[4.291s] -- Installing: /home/ayumayume/ROS2_Y3_2/mobile_robot_inclass/install/LIBNIFALCON/include/falcon/gmtl/Misc/MatrixConvert.h
[4.291s] -- Installing: /home/ayumayume/ROS2_Y3_2/mobile_robot_inclass/install/LIBNIFALCON/include/falcon/gmtl/EulerAngle.h
[4.291s] -- Installing: /home/ayumayume/ROS2_Y3_2/mobile_robot_inclass/install/LIBNIFALCON/include/falcon/gmtl/Point.h
[4.291s] -- Installing: /home/ayumayume/ROS2_Y3_2/mobile_robot_inclass/install/LIBNIFALCON/include/falcon/gmtl/SphereOps.h
[4.291s] -- Installing: /home/ayumayume/ROS2_Y3_2/mobile_robot_inclass/install/LIBNIFALCON/include/falcon/gmtl/Plane.h
[4.291s] -- Installing: /home/ayumayume/ROS2_Y3_2/mobile_robot_inclass/install/LIBNIFALCON/include/falcon/gmtl/Frustum.h
[4.291s] -- Installing: /home/ayumayume/ROS2_Y3_2/mobile_robot_inclass/install/LIBNIFALCON/include/falcon/gmtl/Tri.h
[4.291s] -- Installing: /home/ayumayume/ROS2_Y3_2/mobile_robot_inclass/install/LIBNIFALCON/include/falcon/gmtl/Config.h
[4.291s] -- Installing: /home/ayumayume/ROS2_Y3_2/mobile_robot_inclass/install/LIBNIFALCON/include/falcon/gmtl/Containment.h
[4.291s] -- Installing: /home/ayumayume/ROS2_Y3_2/mobile_robot_inclass/install/LIBNIFALCON/include/falcon/gmtl/EulerAngleOps.h
[4.291s] -- Installing: /home/ayumayume/ROS2_Y3_2/mobile_robot_inclass/install/LIBNIFALCON/include/falcon/gmtl/Coord.h
[4.291s] -- Installing: /home/ayumayume/ROS2_Y3_2/mobile_robot_inclass/install/LIBNIFALCON/include/falcon/gmtl/Helpers.h
[4.291s] -- Installing: /home/ayumayume/ROS2_Y3_2/mobile_robot_inclass/install/LIBNIFALCON/include/falcon/gmtl/Vec.h
[4.291s] -- Installing: /home/ayumayume/ROS2_Y3_2/mobile_robot_inclass/install/LIBNIFALCON/include/falcon/gmtl/VecExprMeta.h
[4.292s] -- Installing: /home/ayumayume/ROS2_Y3_2/mobile_robot_inclass/install/LIBNIFALCON/include/falcon/gmtl/Defines.h
[4.292s] -- Installing: /home/ayumayume/ROS2_Y3_2/mobile_robot_inclass/install/LIBNIFALCON/include/falcon/gmtl/PlaneOps.h
[4.292s] -- Installing: /home/ayumayume/ROS2_Y3_2/mobile_robot_inclass/install/LIBNIFALCON/include/falcon/gmtl/Output.h
[4.292s] -- Installing: /home/ayumayume/ROS2_Y3_2/mobile_robot_inclass/install/LIBNIFALCON/include/falcon/gmtl/AABox.h
[4.292s] -- Installing: /home/ayumayume/ROS2_Y3_2/mobile_robot_inclass/install/LIBNIFALCON/include/falcon/gmtl/FrustumOps.h
[4.292s] -- Installing: /home/ayumayume/ROS2_Y3_2/mobile_robot_inclass/install/LIBNIFALCON/include/falcon/gmtl/VecOpsMeta.h
[4.292s] -- Installing: /home/ayumayume/ROS2_Y3_2/mobile_robot_inclass/install/LIBNIFALCON/include/falcon/gmtl/Numerics
[4.292s] -- Installing: /home/ayumayume/ROS2_Y3_2/mobile_robot_inclass/install/LIBNIFALCON/include/falcon/gmtl/Numerics/Eigen.h
[4.292s] -- Installing: /home/ayumayume/ROS2_Y3_2/mobile_robot_inclass/install/LIBNIFALCON/include/falcon/gmtl/Version.h
[4.292s] -- Installing: /home/ayumayume/ROS2_Y3_2/mobile_robot_inclass/install/LIBNIFALCON/include/falcon/gmtl/VecOps.h
[4.292s] -- Installing: /home/ayumayume/ROS2_Y3_2/mobile_robot_inclass/install/LIBNIFALCON/include/falcon/gmtl/Generate.h
[4.292s] -- Installing: /home/ayumayume/ROS2_Y3_2/mobile_robot_inclass/install/LIBNIFALCON/include/falcon/gmtl/AxisAngle.h
[4.292s] -- Installing: /home/ayumayume/ROS2_Y3_2/mobile_robot_inclass/install/LIBNIFALCON/include/falcon/cpp-optparse
[4.292s] -- Installing: /home/ayumayume/ROS2_Y3_2/mobile_robot_inclass/install/LIBNIFALCON/include/falcon/cpp-optparse/OptionParser.h
[4.293s] -- Installing: /home/ayumayume/ROS2_Y3_2/mobile_robot_inclass/install/LIBNIFALCON/include/falcon/core
[4.293s] -- Installing: /home/ayumayume/ROS2_Y3_2/mobile_robot_inclass/install/LIBNIFALCON/include/falcon/core/FalconComm.h
[4.293s] -- Installing: /home/ayumayume/ROS2_Y3_2/mobile_robot_inclass/install/LIBNIFALCON/include/falcon/core/FalconDevice.h
[4.293s] -- Installing: /home/ayumayume/ROS2_Y3_2/mobile_robot_inclass/install/LIBNIFALCON/include/falcon/core/FalconCore.h
[4.293s] -- Installing: /home/ayumayume/ROS2_Y3_2/mobile_robot_inclass/install/LIBNIFALCON/include/falcon/core/FalconGrip.h
[4.293s] -- Installing: /home/ayumayume/ROS2_Y3_2/mobile_robot_inclass/install/LIBNIFALCON/include/falcon/core/FalconGeometry.h
[4.293s] -- Installing: /home/ayumayume/ROS2_Y3_2/mobile_robot_inclass/install/LIBNIFALCON/include/falcon/core/FalconKinematic.h
[4.293s] -- Installing: /home/ayumayume/ROS2_Y3_2/mobile_robot_inclass/install/LIBNIFALCON/include/falcon/core/FalconFirmware.h
[4.293s] -- Installing: /home/ayumayume/ROS2_Y3_2/mobile_robot_inclass/install/LIBNIFALCON/include/falcon/core/FalconLogger.h
[4.293s] -- Installing: /home/ayumayume/ROS2_Y3_2/mobile_robot_inclass/install/LIBNIFALCON/include/falcon/firmware
[4.293s] -- Installing: /home/ayumayume/ROS2_Y3_2/mobile_robot_inclass/install/LIBNIFALCON/include/falcon/firmware/FalconFirmwareNovintSDK.h
[4.293s] -- Installing: /home/ayumayume/ROS2_Y3_2/mobile_robot_inclass/install/LIBNIFALCON/include/falcon/kinematic
[4.293s] -- Installing: /home/ayumayume/ROS2_Y3_2/mobile_robot_inclass/install/LIBNIFALCON/include/falcon/kinematic/FalconKinematicStamper.h
[4.293s] -- Installing: /home/ayumayume/ROS2_Y3_2/mobile_robot_inclass/install/LIBNIFALCON/include/falcon/kinematic/stamper
[4.293s] -- Installing: /home/ayumayume/ROS2_Y3_2/mobile_robot_inclass/install/LIBNIFALCON/include/falcon/kinematic/stamper/StamperUtils.h
[4.293s] -- Installing: /home/ayumayume/ROS2_Y3_2/mobile_robot_inclass/install/LIBNIFALCON/include/falcon/grip
[4.293s] -- Installing: /home/ayumayume/ROS2_Y3_2/mobile_robot_inclass/install/LIBNIFALCON/include/falcon/grip/FalconGripFourButton.h
[4.293s] -- Installing: /home/ayumayume/ROS2_Y3_2/mobile_robot_inclass/install/LIBNIFALCON/include/falcon/util/FalconFirmwareBinaryTest.h
[4.294s] -- Installing: /home/ayumayume/ROS2_Y3_2/mobile_robot_inclass/install/LIBNIFALCON/include/falcon/util/FalconFirmwareBinaryNvent.h
[4.294s] -- Installing: /home/ayumayume/ROS2_Y3_2/mobile_robot_inclass/install/LIBNIFALCON/include/falcon/util/FalconDeviceThread.h
[4.294s] -- Installing: /home/ayumayume/ROS2_Y3_2/mobile_robot_inclass/install/LIBNIFALCON/include/falcon/comm/FalconCommLibUSB.h
[4.294s] -- Installing: /home/ayumayume/ROS2_Y3_2/mobile_robot_inclass/install/LIBNIFALCON/include/falcon/util/FalconCLIBase.h
[4.294s] -- Installing: /home/ayumayume/ROS2_Y3_2/mobile_robot_inclass/install/LIBNIFALCON/lib/libnifalcon.a
[4.295s] -- Installing: /home/ayumayume/ROS2_Y3_2/mobile_robot_inclass/install/LIBNIFALCON/lib/libnifalcon.so.1.0.2
[4.295s] -- Installing: /home/ayumayume/ROS2_Y3_2/mobile_robot_inclass/install/LIBNIFALCON/lib/libnifalcon.so
[4.295s] -- Installing: /home/ayumayume/ROS2_Y3_2/mobile_robot_inclass/install/LIBNIFALCON/lib/libnifalcon_cli_base.a
[4.296s] -- Installing: /home/ayumayume/ROS2_Y3_2/mobile_robot_inclass/install/LIBNIFALCON/lib/libnifalcon_cli_base.so.1.0.2
[4.296s] -- Installing: /home/ayumayume/ROS2_Y3_2/mobile_robot_inclass/install/LIBNIFALCON/lib/libnifalcon_cli_base.so
[4.296s] -- Installing: /home/ayumayume/ROS2_Y3_2/mobile_robot_inclass/install/LIBNIFALCON/lib/libnifalcon_device_thread.a
[4.296s] -- Installing: /home/ayumayume/ROS2_Y3_2/mobile_robot_inclass/install/LIBNIFALCON/lib/libnifalcon_device_thread.so.1.0.2
[4.297s] -- Installing: /home/ayumayume/ROS2_Y3_2/mobile_robot_inclass/install/LIBNIFALCON/lib/libnifalcon_device_thread.so
[4.297s] -- Installing: /home/ayumayume/ROS2_Y3_2/mobile_robot_inclass/install/LIBNIFALCON/bin/barrow_mechanics
[4.297s] -- Installing: /home/ayumayume/ROS2_Y3_2/mobile_robot_inclass/install/LIBNIFALCON/bin/findfalcons
[4.297s] -- Installing: /home/ayumayume/ROS2_Y3_2/mobile_robot_inclass/install/LIBNIFALCON/bin/findfalcons_multi
[4.297s] -- Installing: /home/ayumayume/ROS2_Y3_2/mobile_robot_inclass/install/LIBNIFALCON/bin/falcon_led
[4.298s] -- Installing: /home/ayumayume/ROS2_Y3_2/mobile_robot_inclass/install/LIBNIFALCON/bin/falcon_test_cli
[4.303s] Invoked command in '/home/ayumayume/ROS2_Y3_2/mobile_robot_inclass/build/LIBNIFALCON' returned '0': /usr/bin/cmake --install /home/ayumayume/ROS2_Y3_2/mobile_robot_inclass/build/LIBNIFALCON
